<!DOCTYPE html><html lang="en"><head><meta charset="utf-8" /><meta name="viewport" content="width=device-width, initial-scale=1, shrink-to-fit=no" /><link rel="stylesheet" href="https://stackpath.bootstrapcdn.com/bootstrap/4.3.1/css/bootstrap.min.css" integrity="sha384-ggOyR0iXCbMQv3Xipma34MD+dH/1fQ784/j6cY/iJTQUOhcWr7x9JvoRxT2MZw1T" crossorigin="anonymous" /><title>Cosmic Ray Report</title></head><body><div class="container"><h1><p class="text-dark">Cosmic Ray Report</p></h1></div><div class="container"><div class="mb-1" id="summary_info___accordion"><div class="card"><a data-toggle="collapse" data-target="#summary_info___collapse_1" aria-expanded="true" aria-controls="summary_info___collapse_1" href="#"><div class="card-header" id="summary_info___heading_1"><button class="btn btn-outline-dark"><h4 class="m-0">Summary info</h4></button></div></a><div aria-labelledby="summary_info___heading_1" data-parent="#summary_info___accordion" class="collapse show" id="summary_info___collapse_1"><div class="card-body"><p>Date time: 07/03/2025 10:01:48</p><p>Total jobs: 53</p><p>Complete: 53 (100.00%)</p><p>Surviving mutants: 3 (5.66%)</p></div></div></div></div><div class="mb-1" id="job_list___accordion"><div class="card"><a data-toggle="collapse" data-target="#job_list___collapse_1" aria-expanded="false" aria-controls="job_list___collapse_1" href="#"><div class="card-header" id="job_list___heading_1"><button class="btn btn-outline-dark"><h4 class="m-0">Job list</h4></button></div></a><div aria-labelledby="job_list___heading_1" data-parent="#job_list___accordion" class="collapse" id="job_list___collapse_1"><div class="card-body"><div class="text-right mb-1"><div class="mx-1" id="job_item_expand_all"><a href="#" onclick="$('div.job_list___sub_multi_collapse').collapse('show');"><button class="btn btn-outline-dark"><span>Expand All</span></button></a></div><div class="mx-1" id="job_item_collapse_all"><a href="#" onclick="$('div.job_list___sub_multi_collapse').collapse('hide');"><button class="btn btn-outline-dark"><span>Collapse All</span></button></a></div></div><div class="mb-1" id="job_list___sub_accordion_1"><div class="card"><a data-toggle="collapse" data-target="#job_list___sub_collapse_1_1" aria-expanded="false" aria-controls="job_list___sub_collapse_1_1" href="#" class="job_list___sub_multi_heading"><div role="alert" class="card-header alert-success" id="job_list___sub_heading_1_1"><button class="btn btn-outline-success"><span class="job_id">1 : Job ID 2b6f62a96b1d411a81185c47fcf323ab</span></button></div></a><div aria-labelledby="job_list___sub_heading_1_1" data-parent="#job_list___sub_accordion_1" class="collapse job_list___sub_multi_collapse" id="job_list___sub_collapse_1_1"><div class="card-body"><div class="work-item"><div class="alert alert-success test-outcome" role="alert"><p>worker outcome: normal</p><p>test outcome: killed</p></div></div><pre class="location"><a href="pycharm://open?file=source/reverse.py&amp;line=39" class="text-secondary"><button class="btn btn-outline-dark">source/reverse.py, start pos: (39, 22), end pos: (39, 23)</button></a></pre><pre>operator: core/ReplaceBinaryOperator_Sub_Add, occurrence: 0</pre><div class="alert alert-secondary"><pre class="diff">--- mutation diff ---
--- asource/reverse.py
+++ bsource/reverse.py
@@ -36,7 +36,7 @@
     Returns:
       reverse : SOp that reverses the input sequence.
     """
-    opp_idx = (length - rasp.indices).named("opp_idx")
+    opp_idx = (length + rasp.indices).named("opp_idx")
     opp_idx = (opp_idx - 1).named("opp_idx-1")
     reverse_selector = rasp.Select(rasp.indices, opp_idx, rasp.Comparison.EQ).named(
         "reverse_selector"</pre></div><div class="alert alert-secondary"><pre class="diff">============================= test session starts ==============================
platform linux -- Python 3.10.12, pytest-8.3.4, pluggy-1.5.0
rootdir: /home/andre-silva/RASPing
configfile: pyproject.toml
plugins: anyio-4.8.0
collected 3 items

tests/test_reverse.py ssAccuracy:  0.0
F

=================================== FAILURES ===================================
____________________________ TestReverse.test_model ____________________________

self = &lt;tests.test_reverse.TestReverse object at 0x7f8f251ebc40&gt;

    def test_model(self):
&gt;       self.test()

tests/test_reverse.py:23: 
_ _ _ _ _ _ _ _ _ _ _ _ _ _ _ _ _ _ _ _ _ _ _ _ _ _ _ _ _ _ _ _ _ _ _ _ _ _ _ _ 

self = &lt;tests.test_reverse.TestReverse object at 0x7f8f251ebc40&gt;

    @pytest.mark.skip(reason="This is not a test")
    def test(self):
        try:
            model = Model(self.model, self.inputs, self.maxLength, self.name)
        except Exception as e:
            # Survive if the model is not compilable (we want to kill the buggy ones)
            print(str(e))
            # Print message for post-processing
            print("UNCOMPILABLE MODEL")
            return
    
        accuracy = model.evaluateModel(
            self.testing_data, doPrint=False, outputArray=False, useAssert=False
        )
        # Print the accuracy for post-processing
        print("Accuracy: ", accuracy)
&gt;       assert accuracy == 1.0
E       AssertionError

tests/test.py:47: AssertionError
=============================== warnings summary ===============================
../../.venv/lib/python3.10/site-packages/dockerpycreds/utils.py:1
  /home/andre-silva/RASPing/.venv/lib/python3.10/site-packages/dockerpycreds/utils.py:1: DeprecationWarning: The distutils package is deprecated and slated for removal in Python 3.12. Use setuptools or check PEP 632 for potential alternatives
    import distutils.spawn

-- Docs: https://docs.pytest.org/en/stable/how-to/capture-warnings.html
=========================== short test summary info ============================
FAILED tests/test_reverse.py::TestReverse::test_model - AssertionError
=================== 1 failed, 2 skipped, 1 warning in 20.93s ===================
</pre></div></div></div></div></div><div class="mb-1" id="job_list___sub_accordion_2"><div class="card"><a data-toggle="collapse" data-target="#job_list___sub_collapse_2_1" aria-expanded="false" aria-controls="job_list___sub_collapse_2_1" href="#" class="job_list___sub_multi_heading"><div role="alert" class="card-header alert-success" id="job_list___sub_heading_2_1"><button class="btn btn-outline-success"><span class="job_id">2 : Job ID 809958b1964e44f49f38188b523a08bf</span></button></div></a><div aria-labelledby="job_list___sub_heading_2_1" data-parent="#job_list___sub_accordion_2" class="collapse job_list___sub_multi_collapse" id="job_list___sub_collapse_2_1"><div class="card-body"><div class="work-item"><div class="alert alert-success test-outcome" role="alert"><p>worker outcome: normal</p><p>test outcome: killed</p></div></div><pre class="location"><a href="pycharm://open?file=source/reverse.py&amp;line=40" class="text-secondary"><button class="btn btn-outline-dark">source/reverse.py, start pos: (40, 23), end pos: (40, 24)</button></a></pre><pre>operator: core/ReplaceBinaryOperator_Sub_Add, occurrence: 1</pre><div class="alert alert-secondary"><pre class="diff">--- mutation diff ---
--- asource/reverse.py
+++ bsource/reverse.py
@@ -37,7 +37,7 @@
       reverse : SOp that reverses the input sequence.
     """
     opp_idx = (length - rasp.indices).named("opp_idx")
-    opp_idx = (opp_idx - 1).named("opp_idx-1")
+    opp_idx = (opp_idx + 1).named("opp_idx-1")
     reverse_selector = rasp.Select(rasp.indices, opp_idx, rasp.Comparison.EQ).named(
         "reverse_selector"
     )</pre></div><div class="alert alert-secondary"><pre class="diff">============================= test session starts ==============================
platform linux -- Python 3.10.12, pytest-8.3.4, pluggy-1.5.0
rootdir: /home/andre-silva/RASPing
configfile: pyproject.toml
plugins: anyio-4.8.0
collected 3 items

tests/test_reverse.py ssAccuracy:  0.0
F

=================================== FAILURES ===================================
____________________________ TestReverse.test_model ____________________________

self = &lt;tests.test_reverse.TestReverse object at 0x7fa11021fc10&gt;

    def test_model(self):
&gt;       self.test()

tests/test_reverse.py:23: 
_ _ _ _ _ _ _ _ _ _ _ _ _ _ _ _ _ _ _ _ _ _ _ _ _ _ _ _ _ _ _ _ _ _ _ _ _ _ _ _ 

self = &lt;tests.test_reverse.TestReverse object at 0x7fa11021fc10&gt;

    @pytest.mark.skip(reason="This is not a test")
    def test(self):
        try:
            model = Model(self.model, self.inputs, self.maxLength, self.name)
        except Exception as e:
            # Survive if the model is not compilable (we want to kill the buggy ones)
            print(str(e))
            # Print message for post-processing
            print("UNCOMPILABLE MODEL")
            return
    
        accuracy = model.evaluateModel(
            self.testing_data, doPrint=False, outputArray=False, useAssert=False
        )
        # Print the accuracy for post-processing
        print("Accuracy: ", accuracy)
&gt;       assert accuracy == 1.0
E       AssertionError

tests/test.py:47: AssertionError
=============================== warnings summary ===============================
../../.venv/lib/python3.10/site-packages/dockerpycreds/utils.py:1
  /home/andre-silva/RASPing/.venv/lib/python3.10/site-packages/dockerpycreds/utils.py:1: DeprecationWarning: The distutils package is deprecated and slated for removal in Python 3.12. Use setuptools or check PEP 632 for potential alternatives
    import distutils.spawn

-- Docs: https://docs.pytest.org/en/stable/how-to/capture-warnings.html
=========================== short test summary info ============================
FAILED tests/test_reverse.py::TestReverse::test_model - AssertionError
=================== 1 failed, 2 skipped, 1 warning in 21.49s ===================
</pre></div></div></div></div></div><div class="mb-1" id="job_list___sub_accordion_3"><div class="card"><a data-toggle="collapse" data-target="#job_list___sub_collapse_3_1" aria-expanded="false" aria-controls="job_list___sub_collapse_3_1" href="#" class="job_list___sub_multi_heading"><div role="alert" class="card-header alert-success" id="job_list___sub_heading_3_1"><button class="btn btn-outline-success"><span class="job_id">3 : Job ID d378e1e0b4354b35baef69d840ae5bd3</span></button></div></a><div aria-labelledby="job_list___sub_heading_3_1" data-parent="#job_list___sub_accordion_3" class="collapse job_list___sub_multi_collapse" id="job_list___sub_collapse_3_1"><div class="card-body"><div class="work-item"><div class="alert alert-success test-outcome" role="alert"><p>worker outcome: normal</p><p>test outcome: killed</p></div></div><pre class="location"><a href="pycharm://open?file=source/reverse.py&amp;line=39" class="text-secondary"><button class="btn btn-outline-dark">source/reverse.py, start pos: (39, 22), end pos: (39, 23)</button></a></pre><pre>operator: core/ReplaceBinaryOperator_Sub_Mul, occurrence: 0</pre><div class="alert alert-secondary"><pre class="diff">--- mutation diff ---
--- asource/reverse.py
+++ bsource/reverse.py
@@ -36,7 +36,7 @@
     Returns:
       reverse : SOp that reverses the input sequence.
     """
-    opp_idx = (length - rasp.indices).named("opp_idx")
+    opp_idx = (length * rasp.indices).named("opp_idx")
     opp_idx = (opp_idx - 1).named("opp_idx-1")
     reverse_selector = rasp.Select(rasp.indices, opp_idx, rasp.Comparison.EQ).named(
         "reverse_selector"</pre></div><div class="alert alert-secondary"><pre class="diff">============================= test session starts ==============================
platform linux -- Python 3.10.12, pytest-8.3.4, pluggy-1.5.0
rootdir: /home/andre-silva/RASPing
configfile: pyproject.toml
plugins: anyio-4.8.0
collected 3 items

tests/test_reverse.py ssAccuracy:  0.0
F

=================================== FAILURES ===================================
____________________________ TestReverse.test_model ____________________________

self = &lt;tests.test_reverse.TestReverse object at 0x7f7791737c70&gt;

    def test_model(self):
&gt;       self.test()

tests/test_reverse.py:23: 
_ _ _ _ _ _ _ _ _ _ _ _ _ _ _ _ _ _ _ _ _ _ _ _ _ _ _ _ _ _ _ _ _ _ _ _ _ _ _ _ 

self = &lt;tests.test_reverse.TestReverse object at 0x7f7791737c70&gt;

    @pytest.mark.skip(reason="This is not a test")
    def test(self):
        try:
            model = Model(self.model, self.inputs, self.maxLength, self.name)
        except Exception as e:
            # Survive if the model is not compilable (we want to kill the buggy ones)
            print(str(e))
            # Print message for post-processing
            print("UNCOMPILABLE MODEL")
            return
    
        accuracy = model.evaluateModel(
            self.testing_data, doPrint=False, outputArray=False, useAssert=False
        )
        # Print the accuracy for post-processing
        print("Accuracy: ", accuracy)
&gt;       assert accuracy == 1.0
E       AssertionError

tests/test.py:47: AssertionError
=============================== warnings summary ===============================
../../.venv/lib/python3.10/site-packages/dockerpycreds/utils.py:1
  /home/andre-silva/RASPing/.venv/lib/python3.10/site-packages/dockerpycreds/utils.py:1: DeprecationWarning: The distutils package is deprecated and slated for removal in Python 3.12. Use setuptools or check PEP 632 for potential alternatives
    import distutils.spawn

-- Docs: https://docs.pytest.org/en/stable/how-to/capture-warnings.html
=========================== short test summary info ============================
FAILED tests/test_reverse.py::TestReverse::test_model - AssertionError
=================== 1 failed, 2 skipped, 1 warning in 28.08s ===================
</pre></div></div></div></div></div><div class="mb-1" id="job_list___sub_accordion_4"><div class="card"><a data-toggle="collapse" data-target="#job_list___sub_collapse_4_1" aria-expanded="false" aria-controls="job_list___sub_collapse_4_1" href="#" class="job_list___sub_multi_heading"><div role="alert" class="card-header alert-success" id="job_list___sub_heading_4_1"><button class="btn btn-outline-success"><span class="job_id">4 : Job ID db798368c8224a95b5076cc7c62e2065</span></button></div></a><div aria-labelledby="job_list___sub_heading_4_1" data-parent="#job_list___sub_accordion_4" class="collapse job_list___sub_multi_collapse" id="job_list___sub_collapse_4_1"><div class="card-body"><div class="work-item"><div class="alert alert-success test-outcome" role="alert"><p>worker outcome: normal</p><p>test outcome: killed</p></div></div><pre class="location"><a href="pycharm://open?file=source/reverse.py&amp;line=40" class="text-secondary"><button class="btn btn-outline-dark">source/reverse.py, start pos: (40, 23), end pos: (40, 24)</button></a></pre><pre>operator: core/ReplaceBinaryOperator_Sub_Mul, occurrence: 1</pre><div class="alert alert-secondary"><pre class="diff">--- mutation diff ---
--- asource/reverse.py
+++ bsource/reverse.py
@@ -37,7 +37,7 @@
       reverse : SOp that reverses the input sequence.
     """
     opp_idx = (length - rasp.indices).named("opp_idx")
-    opp_idx = (opp_idx - 1).named("opp_idx-1")
+    opp_idx = (opp_idx * 1).named("opp_idx-1")
     reverse_selector = rasp.Select(rasp.indices, opp_idx, rasp.Comparison.EQ).named(
         "reverse_selector"
     )</pre></div><div class="alert alert-secondary"><pre class="diff">============================= test session starts ==============================
platform linux -- Python 3.10.12, pytest-8.3.4, pluggy-1.5.0
rootdir: /home/andre-silva/RASPing
configfile: pyproject.toml
plugins: anyio-4.8.0
collected 3 items

tests/test_reverse.py ssAccuracy:  0.0
F

=================================== FAILURES ===================================
____________________________ TestReverse.test_model ____________________________

self = &lt;tests.test_reverse.TestReverse object at 0x7fa750b17c10&gt;

    def test_model(self):
&gt;       self.test()

tests/test_reverse.py:23: 
_ _ _ _ _ _ _ _ _ _ _ _ _ _ _ _ _ _ _ _ _ _ _ _ _ _ _ _ _ _ _ _ _ _ _ _ _ _ _ _ 

self = &lt;tests.test_reverse.TestReverse object at 0x7fa750b17c10&gt;

    @pytest.mark.skip(reason="This is not a test")
    def test(self):
        try:
            model = Model(self.model, self.inputs, self.maxLength, self.name)
        except Exception as e:
            # Survive if the model is not compilable (we want to kill the buggy ones)
            print(str(e))
            # Print message for post-processing
            print("UNCOMPILABLE MODEL")
            return
    
        accuracy = model.evaluateModel(
            self.testing_data, doPrint=False, outputArray=False, useAssert=False
        )
        # Print the accuracy for post-processing
        print("Accuracy: ", accuracy)
&gt;       assert accuracy == 1.0
E       AssertionError

tests/test.py:47: AssertionError
=============================== warnings summary ===============================
../../.venv/lib/python3.10/site-packages/dockerpycreds/utils.py:1
  /home/andre-silva/RASPing/.venv/lib/python3.10/site-packages/dockerpycreds/utils.py:1: DeprecationWarning: The distutils package is deprecated and slated for removal in Python 3.12. Use setuptools or check PEP 632 for potential alternatives
    import distutils.spawn

-- Docs: https://docs.pytest.org/en/stable/how-to/capture-warnings.html
=========================== short test summary info ============================
FAILED tests/test_reverse.py::TestReverse::test_model - AssertionError
=================== 1 failed, 2 skipped, 1 warning in 21.09s ===================
</pre></div></div></div></div></div><div class="mb-1" id="job_list___sub_accordion_5"><div class="card"><a data-toggle="collapse" data-target="#job_list___sub_collapse_5_1" aria-expanded="false" aria-controls="job_list___sub_collapse_5_1" href="#" class="job_list___sub_multi_heading"><div role="alert" class="card-header alert-danger" id="job_list___sub_heading_5_1"><button class="btn btn-outline-danger"><span class="job_id">5 : Job ID 08d03d45538144fd803ac08e0bbfa8c0</span></button></div></a><div aria-labelledby="job_list___sub_heading_5_1" data-parent="#job_list___sub_accordion_5" class="collapse job_list___sub_multi_collapse" id="job_list___sub_collapse_5_1"><div class="card-body"><div class="work-item"><div class="alert alert-danger test-outcome" role="alert"><p>SURVIVED</p><p>worker outcome: normal</p><p>test outcome: survived</p></div></div><pre class="location"><a href="pycharm://open?file=source/reverse.py&amp;line=39" class="text-secondary"><button class="btn btn-outline-dark">source/reverse.py, start pos: (39, 22), end pos: (39, 23)</button></a></pre><pre>operator: core/ReplaceBinaryOperator_Sub_Div, occurrence: 0</pre><div class="alert alert-secondary"><pre class="diff">--- mutation diff ---
--- asource/reverse.py
+++ bsource/reverse.py
@@ -36,7 +36,7 @@
     Returns:
       reverse : SOp that reverses the input sequence.
     """
-    opp_idx = (length - rasp.indices).named("opp_idx")
+    opp_idx = (length / rasp.indices).named("opp_idx")
     opp_idx = (opp_idx - 1).named("opp_idx-1")
     reverse_selector = rasp.Select(rasp.indices, opp_idx, rasp.Comparison.EQ).named(
         "reverse_selector"</pre></div><div class="alert alert-secondary"><pre class="diff">============================= test session starts ==============================
platform linux -- Python 3.10.12, pytest-8.3.4, pluggy-1.5.0
rootdir: /home/andre-silva/RASPing
configfile: pyproject.toml
plugins: anyio-4.8.0
collected 3 items

tests/test_reverse.py ssdivision by zero
UNCOMPILABLE MODEL
.

=============================== warnings summary ===============================
../../.venv/lib/python3.10/site-packages/dockerpycreds/utils.py:1
  /home/andre-silva/RASPing/.venv/lib/python3.10/site-packages/dockerpycreds/utils.py:1: DeprecationWarning: The distutils package is deprecated and slated for removal in Python 3.12. Use setuptools or check PEP 632 for potential alternatives
    import distutils.spawn

-- Docs: https://docs.pytest.org/en/stable/how-to/capture-warnings.html
=================== 1 passed, 2 skipped, 1 warning in 3.84s ====================
</pre></div></div></div></div></div><div class="mb-1" id="job_list___sub_accordion_6"><div class="card"><a data-toggle="collapse" data-target="#job_list___sub_collapse_6_1" aria-expanded="false" aria-controls="job_list___sub_collapse_6_1" href="#" class="job_list___sub_multi_heading"><div role="alert" class="card-header alert-success" id="job_list___sub_heading_6_1"><button class="btn btn-outline-success"><span class="job_id">6 : Job ID 0dec62f38669459fad4409b79023425c</span></button></div></a><div aria-labelledby="job_list___sub_heading_6_1" data-parent="#job_list___sub_accordion_6" class="collapse job_list___sub_multi_collapse" id="job_list___sub_collapse_6_1"><div class="card-body"><div class="work-item"><div class="alert alert-success test-outcome" role="alert"><p>worker outcome: normal</p><p>test outcome: killed</p></div></div><pre class="location"><a href="pycharm://open?file=source/reverse.py&amp;line=40" class="text-secondary"><button class="btn btn-outline-dark">source/reverse.py, start pos: (40, 23), end pos: (40, 24)</button></a></pre><pre>operator: core/ReplaceBinaryOperator_Sub_Div, occurrence: 1</pre><div class="alert alert-secondary"><pre class="diff">--- mutation diff ---
--- asource/reverse.py
+++ bsource/reverse.py
@@ -37,7 +37,7 @@
       reverse : SOp that reverses the input sequence.
     """
     opp_idx = (length - rasp.indices).named("opp_idx")
-    opp_idx = (opp_idx - 1).named("opp_idx-1")
+    opp_idx = (opp_idx / 1).named("opp_idx-1")
     reverse_selector = rasp.Select(rasp.indices, opp_idx, rasp.Comparison.EQ).named(
         "reverse_selector"
     )</pre></div><div class="alert alert-secondary"><pre class="diff">============================= test session starts ==============================
platform linux -- Python 3.10.12, pytest-8.3.4, pluggy-1.5.0
rootdir: /home/andre-silva/RASPing
configfile: pyproject.toml
plugins: anyio-4.8.0
collected 3 items

tests/test_reverse.py ssAccuracy:  0.0
F

=================================== FAILURES ===================================
____________________________ TestReverse.test_model ____________________________

self = &lt;tests.test_reverse.TestReverse object at 0x7fc57a74bc10&gt;

    def test_model(self):
&gt;       self.test()

tests/test_reverse.py:23: 
_ _ _ _ _ _ _ _ _ _ _ _ _ _ _ _ _ _ _ _ _ _ _ _ _ _ _ _ _ _ _ _ _ _ _ _ _ _ _ _ 

self = &lt;tests.test_reverse.TestReverse object at 0x7fc57a74bc10&gt;

    @pytest.mark.skip(reason="This is not a test")
    def test(self):
        try:
            model = Model(self.model, self.inputs, self.maxLength, self.name)
        except Exception as e:
            # Survive if the model is not compilable (we want to kill the buggy ones)
            print(str(e))
            # Print message for post-processing
            print("UNCOMPILABLE MODEL")
            return
    
        accuracy = model.evaluateModel(
            self.testing_data, doPrint=False, outputArray=False, useAssert=False
        )
        # Print the accuracy for post-processing
        print("Accuracy: ", accuracy)
&gt;       assert accuracy == 1.0
E       AssertionError

tests/test.py:47: AssertionError
=============================== warnings summary ===============================
../../.venv/lib/python3.10/site-packages/dockerpycreds/utils.py:1
  /home/andre-silva/RASPing/.venv/lib/python3.10/site-packages/dockerpycreds/utils.py:1: DeprecationWarning: The distutils package is deprecated and slated for removal in Python 3.12. Use setuptools or check PEP 632 for potential alternatives
    import distutils.spawn

-- Docs: https://docs.pytest.org/en/stable/how-to/capture-warnings.html
=========================== short test summary info ============================
FAILED tests/test_reverse.py::TestReverse::test_model - AssertionError
=================== 1 failed, 2 skipped, 1 warning in 22.44s ===================
</pre></div></div></div></div></div><div class="mb-1" id="job_list___sub_accordion_7"><div class="card"><a data-toggle="collapse" data-target="#job_list___sub_collapse_7_1" aria-expanded="false" aria-controls="job_list___sub_collapse_7_1" href="#" class="job_list___sub_multi_heading"><div role="alert" class="card-header alert-success" id="job_list___sub_heading_7_1"><button class="btn btn-outline-success"><span class="job_id">7 : Job ID f5712c3decd5411a8822bedb801b24e5</span></button></div></a><div aria-labelledby="job_list___sub_heading_7_1" data-parent="#job_list___sub_accordion_7" class="collapse job_list___sub_multi_collapse" id="job_list___sub_collapse_7_1"><div class="card-body"><div class="work-item"><div class="alert alert-success test-outcome" role="alert"><p>worker outcome: normal</p><p>test outcome: killed</p></div></div><pre class="location"><a href="pycharm://open?file=source/reverse.py&amp;line=39" class="text-secondary"><button class="btn btn-outline-dark">source/reverse.py, start pos: (39, 22), end pos: (39, 23)</button></a></pre><pre>operator: core/ReplaceBinaryOperator_Sub_FloorDiv, occurrence: 0</pre><div class="alert alert-secondary"><pre class="diff">--- mutation diff ---
--- asource/reverse.py
+++ bsource/reverse.py
@@ -36,7 +36,7 @@
     Returns:
       reverse : SOp that reverses the input sequence.
     """
-    opp_idx = (length - rasp.indices).named("opp_idx")
+    opp_idx = (length // rasp.indices).named("opp_idx")
     opp_idx = (opp_idx - 1).named("opp_idx-1")
     reverse_selector = rasp.Select(rasp.indices, opp_idx, rasp.Comparison.EQ).named(
         "reverse_selector"</pre></div><div class="alert alert-secondary"><pre class="diff">============================= test session starts ==============================
platform linux -- Python 3.10.12, pytest-8.3.4, pluggy-1.5.0
rootdir: /home/andre-silva/RASPing
configfile: pyproject.toml
plugins: anyio-4.8.0
collected 3 items

tests/test_reverse.py ssE

==================================== ERRORS ====================================
___________________ ERROR at setup of TestReverse.test_model ___________________

self = &lt;tests.test_reverse.TestReverse object at 0x7f4eb935bc10&gt;
method = &lt;bound method TestReverse.test_model of &lt;tests.test_reverse.TestReverse object at 0x7f4eb935bc10&gt;&gt;

    def setup_method(self, method):
&gt;       self.__setup__(make_reverse(rasp.tokens), "reverse")

tests/test_reverse.py:20: 
_ _ _ _ _ _ _ _ _ _ _ _ _ _ _ _ _ _ _ _ _ _ _ _ _ _ _ _ _ _ _ _ _ _ _ _ _ _ _ _ 

sop = tokens

    def make_reverse(sop: rasp.SOp) -&gt; rasp.SOp:
        """Create an SOp that reverses a sequence, using length primitive.
    
        Example usage:
          reverse = make_reverse(rasp.tokens)
          reverse("Hello")
          &gt;&gt; ['o', 'l', 'l', 'e', 'H']
    
        Args:
          sop: an SOp
    
        Returns:
          reverse : SOp that reverses the input sequence.
        """
&gt;       opp_idx = (length // rasp.indices).named("opp_idx")
E       TypeError: unsupported operand type(s) for //: 'SelectorWidth' and 'IndicesType'

source/reverse.py:39: TypeError
=============================== warnings summary ===============================
../../.venv/lib/python3.10/site-packages/dockerpycreds/utils.py:1
  /home/andre-silva/RASPing/.venv/lib/python3.10/site-packages/dockerpycreds/utils.py:1: DeprecationWarning: The distutils package is deprecated and slated for removal in Python 3.12. Use setuptools or check PEP 632 for potential alternatives
    import distutils.spawn

-- Docs: https://docs.pytest.org/en/stable/how-to/capture-warnings.html
=========================== short test summary info ============================
ERROR tests/test_reverse.py::TestReverse::test_model - TypeError: unsupported...
==================== 2 skipped, 1 warning, 1 error in 3.35s ====================
</pre></div></div></div></div></div><div class="mb-1" id="job_list___sub_accordion_8"><div class="card"><a data-toggle="collapse" data-target="#job_list___sub_collapse_8_1" aria-expanded="false" aria-controls="job_list___sub_collapse_8_1" href="#" class="job_list___sub_multi_heading"><div role="alert" class="card-header alert-success" id="job_list___sub_heading_8_1"><button class="btn btn-outline-success"><span class="job_id">8 : Job ID 22786bf659044f57b0b251420cf8380e</span></button></div></a><div aria-labelledby="job_list___sub_heading_8_1" data-parent="#job_list___sub_accordion_8" class="collapse job_list___sub_multi_collapse" id="job_list___sub_collapse_8_1"><div class="card-body"><div class="work-item"><div class="alert alert-success test-outcome" role="alert"><p>worker outcome: normal</p><p>test outcome: killed</p></div></div><pre class="location"><a href="pycharm://open?file=source/reverse.py&amp;line=40" class="text-secondary"><button class="btn btn-outline-dark">source/reverse.py, start pos: (40, 23), end pos: (40, 24)</button></a></pre><pre>operator: core/ReplaceBinaryOperator_Sub_FloorDiv, occurrence: 1</pre><div class="alert alert-secondary"><pre class="diff">--- mutation diff ---
--- asource/reverse.py
+++ bsource/reverse.py
@@ -37,7 +37,7 @@
       reverse : SOp that reverses the input sequence.
     """
     opp_idx = (length - rasp.indices).named("opp_idx")
-    opp_idx = (opp_idx - 1).named("opp_idx-1")
+    opp_idx = (opp_idx // 1).named("opp_idx-1")
     reverse_selector = rasp.Select(rasp.indices, opp_idx, rasp.Comparison.EQ).named(
         "reverse_selector"
     )</pre></div><div class="alert alert-secondary"><pre class="diff">============================= test session starts ==============================
platform linux -- Python 3.10.12, pytest-8.3.4, pluggy-1.5.0
rootdir: /home/andre-silva/RASPing
configfile: pyproject.toml
plugins: anyio-4.8.0
collected 3 items

tests/test_reverse.py ssE

==================================== ERRORS ====================================
___________________ ERROR at setup of TestReverse.test_model ___________________

self = &lt;tests.test_reverse.TestReverse object at 0x7f204fc37c40&gt;
method = &lt;bound method TestReverse.test_model of &lt;tests.test_reverse.TestReverse object at 0x7f204fc37c40&gt;&gt;

    def setup_method(self, method):
&gt;       self.__setup__(make_reverse(rasp.tokens), "reverse")

tests/test_reverse.py:20: 
_ _ _ _ _ _ _ _ _ _ _ _ _ _ _ _ _ _ _ _ _ _ _ _ _ _ _ _ _ _ _ _ _ _ _ _ _ _ _ _ 

sop = tokens

    def make_reverse(sop: rasp.SOp) -&gt; rasp.SOp:
        """Create an SOp that reverses a sequence, using length primitive.
    
        Example usage:
          reverse = make_reverse(rasp.tokens)
          reverse("Hello")
          &gt;&gt; ['o', 'l', 'l', 'e', 'H']
    
        Args:
          sop: an SOp
    
        Returns:
          reverse : SOp that reverses the input sequence.
        """
        opp_idx = (length - rasp.indices).named("opp_idx")
&gt;       opp_idx = (opp_idx // 1).named("opp_idx-1")
E       TypeError: unsupported operand type(s) for //: 'SequenceMap' and 'int'

source/reverse.py:40: TypeError
=============================== warnings summary ===============================
../../.venv/lib/python3.10/site-packages/dockerpycreds/utils.py:1
  /home/andre-silva/RASPing/.venv/lib/python3.10/site-packages/dockerpycreds/utils.py:1: DeprecationWarning: The distutils package is deprecated and slated for removal in Python 3.12. Use setuptools or check PEP 632 for potential alternatives
    import distutils.spawn

-- Docs: https://docs.pytest.org/en/stable/how-to/capture-warnings.html
=========================== short test summary info ============================
ERROR tests/test_reverse.py::TestReverse::test_model - TypeError: unsupported...
==================== 2 skipped, 1 warning, 1 error in 3.50s ====================
</pre></div></div></div></div></div><div class="mb-1" id="job_list___sub_accordion_9"><div class="card"><a data-toggle="collapse" data-target="#job_list___sub_collapse_9_1" aria-expanded="false" aria-controls="job_list___sub_collapse_9_1" href="#" class="job_list___sub_multi_heading"><div role="alert" class="card-header alert-success" id="job_list___sub_heading_9_1"><button class="btn btn-outline-success"><span class="job_id">9 : Job ID 33c72332cfb2420dbba33229f9498bca</span></button></div></a><div aria-labelledby="job_list___sub_heading_9_1" data-parent="#job_list___sub_accordion_9" class="collapse job_list___sub_multi_collapse" id="job_list___sub_collapse_9_1"><div class="card-body"><div class="work-item"><div class="alert alert-success test-outcome" role="alert"><p>worker outcome: normal</p><p>test outcome: killed</p></div></div><pre class="location"><a href="pycharm://open?file=source/reverse.py&amp;line=39" class="text-secondary"><button class="btn btn-outline-dark">source/reverse.py, start pos: (39, 22), end pos: (39, 23)</button></a></pre><pre>operator: core/ReplaceBinaryOperator_Sub_Mod, occurrence: 0</pre><div class="alert alert-secondary"><pre class="diff">--- mutation diff ---
--- asource/reverse.py
+++ bsource/reverse.py
@@ -36,7 +36,7 @@
     Returns:
       reverse : SOp that reverses the input sequence.
     """
-    opp_idx = (length - rasp.indices).named("opp_idx")
+    opp_idx = (length % rasp.indices).named("opp_idx")
     opp_idx = (opp_idx - 1).named("opp_idx-1")
     reverse_selector = rasp.Select(rasp.indices, opp_idx, rasp.Comparison.EQ).named(
         "reverse_selector"</pre></div><div class="alert alert-secondary"><pre class="diff">============================= test session starts ==============================
platform linux -- Python 3.10.12, pytest-8.3.4, pluggy-1.5.0
rootdir: /home/andre-silva/RASPing
configfile: pyproject.toml
plugins: anyio-4.8.0
collected 3 items

tests/test_reverse.py ssE

==================================== ERRORS ====================================
___________________ ERROR at setup of TestReverse.test_model ___________________

self = &lt;tests.test_reverse.TestReverse object at 0x7fe6f063fc40&gt;
method = &lt;bound method TestReverse.test_model of &lt;tests.test_reverse.TestReverse object at 0x7fe6f063fc40&gt;&gt;

    def setup_method(self, method):
&gt;       self.__setup__(make_reverse(rasp.tokens), "reverse")

tests/test_reverse.py:20: 
_ _ _ _ _ _ _ _ _ _ _ _ _ _ _ _ _ _ _ _ _ _ _ _ _ _ _ _ _ _ _ _ _ _ _ _ _ _ _ _ 

sop = tokens

    def make_reverse(sop: rasp.SOp) -&gt; rasp.SOp:
        """Create an SOp that reverses a sequence, using length primitive.
    
        Example usage:
          reverse = make_reverse(rasp.tokens)
          reverse("Hello")
          &gt;&gt; ['o', 'l', 'l', 'e', 'H']
    
        Args:
          sop: an SOp
    
        Returns:
          reverse : SOp that reverses the input sequence.
        """
&gt;       opp_idx = (length % rasp.indices).named("opp_idx")
E       TypeError: unsupported operand type(s) for %: 'SelectorWidth' and 'IndicesType'

source/reverse.py:39: TypeError
=============================== warnings summary ===============================
../../.venv/lib/python3.10/site-packages/dockerpycreds/utils.py:1
  /home/andre-silva/RASPing/.venv/lib/python3.10/site-packages/dockerpycreds/utils.py:1: DeprecationWarning: The distutils package is deprecated and slated for removal in Python 3.12. Use setuptools or check PEP 632 for potential alternatives
    import distutils.spawn

-- Docs: https://docs.pytest.org/en/stable/how-to/capture-warnings.html
=========================== short test summary info ============================
ERROR tests/test_reverse.py::TestReverse::test_model - TypeError: unsupported...
==================== 2 skipped, 1 warning, 1 error in 3.22s ====================
</pre></div></div></div></div></div><div class="mb-1" id="job_list___sub_accordion_10"><div class="card"><a data-toggle="collapse" data-target="#job_list___sub_collapse_10_1" aria-expanded="false" aria-controls="job_list___sub_collapse_10_1" href="#" class="job_list___sub_multi_heading"><div role="alert" class="card-header alert-success" id="job_list___sub_heading_10_1"><button class="btn btn-outline-success"><span class="job_id">10 : Job ID e9af6474d99d447db5c55649964cb2a3</span></button></div></a><div aria-labelledby="job_list___sub_heading_10_1" data-parent="#job_list___sub_accordion_10" class="collapse job_list___sub_multi_collapse" id="job_list___sub_collapse_10_1"><div class="card-body"><div class="work-item"><div class="alert alert-success test-outcome" role="alert"><p>worker outcome: normal</p><p>test outcome: killed</p></div></div><pre class="location"><a href="pycharm://open?file=source/reverse.py&amp;line=40" class="text-secondary"><button class="btn btn-outline-dark">source/reverse.py, start pos: (40, 23), end pos: (40, 24)</button></a></pre><pre>operator: core/ReplaceBinaryOperator_Sub_Mod, occurrence: 1</pre><div class="alert alert-secondary"><pre class="diff">--- mutation diff ---
--- asource/reverse.py
+++ bsource/reverse.py
@@ -37,7 +37,7 @@
       reverse : SOp that reverses the input sequence.
     """
     opp_idx = (length - rasp.indices).named("opp_idx")
-    opp_idx = (opp_idx - 1).named("opp_idx-1")
+    opp_idx = (opp_idx % 1).named("opp_idx-1")
     reverse_selector = rasp.Select(rasp.indices, opp_idx, rasp.Comparison.EQ).named(
         "reverse_selector"
     )</pre></div><div class="alert alert-secondary"><pre class="diff">============================= test session starts ==============================
platform linux -- Python 3.10.12, pytest-8.3.4, pluggy-1.5.0
rootdir: /home/andre-silva/RASPing
configfile: pyproject.toml
plugins: anyio-4.8.0
collected 3 items

tests/test_reverse.py ssE

==================================== ERRORS ====================================
___________________ ERROR at setup of TestReverse.test_model ___________________

self = &lt;tests.test_reverse.TestReverse object at 0x7f9ab6113c10&gt;
method = &lt;bound method TestReverse.test_model of &lt;tests.test_reverse.TestReverse object at 0x7f9ab6113c10&gt;&gt;

    def setup_method(self, method):
&gt;       self.__setup__(make_reverse(rasp.tokens), "reverse")

tests/test_reverse.py:20: 
_ _ _ _ _ _ _ _ _ _ _ _ _ _ _ _ _ _ _ _ _ _ _ _ _ _ _ _ _ _ _ _ _ _ _ _ _ _ _ _ 

sop = tokens

    def make_reverse(sop: rasp.SOp) -&gt; rasp.SOp:
        """Create an SOp that reverses a sequence, using length primitive.
    
        Example usage:
          reverse = make_reverse(rasp.tokens)
          reverse("Hello")
          &gt;&gt; ['o', 'l', 'l', 'e', 'H']
    
        Args:
          sop: an SOp
    
        Returns:
          reverse : SOp that reverses the input sequence.
        """
        opp_idx = (length - rasp.indices).named("opp_idx")
&gt;       opp_idx = (opp_idx % 1).named("opp_idx-1")
E       TypeError: unsupported operand type(s) for %: 'SequenceMap' and 'int'

source/reverse.py:40: TypeError
=============================== warnings summary ===============================
../../.venv/lib/python3.10/site-packages/dockerpycreds/utils.py:1
  /home/andre-silva/RASPing/.venv/lib/python3.10/site-packages/dockerpycreds/utils.py:1: DeprecationWarning: The distutils package is deprecated and slated for removal in Python 3.12. Use setuptools or check PEP 632 for potential alternatives
    import distutils.spawn

-- Docs: https://docs.pytest.org/en/stable/how-to/capture-warnings.html
=========================== short test summary info ============================
ERROR tests/test_reverse.py::TestReverse::test_model - TypeError: unsupported...
==================== 2 skipped, 1 warning, 1 error in 2.56s ====================
</pre></div></div></div></div></div><div class="mb-1" id="job_list___sub_accordion_11"><div class="card"><a data-toggle="collapse" data-target="#job_list___sub_collapse_11_1" aria-expanded="false" aria-controls="job_list___sub_collapse_11_1" href="#" class="job_list___sub_multi_heading"><div role="alert" class="card-header alert-success" id="job_list___sub_heading_11_1"><button class="btn btn-outline-success"><span class="job_id">11 : Job ID 9d66893e8b564817bae05044e3cc77a9</span></button></div></a><div aria-labelledby="job_list___sub_heading_11_1" data-parent="#job_list___sub_accordion_11" class="collapse job_list___sub_multi_collapse" id="job_list___sub_collapse_11_1"><div class="card-body"><div class="work-item"><div class="alert alert-success test-outcome" role="alert"><p>worker outcome: normal</p><p>test outcome: killed</p></div></div><pre class="location"><a href="pycharm://open?file=source/reverse.py&amp;line=39" class="text-secondary"><button class="btn btn-outline-dark">source/reverse.py, start pos: (39, 22), end pos: (39, 23)</button></a></pre><pre>operator: core/ReplaceBinaryOperator_Sub_Pow, occurrence: 0</pre><div class="alert alert-secondary"><pre class="diff">--- mutation diff ---
--- asource/reverse.py
+++ bsource/reverse.py
@@ -36,7 +36,7 @@
     Returns:
       reverse : SOp that reverses the input sequence.
     """
-    opp_idx = (length - rasp.indices).named("opp_idx")
+    opp_idx = (length ** rasp.indices).named("opp_idx")
     opp_idx = (opp_idx - 1).named("opp_idx-1")
     reverse_selector = rasp.Select(rasp.indices, opp_idx, rasp.Comparison.EQ).named(
         "reverse_selector"</pre></div><div class="alert alert-secondary"><pre class="diff">============================= test session starts ==============================
platform linux -- Python 3.10.12, pytest-8.3.4, pluggy-1.5.0
rootdir: /home/andre-silva/RASPing
configfile: pyproject.toml
plugins: anyio-4.8.0
collected 3 items

tests/test_reverse.py ssE

==================================== ERRORS ====================================
___________________ ERROR at setup of TestReverse.test_model ___________________

self = &lt;tests.test_reverse.TestReverse object at 0x7f67214f7cd0&gt;
method = &lt;bound method TestReverse.test_model of &lt;tests.test_reverse.TestReverse object at 0x7f67214f7cd0&gt;&gt;

    def setup_method(self, method):
&gt;       self.__setup__(make_reverse(rasp.tokens), "reverse")

tests/test_reverse.py:20: 
_ _ _ _ _ _ _ _ _ _ _ _ _ _ _ _ _ _ _ _ _ _ _ _ _ _ _ _ _ _ _ _ _ _ _ _ _ _ _ _ 

sop = tokens

    def make_reverse(sop: rasp.SOp) -&gt; rasp.SOp:
        """Create an SOp that reverses a sequence, using length primitive.
    
        Example usage:
          reverse = make_reverse(rasp.tokens)
          reverse("Hello")
          &gt;&gt; ['o', 'l', 'l', 'e', 'H']
    
        Args:
          sop: an SOp
    
        Returns:
          reverse : SOp that reverses the input sequence.
        """
&gt;       opp_idx = (length ** rasp.indices).named("opp_idx")
E       TypeError: unsupported operand type(s) for ** or pow(): 'SelectorWidth' and 'IndicesType'

source/reverse.py:39: TypeError
=============================== warnings summary ===============================
../../.venv/lib/python3.10/site-packages/dockerpycreds/utils.py:1
  /home/andre-silva/RASPing/.venv/lib/python3.10/site-packages/dockerpycreds/utils.py:1: DeprecationWarning: The distutils package is deprecated and slated for removal in Python 3.12. Use setuptools or check PEP 632 for potential alternatives
    import distutils.spawn

-- Docs: https://docs.pytest.org/en/stable/how-to/capture-warnings.html
=========================== short test summary info ============================
ERROR tests/test_reverse.py::TestReverse::test_model - TypeError: unsupported...
==================== 2 skipped, 1 warning, 1 error in 3.61s ====================
</pre></div></div></div></div></div><div class="mb-1" id="job_list___sub_accordion_12"><div class="card"><a data-toggle="collapse" data-target="#job_list___sub_collapse_12_1" aria-expanded="false" aria-controls="job_list___sub_collapse_12_1" href="#" class="job_list___sub_multi_heading"><div role="alert" class="card-header alert-success" id="job_list___sub_heading_12_1"><button class="btn btn-outline-success"><span class="job_id">12 : Job ID e3e6f2f4f4de4cbba80a5a3efdef4f46</span></button></div></a><div aria-labelledby="job_list___sub_heading_12_1" data-parent="#job_list___sub_accordion_12" class="collapse job_list___sub_multi_collapse" id="job_list___sub_collapse_12_1"><div class="card-body"><div class="work-item"><div class="alert alert-success test-outcome" role="alert"><p>worker outcome: normal</p><p>test outcome: killed</p></div></div><pre class="location"><a href="pycharm://open?file=source/reverse.py&amp;line=40" class="text-secondary"><button class="btn btn-outline-dark">source/reverse.py, start pos: (40, 23), end pos: (40, 24)</button></a></pre><pre>operator: core/ReplaceBinaryOperator_Sub_Pow, occurrence: 1</pre><div class="alert alert-secondary"><pre class="diff">--- mutation diff ---
--- asource/reverse.py
+++ bsource/reverse.py
@@ -37,7 +37,7 @@
       reverse : SOp that reverses the input sequence.
     """
     opp_idx = (length - rasp.indices).named("opp_idx")
-    opp_idx = (opp_idx - 1).named("opp_idx-1")
+    opp_idx = (opp_idx ** 1).named("opp_idx-1")
     reverse_selector = rasp.Select(rasp.indices, opp_idx, rasp.Comparison.EQ).named(
         "reverse_selector"
     )</pre></div><div class="alert alert-secondary"><pre class="diff">============================= test session starts ==============================
platform linux -- Python 3.10.12, pytest-8.3.4, pluggy-1.5.0
rootdir: /home/andre-silva/RASPing
configfile: pyproject.toml
plugins: anyio-4.8.0
collected 3 items

tests/test_reverse.py ssE

==================================== ERRORS ====================================
___________________ ERROR at setup of TestReverse.test_model ___________________

self = &lt;tests.test_reverse.TestReverse object at 0x7f6cb3023d30&gt;
method = &lt;bound method TestReverse.test_model of &lt;tests.test_reverse.TestReverse object at 0x7f6cb3023d30&gt;&gt;

    def setup_method(self, method):
&gt;       self.__setup__(make_reverse(rasp.tokens), "reverse")

tests/test_reverse.py:20: 
_ _ _ _ _ _ _ _ _ _ _ _ _ _ _ _ _ _ _ _ _ _ _ _ _ _ _ _ _ _ _ _ _ _ _ _ _ _ _ _ 

sop = tokens

    def make_reverse(sop: rasp.SOp) -&gt; rasp.SOp:
        """Create an SOp that reverses a sequence, using length primitive.
    
        Example usage:
          reverse = make_reverse(rasp.tokens)
          reverse("Hello")
          &gt;&gt; ['o', 'l', 'l', 'e', 'H']
    
        Args:
          sop: an SOp
    
        Returns:
          reverse : SOp that reverses the input sequence.
        """
        opp_idx = (length - rasp.indices).named("opp_idx")
&gt;       opp_idx = (opp_idx ** 1).named("opp_idx-1")
E       TypeError: unsupported operand type(s) for ** or pow(): 'SequenceMap' and 'int'

source/reverse.py:40: TypeError
=============================== warnings summary ===============================
../../.venv/lib/python3.10/site-packages/dockerpycreds/utils.py:1
  /home/andre-silva/RASPing/.venv/lib/python3.10/site-packages/dockerpycreds/utils.py:1: DeprecationWarning: The distutils package is deprecated and slated for removal in Python 3.12. Use setuptools or check PEP 632 for potential alternatives
    import distutils.spawn

-- Docs: https://docs.pytest.org/en/stable/how-to/capture-warnings.html
=========================== short test summary info ============================
ERROR tests/test_reverse.py::TestReverse::test_model - TypeError: unsupported...
==================== 2 skipped, 1 warning, 1 error in 3.24s ====================
</pre></div></div></div></div></div><div class="mb-1" id="job_list___sub_accordion_13"><div class="card"><a data-toggle="collapse" data-target="#job_list___sub_collapse_13_1" aria-expanded="false" aria-controls="job_list___sub_collapse_13_1" href="#" class="job_list___sub_multi_heading"><div role="alert" class="card-header alert-success" id="job_list___sub_heading_13_1"><button class="btn btn-outline-success"><span class="job_id">13 : Job ID 85669ca202bb4caf9f427397bf07a6bc</span></button></div></a><div aria-labelledby="job_list___sub_heading_13_1" data-parent="#job_list___sub_accordion_13" class="collapse job_list___sub_multi_collapse" id="job_list___sub_collapse_13_1"><div class="card-body"><div class="work-item"><div class="alert alert-success test-outcome" role="alert"><p>worker outcome: normal</p><p>test outcome: killed</p></div></div><pre class="location"><a href="pycharm://open?file=source/reverse.py&amp;line=39" class="text-secondary"><button class="btn btn-outline-dark">source/reverse.py, start pos: (39, 22), end pos: (39, 23)</button></a></pre><pre>operator: core/ReplaceBinaryOperator_Sub_RShift, occurrence: 0</pre><div class="alert alert-secondary"><pre class="diff">--- mutation diff ---
--- asource/reverse.py
+++ bsource/reverse.py
@@ -36,7 +36,7 @@
     Returns:
       reverse : SOp that reverses the input sequence.
     """
-    opp_idx = (length - rasp.indices).named("opp_idx")
+    opp_idx = (length &gt;&gt; rasp.indices).named("opp_idx")
     opp_idx = (opp_idx - 1).named("opp_idx-1")
     reverse_selector = rasp.Select(rasp.indices, opp_idx, rasp.Comparison.EQ).named(
         "reverse_selector"</pre></div><div class="alert alert-secondary"><pre class="diff">============================= test session starts ==============================
platform linux -- Python 3.10.12, pytest-8.3.4, pluggy-1.5.0
rootdir: /home/andre-silva/RASPing
configfile: pyproject.toml
plugins: anyio-4.8.0
collected 3 items

tests/test_reverse.py ssE

==================================== ERRORS ====================================
___________________ ERROR at setup of TestReverse.test_model ___________________

self = &lt;tests.test_reverse.TestReverse object at 0x7f4ce9de7c10&gt;
method = &lt;bound method TestReverse.test_model of &lt;tests.test_reverse.TestReverse object at 0x7f4ce9de7c10&gt;&gt;

    def setup_method(self, method):
&gt;       self.__setup__(make_reverse(rasp.tokens), "reverse")

tests/test_reverse.py:20: 
_ _ _ _ _ _ _ _ _ _ _ _ _ _ _ _ _ _ _ _ _ _ _ _ _ _ _ _ _ _ _ _ _ _ _ _ _ _ _ _ 

sop = tokens

    def make_reverse(sop: rasp.SOp) -&gt; rasp.SOp:
        """Create an SOp that reverses a sequence, using length primitive.
    
        Example usage:
          reverse = make_reverse(rasp.tokens)
          reverse("Hello")
          &gt;&gt; ['o', 'l', 'l', 'e', 'H']
    
        Args:
          sop: an SOp
    
        Returns:
          reverse : SOp that reverses the input sequence.
        """
&gt;       opp_idx = (length &gt;&gt; rasp.indices).named("opp_idx")
E       TypeError: unsupported operand type(s) for &gt;&gt;: 'SelectorWidth' and 'IndicesType'

source/reverse.py:39: TypeError
=============================== warnings summary ===============================
../../.venv/lib/python3.10/site-packages/dockerpycreds/utils.py:1
  /home/andre-silva/RASPing/.venv/lib/python3.10/site-packages/dockerpycreds/utils.py:1: DeprecationWarning: The distutils package is deprecated and slated for removal in Python 3.12. Use setuptools or check PEP 632 for potential alternatives
    import distutils.spawn

-- Docs: https://docs.pytest.org/en/stable/how-to/capture-warnings.html
=========================== short test summary info ============================
ERROR tests/test_reverse.py::TestReverse::test_model - TypeError: unsupported...
==================== 2 skipped, 1 warning, 1 error in 3.35s ====================
</pre></div></div></div></div></div><div class="mb-1" id="job_list___sub_accordion_14"><div class="card"><a data-toggle="collapse" data-target="#job_list___sub_collapse_14_1" aria-expanded="false" aria-controls="job_list___sub_collapse_14_1" href="#" class="job_list___sub_multi_heading"><div role="alert" class="card-header alert-success" id="job_list___sub_heading_14_1"><button class="btn btn-outline-success"><span class="job_id">14 : Job ID 468694a8866948878aea751327d39a52</span></button></div></a><div aria-labelledby="job_list___sub_heading_14_1" data-parent="#job_list___sub_accordion_14" class="collapse job_list___sub_multi_collapse" id="job_list___sub_collapse_14_1"><div class="card-body"><div class="work-item"><div class="alert alert-success test-outcome" role="alert"><p>worker outcome: normal</p><p>test outcome: killed</p></div></div><pre class="location"><a href="pycharm://open?file=source/reverse.py&amp;line=40" class="text-secondary"><button class="btn btn-outline-dark">source/reverse.py, start pos: (40, 23), end pos: (40, 24)</button></a></pre><pre>operator: core/ReplaceBinaryOperator_Sub_RShift, occurrence: 1</pre><div class="alert alert-secondary"><pre class="diff">--- mutation diff ---
--- asource/reverse.py
+++ bsource/reverse.py
@@ -37,7 +37,7 @@
       reverse : SOp that reverses the input sequence.
     """
     opp_idx = (length - rasp.indices).named("opp_idx")
-    opp_idx = (opp_idx - 1).named("opp_idx-1")
+    opp_idx = (opp_idx &gt;&gt; 1).named("opp_idx-1")
     reverse_selector = rasp.Select(rasp.indices, opp_idx, rasp.Comparison.EQ).named(
         "reverse_selector"
     )</pre></div><div class="alert alert-secondary"><pre class="diff">============================= test session starts ==============================
platform linux -- Python 3.10.12, pytest-8.3.4, pluggy-1.5.0
rootdir: /home/andre-silva/RASPing
configfile: pyproject.toml
plugins: anyio-4.8.0
collected 3 items

tests/test_reverse.py ssE

==================================== ERRORS ====================================
___________________ ERROR at setup of TestReverse.test_model ___________________

self = &lt;tests.test_reverse.TestReverse object at 0x7f27d721fd00&gt;
method = &lt;bound method TestReverse.test_model of &lt;tests.test_reverse.TestReverse object at 0x7f27d721fd00&gt;&gt;

    def setup_method(self, method):
&gt;       self.__setup__(make_reverse(rasp.tokens), "reverse")

tests/test_reverse.py:20: 
_ _ _ _ _ _ _ _ _ _ _ _ _ _ _ _ _ _ _ _ _ _ _ _ _ _ _ _ _ _ _ _ _ _ _ _ _ _ _ _ 

sop = tokens

    def make_reverse(sop: rasp.SOp) -&gt; rasp.SOp:
        """Create an SOp that reverses a sequence, using length primitive.
    
        Example usage:
          reverse = make_reverse(rasp.tokens)
          reverse("Hello")
          &gt;&gt; ['o', 'l', 'l', 'e', 'H']
    
        Args:
          sop: an SOp
    
        Returns:
          reverse : SOp that reverses the input sequence.
        """
        opp_idx = (length - rasp.indices).named("opp_idx")
&gt;       opp_idx = (opp_idx &gt;&gt; 1).named("opp_idx-1")
E       TypeError: unsupported operand type(s) for &gt;&gt;: 'SequenceMap' and 'int'

source/reverse.py:40: TypeError
=============================== warnings summary ===============================
../../.venv/lib/python3.10/site-packages/dockerpycreds/utils.py:1
  /home/andre-silva/RASPing/.venv/lib/python3.10/site-packages/dockerpycreds/utils.py:1: DeprecationWarning: The distutils package is deprecated and slated for removal in Python 3.12. Use setuptools or check PEP 632 for potential alternatives
    import distutils.spawn

-- Docs: https://docs.pytest.org/en/stable/how-to/capture-warnings.html
=========================== short test summary info ============================
ERROR tests/test_reverse.py::TestReverse::test_model - TypeError: unsupported...
==================== 2 skipped, 1 warning, 1 error in 3.06s ====================
</pre></div></div></div></div></div><div class="mb-1" id="job_list___sub_accordion_15"><div class="card"><a data-toggle="collapse" data-target="#job_list___sub_collapse_15_1" aria-expanded="false" aria-controls="job_list___sub_collapse_15_1" href="#" class="job_list___sub_multi_heading"><div role="alert" class="card-header alert-success" id="job_list___sub_heading_15_1"><button class="btn btn-outline-success"><span class="job_id">15 : Job ID 01a32669669e4a88855add793b49005e</span></button></div></a><div aria-labelledby="job_list___sub_heading_15_1" data-parent="#job_list___sub_accordion_15" class="collapse job_list___sub_multi_collapse" id="job_list___sub_collapse_15_1"><div class="card-body"><div class="work-item"><div class="alert alert-success test-outcome" role="alert"><p>worker outcome: normal</p><p>test outcome: killed</p></div></div><pre class="location"><a href="pycharm://open?file=source/reverse.py&amp;line=39" class="text-secondary"><button class="btn btn-outline-dark">source/reverse.py, start pos: (39, 22), end pos: (39, 23)</button></a></pre><pre>operator: core/ReplaceBinaryOperator_Sub_LShift, occurrence: 0</pre><div class="alert alert-secondary"><pre class="diff">--- mutation diff ---
--- asource/reverse.py
+++ bsource/reverse.py
@@ -36,7 +36,7 @@
     Returns:
       reverse : SOp that reverses the input sequence.
     """
-    opp_idx = (length - rasp.indices).named("opp_idx")
+    opp_idx = (length &lt;&lt; rasp.indices).named("opp_idx")
     opp_idx = (opp_idx - 1).named("opp_idx-1")
     reverse_selector = rasp.Select(rasp.indices, opp_idx, rasp.Comparison.EQ).named(
         "reverse_selector"</pre></div><div class="alert alert-secondary"><pre class="diff">============================= test session starts ==============================
platform linux -- Python 3.10.12, pytest-8.3.4, pluggy-1.5.0
rootdir: /home/andre-silva/RASPing
configfile: pyproject.toml
plugins: anyio-4.8.0
collected 3 items

tests/test_reverse.py ssE

==================================== ERRORS ====================================
___________________ ERROR at setup of TestReverse.test_model ___________________

self = &lt;tests.test_reverse.TestReverse object at 0x7f6b3bdebc10&gt;
method = &lt;bound method TestReverse.test_model of &lt;tests.test_reverse.TestReverse object at 0x7f6b3bdebc10&gt;&gt;

    def setup_method(self, method):
&gt;       self.__setup__(make_reverse(rasp.tokens), "reverse")

tests/test_reverse.py:20: 
_ _ _ _ _ _ _ _ _ _ _ _ _ _ _ _ _ _ _ _ _ _ _ _ _ _ _ _ _ _ _ _ _ _ _ _ _ _ _ _ 

sop = tokens

    def make_reverse(sop: rasp.SOp) -&gt; rasp.SOp:
        """Create an SOp that reverses a sequence, using length primitive.
    
        Example usage:
          reverse = make_reverse(rasp.tokens)
          reverse("Hello")
          &gt;&gt; ['o', 'l', 'l', 'e', 'H']
    
        Args:
          sop: an SOp
    
        Returns:
          reverse : SOp that reverses the input sequence.
        """
&gt;       opp_idx = (length &lt;&lt; rasp.indices).named("opp_idx")
E       TypeError: unsupported operand type(s) for &lt;&lt;: 'SelectorWidth' and 'IndicesType'

source/reverse.py:39: TypeError
=============================== warnings summary ===============================
../../.venv/lib/python3.10/site-packages/dockerpycreds/utils.py:1
  /home/andre-silva/RASPing/.venv/lib/python3.10/site-packages/dockerpycreds/utils.py:1: DeprecationWarning: The distutils package is deprecated and slated for removal in Python 3.12. Use setuptools or check PEP 632 for potential alternatives
    import distutils.spawn

-- Docs: https://docs.pytest.org/en/stable/how-to/capture-warnings.html
=========================== short test summary info ============================
ERROR tests/test_reverse.py::TestReverse::test_model - TypeError: unsupported...
==================== 2 skipped, 1 warning, 1 error in 3.72s ====================
</pre></div></div></div></div></div><div class="mb-1" id="job_list___sub_accordion_16"><div class="card"><a data-toggle="collapse" data-target="#job_list___sub_collapse_16_1" aria-expanded="false" aria-controls="job_list___sub_collapse_16_1" href="#" class="job_list___sub_multi_heading"><div role="alert" class="card-header alert-success" id="job_list___sub_heading_16_1"><button class="btn btn-outline-success"><span class="job_id">16 : Job ID fdd7a689229045b8aca4dedbf009793d</span></button></div></a><div aria-labelledby="job_list___sub_heading_16_1" data-parent="#job_list___sub_accordion_16" class="collapse job_list___sub_multi_collapse" id="job_list___sub_collapse_16_1"><div class="card-body"><div class="work-item"><div class="alert alert-success test-outcome" role="alert"><p>worker outcome: normal</p><p>test outcome: killed</p></div></div><pre class="location"><a href="pycharm://open?file=source/reverse.py&amp;line=40" class="text-secondary"><button class="btn btn-outline-dark">source/reverse.py, start pos: (40, 23), end pos: (40, 24)</button></a></pre><pre>operator: core/ReplaceBinaryOperator_Sub_LShift, occurrence: 1</pre><div class="alert alert-secondary"><pre class="diff">--- mutation diff ---
--- asource/reverse.py
+++ bsource/reverse.py
@@ -37,7 +37,7 @@
       reverse : SOp that reverses the input sequence.
     """
     opp_idx = (length - rasp.indices).named("opp_idx")
-    opp_idx = (opp_idx - 1).named("opp_idx-1")
+    opp_idx = (opp_idx &lt;&lt; 1).named("opp_idx-1")
     reverse_selector = rasp.Select(rasp.indices, opp_idx, rasp.Comparison.EQ).named(
         "reverse_selector"
     )</pre></div><div class="alert alert-secondary"><pre class="diff">============================= test session starts ==============================
platform linux -- Python 3.10.12, pytest-8.3.4, pluggy-1.5.0
rootdir: /home/andre-silva/RASPing
configfile: pyproject.toml
plugins: anyio-4.8.0
collected 3 items

tests/test_reverse.py ssE

==================================== ERRORS ====================================
___________________ ERROR at setup of TestReverse.test_model ___________________

self = &lt;tests.test_reverse.TestReverse object at 0x7f4f2d7ebca0&gt;
method = &lt;bound method TestReverse.test_model of &lt;tests.test_reverse.TestReverse object at 0x7f4f2d7ebca0&gt;&gt;

    def setup_method(self, method):
&gt;       self.__setup__(make_reverse(rasp.tokens), "reverse")

tests/test_reverse.py:20: 
_ _ _ _ _ _ _ _ _ _ _ _ _ _ _ _ _ _ _ _ _ _ _ _ _ _ _ _ _ _ _ _ _ _ _ _ _ _ _ _ 

sop = tokens

    def make_reverse(sop: rasp.SOp) -&gt; rasp.SOp:
        """Create an SOp that reverses a sequence, using length primitive.
    
        Example usage:
          reverse = make_reverse(rasp.tokens)
          reverse("Hello")
          &gt;&gt; ['o', 'l', 'l', 'e', 'H']
    
        Args:
          sop: an SOp
    
        Returns:
          reverse : SOp that reverses the input sequence.
        """
        opp_idx = (length - rasp.indices).named("opp_idx")
&gt;       opp_idx = (opp_idx &lt;&lt; 1).named("opp_idx-1")
E       TypeError: unsupported operand type(s) for &lt;&lt;: 'SequenceMap' and 'int'

source/reverse.py:40: TypeError
=============================== warnings summary ===============================
../../.venv/lib/python3.10/site-packages/dockerpycreds/utils.py:1
  /home/andre-silva/RASPing/.venv/lib/python3.10/site-packages/dockerpycreds/utils.py:1: DeprecationWarning: The distutils package is deprecated and slated for removal in Python 3.12. Use setuptools or check PEP 632 for potential alternatives
    import distutils.spawn

-- Docs: https://docs.pytest.org/en/stable/how-to/capture-warnings.html
=========================== short test summary info ============================
ERROR tests/test_reverse.py::TestReverse::test_model - TypeError: unsupported...
==================== 2 skipped, 1 warning, 1 error in 3.16s ====================
</pre></div></div></div></div></div><div class="mb-1" id="job_list___sub_accordion_17"><div class="card"><a data-toggle="collapse" data-target="#job_list___sub_collapse_17_1" aria-expanded="false" aria-controls="job_list___sub_collapse_17_1" href="#" class="job_list___sub_multi_heading"><div role="alert" class="card-header alert-success" id="job_list___sub_heading_17_1"><button class="btn btn-outline-success"><span class="job_id">17 : Job ID d27d5f67f69a45459920946530c4b9c2</span></button></div></a><div aria-labelledby="job_list___sub_heading_17_1" data-parent="#job_list___sub_accordion_17" class="collapse job_list___sub_multi_collapse" id="job_list___sub_collapse_17_1"><div class="card-body"><div class="work-item"><div class="alert alert-success test-outcome" role="alert"><p>worker outcome: normal</p><p>test outcome: killed</p></div></div><pre class="location"><a href="pycharm://open?file=source/reverse.py&amp;line=39" class="text-secondary"><button class="btn btn-outline-dark">source/reverse.py, start pos: (39, 22), end pos: (39, 23)</button></a></pre><pre>operator: core/ReplaceBinaryOperator_Sub_BitOr, occurrence: 0</pre><div class="alert alert-secondary"><pre class="diff">--- mutation diff ---
--- asource/reverse.py
+++ bsource/reverse.py
@@ -36,7 +36,7 @@
     Returns:
       reverse : SOp that reverses the input sequence.
     """
-    opp_idx = (length - rasp.indices).named("opp_idx")
+    opp_idx = (length | rasp.indices).named("opp_idx")
     opp_idx = (opp_idx - 1).named("opp_idx-1")
     reverse_selector = rasp.Select(rasp.indices, opp_idx, rasp.Comparison.EQ).named(
         "reverse_selector"</pre></div><div class="alert alert-secondary"><pre class="diff">============================= test session starts ==============================
platform linux -- Python 3.10.12, pytest-8.3.4, pluggy-1.5.0
rootdir: /home/andre-silva/RASPing
configfile: pyproject.toml
plugins: anyio-4.8.0
collected 3 items

tests/test_reverse.py ssAccuracy:  0.0
F

=================================== FAILURES ===================================
____________________________ TestReverse.test_model ____________________________

self = &lt;tests.test_reverse.TestReverse object at 0x7f280933bc40&gt;

    def test_model(self):
&gt;       self.test()

tests/test_reverse.py:23: 
_ _ _ _ _ _ _ _ _ _ _ _ _ _ _ _ _ _ _ _ _ _ _ _ _ _ _ _ _ _ _ _ _ _ _ _ _ _ _ _ 

self = &lt;tests.test_reverse.TestReverse object at 0x7f280933bc40&gt;

    @pytest.mark.skip(reason="This is not a test")
    def test(self):
        try:
            model = Model(self.model, self.inputs, self.maxLength, self.name)
        except Exception as e:
            # Survive if the model is not compilable (we want to kill the buggy ones)
            print(str(e))
            # Print message for post-processing
            print("UNCOMPILABLE MODEL")
            return
    
        accuracy = model.evaluateModel(
            self.testing_data, doPrint=False, outputArray=False, useAssert=False
        )
        # Print the accuracy for post-processing
        print("Accuracy: ", accuracy)
&gt;       assert accuracy == 1.0
E       AssertionError

tests/test.py:47: AssertionError
=============================== warnings summary ===============================
../../.venv/lib/python3.10/site-packages/dockerpycreds/utils.py:1
  /home/andre-silva/RASPing/.venv/lib/python3.10/site-packages/dockerpycreds/utils.py:1: DeprecationWarning: The distutils package is deprecated and slated for removal in Python 3.12. Use setuptools or check PEP 632 for potential alternatives
    import distutils.spawn

-- Docs: https://docs.pytest.org/en/stable/how-to/capture-warnings.html
=========================== short test summary info ============================
FAILED tests/test_reverse.py::TestReverse::test_model - AssertionError
=================== 1 failed, 2 skipped, 1 warning in 20.38s ===================
</pre></div></div></div></div></div><div class="mb-1" id="job_list___sub_accordion_18"><div class="card"><a data-toggle="collapse" data-target="#job_list___sub_collapse_18_1" aria-expanded="false" aria-controls="job_list___sub_collapse_18_1" href="#" class="job_list___sub_multi_heading"><div role="alert" class="card-header alert-success" id="job_list___sub_heading_18_1"><button class="btn btn-outline-success"><span class="job_id">18 : Job ID 9aaf65fc02f74322bbc7dc023d473a03</span></button></div></a><div aria-labelledby="job_list___sub_heading_18_1" data-parent="#job_list___sub_accordion_18" class="collapse job_list___sub_multi_collapse" id="job_list___sub_collapse_18_1"><div class="card-body"><div class="work-item"><div class="alert alert-success test-outcome" role="alert"><p>worker outcome: normal</p><p>test outcome: killed</p></div></div><pre class="location"><a href="pycharm://open?file=source/reverse.py&amp;line=40" class="text-secondary"><button class="btn btn-outline-dark">source/reverse.py, start pos: (40, 23), end pos: (40, 24)</button></a></pre><pre>operator: core/ReplaceBinaryOperator_Sub_BitOr, occurrence: 1</pre><div class="alert alert-secondary"><pre class="diff">--- mutation diff ---
--- asource/reverse.py
+++ bsource/reverse.py
@@ -37,7 +37,7 @@
       reverse : SOp that reverses the input sequence.
     """
     opp_idx = (length - rasp.indices).named("opp_idx")
-    opp_idx = (opp_idx - 1).named("opp_idx-1")
+    opp_idx = (opp_idx | 1).named("opp_idx-1")
     reverse_selector = rasp.Select(rasp.indices, opp_idx, rasp.Comparison.EQ).named(
         "reverse_selector"
     )</pre></div><div class="alert alert-secondary"><pre class="diff">============================= test session starts ==============================
platform linux -- Python 3.10.12, pytest-8.3.4, pluggy-1.5.0
rootdir: /home/andre-silva/RASPing
configfile: pyproject.toml
plugins: anyio-4.8.0
collected 3 items

tests/test_reverse.py ssAccuracy:  0.0
F

=================================== FAILURES ===================================
____________________________ TestReverse.test_model ____________________________

self = &lt;tests.test_reverse.TestReverse object at 0x7ff5b3437c10&gt;

    def test_model(self):
&gt;       self.test()

tests/test_reverse.py:23: 
_ _ _ _ _ _ _ _ _ _ _ _ _ _ _ _ _ _ _ _ _ _ _ _ _ _ _ _ _ _ _ _ _ _ _ _ _ _ _ _ 

self = &lt;tests.test_reverse.TestReverse object at 0x7ff5b3437c10&gt;

    @pytest.mark.skip(reason="This is not a test")
    def test(self):
        try:
            model = Model(self.model, self.inputs, self.maxLength, self.name)
        except Exception as e:
            # Survive if the model is not compilable (we want to kill the buggy ones)
            print(str(e))
            # Print message for post-processing
            print("UNCOMPILABLE MODEL")
            return
    
        accuracy = model.evaluateModel(
            self.testing_data, doPrint=False, outputArray=False, useAssert=False
        )
        # Print the accuracy for post-processing
        print("Accuracy: ", accuracy)
&gt;       assert accuracy == 1.0
E       AssertionError

tests/test.py:47: AssertionError
=============================== warnings summary ===============================
../../.venv/lib/python3.10/site-packages/dockerpycreds/utils.py:1
  /home/andre-silva/RASPing/.venv/lib/python3.10/site-packages/dockerpycreds/utils.py:1: DeprecationWarning: The distutils package is deprecated and slated for removal in Python 3.12. Use setuptools or check PEP 632 for potential alternatives
    import distutils.spawn

-- Docs: https://docs.pytest.org/en/stable/how-to/capture-warnings.html
=========================== short test summary info ============================
FAILED tests/test_reverse.py::TestReverse::test_model - AssertionError
=================== 1 failed, 2 skipped, 1 warning in 23.33s ===================
</pre></div></div></div></div></div><div class="mb-1" id="job_list___sub_accordion_19"><div class="card"><a data-toggle="collapse" data-target="#job_list___sub_collapse_19_1" aria-expanded="false" aria-controls="job_list___sub_collapse_19_1" href="#" class="job_list___sub_multi_heading"><div role="alert" class="card-header alert-success" id="job_list___sub_heading_19_1"><button class="btn btn-outline-success"><span class="job_id">19 : Job ID 32eb1b4425bb4453a1efb318801c2a04</span></button></div></a><div aria-labelledby="job_list___sub_heading_19_1" data-parent="#job_list___sub_accordion_19" class="collapse job_list___sub_multi_collapse" id="job_list___sub_collapse_19_1"><div class="card-body"><div class="work-item"><div class="alert alert-success test-outcome" role="alert"><p>worker outcome: normal</p><p>test outcome: killed</p></div></div><pre class="location"><a href="pycharm://open?file=source/reverse.py&amp;line=39" class="text-secondary"><button class="btn btn-outline-dark">source/reverse.py, start pos: (39, 22), end pos: (39, 23)</button></a></pre><pre>operator: core/ReplaceBinaryOperator_Sub_BitAnd, occurrence: 0</pre><div class="alert alert-secondary"><pre class="diff">--- mutation diff ---
--- asource/reverse.py
+++ bsource/reverse.py
@@ -36,7 +36,7 @@
     Returns:
       reverse : SOp that reverses the input sequence.
     """
-    opp_idx = (length - rasp.indices).named("opp_idx")
+    opp_idx = (length &amp; rasp.indices).named("opp_idx")
     opp_idx = (opp_idx - 1).named("opp_idx-1")
     reverse_selector = rasp.Select(rasp.indices, opp_idx, rasp.Comparison.EQ).named(
         "reverse_selector"</pre></div><div class="alert alert-secondary"><pre class="diff">============================= test session starts ==============================
platform linux -- Python 3.10.12, pytest-8.3.4, pluggy-1.5.0
rootdir: /home/andre-silva/RASPing
configfile: pyproject.toml
plugins: anyio-4.8.0
collected 3 items

tests/test_reverse.py ssAccuracy:  0.0
F

=================================== FAILURES ===================================
____________________________ TestReverse.test_model ____________________________

self = &lt;tests.test_reverse.TestReverse object at 0x7f90ee42bca0&gt;

    def test_model(self):
&gt;       self.test()

tests/test_reverse.py:23: 
_ _ _ _ _ _ _ _ _ _ _ _ _ _ _ _ _ _ _ _ _ _ _ _ _ _ _ _ _ _ _ _ _ _ _ _ _ _ _ _ 

self = &lt;tests.test_reverse.TestReverse object at 0x7f90ee42bca0&gt;

    @pytest.mark.skip(reason="This is not a test")
    def test(self):
        try:
            model = Model(self.model, self.inputs, self.maxLength, self.name)
        except Exception as e:
            # Survive if the model is not compilable (we want to kill the buggy ones)
            print(str(e))
            # Print message for post-processing
            print("UNCOMPILABLE MODEL")
            return
    
        accuracy = model.evaluateModel(
            self.testing_data, doPrint=False, outputArray=False, useAssert=False
        )
        # Print the accuracy for post-processing
        print("Accuracy: ", accuracy)
&gt;       assert accuracy == 1.0
E       AssertionError

tests/test.py:47: AssertionError
=============================== warnings summary ===============================
../../.venv/lib/python3.10/site-packages/dockerpycreds/utils.py:1
  /home/andre-silva/RASPing/.venv/lib/python3.10/site-packages/dockerpycreds/utils.py:1: DeprecationWarning: The distutils package is deprecated and slated for removal in Python 3.12. Use setuptools or check PEP 632 for potential alternatives
    import distutils.spawn

-- Docs: https://docs.pytest.org/en/stable/how-to/capture-warnings.html
=========================== short test summary info ============================
FAILED tests/test_reverse.py::TestReverse::test_model - AssertionError
=================== 1 failed, 2 skipped, 1 warning in 17.93s ===================
</pre></div></div></div></div></div><div class="mb-1" id="job_list___sub_accordion_20"><div class="card"><a data-toggle="collapse" data-target="#job_list___sub_collapse_20_1" aria-expanded="false" aria-controls="job_list___sub_collapse_20_1" href="#" class="job_list___sub_multi_heading"><div role="alert" class="card-header alert-success" id="job_list___sub_heading_20_1"><button class="btn btn-outline-success"><span class="job_id">20 : Job ID 3d2a89f920d54461b799daea36c11b5a</span></button></div></a><div aria-labelledby="job_list___sub_heading_20_1" data-parent="#job_list___sub_accordion_20" class="collapse job_list___sub_multi_collapse" id="job_list___sub_collapse_20_1"><div class="card-body"><div class="work-item"><div class="alert alert-success test-outcome" role="alert"><p>worker outcome: normal</p><p>test outcome: killed</p></div></div><pre class="location"><a href="pycharm://open?file=source/reverse.py&amp;line=40" class="text-secondary"><button class="btn btn-outline-dark">source/reverse.py, start pos: (40, 23), end pos: (40, 24)</button></a></pre><pre>operator: core/ReplaceBinaryOperator_Sub_BitAnd, occurrence: 1</pre><div class="alert alert-secondary"><pre class="diff">--- mutation diff ---
--- asource/reverse.py
+++ bsource/reverse.py
@@ -37,7 +37,7 @@
       reverse : SOp that reverses the input sequence.
     """
     opp_idx = (length - rasp.indices).named("opp_idx")
-    opp_idx = (opp_idx - 1).named("opp_idx-1")
+    opp_idx = (opp_idx &amp; 1).named("opp_idx-1")
     reverse_selector = rasp.Select(rasp.indices, opp_idx, rasp.Comparison.EQ).named(
         "reverse_selector"
     )</pre></div><div class="alert alert-secondary"><pre class="diff">============================= test session starts ==============================
platform linux -- Python 3.10.12, pytest-8.3.4, pluggy-1.5.0
rootdir: /home/andre-silva/RASPing
configfile: pyproject.toml
plugins: anyio-4.8.0
collected 3 items

tests/test_reverse.py ssAccuracy:  0.0
F

=================================== FAILURES ===================================
____________________________ TestReverse.test_model ____________________________

self = &lt;tests.test_reverse.TestReverse object at 0x7f03073cfcd0&gt;

    def test_model(self):
&gt;       self.test()

tests/test_reverse.py:23: 
_ _ _ _ _ _ _ _ _ _ _ _ _ _ _ _ _ _ _ _ _ _ _ _ _ _ _ _ _ _ _ _ _ _ _ _ _ _ _ _ 

self = &lt;tests.test_reverse.TestReverse object at 0x7f03073cfcd0&gt;

    @pytest.mark.skip(reason="This is not a test")
    def test(self):
        try:
            model = Model(self.model, self.inputs, self.maxLength, self.name)
        except Exception as e:
            # Survive if the model is not compilable (we want to kill the buggy ones)
            print(str(e))
            # Print message for post-processing
            print("UNCOMPILABLE MODEL")
            return
    
        accuracy = model.evaluateModel(
            self.testing_data, doPrint=False, outputArray=False, useAssert=False
        )
        # Print the accuracy for post-processing
        print("Accuracy: ", accuracy)
&gt;       assert accuracy == 1.0
E       AssertionError

tests/test.py:47: AssertionError
=============================== warnings summary ===============================
../../.venv/lib/python3.10/site-packages/dockerpycreds/utils.py:1
  /home/andre-silva/RASPing/.venv/lib/python3.10/site-packages/dockerpycreds/utils.py:1: DeprecationWarning: The distutils package is deprecated and slated for removal in Python 3.12. Use setuptools or check PEP 632 for potential alternatives
    import distutils.spawn

-- Docs: https://docs.pytest.org/en/stable/how-to/capture-warnings.html
=========================== short test summary info ============================
FAILED tests/test_reverse.py::TestReverse::test_model - AssertionError
=================== 1 failed, 2 skipped, 1 warning in 18.32s ===================
</pre></div></div></div></div></div><div class="mb-1" id="job_list___sub_accordion_21"><div class="card"><a data-toggle="collapse" data-target="#job_list___sub_collapse_21_1" aria-expanded="false" aria-controls="job_list___sub_collapse_21_1" href="#" class="job_list___sub_multi_heading"><div role="alert" class="card-header alert-success" id="job_list___sub_heading_21_1"><button class="btn btn-outline-success"><span class="job_id">21 : Job ID 12342b0f6338450e9baa0a12e4dd2357</span></button></div></a><div aria-labelledby="job_list___sub_heading_21_1" data-parent="#job_list___sub_accordion_21" class="collapse job_list___sub_multi_collapse" id="job_list___sub_collapse_21_1"><div class="card-body"><div class="work-item"><div class="alert alert-success test-outcome" role="alert"><p>worker outcome: normal</p><p>test outcome: killed</p></div></div><pre class="location"><a href="pycharm://open?file=source/reverse.py&amp;line=39" class="text-secondary"><button class="btn btn-outline-dark">source/reverse.py, start pos: (39, 22), end pos: (39, 23)</button></a></pre><pre>operator: core/ReplaceBinaryOperator_Sub_BitXor, occurrence: 0</pre><div class="alert alert-secondary"><pre class="diff">--- mutation diff ---
--- asource/reverse.py
+++ bsource/reverse.py
@@ -36,7 +36,7 @@
     Returns:
       reverse : SOp that reverses the input sequence.
     """
-    opp_idx = (length - rasp.indices).named("opp_idx")
+    opp_idx = (length ^ rasp.indices).named("opp_idx")
     opp_idx = (opp_idx - 1).named("opp_idx-1")
     reverse_selector = rasp.Select(rasp.indices, opp_idx, rasp.Comparison.EQ).named(
         "reverse_selector"</pre></div><div class="alert alert-secondary"><pre class="diff">============================= test session starts ==============================
platform linux -- Python 3.10.12, pytest-8.3.4, pluggy-1.5.0
rootdir: /home/andre-silva/RASPing
configfile: pyproject.toml
plugins: anyio-4.8.0
collected 3 items

tests/test_reverse.py ssE

==================================== ERRORS ====================================
___________________ ERROR at setup of TestReverse.test_model ___________________

self = &lt;tests.test_reverse.TestReverse object at 0x7f38c7603cd0&gt;
method = &lt;bound method TestReverse.test_model of &lt;tests.test_reverse.TestReverse object at 0x7f38c7603cd0&gt;&gt;

    def setup_method(self, method):
&gt;       self.__setup__(make_reverse(rasp.tokens), "reverse")

tests/test_reverse.py:20: 
_ _ _ _ _ _ _ _ _ _ _ _ _ _ _ _ _ _ _ _ _ _ _ _ _ _ _ _ _ _ _ _ _ _ _ _ _ _ _ _ 

sop = tokens

    def make_reverse(sop: rasp.SOp) -&gt; rasp.SOp:
        """Create an SOp that reverses a sequence, using length primitive.
    
        Example usage:
          reverse = make_reverse(rasp.tokens)
          reverse("Hello")
          &gt;&gt; ['o', 'l', 'l', 'e', 'H']
    
        Args:
          sop: an SOp
    
        Returns:
          reverse : SOp that reverses the input sequence.
        """
&gt;       opp_idx = (length ^ rasp.indices).named("opp_idx")
E       TypeError: unsupported operand type(s) for ^: 'SelectorWidth' and 'IndicesType'

source/reverse.py:39: TypeError
=============================== warnings summary ===============================
../../.venv/lib/python3.10/site-packages/dockerpycreds/utils.py:1
  /home/andre-silva/RASPing/.venv/lib/python3.10/site-packages/dockerpycreds/utils.py:1: DeprecationWarning: The distutils package is deprecated and slated for removal in Python 3.12. Use setuptools or check PEP 632 for potential alternatives
    import distutils.spawn

-- Docs: https://docs.pytest.org/en/stable/how-to/capture-warnings.html
=========================== short test summary info ============================
ERROR tests/test_reverse.py::TestReverse::test_model - TypeError: unsupported...
==================== 2 skipped, 1 warning, 1 error in 3.59s ====================
</pre></div></div></div></div></div><div class="mb-1" id="job_list___sub_accordion_22"><div class="card"><a data-toggle="collapse" data-target="#job_list___sub_collapse_22_1" aria-expanded="false" aria-controls="job_list___sub_collapse_22_1" href="#" class="job_list___sub_multi_heading"><div role="alert" class="card-header alert-success" id="job_list___sub_heading_22_1"><button class="btn btn-outline-success"><span class="job_id">22 : Job ID 8512f920b9fa48f3a1ad731ad836bb9b</span></button></div></a><div aria-labelledby="job_list___sub_heading_22_1" data-parent="#job_list___sub_accordion_22" class="collapse job_list___sub_multi_collapse" id="job_list___sub_collapse_22_1"><div class="card-body"><div class="work-item"><div class="alert alert-success test-outcome" role="alert"><p>worker outcome: normal</p><p>test outcome: killed</p></div></div><pre class="location"><a href="pycharm://open?file=source/reverse.py&amp;line=40" class="text-secondary"><button class="btn btn-outline-dark">source/reverse.py, start pos: (40, 23), end pos: (40, 24)</button></a></pre><pre>operator: core/ReplaceBinaryOperator_Sub_BitXor, occurrence: 1</pre><div class="alert alert-secondary"><pre class="diff">--- mutation diff ---
--- asource/reverse.py
+++ bsource/reverse.py
@@ -37,7 +37,7 @@
       reverse : SOp that reverses the input sequence.
     """
     opp_idx = (length - rasp.indices).named("opp_idx")
-    opp_idx = (opp_idx - 1).named("opp_idx-1")
+    opp_idx = (opp_idx ^ 1).named("opp_idx-1")
     reverse_selector = rasp.Select(rasp.indices, opp_idx, rasp.Comparison.EQ).named(
         "reverse_selector"
     )</pre></div><div class="alert alert-secondary"><pre class="diff">============================= test session starts ==============================
platform linux -- Python 3.10.12, pytest-8.3.4, pluggy-1.5.0
rootdir: /home/andre-silva/RASPing
configfile: pyproject.toml
plugins: anyio-4.8.0
collected 3 items

tests/test_reverse.py ssE

==================================== ERRORS ====================================
___________________ ERROR at setup of TestReverse.test_model ___________________

self = &lt;tests.test_reverse.TestReverse object at 0x7f7251947c70&gt;
method = &lt;bound method TestReverse.test_model of &lt;tests.test_reverse.TestReverse object at 0x7f7251947c70&gt;&gt;

    def setup_method(self, method):
&gt;       self.__setup__(make_reverse(rasp.tokens), "reverse")

tests/test_reverse.py:20: 
_ _ _ _ _ _ _ _ _ _ _ _ _ _ _ _ _ _ _ _ _ _ _ _ _ _ _ _ _ _ _ _ _ _ _ _ _ _ _ _ 

sop = tokens

    def make_reverse(sop: rasp.SOp) -&gt; rasp.SOp:
        """Create an SOp that reverses a sequence, using length primitive.
    
        Example usage:
          reverse = make_reverse(rasp.tokens)
          reverse("Hello")
          &gt;&gt; ['o', 'l', 'l', 'e', 'H']
    
        Args:
          sop: an SOp
    
        Returns:
          reverse : SOp that reverses the input sequence.
        """
        opp_idx = (length - rasp.indices).named("opp_idx")
&gt;       opp_idx = (opp_idx ^ 1).named("opp_idx-1")
E       TypeError: unsupported operand type(s) for ^: 'SequenceMap' and 'int'

source/reverse.py:40: TypeError
=============================== warnings summary ===============================
../../.venv/lib/python3.10/site-packages/dockerpycreds/utils.py:1
  /home/andre-silva/RASPing/.venv/lib/python3.10/site-packages/dockerpycreds/utils.py:1: DeprecationWarning: The distutils package is deprecated and slated for removal in Python 3.12. Use setuptools or check PEP 632 for potential alternatives
    import distutils.spawn

-- Docs: https://docs.pytest.org/en/stable/how-to/capture-warnings.html
=========================== short test summary info ============================
ERROR tests/test_reverse.py::TestReverse::test_model - TypeError: unsupported...
==================== 2 skipped, 1 warning, 1 error in 3.22s ====================
</pre></div></div></div></div></div><div class="mb-1" id="job_list___sub_accordion_23"><div class="card"><a data-toggle="collapse" data-target="#job_list___sub_collapse_23_1" aria-expanded="false" aria-controls="job_list___sub_collapse_23_1" href="#" class="job_list___sub_multi_heading"><div role="alert" class="card-header alert-success" id="job_list___sub_heading_23_1"><button class="btn btn-outline-success"><span class="job_id">23 : Job ID 1a2d6d1fc3af4c7db95d3014e8b6dccd</span></button></div></a><div aria-labelledby="job_list___sub_heading_23_1" data-parent="#job_list___sub_accordion_23" class="collapse job_list___sub_multi_collapse" id="job_list___sub_collapse_23_1"><div class="card-body"><div class="work-item"><div class="alert alert-success test-outcome" role="alert"><p>worker outcome: normal</p><p>test outcome: killed</p></div></div><pre class="location"><a href="pycharm://open?file=source/reverse.py&amp;line=40" class="text-secondary"><button class="btn btn-outline-dark">source/reverse.py, start pos: (40, 25), end pos: (40, 26)</button></a></pre><pre>operator: core/NumberReplacer, occurrence: 0</pre><div class="alert alert-secondary"><pre class="diff">--- mutation diff ---
--- asource/reverse.py
+++ bsource/reverse.py
@@ -37,7 +37,7 @@
       reverse : SOp that reverses the input sequence.
     """
     opp_idx = (length - rasp.indices).named("opp_idx")
-    opp_idx = (opp_idx - 1).named("opp_idx-1")
+    opp_idx = (opp_idx - 2).named("opp_idx-1")
     reverse_selector = rasp.Select(rasp.indices, opp_idx, rasp.Comparison.EQ).named(
         "reverse_selector"
     )</pre></div><div class="alert alert-secondary"><pre class="diff">============================= test session starts ==============================
platform linux -- Python 3.10.12, pytest-8.3.4, pluggy-1.5.0
rootdir: /home/andre-silva/RASPing
configfile: pyproject.toml
plugins: anyio-4.8.0
collected 3 items

tests/test_reverse.py ssAccuracy:  0.0
F

=================================== FAILURES ===================================
____________________________ TestReverse.test_model ____________________________

self = &lt;tests.test_reverse.TestReverse object at 0x7f0a1bfe7d90&gt;

    def test_model(self):
&gt;       self.test()

tests/test_reverse.py:23: 
_ _ _ _ _ _ _ _ _ _ _ _ _ _ _ _ _ _ _ _ _ _ _ _ _ _ _ _ _ _ _ _ _ _ _ _ _ _ _ _ 

self = &lt;tests.test_reverse.TestReverse object at 0x7f0a1bfe7d90&gt;

    @pytest.mark.skip(reason="This is not a test")
    def test(self):
        try:
            model = Model(self.model, self.inputs, self.maxLength, self.name)
        except Exception as e:
            # Survive if the model is not compilable (we want to kill the buggy ones)
            print(str(e))
            # Print message for post-processing
            print("UNCOMPILABLE MODEL")
            return
    
        accuracy = model.evaluateModel(
            self.testing_data, doPrint=False, outputArray=False, useAssert=False
        )
        # Print the accuracy for post-processing
        print("Accuracy: ", accuracy)
&gt;       assert accuracy == 1.0
E       AssertionError

tests/test.py:47: AssertionError
=============================== warnings summary ===============================
../../.venv/lib/python3.10/site-packages/dockerpycreds/utils.py:1
  /home/andre-silva/RASPing/.venv/lib/python3.10/site-packages/dockerpycreds/utils.py:1: DeprecationWarning: The distutils package is deprecated and slated for removal in Python 3.12. Use setuptools or check PEP 632 for potential alternatives
    import distutils.spawn

-- Docs: https://docs.pytest.org/en/stable/how-to/capture-warnings.html
=========================== short test summary info ============================
FAILED tests/test_reverse.py::TestReverse::test_model - AssertionError
=================== 1 failed, 2 skipped, 1 warning in 21.64s ===================
</pre></div></div></div></div></div><div class="mb-1" id="job_list___sub_accordion_24"><div class="card"><a data-toggle="collapse" data-target="#job_list___sub_collapse_24_1" aria-expanded="false" aria-controls="job_list___sub_collapse_24_1" href="#" class="job_list___sub_multi_heading"><div role="alert" class="card-header alert-success" id="job_list___sub_heading_24_1"><button class="btn btn-outline-success"><span class="job_id">24 : Job ID 942ae86b495749d884223cb1e777b2ae</span></button></div></a><div aria-labelledby="job_list___sub_heading_24_1" data-parent="#job_list___sub_accordion_24" class="collapse job_list___sub_multi_collapse" id="job_list___sub_collapse_24_1"><div class="card-body"><div class="work-item"><div class="alert alert-success test-outcome" role="alert"><p>worker outcome: normal</p><p>test outcome: killed</p></div></div><pre class="location"><a href="pycharm://open?file=source/reverse.py&amp;line=40" class="text-secondary"><button class="btn btn-outline-dark">source/reverse.py, start pos: (40, 25), end pos: (40, 26)</button></a></pre><pre>operator: core/NumberReplacer, occurrence: 1</pre><div class="alert alert-secondary"><pre class="diff">--- mutation diff ---
--- asource/reverse.py
+++ bsource/reverse.py
@@ -37,7 +37,7 @@
       reverse : SOp that reverses the input sequence.
     """
     opp_idx = (length - rasp.indices).named("opp_idx")
-    opp_idx = (opp_idx - 1).named("opp_idx-1")
+    opp_idx = (opp_idx - 0).named("opp_idx-1")
     reverse_selector = rasp.Select(rasp.indices, opp_idx, rasp.Comparison.EQ).named(
         "reverse_selector"
     )</pre></div><div class="alert alert-secondary"><pre class="diff">============================= test session starts ==============================
platform linux -- Python 3.10.12, pytest-8.3.4, pluggy-1.5.0
rootdir: /home/andre-silva/RASPing
configfile: pyproject.toml
plugins: anyio-4.8.0
collected 3 items

tests/test_reverse.py ssAccuracy:  0.0
F

=================================== FAILURES ===================================
____________________________ TestReverse.test_model ____________________________

self = &lt;tests.test_reverse.TestReverse object at 0x7f336f72bc70&gt;

    def test_model(self):
&gt;       self.test()

tests/test_reverse.py:23: 
_ _ _ _ _ _ _ _ _ _ _ _ _ _ _ _ _ _ _ _ _ _ _ _ _ _ _ _ _ _ _ _ _ _ _ _ _ _ _ _ 

self = &lt;tests.test_reverse.TestReverse object at 0x7f336f72bc70&gt;

    @pytest.mark.skip(reason="This is not a test")
    def test(self):
        try:
            model = Model(self.model, self.inputs, self.maxLength, self.name)
        except Exception as e:
            # Survive if the model is not compilable (we want to kill the buggy ones)
            print(str(e))
            # Print message for post-processing
            print("UNCOMPILABLE MODEL")
            return
    
        accuracy = model.evaluateModel(
            self.testing_data, doPrint=False, outputArray=False, useAssert=False
        )
        # Print the accuracy for post-processing
        print("Accuracy: ", accuracy)
&gt;       assert accuracy == 1.0
E       AssertionError

tests/test.py:47: AssertionError
=============================== warnings summary ===============================
../../.venv/lib/python3.10/site-packages/dockerpycreds/utils.py:1
  /home/andre-silva/RASPing/.venv/lib/python3.10/site-packages/dockerpycreds/utils.py:1: DeprecationWarning: The distutils package is deprecated and slated for removal in Python 3.12. Use setuptools or check PEP 632 for potential alternatives
    import distutils.spawn

-- Docs: https://docs.pytest.org/en/stable/how-to/capture-warnings.html
=========================== short test summary info ============================
FAILED tests/test_reverse.py::TestReverse::test_model - AssertionError
=================== 1 failed, 2 skipped, 1 warning in 22.70s ===================
</pre></div></div></div></div></div><div class="mb-1" id="job_list___sub_accordion_25"><div class="card"><a data-toggle="collapse" data-target="#job_list___sub_collapse_25_1" aria-expanded="false" aria-controls="job_list___sub_collapse_25_1" href="#" class="job_list___sub_multi_heading"><div role="alert" class="card-header alert-success" id="job_list___sub_heading_25_1"><button class="btn btn-outline-success"><span class="job_id">25 : Job ID 94d212cd28f54effb023911894369d16</span></button></div></a><div aria-labelledby="job_list___sub_heading_25_1" data-parent="#job_list___sub_accordion_25" class="collapse job_list___sub_multi_collapse" id="job_list___sub_collapse_25_1"><div class="card-body"><div class="work-item"><div class="alert alert-success test-outcome" role="alert"><p>worker outcome: normal</p><p>test outcome: killed</p></div></div><pre class="location"><a href="pycharm://open?file=source/reverse.py&amp;line=17" class="text-secondary"><button class="btn btn-outline-dark">source/reverse.py, start pos: (17, 34), end pos: (17, 54)</button></a></pre><pre>operator: operators/replace-rasp-comparison, occurrence: 0</pre><div class="alert alert-secondary"><pre class="diff">--- mutation diff ---
--- asource/reverse.py
+++ bsource/reverse.py
@@ -14,7 +14,7 @@
         is the length of that sequence.
     """
     all_true_selector = rasp.Select(
-        rasp.tokens, rasp.tokens, rasp.Comparison.TRUE
+        rasp.tokens, rasp.tokens, rasp.Comparison.EQ
     ).named("all_true_selector")
     return rasp.SelectorWidth(all_true_selector).named("length")
 </pre></div><div class="alert alert-secondary"><pre class="diff">============================= test session starts ==============================
platform linux -- Python 3.10.12, pytest-8.3.4, pluggy-1.5.0
rootdir: /home/andre-silva/RASPing
configfile: pyproject.toml
plugins: anyio-4.8.0
collected 3 items

tests/test_reverse.py ssAccuracy:  0.0
F

=================================== FAILURES ===================================
____________________________ TestReverse.test_model ____________________________

self = &lt;tests.test_reverse.TestReverse object at 0x7f2e114f7af0&gt;

    def test_model(self):
&gt;       self.test()

tests/test_reverse.py:23: 
_ _ _ _ _ _ _ _ _ _ _ _ _ _ _ _ _ _ _ _ _ _ _ _ _ _ _ _ _ _ _ _ _ _ _ _ _ _ _ _ 

self = &lt;tests.test_reverse.TestReverse object at 0x7f2e114f7af0&gt;

    @pytest.mark.skip(reason="This is not a test")
    def test(self):
        try:
            model = Model(self.model, self.inputs, self.maxLength, self.name)
        except Exception as e:
            # Survive if the model is not compilable (we want to kill the buggy ones)
            print(str(e))
            # Print message for post-processing
            print("UNCOMPILABLE MODEL")
            return
    
        accuracy = model.evaluateModel(
            self.testing_data, doPrint=False, outputArray=False, useAssert=False
        )
        # Print the accuracy for post-processing
        print("Accuracy: ", accuracy)
&gt;       assert accuracy == 1.0
E       AssertionError

tests/test.py:47: AssertionError
=============================== warnings summary ===============================
../../.venv/lib/python3.10/site-packages/dockerpycreds/utils.py:1
  /home/andre-silva/RASPing/.venv/lib/python3.10/site-packages/dockerpycreds/utils.py:1: DeprecationWarning: The distutils package is deprecated and slated for removal in Python 3.12. Use setuptools or check PEP 632 for potential alternatives
    import distutils.spawn

-- Docs: https://docs.pytest.org/en/stable/how-to/capture-warnings.html
=========================== short test summary info ============================
FAILED tests/test_reverse.py::TestReverse::test_model - AssertionError
=================== 1 failed, 2 skipped, 1 warning in 21.51s ===================
</pre></div></div></div></div></div><div class="mb-1" id="job_list___sub_accordion_26"><div class="card"><a data-toggle="collapse" data-target="#job_list___sub_collapse_26_1" aria-expanded="false" aria-controls="job_list___sub_collapse_26_1" href="#" class="job_list___sub_multi_heading"><div role="alert" class="card-header alert-success" id="job_list___sub_heading_26_1"><button class="btn btn-outline-success"><span class="job_id">26 : Job ID eec864e7beef4ad79854c69d2109cd04</span></button></div></a><div aria-labelledby="job_list___sub_heading_26_1" data-parent="#job_list___sub_accordion_26" class="collapse job_list___sub_multi_collapse" id="job_list___sub_collapse_26_1"><div class="card-body"><div class="work-item"><div class="alert alert-success test-outcome" role="alert"><p>worker outcome: normal</p><p>test outcome: killed</p></div></div><pre class="location"><a href="pycharm://open?file=source/reverse.py&amp;line=17" class="text-secondary"><button class="btn btn-outline-dark">source/reverse.py, start pos: (17, 34), end pos: (17, 54)</button></a></pre><pre>operator: operators/replace-rasp-comparison, occurrence: 1</pre><div class="alert alert-secondary"><pre class="diff">--- mutation diff ---
--- asource/reverse.py
+++ bsource/reverse.py
@@ -14,7 +14,7 @@
         is the length of that sequence.
     """
     all_true_selector = rasp.Select(
-        rasp.tokens, rasp.tokens, rasp.Comparison.TRUE
+        rasp.tokens, rasp.tokens, rasp.Comparison.LT
     ).named("all_true_selector")
     return rasp.SelectorWidth(all_true_selector).named("length")
 </pre></div><div class="alert alert-secondary"><pre class="diff">============================= test session starts ==============================
platform linux -- Python 3.10.12, pytest-8.3.4, pluggy-1.5.0
rootdir: /home/andre-silva/RASPing
configfile: pyproject.toml
plugins: anyio-4.8.0
collected 3 items

tests/test_reverse.py ssAccuracy:  0.0
F

=================================== FAILURES ===================================
____________________________ TestReverse.test_model ____________________________

self = &lt;tests.test_reverse.TestReverse object at 0x7f55199fba60&gt;

    def test_model(self):
&gt;       self.test()

tests/test_reverse.py:23: 
_ _ _ _ _ _ _ _ _ _ _ _ _ _ _ _ _ _ _ _ _ _ _ _ _ _ _ _ _ _ _ _ _ _ _ _ _ _ _ _ 

self = &lt;tests.test_reverse.TestReverse object at 0x7f55199fba60&gt;

    @pytest.mark.skip(reason="This is not a test")
    def test(self):
        try:
            model = Model(self.model, self.inputs, self.maxLength, self.name)
        except Exception as e:
            # Survive if the model is not compilable (we want to kill the buggy ones)
            print(str(e))
            # Print message for post-processing
            print("UNCOMPILABLE MODEL")
            return
    
        accuracy = model.evaluateModel(
            self.testing_data, doPrint=False, outputArray=False, useAssert=False
        )
        # Print the accuracy for post-processing
        print("Accuracy: ", accuracy)
&gt;       assert accuracy == 1.0
E       AssertionError

tests/test.py:47: AssertionError
=============================== warnings summary ===============================
../../.venv/lib/python3.10/site-packages/dockerpycreds/utils.py:1
  /home/andre-silva/RASPing/.venv/lib/python3.10/site-packages/dockerpycreds/utils.py:1: DeprecationWarning: The distutils package is deprecated and slated for removal in Python 3.12. Use setuptools or check PEP 632 for potential alternatives
    import distutils.spawn

-- Docs: https://docs.pytest.org/en/stable/how-to/capture-warnings.html
=========================== short test summary info ============================
FAILED tests/test_reverse.py::TestReverse::test_model - AssertionError
=================== 1 failed, 2 skipped, 1 warning in 21.97s ===================
</pre></div></div></div></div></div><div class="mb-1" id="job_list___sub_accordion_27"><div class="card"><a data-toggle="collapse" data-target="#job_list___sub_collapse_27_1" aria-expanded="false" aria-controls="job_list___sub_collapse_27_1" href="#" class="job_list___sub_multi_heading"><div role="alert" class="card-header alert-success" id="job_list___sub_heading_27_1"><button class="btn btn-outline-success"><span class="job_id">27 : Job ID d9de178bacb54987b5df51b137344c31</span></button></div></a><div aria-labelledby="job_list___sub_heading_27_1" data-parent="#job_list___sub_accordion_27" class="collapse job_list___sub_multi_collapse" id="job_list___sub_collapse_27_1"><div class="card-body"><div class="work-item"><div class="alert alert-success test-outcome" role="alert"><p>worker outcome: normal</p><p>test outcome: killed</p></div></div><pre class="location"><a href="pycharm://open?file=source/reverse.py&amp;line=17" class="text-secondary"><button class="btn btn-outline-dark">source/reverse.py, start pos: (17, 34), end pos: (17, 54)</button></a></pre><pre>operator: operators/replace-rasp-comparison, occurrence: 2</pre><div class="alert alert-secondary"><pre class="diff">--- mutation diff ---
--- asource/reverse.py
+++ bsource/reverse.py
@@ -14,7 +14,7 @@
         is the length of that sequence.
     """
     all_true_selector = rasp.Select(
-        rasp.tokens, rasp.tokens, rasp.Comparison.TRUE
+        rasp.tokens, rasp.tokens, rasp.Comparison.LEQ
     ).named("all_true_selector")
     return rasp.SelectorWidth(all_true_selector).named("length")
 </pre></div><div class="alert alert-secondary"><pre class="diff">============================= test session starts ==============================
platform linux -- Python 3.10.12, pytest-8.3.4, pluggy-1.5.0
rootdir: /home/andre-silva/RASPing
configfile: pyproject.toml
plugins: anyio-4.8.0
collected 3 items

tests/test_reverse.py ssAccuracy:  0.0
F

=================================== FAILURES ===================================
____________________________ TestReverse.test_model ____________________________

self = &lt;tests.test_reverse.TestReverse object at 0x7f3d12febd00&gt;

    def test_model(self):
&gt;       self.test()

tests/test_reverse.py:23: 
_ _ _ _ _ _ _ _ _ _ _ _ _ _ _ _ _ _ _ _ _ _ _ _ _ _ _ _ _ _ _ _ _ _ _ _ _ _ _ _ 

self = &lt;tests.test_reverse.TestReverse object at 0x7f3d12febd00&gt;

    @pytest.mark.skip(reason="This is not a test")
    def test(self):
        try:
            model = Model(self.model, self.inputs, self.maxLength, self.name)
        except Exception as e:
            # Survive if the model is not compilable (we want to kill the buggy ones)
            print(str(e))
            # Print message for post-processing
            print("UNCOMPILABLE MODEL")
            return
    
        accuracy = model.evaluateModel(
            self.testing_data, doPrint=False, outputArray=False, useAssert=False
        )
        # Print the accuracy for post-processing
        print("Accuracy: ", accuracy)
&gt;       assert accuracy == 1.0
E       AssertionError

tests/test.py:47: AssertionError
=============================== warnings summary ===============================
../../.venv/lib/python3.10/site-packages/dockerpycreds/utils.py:1
  /home/andre-silva/RASPing/.venv/lib/python3.10/site-packages/dockerpycreds/utils.py:1: DeprecationWarning: The distutils package is deprecated and slated for removal in Python 3.12. Use setuptools or check PEP 632 for potential alternatives
    import distutils.spawn

-- Docs: https://docs.pytest.org/en/stable/how-to/capture-warnings.html
=========================== short test summary info ============================
FAILED tests/test_reverse.py::TestReverse::test_model - AssertionError
=================== 1 failed, 2 skipped, 1 warning in 21.79s ===================
</pre></div></div></div></div></div><div class="mb-1" id="job_list___sub_accordion_28"><div class="card"><a data-toggle="collapse" data-target="#job_list___sub_collapse_28_1" aria-expanded="false" aria-controls="job_list___sub_collapse_28_1" href="#" class="job_list___sub_multi_heading"><div role="alert" class="card-header alert-success" id="job_list___sub_heading_28_1"><button class="btn btn-outline-success"><span class="job_id">28 : Job ID c64a951e956c46a58099021dc202a146</span></button></div></a><div aria-labelledby="job_list___sub_heading_28_1" data-parent="#job_list___sub_accordion_28" class="collapse job_list___sub_multi_collapse" id="job_list___sub_collapse_28_1"><div class="card-body"><div class="work-item"><div class="alert alert-success test-outcome" role="alert"><p>worker outcome: normal</p><p>test outcome: killed</p></div></div><pre class="location"><a href="pycharm://open?file=source/reverse.py&amp;line=17" class="text-secondary"><button class="btn btn-outline-dark">source/reverse.py, start pos: (17, 34), end pos: (17, 54)</button></a></pre><pre>operator: operators/replace-rasp-comparison, occurrence: 3</pre><div class="alert alert-secondary"><pre class="diff">--- mutation diff ---
--- asource/reverse.py
+++ bsource/reverse.py
@@ -14,7 +14,7 @@
         is the length of that sequence.
     """
     all_true_selector = rasp.Select(
-        rasp.tokens, rasp.tokens, rasp.Comparison.TRUE
+        rasp.tokens, rasp.tokens, rasp.Comparison.GT
     ).named("all_true_selector")
     return rasp.SelectorWidth(all_true_selector).named("length")
 </pre></div><div class="alert alert-secondary"><pre class="diff">============================= test session starts ==============================
platform linux -- Python 3.10.12, pytest-8.3.4, pluggy-1.5.0
rootdir: /home/andre-silva/RASPing
configfile: pyproject.toml
plugins: anyio-4.8.0
collected 3 items

tests/test_reverse.py ssAccuracy:  0.0
F

=================================== FAILURES ===================================
____________________________ TestReverse.test_model ____________________________

self = &lt;tests.test_reverse.TestReverse object at 0x7f63f5137ca0&gt;

    def test_model(self):
&gt;       self.test()

tests/test_reverse.py:23: 
_ _ _ _ _ _ _ _ _ _ _ _ _ _ _ _ _ _ _ _ _ _ _ _ _ _ _ _ _ _ _ _ _ _ _ _ _ _ _ _ 

self = &lt;tests.test_reverse.TestReverse object at 0x7f63f5137ca0&gt;

    @pytest.mark.skip(reason="This is not a test")
    def test(self):
        try:
            model = Model(self.model, self.inputs, self.maxLength, self.name)
        except Exception as e:
            # Survive if the model is not compilable (we want to kill the buggy ones)
            print(str(e))
            # Print message for post-processing
            print("UNCOMPILABLE MODEL")
            return
    
        accuracy = model.evaluateModel(
            self.testing_data, doPrint=False, outputArray=False, useAssert=False
        )
        # Print the accuracy for post-processing
        print("Accuracy: ", accuracy)
&gt;       assert accuracy == 1.0
E       AssertionError

tests/test.py:47: AssertionError
=============================== warnings summary ===============================
../../.venv/lib/python3.10/site-packages/dockerpycreds/utils.py:1
  /home/andre-silva/RASPing/.venv/lib/python3.10/site-packages/dockerpycreds/utils.py:1: DeprecationWarning: The distutils package is deprecated and slated for removal in Python 3.12. Use setuptools or check PEP 632 for potential alternatives
    import distutils.spawn

-- Docs: https://docs.pytest.org/en/stable/how-to/capture-warnings.html
=========================== short test summary info ============================
FAILED tests/test_reverse.py::TestReverse::test_model - AssertionError
=================== 1 failed, 2 skipped, 1 warning in 22.45s ===================
</pre></div></div></div></div></div><div class="mb-1" id="job_list___sub_accordion_29"><div class="card"><a data-toggle="collapse" data-target="#job_list___sub_collapse_29_1" aria-expanded="false" aria-controls="job_list___sub_collapse_29_1" href="#" class="job_list___sub_multi_heading"><div role="alert" class="card-header alert-success" id="job_list___sub_heading_29_1"><button class="btn btn-outline-success"><span class="job_id">29 : Job ID 3ba910899b084633b912db4ec2b06765</span></button></div></a><div aria-labelledby="job_list___sub_heading_29_1" data-parent="#job_list___sub_accordion_29" class="collapse job_list___sub_multi_collapse" id="job_list___sub_collapse_29_1"><div class="card-body"><div class="work-item"><div class="alert alert-success test-outcome" role="alert"><p>worker outcome: normal</p><p>test outcome: killed</p></div></div><pre class="location"><a href="pycharm://open?file=source/reverse.py&amp;line=17" class="text-secondary"><button class="btn btn-outline-dark">source/reverse.py, start pos: (17, 34), end pos: (17, 54)</button></a></pre><pre>operator: operators/replace-rasp-comparison, occurrence: 4</pre><div class="alert alert-secondary"><pre class="diff">--- mutation diff ---
--- asource/reverse.py
+++ bsource/reverse.py
@@ -14,7 +14,7 @@
         is the length of that sequence.
     """
     all_true_selector = rasp.Select(
-        rasp.tokens, rasp.tokens, rasp.Comparison.TRUE
+        rasp.tokens, rasp.tokens, rasp.Comparison.GEQ
     ).named("all_true_selector")
     return rasp.SelectorWidth(all_true_selector).named("length")
 </pre></div><div class="alert alert-secondary"><pre class="diff">============================= test session starts ==============================
platform linux -- Python 3.10.12, pytest-8.3.4, pluggy-1.5.0
rootdir: /home/andre-silva/RASPing
configfile: pyproject.toml
plugins: anyio-4.8.0
collected 3 items

tests/test_reverse.py ssAccuracy:  0.0
F

=================================== FAILURES ===================================
____________________________ TestReverse.test_model ____________________________

self = &lt;tests.test_reverse.TestReverse object at 0x7f0f0d21fc70&gt;

    def test_model(self):
&gt;       self.test()

tests/test_reverse.py:23: 
_ _ _ _ _ _ _ _ _ _ _ _ _ _ _ _ _ _ _ _ _ _ _ _ _ _ _ _ _ _ _ _ _ _ _ _ _ _ _ _ 

self = &lt;tests.test_reverse.TestReverse object at 0x7f0f0d21fc70&gt;

    @pytest.mark.skip(reason="This is not a test")
    def test(self):
        try:
            model = Model(self.model, self.inputs, self.maxLength, self.name)
        except Exception as e:
            # Survive if the model is not compilable (we want to kill the buggy ones)
            print(str(e))
            # Print message for post-processing
            print("UNCOMPILABLE MODEL")
            return
    
        accuracy = model.evaluateModel(
            self.testing_data, doPrint=False, outputArray=False, useAssert=False
        )
        # Print the accuracy for post-processing
        print("Accuracy: ", accuracy)
&gt;       assert accuracy == 1.0
E       AssertionError

tests/test.py:47: AssertionError
=============================== warnings summary ===============================
../../.venv/lib/python3.10/site-packages/dockerpycreds/utils.py:1
  /home/andre-silva/RASPing/.venv/lib/python3.10/site-packages/dockerpycreds/utils.py:1: DeprecationWarning: The distutils package is deprecated and slated for removal in Python 3.12. Use setuptools or check PEP 632 for potential alternatives
    import distutils.spawn

-- Docs: https://docs.pytest.org/en/stable/how-to/capture-warnings.html
=========================== short test summary info ============================
FAILED tests/test_reverse.py::TestReverse::test_model - AssertionError
=================== 1 failed, 2 skipped, 1 warning in 21.42s ===================
</pre></div></div></div></div></div><div class="mb-1" id="job_list___sub_accordion_30"><div class="card"><a data-toggle="collapse" data-target="#job_list___sub_collapse_30_1" aria-expanded="false" aria-controls="job_list___sub_collapse_30_1" href="#" class="job_list___sub_multi_heading"><div role="alert" class="card-header alert-success" id="job_list___sub_heading_30_1"><button class="btn btn-outline-success"><span class="job_id">30 : Job ID e30a869fa4af46bab3d2f87586c9e262</span></button></div></a><div aria-labelledby="job_list___sub_heading_30_1" data-parent="#job_list___sub_accordion_30" class="collapse job_list___sub_multi_collapse" id="job_list___sub_collapse_30_1"><div class="card-body"><div class="work-item"><div class="alert alert-success test-outcome" role="alert"><p>worker outcome: normal</p><p>test outcome: killed</p></div></div><pre class="location"><a href="pycharm://open?file=source/reverse.py&amp;line=17" class="text-secondary"><button class="btn btn-outline-dark">source/reverse.py, start pos: (17, 34), end pos: (17, 54)</button></a></pre><pre>operator: operators/replace-rasp-comparison, occurrence: 5</pre><div class="alert alert-secondary"><pre class="diff">--- mutation diff ---
--- asource/reverse.py
+++ bsource/reverse.py
@@ -14,7 +14,7 @@
         is the length of that sequence.
     """
     all_true_selector = rasp.Select(
-        rasp.tokens, rasp.tokens, rasp.Comparison.TRUE
+        rasp.tokens, rasp.tokens, rasp.Comparison.NEQ
     ).named("all_true_selector")
     return rasp.SelectorWidth(all_true_selector).named("length")
 </pre></div><div class="alert alert-secondary"><pre class="diff">============================= test session starts ==============================
platform linux -- Python 3.10.12, pytest-8.3.4, pluggy-1.5.0
rootdir: /home/andre-silva/RASPing
configfile: pyproject.toml
plugins: anyio-4.8.0
collected 3 items

tests/test_reverse.py ssAccuracy:  0.0
F

=================================== FAILURES ===================================
____________________________ TestReverse.test_model ____________________________

self = &lt;tests.test_reverse.TestReverse object at 0x7f7097c37c10&gt;

    def test_model(self):
&gt;       self.test()

tests/test_reverse.py:23: 
_ _ _ _ _ _ _ _ _ _ _ _ _ _ _ _ _ _ _ _ _ _ _ _ _ _ _ _ _ _ _ _ _ _ _ _ _ _ _ _ 

self = &lt;tests.test_reverse.TestReverse object at 0x7f7097c37c10&gt;

    @pytest.mark.skip(reason="This is not a test")
    def test(self):
        try:
            model = Model(self.model, self.inputs, self.maxLength, self.name)
        except Exception as e:
            # Survive if the model is not compilable (we want to kill the buggy ones)
            print(str(e))
            # Print message for post-processing
            print("UNCOMPILABLE MODEL")
            return
    
        accuracy = model.evaluateModel(
            self.testing_data, doPrint=False, outputArray=False, useAssert=False
        )
        # Print the accuracy for post-processing
        print("Accuracy: ", accuracy)
&gt;       assert accuracy == 1.0
E       AssertionError

tests/test.py:47: AssertionError
=============================== warnings summary ===============================
../../.venv/lib/python3.10/site-packages/dockerpycreds/utils.py:1
  /home/andre-silva/RASPing/.venv/lib/python3.10/site-packages/dockerpycreds/utils.py:1: DeprecationWarning: The distutils package is deprecated and slated for removal in Python 3.12. Use setuptools or check PEP 632 for potential alternatives
    import distutils.spawn

-- Docs: https://docs.pytest.org/en/stable/how-to/capture-warnings.html
=========================== short test summary info ============================
FAILED tests/test_reverse.py::TestReverse::test_model - AssertionError
=================== 1 failed, 2 skipped, 1 warning in 20.26s ===================
</pre></div></div></div></div></div><div class="mb-1" id="job_list___sub_accordion_31"><div class="card"><a data-toggle="collapse" data-target="#job_list___sub_collapse_31_1" aria-expanded="false" aria-controls="job_list___sub_collapse_31_1" href="#" class="job_list___sub_multi_heading"><div role="alert" class="card-header alert-success" id="job_list___sub_heading_31_1"><button class="btn btn-outline-success"><span class="job_id">31 : Job ID 54ca160efa9d43e4a1592a3f9b2ac3d2</span></button></div></a><div aria-labelledby="job_list___sub_heading_31_1" data-parent="#job_list___sub_accordion_31" class="collapse job_list___sub_multi_collapse" id="job_list___sub_collapse_31_1"><div class="card-body"><div class="work-item"><div class="alert alert-success test-outcome" role="alert"><p>worker outcome: normal</p><p>test outcome: killed</p></div></div><pre class="location"><a href="pycharm://open?file=source/reverse.py&amp;line=17" class="text-secondary"><button class="btn btn-outline-dark">source/reverse.py, start pos: (17, 34), end pos: (17, 54)</button></a></pre><pre>operator: operators/replace-rasp-comparison, occurrence: 6</pre><div class="alert alert-secondary"><pre class="diff">--- mutation diff ---
--- asource/reverse.py
+++ bsource/reverse.py
@@ -14,7 +14,7 @@
         is the length of that sequence.
     """
     all_true_selector = rasp.Select(
-        rasp.tokens, rasp.tokens, rasp.Comparison.TRUE
+        rasp.tokens, rasp.tokens, rasp.Comparison.FALSE
     ).named("all_true_selector")
     return rasp.SelectorWidth(all_true_selector).named("length")
 </pre></div><div class="alert alert-secondary"><pre class="diff">============================= test session starts ==============================
platform linux -- Python 3.10.12, pytest-8.3.4, pluggy-1.5.0
rootdir: /home/andre-silva/RASPing
configfile: pyproject.toml
plugins: anyio-4.8.0
collected 3 items

tests/test_reverse.py ssAccuracy:  0.0
F

=================================== FAILURES ===================================
____________________________ TestReverse.test_model ____________________________

self = &lt;tests.test_reverse.TestReverse object at 0x7f6992b0bbb0&gt;

    def test_model(self):
&gt;       self.test()

tests/test_reverse.py:23: 
_ _ _ _ _ _ _ _ _ _ _ _ _ _ _ _ _ _ _ _ _ _ _ _ _ _ _ _ _ _ _ _ _ _ _ _ _ _ _ _ 

self = &lt;tests.test_reverse.TestReverse object at 0x7f6992b0bbb0&gt;

    @pytest.mark.skip(reason="This is not a test")
    def test(self):
        try:
            model = Model(self.model, self.inputs, self.maxLength, self.name)
        except Exception as e:
            # Survive if the model is not compilable (we want to kill the buggy ones)
            print(str(e))
            # Print message for post-processing
            print("UNCOMPILABLE MODEL")
            return
    
        accuracy = model.evaluateModel(
            self.testing_data, doPrint=False, outputArray=False, useAssert=False
        )
        # Print the accuracy for post-processing
        print("Accuracy: ", accuracy)
&gt;       assert accuracy == 1.0
E       AssertionError

tests/test.py:47: AssertionError
=============================== warnings summary ===============================
../../.venv/lib/python3.10/site-packages/dockerpycreds/utils.py:1
  /home/andre-silva/RASPing/.venv/lib/python3.10/site-packages/dockerpycreds/utils.py:1: DeprecationWarning: The distutils package is deprecated and slated for removal in Python 3.12. Use setuptools or check PEP 632 for potential alternatives
    import distutils.spawn

-- Docs: https://docs.pytest.org/en/stable/how-to/capture-warnings.html
=========================== short test summary info ============================
FAILED tests/test_reverse.py::TestReverse::test_model - AssertionError
=================== 1 failed, 2 skipped, 1 warning in 22.69s ===================
</pre></div></div></div></div></div><div class="mb-1" id="job_list___sub_accordion_32"><div class="card"><a data-toggle="collapse" data-target="#job_list___sub_collapse_32_1" aria-expanded="false" aria-controls="job_list___sub_collapse_32_1" href="#" class="job_list___sub_multi_heading"><div role="alert" class="card-header alert-success" id="job_list___sub_heading_32_1"><button class="btn btn-outline-success"><span class="job_id">32 : Job ID 89deb8bd68c54174ab84e8fe86c3b2c9</span></button></div></a><div aria-labelledby="job_list___sub_heading_32_1" data-parent="#job_list___sub_accordion_32" class="collapse job_list___sub_multi_collapse" id="job_list___sub_collapse_32_1"><div class="card-body"><div class="work-item"><div class="alert alert-success test-outcome" role="alert"><p>worker outcome: normal</p><p>test outcome: killed</p></div></div><pre class="location"><a href="pycharm://open?file=source/reverse.py&amp;line=41" class="text-secondary"><button class="btn btn-outline-dark">source/reverse.py, start pos: (41, 58), end pos: (41, 76)</button></a></pre><pre>operator: operators/replace-rasp-comparison, occurrence: 7</pre><div class="alert alert-secondary"><pre class="diff">--- mutation diff ---
--- asource/reverse.py
+++ bsource/reverse.py
@@ -38,7 +38,7 @@
     """
     opp_idx = (length - rasp.indices).named("opp_idx")
     opp_idx = (opp_idx - 1).named("opp_idx-1")
-    reverse_selector = rasp.Select(rasp.indices, opp_idx, rasp.Comparison.EQ).named(
+    reverse_selector = rasp.Select(rasp.indices, opp_idx, rasp.Comparison.LT).named(
         "reverse_selector"
     )
     return rasp.Aggregate(reverse_selector, sop).named("reverse")</pre></div><div class="alert alert-secondary"><pre class="diff">============================= test session starts ==============================
platform linux -- Python 3.10.12, pytest-8.3.4, pluggy-1.5.0
rootdir: /home/andre-silva/RASPing
configfile: pyproject.toml
plugins: anyio-4.8.0
collected 3 items

tests/test_reverse.py ssAccuracy:  0.0
F

=================================== FAILURES ===================================
____________________________ TestReverse.test_model ____________________________

self = &lt;tests.test_reverse.TestReverse object at 0x7fd14ab2fc10&gt;

    def test_model(self):
&gt;       self.test()

tests/test_reverse.py:23: 
_ _ _ _ _ _ _ _ _ _ _ _ _ _ _ _ _ _ _ _ _ _ _ _ _ _ _ _ _ _ _ _ _ _ _ _ _ _ _ _ 

self = &lt;tests.test_reverse.TestReverse object at 0x7fd14ab2fc10&gt;

    @pytest.mark.skip(reason="This is not a test")
    def test(self):
        try:
            model = Model(self.model, self.inputs, self.maxLength, self.name)
        except Exception as e:
            # Survive if the model is not compilable (we want to kill the buggy ones)
            print(str(e))
            # Print message for post-processing
            print("UNCOMPILABLE MODEL")
            return
    
        accuracy = model.evaluateModel(
            self.testing_data, doPrint=False, outputArray=False, useAssert=False
        )
        # Print the accuracy for post-processing
        print("Accuracy: ", accuracy)
&gt;       assert accuracy == 1.0
E       AssertionError

tests/test.py:47: AssertionError
=============================== warnings summary ===============================
../../.venv/lib/python3.10/site-packages/dockerpycreds/utils.py:1
  /home/andre-silva/RASPing/.venv/lib/python3.10/site-packages/dockerpycreds/utils.py:1: DeprecationWarning: The distutils package is deprecated and slated for removal in Python 3.12. Use setuptools or check PEP 632 for potential alternatives
    import distutils.spawn

-- Docs: https://docs.pytest.org/en/stable/how-to/capture-warnings.html
=========================== short test summary info ============================
FAILED tests/test_reverse.py::TestReverse::test_model - AssertionError
=================== 1 failed, 2 skipped, 1 warning in 22.93s ===================
</pre></div></div></div></div></div><div class="mb-1" id="job_list___sub_accordion_33"><div class="card"><a data-toggle="collapse" data-target="#job_list___sub_collapse_33_1" aria-expanded="false" aria-controls="job_list___sub_collapse_33_1" href="#" class="job_list___sub_multi_heading"><div role="alert" class="card-header alert-success" id="job_list___sub_heading_33_1"><button class="btn btn-outline-success"><span class="job_id">33 : Job ID ee02bc28782d406bb65867ed10112b96</span></button></div></a><div aria-labelledby="job_list___sub_heading_33_1" data-parent="#job_list___sub_accordion_33" class="collapse job_list___sub_multi_collapse" id="job_list___sub_collapse_33_1"><div class="card-body"><div class="work-item"><div class="alert alert-success test-outcome" role="alert"><p>worker outcome: normal</p><p>test outcome: killed</p></div></div><pre class="location"><a href="pycharm://open?file=source/reverse.py&amp;line=41" class="text-secondary"><button class="btn btn-outline-dark">source/reverse.py, start pos: (41, 58), end pos: (41, 76)</button></a></pre><pre>operator: operators/replace-rasp-comparison, occurrence: 8</pre><div class="alert alert-secondary"><pre class="diff">--- mutation diff ---
--- asource/reverse.py
+++ bsource/reverse.py
@@ -38,7 +38,7 @@
     """
     opp_idx = (length - rasp.indices).named("opp_idx")
     opp_idx = (opp_idx - 1).named("opp_idx-1")
-    reverse_selector = rasp.Select(rasp.indices, opp_idx, rasp.Comparison.EQ).named(
+    reverse_selector = rasp.Select(rasp.indices, opp_idx, rasp.Comparison.LT).named(
         "reverse_selector"
     )
     return rasp.Aggregate(reverse_selector, sop).named("reverse")</pre></div><div class="alert alert-secondary"><pre class="diff">============================= test session starts ==============================
platform linux -- Python 3.10.12, pytest-8.3.4, pluggy-1.5.0
rootdir: /home/andre-silva/RASPing
configfile: pyproject.toml
plugins: anyio-4.8.0
collected 3 items

tests/test_reverse.py ssAccuracy:  0.0
F

=================================== FAILURES ===================================
____________________________ TestReverse.test_model ____________________________

self = &lt;tests.test_reverse.TestReverse object at 0x7fe61620fbe0&gt;

    def test_model(self):
&gt;       self.test()

tests/test_reverse.py:23: 
_ _ _ _ _ _ _ _ _ _ _ _ _ _ _ _ _ _ _ _ _ _ _ _ _ _ _ _ _ _ _ _ _ _ _ _ _ _ _ _ 

self = &lt;tests.test_reverse.TestReverse object at 0x7fe61620fbe0&gt;

    @pytest.mark.skip(reason="This is not a test")
    def test(self):
        try:
            model = Model(self.model, self.inputs, self.maxLength, self.name)
        except Exception as e:
            # Survive if the model is not compilable (we want to kill the buggy ones)
            print(str(e))
            # Print message for post-processing
            print("UNCOMPILABLE MODEL")
            return
    
        accuracy = model.evaluateModel(
            self.testing_data, doPrint=False, outputArray=False, useAssert=False
        )
        # Print the accuracy for post-processing
        print("Accuracy: ", accuracy)
&gt;       assert accuracy == 1.0
E       AssertionError

tests/test.py:47: AssertionError
=============================== warnings summary ===============================
../../.venv/lib/python3.10/site-packages/dockerpycreds/utils.py:1
  /home/andre-silva/RASPing/.venv/lib/python3.10/site-packages/dockerpycreds/utils.py:1: DeprecationWarning: The distutils package is deprecated and slated for removal in Python 3.12. Use setuptools or check PEP 632 for potential alternatives
    import distutils.spawn

-- Docs: https://docs.pytest.org/en/stable/how-to/capture-warnings.html
=========================== short test summary info ============================
FAILED tests/test_reverse.py::TestReverse::test_model - AssertionError
=================== 1 failed, 2 skipped, 1 warning in 22.85s ===================
</pre></div></div></div></div></div><div class="mb-1" id="job_list___sub_accordion_34"><div class="card"><a data-toggle="collapse" data-target="#job_list___sub_collapse_34_1" aria-expanded="false" aria-controls="job_list___sub_collapse_34_1" href="#" class="job_list___sub_multi_heading"><div role="alert" class="card-header alert-success" id="job_list___sub_heading_34_1"><button class="btn btn-outline-success"><span class="job_id">34 : Job ID 39045b39a0bb41d9b0a1e47cb98b783e</span></button></div></a><div aria-labelledby="job_list___sub_heading_34_1" data-parent="#job_list___sub_accordion_34" class="collapse job_list___sub_multi_collapse" id="job_list___sub_collapse_34_1"><div class="card-body"><div class="work-item"><div class="alert alert-success test-outcome" role="alert"><p>worker outcome: normal</p><p>test outcome: killed</p></div></div><pre class="location"><a href="pycharm://open?file=source/reverse.py&amp;line=41" class="text-secondary"><button class="btn btn-outline-dark">source/reverse.py, start pos: (41, 58), end pos: (41, 76)</button></a></pre><pre>operator: operators/replace-rasp-comparison, occurrence: 9</pre><div class="alert alert-secondary"><pre class="diff">--- mutation diff ---
--- asource/reverse.py
+++ bsource/reverse.py
@@ -38,7 +38,7 @@
     """
     opp_idx = (length - rasp.indices).named("opp_idx")
     opp_idx = (opp_idx - 1).named("opp_idx-1")
-    reverse_selector = rasp.Select(rasp.indices, opp_idx, rasp.Comparison.EQ).named(
+    reverse_selector = rasp.Select(rasp.indices, opp_idx, rasp.Comparison.LEQ).named(
         "reverse_selector"
     )
     return rasp.Aggregate(reverse_selector, sop).named("reverse")</pre></div><div class="alert alert-secondary"><pre class="diff">============================= test session starts ==============================
platform linux -- Python 3.10.12, pytest-8.3.4, pluggy-1.5.0
rootdir: /home/andre-silva/RASPing
configfile: pyproject.toml
plugins: anyio-4.8.0
collected 3 items

tests/test_reverse.py ssAccuracy:  0.0
F

=================================== FAILURES ===================================
____________________________ TestReverse.test_model ____________________________

self = &lt;tests.test_reverse.TestReverse object at 0x7f234f347c10&gt;

    def test_model(self):
&gt;       self.test()

tests/test_reverse.py:23: 
_ _ _ _ _ _ _ _ _ _ _ _ _ _ _ _ _ _ _ _ _ _ _ _ _ _ _ _ _ _ _ _ _ _ _ _ _ _ _ _ 

self = &lt;tests.test_reverse.TestReverse object at 0x7f234f347c10&gt;

    @pytest.mark.skip(reason="This is not a test")
    def test(self):
        try:
            model = Model(self.model, self.inputs, self.maxLength, self.name)
        except Exception as e:
            # Survive if the model is not compilable (we want to kill the buggy ones)
            print(str(e))
            # Print message for post-processing
            print("UNCOMPILABLE MODEL")
            return
    
        accuracy = model.evaluateModel(
            self.testing_data, doPrint=False, outputArray=False, useAssert=False
        )
        # Print the accuracy for post-processing
        print("Accuracy: ", accuracy)
&gt;       assert accuracy == 1.0
E       AssertionError

tests/test.py:47: AssertionError
=============================== warnings summary ===============================
../../.venv/lib/python3.10/site-packages/dockerpycreds/utils.py:1
  /home/andre-silva/RASPing/.venv/lib/python3.10/site-packages/dockerpycreds/utils.py:1: DeprecationWarning: The distutils package is deprecated and slated for removal in Python 3.12. Use setuptools or check PEP 632 for potential alternatives
    import distutils.spawn

-- Docs: https://docs.pytest.org/en/stable/how-to/capture-warnings.html
=========================== short test summary info ============================
FAILED tests/test_reverse.py::TestReverse::test_model - AssertionError
=================== 1 failed, 2 skipped, 1 warning in 22.68s ===================
</pre></div></div></div></div></div><div class="mb-1" id="job_list___sub_accordion_35"><div class="card"><a data-toggle="collapse" data-target="#job_list___sub_collapse_35_1" aria-expanded="false" aria-controls="job_list___sub_collapse_35_1" href="#" class="job_list___sub_multi_heading"><div role="alert" class="card-header alert-success" id="job_list___sub_heading_35_1"><button class="btn btn-outline-success"><span class="job_id">35 : Job ID de8b281ea8bc4bd3bb7d0027834724a8</span></button></div></a><div aria-labelledby="job_list___sub_heading_35_1" data-parent="#job_list___sub_accordion_35" class="collapse job_list___sub_multi_collapse" id="job_list___sub_collapse_35_1"><div class="card-body"><div class="work-item"><div class="alert alert-success test-outcome" role="alert"><p>worker outcome: normal</p><p>test outcome: killed</p></div></div><pre class="location"><a href="pycharm://open?file=source/reverse.py&amp;line=41" class="text-secondary"><button class="btn btn-outline-dark">source/reverse.py, start pos: (41, 58), end pos: (41, 76)</button></a></pre><pre>operator: operators/replace-rasp-comparison, occurrence: 10</pre><div class="alert alert-secondary"><pre class="diff">--- mutation diff ---
--- asource/reverse.py
+++ bsource/reverse.py
@@ -38,7 +38,7 @@
     """
     opp_idx = (length - rasp.indices).named("opp_idx")
     opp_idx = (opp_idx - 1).named("opp_idx-1")
-    reverse_selector = rasp.Select(rasp.indices, opp_idx, rasp.Comparison.EQ).named(
+    reverse_selector = rasp.Select(rasp.indices, opp_idx, rasp.Comparison.GT).named(
         "reverse_selector"
     )
     return rasp.Aggregate(reverse_selector, sop).named("reverse")</pre></div><div class="alert alert-secondary"><pre class="diff">============================= test session starts ==============================
platform linux -- Python 3.10.12, pytest-8.3.4, pluggy-1.5.0
rootdir: /home/andre-silva/RASPing
configfile: pyproject.toml
plugins: anyio-4.8.0
collected 3 items

tests/test_reverse.py ssAccuracy:  0.0
F

=================================== FAILURES ===================================
____________________________ TestReverse.test_model ____________________________

self = &lt;tests.test_reverse.TestReverse object at 0x7f5cddb3bc40&gt;

    def test_model(self):
&gt;       self.test()

tests/test_reverse.py:23: 
_ _ _ _ _ _ _ _ _ _ _ _ _ _ _ _ _ _ _ _ _ _ _ _ _ _ _ _ _ _ _ _ _ _ _ _ _ _ _ _ 

self = &lt;tests.test_reverse.TestReverse object at 0x7f5cddb3bc40&gt;

    @pytest.mark.skip(reason="This is not a test")
    def test(self):
        try:
            model = Model(self.model, self.inputs, self.maxLength, self.name)
        except Exception as e:
            # Survive if the model is not compilable (we want to kill the buggy ones)
            print(str(e))
            # Print message for post-processing
            print("UNCOMPILABLE MODEL")
            return
    
        accuracy = model.evaluateModel(
            self.testing_data, doPrint=False, outputArray=False, useAssert=False
        )
        # Print the accuracy for post-processing
        print("Accuracy: ", accuracy)
&gt;       assert accuracy == 1.0
E       AssertionError

tests/test.py:47: AssertionError
=============================== warnings summary ===============================
../../.venv/lib/python3.10/site-packages/dockerpycreds/utils.py:1
  /home/andre-silva/RASPing/.venv/lib/python3.10/site-packages/dockerpycreds/utils.py:1: DeprecationWarning: The distutils package is deprecated and slated for removal in Python 3.12. Use setuptools or check PEP 632 for potential alternatives
    import distutils.spawn

-- Docs: https://docs.pytest.org/en/stable/how-to/capture-warnings.html
=========================== short test summary info ============================
FAILED tests/test_reverse.py::TestReverse::test_model - AssertionError
=================== 1 failed, 2 skipped, 1 warning in 22.35s ===================
</pre></div></div></div></div></div><div class="mb-1" id="job_list___sub_accordion_36"><div class="card"><a data-toggle="collapse" data-target="#job_list___sub_collapse_36_1" aria-expanded="false" aria-controls="job_list___sub_collapse_36_1" href="#" class="job_list___sub_multi_heading"><div role="alert" class="card-header alert-success" id="job_list___sub_heading_36_1"><button class="btn btn-outline-success"><span class="job_id">36 : Job ID fba0dc7d2af042c183020251184f3297</span></button></div></a><div aria-labelledby="job_list___sub_heading_36_1" data-parent="#job_list___sub_accordion_36" class="collapse job_list___sub_multi_collapse" id="job_list___sub_collapse_36_1"><div class="card-body"><div class="work-item"><div class="alert alert-success test-outcome" role="alert"><p>worker outcome: normal</p><p>test outcome: killed</p></div></div><pre class="location"><a href="pycharm://open?file=source/reverse.py&amp;line=41" class="text-secondary"><button class="btn btn-outline-dark">source/reverse.py, start pos: (41, 58), end pos: (41, 76)</button></a></pre><pre>operator: operators/replace-rasp-comparison, occurrence: 11</pre><div class="alert alert-secondary"><pre class="diff">--- mutation diff ---
--- asource/reverse.py
+++ bsource/reverse.py
@@ -38,7 +38,7 @@
     """
     opp_idx = (length - rasp.indices).named("opp_idx")
     opp_idx = (opp_idx - 1).named("opp_idx-1")
-    reverse_selector = rasp.Select(rasp.indices, opp_idx, rasp.Comparison.EQ).named(
+    reverse_selector = rasp.Select(rasp.indices, opp_idx, rasp.Comparison.GEQ).named(
         "reverse_selector"
     )
     return rasp.Aggregate(reverse_selector, sop).named("reverse")</pre></div><div class="alert alert-secondary"><pre class="diff">============================= test session starts ==============================
platform linux -- Python 3.10.12, pytest-8.3.4, pluggy-1.5.0
rootdir: /home/andre-silva/RASPing
configfile: pyproject.toml
plugins: anyio-4.8.0
collected 3 items

tests/test_reverse.py ssAccuracy:  0.0
F

=================================== FAILURES ===================================
____________________________ TestReverse.test_model ____________________________

self = &lt;tests.test_reverse.TestReverse object at 0x7f9de872baf0&gt;

    def test_model(self):
&gt;       self.test()

tests/test_reverse.py:23: 
_ _ _ _ _ _ _ _ _ _ _ _ _ _ _ _ _ _ _ _ _ _ _ _ _ _ _ _ _ _ _ _ _ _ _ _ _ _ _ _ 

self = &lt;tests.test_reverse.TestReverse object at 0x7f9de872baf0&gt;

    @pytest.mark.skip(reason="This is not a test")
    def test(self):
        try:
            model = Model(self.model, self.inputs, self.maxLength, self.name)
        except Exception as e:
            # Survive if the model is not compilable (we want to kill the buggy ones)
            print(str(e))
            # Print message for post-processing
            print("UNCOMPILABLE MODEL")
            return
    
        accuracy = model.evaluateModel(
            self.testing_data, doPrint=False, outputArray=False, useAssert=False
        )
        # Print the accuracy for post-processing
        print("Accuracy: ", accuracy)
&gt;       assert accuracy == 1.0
E       AssertionError

tests/test.py:47: AssertionError
=============================== warnings summary ===============================
../../.venv/lib/python3.10/site-packages/dockerpycreds/utils.py:1
  /home/andre-silva/RASPing/.venv/lib/python3.10/site-packages/dockerpycreds/utils.py:1: DeprecationWarning: The distutils package is deprecated and slated for removal in Python 3.12. Use setuptools or check PEP 632 for potential alternatives
    import distutils.spawn

-- Docs: https://docs.pytest.org/en/stable/how-to/capture-warnings.html
=========================== short test summary info ============================
FAILED tests/test_reverse.py::TestReverse::test_model - AssertionError
=================== 1 failed, 2 skipped, 1 warning in 19.75s ===================
</pre></div></div></div></div></div><div class="mb-1" id="job_list___sub_accordion_37"><div class="card"><a data-toggle="collapse" data-target="#job_list___sub_collapse_37_1" aria-expanded="false" aria-controls="job_list___sub_collapse_37_1" href="#" class="job_list___sub_multi_heading"><div role="alert" class="card-header alert-success" id="job_list___sub_heading_37_1"><button class="btn btn-outline-success"><span class="job_id">37 : Job ID f1c6c83a5400444b8cf0c7db0a96b497</span></button></div></a><div aria-labelledby="job_list___sub_heading_37_1" data-parent="#job_list___sub_accordion_37" class="collapse job_list___sub_multi_collapse" id="job_list___sub_collapse_37_1"><div class="card-body"><div class="work-item"><div class="alert alert-success test-outcome" role="alert"><p>worker outcome: normal</p><p>test outcome: killed</p></div></div><pre class="location"><a href="pycharm://open?file=source/reverse.py&amp;line=41" class="text-secondary"><button class="btn btn-outline-dark">source/reverse.py, start pos: (41, 58), end pos: (41, 76)</button></a></pre><pre>operator: operators/replace-rasp-comparison, occurrence: 12</pre><div class="alert alert-secondary"><pre class="diff">--- mutation diff ---
--- asource/reverse.py
+++ bsource/reverse.py
@@ -38,7 +38,7 @@
     """
     opp_idx = (length - rasp.indices).named("opp_idx")
     opp_idx = (opp_idx - 1).named("opp_idx-1")
-    reverse_selector = rasp.Select(rasp.indices, opp_idx, rasp.Comparison.EQ).named(
+    reverse_selector = rasp.Select(rasp.indices, opp_idx, rasp.Comparison.NEQ).named(
         "reverse_selector"
     )
     return rasp.Aggregate(reverse_selector, sop).named("reverse")</pre></div><div class="alert alert-secondary"><pre class="diff">============================= test session starts ==============================
platform linux -- Python 3.10.12, pytest-8.3.4, pluggy-1.5.0
rootdir: /home/andre-silva/RASPing
configfile: pyproject.toml
plugins: anyio-4.8.0
collected 3 items

tests/test_reverse.py ssAccuracy:  0.0
F

=================================== FAILURES ===================================
____________________________ TestReverse.test_model ____________________________

self = &lt;tests.test_reverse.TestReverse object at 0x7f118e3dfd30&gt;

    def test_model(self):
&gt;       self.test()

tests/test_reverse.py:23: 
_ _ _ _ _ _ _ _ _ _ _ _ _ _ _ _ _ _ _ _ _ _ _ _ _ _ _ _ _ _ _ _ _ _ _ _ _ _ _ _ 

self = &lt;tests.test_reverse.TestReverse object at 0x7f118e3dfd30&gt;

    @pytest.mark.skip(reason="This is not a test")
    def test(self):
        try:
            model = Model(self.model, self.inputs, self.maxLength, self.name)
        except Exception as e:
            # Survive if the model is not compilable (we want to kill the buggy ones)
            print(str(e))
            # Print message for post-processing
            print("UNCOMPILABLE MODEL")
            return
    
        accuracy = model.evaluateModel(
            self.testing_data, doPrint=False, outputArray=False, useAssert=False
        )
        # Print the accuracy for post-processing
        print("Accuracy: ", accuracy)
&gt;       assert accuracy == 1.0
E       AssertionError

tests/test.py:47: AssertionError
=============================== warnings summary ===============================
../../.venv/lib/python3.10/site-packages/dockerpycreds/utils.py:1
  /home/andre-silva/RASPing/.venv/lib/python3.10/site-packages/dockerpycreds/utils.py:1: DeprecationWarning: The distutils package is deprecated and slated for removal in Python 3.12. Use setuptools or check PEP 632 for potential alternatives
    import distutils.spawn

-- Docs: https://docs.pytest.org/en/stable/how-to/capture-warnings.html
=========================== short test summary info ============================
FAILED tests/test_reverse.py::TestReverse::test_model - AssertionError
=================== 1 failed, 2 skipped, 1 warning in 23.48s ===================
</pre></div></div></div></div></div><div class="mb-1" id="job_list___sub_accordion_38"><div class="card"><a data-toggle="collapse" data-target="#job_list___sub_collapse_38_1" aria-expanded="false" aria-controls="job_list___sub_collapse_38_1" href="#" class="job_list___sub_multi_heading"><div role="alert" class="card-header alert-success" id="job_list___sub_heading_38_1"><button class="btn btn-outline-success"><span class="job_id">38 : Job ID b47a9ea4434845699a80acdb2b05b1b7</span></button></div></a><div aria-labelledby="job_list___sub_heading_38_1" data-parent="#job_list___sub_accordion_38" class="collapse job_list___sub_multi_collapse" id="job_list___sub_collapse_38_1"><div class="card-body"><div class="work-item"><div class="alert alert-success test-outcome" role="alert"><p>worker outcome: normal</p><p>test outcome: killed</p></div></div><pre class="location"><a href="pycharm://open?file=source/reverse.py&amp;line=41" class="text-secondary"><button class="btn btn-outline-dark">source/reverse.py, start pos: (41, 58), end pos: (41, 76)</button></a></pre><pre>operator: operators/replace-rasp-comparison, occurrence: 13</pre><div class="alert alert-secondary"><pre class="diff">--- mutation diff ---
--- asource/reverse.py
+++ bsource/reverse.py
@@ -38,7 +38,7 @@
     """
     opp_idx = (length - rasp.indices).named("opp_idx")
     opp_idx = (opp_idx - 1).named("opp_idx-1")
-    reverse_selector = rasp.Select(rasp.indices, opp_idx, rasp.Comparison.EQ).named(
+    reverse_selector = rasp.Select(rasp.indices, opp_idx, rasp.Comparison.TRUE).named(
         "reverse_selector"
     )
     return rasp.Aggregate(reverse_selector, sop).named("reverse")</pre></div><div class="alert alert-secondary"><pre class="diff">============================= test session starts ==============================
platform linux -- Python 3.10.12, pytest-8.3.4, pluggy-1.5.0
rootdir: /home/andre-silva/RASPing
configfile: pyproject.toml
plugins: anyio-4.8.0
collected 3 items

tests/test_reverse.py ssAccuracy:  0.0
F

=================================== FAILURES ===================================
____________________________ TestReverse.test_model ____________________________

self = &lt;tests.test_reverse.TestReverse object at 0x7fd0b42efc40&gt;

    def test_model(self):
&gt;       self.test()

tests/test_reverse.py:23: 
_ _ _ _ _ _ _ _ _ _ _ _ _ _ _ _ _ _ _ _ _ _ _ _ _ _ _ _ _ _ _ _ _ _ _ _ _ _ _ _ 

self = &lt;tests.test_reverse.TestReverse object at 0x7fd0b42efc40&gt;

    @pytest.mark.skip(reason="This is not a test")
    def test(self):
        try:
            model = Model(self.model, self.inputs, self.maxLength, self.name)
        except Exception as e:
            # Survive if the model is not compilable (we want to kill the buggy ones)
            print(str(e))
            # Print message for post-processing
            print("UNCOMPILABLE MODEL")
            return
    
        accuracy = model.evaluateModel(
            self.testing_data, doPrint=False, outputArray=False, useAssert=False
        )
        # Print the accuracy for post-processing
        print("Accuracy: ", accuracy)
&gt;       assert accuracy == 1.0
E       AssertionError

tests/test.py:47: AssertionError
=============================== warnings summary ===============================
../../.venv/lib/python3.10/site-packages/dockerpycreds/utils.py:1
  /home/andre-silva/RASPing/.venv/lib/python3.10/site-packages/dockerpycreds/utils.py:1: DeprecationWarning: The distutils package is deprecated and slated for removal in Python 3.12. Use setuptools or check PEP 632 for potential alternatives
    import distutils.spawn

-- Docs: https://docs.pytest.org/en/stable/how-to/capture-warnings.html
=========================== short test summary info ============================
FAILED tests/test_reverse.py::TestReverse::test_model - AssertionError
=================== 1 failed, 2 skipped, 1 warning in 21.10s ===================
</pre></div></div></div></div></div><div class="mb-1" id="job_list___sub_accordion_39"><div class="card"><a data-toggle="collapse" data-target="#job_list___sub_collapse_39_1" aria-expanded="false" aria-controls="job_list___sub_collapse_39_1" href="#" class="job_list___sub_multi_heading"><div role="alert" class="card-header alert-success" id="job_list___sub_heading_39_1"><button class="btn btn-outline-success"><span class="job_id">39 : Job ID 183c779cd0124ed38b2f8893db768dd2</span></button></div></a><div aria-labelledby="job_list___sub_heading_39_1" data-parent="#job_list___sub_accordion_39" class="collapse job_list___sub_multi_collapse" id="job_list___sub_collapse_39_1"><div class="card-body"><div class="work-item"><div class="alert alert-success test-outcome" role="alert"><p>worker outcome: normal</p><p>test outcome: killed</p></div></div><pre class="location"><a href="pycharm://open?file=source/reverse.py&amp;line=40" class="text-secondary"><button class="btn btn-outline-dark">source/reverse.py, start pos: (40, 25), end pos: (40, 26)</button></a></pre><pre>operator: operators/increment-integer, occurrence: 0</pre><div class="alert alert-secondary"><pre class="diff">--- mutation diff ---
--- asource/reverse.py
+++ bsource/reverse.py
@@ -37,7 +37,7 @@
       reverse : SOp that reverses the input sequence.
     """
     opp_idx = (length - rasp.indices).named("opp_idx")
-    opp_idx = (opp_idx - 1).named("opp_idx-1")
+    opp_idx = (opp_idx - 2).named("opp_idx-1")
     reverse_selector = rasp.Select(rasp.indices, opp_idx, rasp.Comparison.EQ).named(
         "reverse_selector"
     )</pre></div><div class="alert alert-secondary"><pre class="diff">============================= test session starts ==============================
platform linux -- Python 3.10.12, pytest-8.3.4, pluggy-1.5.0
rootdir: /home/andre-silva/RASPing
configfile: pyproject.toml
plugins: anyio-4.8.0
collected 3 items

tests/test_reverse.py ssAccuracy:  0.0
F

=================================== FAILURES ===================================
____________________________ TestReverse.test_model ____________________________

self = &lt;tests.test_reverse.TestReverse object at 0x7f397c22bbe0&gt;

    def test_model(self):
&gt;       self.test()

tests/test_reverse.py:23: 
_ _ _ _ _ _ _ _ _ _ _ _ _ _ _ _ _ _ _ _ _ _ _ _ _ _ _ _ _ _ _ _ _ _ _ _ _ _ _ _ 

self = &lt;tests.test_reverse.TestReverse object at 0x7f397c22bbe0&gt;

    @pytest.mark.skip(reason="This is not a test")
    def test(self):
        try:
            model = Model(self.model, self.inputs, self.maxLength, self.name)
        except Exception as e:
            # Survive if the model is not compilable (we want to kill the buggy ones)
            print(str(e))
            # Print message for post-processing
            print("UNCOMPILABLE MODEL")
            return
    
        accuracy = model.evaluateModel(
            self.testing_data, doPrint=False, outputArray=False, useAssert=False
        )
        # Print the accuracy for post-processing
        print("Accuracy: ", accuracy)
&gt;       assert accuracy == 1.0
E       AssertionError

tests/test.py:47: AssertionError
=============================== warnings summary ===============================
../../.venv/lib/python3.10/site-packages/dockerpycreds/utils.py:1
  /home/andre-silva/RASPing/.venv/lib/python3.10/site-packages/dockerpycreds/utils.py:1: DeprecationWarning: The distutils package is deprecated and slated for removal in Python 3.12. Use setuptools or check PEP 632 for potential alternatives
    import distutils.spawn

-- Docs: https://docs.pytest.org/en/stable/how-to/capture-warnings.html
=========================== short test summary info ============================
FAILED tests/test_reverse.py::TestReverse::test_model - AssertionError
=================== 1 failed, 2 skipped, 1 warning in 21.00s ===================
</pre></div></div></div></div></div><div class="mb-1" id="job_list___sub_accordion_40"><div class="card"><a data-toggle="collapse" data-target="#job_list___sub_collapse_40_1" aria-expanded="false" aria-controls="job_list___sub_collapse_40_1" href="#" class="job_list___sub_multi_heading"><div role="alert" class="card-header alert-success" id="job_list___sub_heading_40_1"><button class="btn btn-outline-success"><span class="job_id">40 : Job ID ab3e70d5ccc142058288ff2a34b05336</span></button></div></a><div aria-labelledby="job_list___sub_heading_40_1" data-parent="#job_list___sub_accordion_40" class="collapse job_list___sub_multi_collapse" id="job_list___sub_collapse_40_1"><div class="card-body"><div class="work-item"><div class="alert alert-success test-outcome" role="alert"><p>worker outcome: normal</p><p>test outcome: killed</p></div></div><pre class="location"><a href="pycharm://open?file=source/reverse.py&amp;line=40" class="text-secondary"><button class="btn btn-outline-dark">source/reverse.py, start pos: (40, 25), end pos: (40, 26)</button></a></pre><pre>operator: operators/decrement-integer, occurrence: 0</pre><div class="alert alert-secondary"><pre class="diff">--- mutation diff ---
--- asource/reverse.py
+++ bsource/reverse.py
@@ -37,7 +37,7 @@
       reverse : SOp that reverses the input sequence.
     """
     opp_idx = (length - rasp.indices).named("opp_idx")
-    opp_idx = (opp_idx - 1).named("opp_idx-1")
+    opp_idx = (opp_idx - 0).named("opp_idx-1")
     reverse_selector = rasp.Select(rasp.indices, opp_idx, rasp.Comparison.EQ).named(
         "reverse_selector"
     )</pre></div><div class="alert alert-secondary"><pre class="diff">============================= test session starts ==============================
platform linux -- Python 3.10.12, pytest-8.3.4, pluggy-1.5.0
rootdir: /home/andre-silva/RASPing
configfile: pyproject.toml
plugins: anyio-4.8.0
collected 3 items

tests/test_reverse.py ssAccuracy:  0.0
F

=================================== FAILURES ===================================
____________________________ TestReverse.test_model ____________________________

self = &lt;tests.test_reverse.TestReverse object at 0x7fed33a23cd0&gt;

    def test_model(self):
&gt;       self.test()

tests/test_reverse.py:23: 
_ _ _ _ _ _ _ _ _ _ _ _ _ _ _ _ _ _ _ _ _ _ _ _ _ _ _ _ _ _ _ _ _ _ _ _ _ _ _ _ 

self = &lt;tests.test_reverse.TestReverse object at 0x7fed33a23cd0&gt;

    @pytest.mark.skip(reason="This is not a test")
    def test(self):
        try:
            model = Model(self.model, self.inputs, self.maxLength, self.name)
        except Exception as e:
            # Survive if the model is not compilable (we want to kill the buggy ones)
            print(str(e))
            # Print message for post-processing
            print("UNCOMPILABLE MODEL")
            return
    
        accuracy = model.evaluateModel(
            self.testing_data, doPrint=False, outputArray=False, useAssert=False
        )
        # Print the accuracy for post-processing
        print("Accuracy: ", accuracy)
&gt;       assert accuracy == 1.0
E       AssertionError

tests/test.py:47: AssertionError
=============================== warnings summary ===============================
../../.venv/lib/python3.10/site-packages/dockerpycreds/utils.py:1
  /home/andre-silva/RASPing/.venv/lib/python3.10/site-packages/dockerpycreds/utils.py:1: DeprecationWarning: The distutils package is deprecated and slated for removal in Python 3.12. Use setuptools or check PEP 632 for potential alternatives
    import distutils.spawn

-- Docs: https://docs.pytest.org/en/stable/how-to/capture-warnings.html
=========================== short test summary info ============================
FAILED tests/test_reverse.py::TestReverse::test_model - AssertionError
=================== 1 failed, 2 skipped, 1 warning in 21.16s ===================
</pre></div></div></div></div></div><div class="mb-1" id="job_list___sub_accordion_41"><div class="card"><a data-toggle="collapse" data-target="#job_list___sub_collapse_41_1" aria-expanded="false" aria-controls="job_list___sub_collapse_41_1" href="#" class="job_list___sub_multi_heading"><div role="alert" class="card-header alert-success" id="job_list___sub_heading_41_1"><button class="btn btn-outline-success"><span class="job_id">41 : Job ID 412e0ff120c4422bbee1863c8a1a5e49</span></button></div></a><div aria-labelledby="job_list___sub_heading_41_1" data-parent="#job_list___sub_accordion_41" class="collapse job_list___sub_multi_collapse" id="job_list___sub_collapse_41_1"><div class="card-body"><div class="work-item"><div class="alert alert-success test-outcome" role="alert"><p>worker outcome: normal</p><p>test outcome: killed</p></div></div><pre class="location"><a href="pycharm://open?file=source/reverse.py&amp;line=39" class="text-secondary"><button class="btn btn-outline-dark">source/reverse.py, start pos: (39, 24), end pos: (39, 36)</button></a></pre><pre>operator: operators/increment-rasp-indices, occurrence: 0</pre><div class="alert alert-secondary"><pre class="diff">--- mutation diff ---
--- asource/reverse.py
+++ bsource/reverse.py
@@ -36,7 +36,7 @@
     Returns:
       reverse : SOp that reverses the input sequence.
     """
-    opp_idx = (length - rasp.indices).named("opp_idx")
+    opp_idx = (length - rasp.indices + 1).named("opp_idx")
     opp_idx = (opp_idx - 1).named("opp_idx-1")
     reverse_selector = rasp.Select(rasp.indices, opp_idx, rasp.Comparison.EQ).named(
         "reverse_selector"</pre></div><div class="alert alert-secondary"><pre class="diff">============================= test session starts ==============================
platform linux -- Python 3.10.12, pytest-8.3.4, pluggy-1.5.0
rootdir: /home/andre-silva/RASPing
configfile: pyproject.toml
plugins: anyio-4.8.0
collected 3 items

tests/test_reverse.py ssAccuracy:  0.0
F

=================================== FAILURES ===================================
____________________________ TestReverse.test_model ____________________________

self = &lt;tests.test_reverse.TestReverse object at 0x7fc29e523d30&gt;

    def test_model(self):
&gt;       self.test()

tests/test_reverse.py:23: 
_ _ _ _ _ _ _ _ _ _ _ _ _ _ _ _ _ _ _ _ _ _ _ _ _ _ _ _ _ _ _ _ _ _ _ _ _ _ _ _ 

self = &lt;tests.test_reverse.TestReverse object at 0x7fc29e523d30&gt;

    @pytest.mark.skip(reason="This is not a test")
    def test(self):
        try:
            model = Model(self.model, self.inputs, self.maxLength, self.name)
        except Exception as e:
            # Survive if the model is not compilable (we want to kill the buggy ones)
            print(str(e))
            # Print message for post-processing
            print("UNCOMPILABLE MODEL")
            return
    
        accuracy = model.evaluateModel(
            self.testing_data, doPrint=False, outputArray=False, useAssert=False
        )
        # Print the accuracy for post-processing
        print("Accuracy: ", accuracy)
&gt;       assert accuracy == 1.0
E       AssertionError

tests/test.py:47: AssertionError
=============================== warnings summary ===============================
../../.venv/lib/python3.10/site-packages/dockerpycreds/utils.py:1
  /home/andre-silva/RASPing/.venv/lib/python3.10/site-packages/dockerpycreds/utils.py:1: DeprecationWarning: The distutils package is deprecated and slated for removal in Python 3.12. Use setuptools or check PEP 632 for potential alternatives
    import distutils.spawn

-- Docs: https://docs.pytest.org/en/stable/how-to/capture-warnings.html
=========================== short test summary info ============================
FAILED tests/test_reverse.py::TestReverse::test_model - AssertionError
=================== 1 failed, 2 skipped, 1 warning in 21.97s ===================
</pre></div></div></div></div></div><div class="mb-1" id="job_list___sub_accordion_42"><div class="card"><a data-toggle="collapse" data-target="#job_list___sub_collapse_42_1" aria-expanded="false" aria-controls="job_list___sub_collapse_42_1" href="#" class="job_list___sub_multi_heading"><div role="alert" class="card-header alert-success" id="job_list___sub_heading_42_1"><button class="btn btn-outline-success"><span class="job_id">42 : Job ID 994d39613e6444989ad381a9d3665bba</span></button></div></a><div aria-labelledby="job_list___sub_heading_42_1" data-parent="#job_list___sub_accordion_42" class="collapse job_list___sub_multi_collapse" id="job_list___sub_collapse_42_1"><div class="card-body"><div class="work-item"><div class="alert alert-success test-outcome" role="alert"><p>worker outcome: normal</p><p>test outcome: killed</p></div></div><pre class="location"><a href="pycharm://open?file=source/reverse.py&amp;line=41" class="text-secondary"><button class="btn btn-outline-dark">source/reverse.py, start pos: (41, 35), end pos: (41, 47)</button></a></pre><pre>operator: operators/increment-rasp-indices, occurrence: 1</pre><div class="alert alert-secondary"><pre class="diff">--- mutation diff ---
--- asource/reverse.py
+++ bsource/reverse.py
@@ -38,7 +38,7 @@
     """
     opp_idx = (length - rasp.indices).named("opp_idx")
     opp_idx = (opp_idx - 1).named("opp_idx-1")
-    reverse_selector = rasp.Select(rasp.indices, opp_idx, rasp.Comparison.EQ).named(
+    reverse_selector = rasp.Select(rasp.indices + 1, opp_idx, rasp.Comparison.EQ).named(
         "reverse_selector"
     )
     return rasp.Aggregate(reverse_selector, sop).named("reverse")</pre></div><div class="alert alert-secondary"><pre class="diff">============================= test session starts ==============================
platform linux -- Python 3.10.12, pytest-8.3.4, pluggy-1.5.0
rootdir: /home/andre-silva/RASPing
configfile: pyproject.toml
plugins: anyio-4.8.0
collected 3 items

tests/test_reverse.py ssAccuracy:  0.0
F

=================================== FAILURES ===================================
____________________________ TestReverse.test_model ____________________________

self = &lt;tests.test_reverse.TestReverse object at 0x7f758b537b80&gt;

    def test_model(self):
&gt;       self.test()

tests/test_reverse.py:23: 
_ _ _ _ _ _ _ _ _ _ _ _ _ _ _ _ _ _ _ _ _ _ _ _ _ _ _ _ _ _ _ _ _ _ _ _ _ _ _ _ 

self = &lt;tests.test_reverse.TestReverse object at 0x7f758b537b80&gt;

    @pytest.mark.skip(reason="This is not a test")
    def test(self):
        try:
            model = Model(self.model, self.inputs, self.maxLength, self.name)
        except Exception as e:
            # Survive if the model is not compilable (we want to kill the buggy ones)
            print(str(e))
            # Print message for post-processing
            print("UNCOMPILABLE MODEL")
            return
    
        accuracy = model.evaluateModel(
            self.testing_data, doPrint=False, outputArray=False, useAssert=False
        )
        # Print the accuracy for post-processing
        print("Accuracy: ", accuracy)
&gt;       assert accuracy == 1.0
E       AssertionError

tests/test.py:47: AssertionError
=============================== warnings summary ===============================
../../.venv/lib/python3.10/site-packages/dockerpycreds/utils.py:1
  /home/andre-silva/RASPing/.venv/lib/python3.10/site-packages/dockerpycreds/utils.py:1: DeprecationWarning: The distutils package is deprecated and slated for removal in Python 3.12. Use setuptools or check PEP 632 for potential alternatives
    import distutils.spawn

-- Docs: https://docs.pytest.org/en/stable/how-to/capture-warnings.html
=========================== short test summary info ============================
FAILED tests/test_reverse.py::TestReverse::test_model - AssertionError
=================== 1 failed, 2 skipped, 1 warning in 21.08s ===================
</pre></div></div></div></div></div><div class="mb-1" id="job_list___sub_accordion_43"><div class="card"><a data-toggle="collapse" data-target="#job_list___sub_collapse_43_1" aria-expanded="false" aria-controls="job_list___sub_collapse_43_1" href="#" class="job_list___sub_multi_heading"><div role="alert" class="card-header alert-success" id="job_list___sub_heading_43_1"><button class="btn btn-outline-success"><span class="job_id">43 : Job ID 8aada664d0204144b2d3624ae38efe91</span></button></div></a><div aria-labelledby="job_list___sub_heading_43_1" data-parent="#job_list___sub_accordion_43" class="collapse job_list___sub_multi_collapse" id="job_list___sub_collapse_43_1"><div class="card-body"><div class="work-item"><div class="alert alert-success test-outcome" role="alert"><p>worker outcome: normal</p><p>test outcome: killed</p></div></div><pre class="location"><a href="pycharm://open?file=source/reverse.py&amp;line=39" class="text-secondary"><button class="btn btn-outline-dark">source/reverse.py, start pos: (39, 24), end pos: (39, 36)</button></a></pre><pre>operator: operators/decrement-rasp-indices, occurrence: 0</pre><div class="alert alert-secondary"><pre class="diff">--- mutation diff ---
--- asource/reverse.py
+++ bsource/reverse.py
@@ -36,7 +36,7 @@
     Returns:
       reverse : SOp that reverses the input sequence.
     """
-    opp_idx = (length - rasp.indices).named("opp_idx")
+    opp_idx = (length - rasp.indices - 1).named("opp_idx")
     opp_idx = (opp_idx - 1).named("opp_idx-1")
     reverse_selector = rasp.Select(rasp.indices, opp_idx, rasp.Comparison.EQ).named(
         "reverse_selector"</pre></div><div class="alert alert-secondary"><pre class="diff">============================= test session starts ==============================
platform linux -- Python 3.10.12, pytest-8.3.4, pluggy-1.5.0
rootdir: /home/andre-silva/RASPing
configfile: pyproject.toml
plugins: anyio-4.8.0
collected 3 items

tests/test_reverse.py ssAccuracy:  0.0
F

=================================== FAILURES ===================================
____________________________ TestReverse.test_model ____________________________

self = &lt;tests.test_reverse.TestReverse object at 0x7fef78d47d00&gt;

    def test_model(self):
&gt;       self.test()

tests/test_reverse.py:23: 
_ _ _ _ _ _ _ _ _ _ _ _ _ _ _ _ _ _ _ _ _ _ _ _ _ _ _ _ _ _ _ _ _ _ _ _ _ _ _ _ 

self = &lt;tests.test_reverse.TestReverse object at 0x7fef78d47d00&gt;

    @pytest.mark.skip(reason="This is not a test")
    def test(self):
        try:
            model = Model(self.model, self.inputs, self.maxLength, self.name)
        except Exception as e:
            # Survive if the model is not compilable (we want to kill the buggy ones)
            print(str(e))
            # Print message for post-processing
            print("UNCOMPILABLE MODEL")
            return
    
        accuracy = model.evaluateModel(
            self.testing_data, doPrint=False, outputArray=False, useAssert=False
        )
        # Print the accuracy for post-processing
        print("Accuracy: ", accuracy)
&gt;       assert accuracy == 1.0
E       AssertionError

tests/test.py:47: AssertionError
=============================== warnings summary ===============================
../../.venv/lib/python3.10/site-packages/dockerpycreds/utils.py:1
  /home/andre-silva/RASPing/.venv/lib/python3.10/site-packages/dockerpycreds/utils.py:1: DeprecationWarning: The distutils package is deprecated and slated for removal in Python 3.12. Use setuptools or check PEP 632 for potential alternatives
    import distutils.spawn

-- Docs: https://docs.pytest.org/en/stable/how-to/capture-warnings.html
=========================== short test summary info ============================
FAILED tests/test_reverse.py::TestReverse::test_model - AssertionError
=================== 1 failed, 2 skipped, 1 warning in 21.03s ===================
</pre></div></div></div></div></div><div class="mb-1" id="job_list___sub_accordion_44"><div class="card"><a data-toggle="collapse" data-target="#job_list___sub_collapse_44_1" aria-expanded="false" aria-controls="job_list___sub_collapse_44_1" href="#" class="job_list___sub_multi_heading"><div role="alert" class="card-header alert-success" id="job_list___sub_heading_44_1"><button class="btn btn-outline-success"><span class="job_id">44 : Job ID 161cf0d3816c4d5b98bc4051602fa72a</span></button></div></a><div aria-labelledby="job_list___sub_heading_44_1" data-parent="#job_list___sub_accordion_44" class="collapse job_list___sub_multi_collapse" id="job_list___sub_collapse_44_1"><div class="card-body"><div class="work-item"><div class="alert alert-success test-outcome" role="alert"><p>worker outcome: normal</p><p>test outcome: killed</p></div></div><pre class="location"><a href="pycharm://open?file=source/reverse.py&amp;line=41" class="text-secondary"><button class="btn btn-outline-dark">source/reverse.py, start pos: (41, 35), end pos: (41, 47)</button></a></pre><pre>operator: operators/decrement-rasp-indices, occurrence: 1</pre><div class="alert alert-secondary"><pre class="diff">--- mutation diff ---
--- asource/reverse.py
+++ bsource/reverse.py
@@ -38,7 +38,7 @@
     """
     opp_idx = (length - rasp.indices).named("opp_idx")
     opp_idx = (opp_idx - 1).named("opp_idx-1")
-    reverse_selector = rasp.Select(rasp.indices, opp_idx, rasp.Comparison.EQ).named(
+    reverse_selector = rasp.Select(rasp.indices - 1, opp_idx, rasp.Comparison.EQ).named(
         "reverse_selector"
     )
     return rasp.Aggregate(reverse_selector, sop).named("reverse")</pre></div><div class="alert alert-secondary"><pre class="diff">============================= test session starts ==============================
platform linux -- Python 3.10.12, pytest-8.3.4, pluggy-1.5.0
rootdir: /home/andre-silva/RASPing
configfile: pyproject.toml
plugins: anyio-4.8.0
collected 3 items

tests/test_reverse.py ssAccuracy:  0.0
F

=================================== FAILURES ===================================
____________________________ TestReverse.test_model ____________________________

self = &lt;tests.test_reverse.TestReverse object at 0x7f0525f3fd00&gt;

    def test_model(self):
&gt;       self.test()

tests/test_reverse.py:23: 
_ _ _ _ _ _ _ _ _ _ _ _ _ _ _ _ _ _ _ _ _ _ _ _ _ _ _ _ _ _ _ _ _ _ _ _ _ _ _ _ 

self = &lt;tests.test_reverse.TestReverse object at 0x7f0525f3fd00&gt;

    @pytest.mark.skip(reason="This is not a test")
    def test(self):
        try:
            model = Model(self.model, self.inputs, self.maxLength, self.name)
        except Exception as e:
            # Survive if the model is not compilable (we want to kill the buggy ones)
            print(str(e))
            # Print message for post-processing
            print("UNCOMPILABLE MODEL")
            return
    
        accuracy = model.evaluateModel(
            self.testing_data, doPrint=False, outputArray=False, useAssert=False
        )
        # Print the accuracy for post-processing
        print("Accuracy: ", accuracy)
&gt;       assert accuracy == 1.0
E       AssertionError

tests/test.py:47: AssertionError
=============================== warnings summary ===============================
../../.venv/lib/python3.10/site-packages/dockerpycreds/utils.py:1
  /home/andre-silva/RASPing/.venv/lib/python3.10/site-packages/dockerpycreds/utils.py:1: DeprecationWarning: The distutils package is deprecated and slated for removal in Python 3.12. Use setuptools or check PEP 632 for potential alternatives
    import distutils.spawn

-- Docs: https://docs.pytest.org/en/stable/how-to/capture-warnings.html
=========================== short test summary info ============================
FAILED tests/test_reverse.py::TestReverse::test_model - AssertionError
=================== 1 failed, 2 skipped, 1 warning in 21.76s ===================
</pre></div></div></div></div></div><div class="mb-1" id="job_list___sub_accordion_45"><div class="card"><a data-toggle="collapse" data-target="#job_list___sub_collapse_45_1" aria-expanded="false" aria-controls="job_list___sub_collapse_45_1" href="#" class="job_list___sub_multi_heading"><div role="alert" class="card-header alert-success" id="job_list___sub_heading_45_1"><button class="btn btn-outline-success"><span class="job_id">45 : Job ID c8e72643ef8444a98b9777bd3c8a208e</span></button></div></a><div aria-labelledby="job_list___sub_heading_45_1" data-parent="#job_list___sub_accordion_45" class="collapse job_list___sub_multi_collapse" id="job_list___sub_collapse_45_1"><div class="card-body"><div class="work-item"><div class="alert alert-success test-outcome" role="alert"><p>worker outcome: normal</p><p>test outcome: killed</p></div></div><pre class="location"><a href="pycharm://open?file=source/reverse.py&amp;line=19" class="text-secondary"><button class="btn btn-outline-dark">source/reverse.py, start pos: (19, 4), end pos: (19, 64)</button></a></pre><pre>operator: operators/negate-rasp-sop-return-stmt, occurrence: 0</pre><div class="alert alert-secondary"><pre class="diff">--- mutation diff ---
--- asource/reverse.py
+++ bsource/reverse.py
@@ -16,7 +16,7 @@
     all_true_selector = rasp.Select(
         rasp.tokens, rasp.tokens, rasp.Comparison.TRUE
     ).named("all_true_selector")
-    return rasp.SelectorWidth(all_true_selector).named("length")
+    return rasp.SelectorWidth(all_true_selector).named("length") * -1
 
 
 length = make_length()</pre></div><div class="alert alert-secondary"><pre class="diff">============================= test session starts ==============================
platform linux -- Python 3.10.12, pytest-8.3.4, pluggy-1.5.0
rootdir: /home/andre-silva/RASPing
configfile: pyproject.toml
plugins: anyio-4.8.0
collected 3 items

tests/test_reverse.py ssAccuracy:  0.0
F

=================================== FAILURES ===================================
____________________________ TestReverse.test_model ____________________________

self = &lt;tests.test_reverse.TestReverse object at 0x7f3dcbdefd30&gt;

    def test_model(self):
&gt;       self.test()

tests/test_reverse.py:23: 
_ _ _ _ _ _ _ _ _ _ _ _ _ _ _ _ _ _ _ _ _ _ _ _ _ _ _ _ _ _ _ _ _ _ _ _ _ _ _ _ 

self = &lt;tests.test_reverse.TestReverse object at 0x7f3dcbdefd30&gt;

    @pytest.mark.skip(reason="This is not a test")
    def test(self):
        try:
            model = Model(self.model, self.inputs, self.maxLength, self.name)
        except Exception as e:
            # Survive if the model is not compilable (we want to kill the buggy ones)
            print(str(e))
            # Print message for post-processing
            print("UNCOMPILABLE MODEL")
            return
    
        accuracy = model.evaluateModel(
            self.testing_data, doPrint=False, outputArray=False, useAssert=False
        )
        # Print the accuracy for post-processing
        print("Accuracy: ", accuracy)
&gt;       assert accuracy == 1.0
E       AssertionError

tests/test.py:47: AssertionError
=============================== warnings summary ===============================
../../.venv/lib/python3.10/site-packages/dockerpycreds/utils.py:1
  /home/andre-silva/RASPing/.venv/lib/python3.10/site-packages/dockerpycreds/utils.py:1: DeprecationWarning: The distutils package is deprecated and slated for removal in Python 3.12. Use setuptools or check PEP 632 for potential alternatives
    import distutils.spawn

-- Docs: https://docs.pytest.org/en/stable/how-to/capture-warnings.html
=========================== short test summary info ============================
FAILED tests/test_reverse.py::TestReverse::test_model - AssertionError
=================== 1 failed, 2 skipped, 1 warning in 24.41s ===================
</pre></div></div></div></div></div><div class="mb-1" id="job_list___sub_accordion_46"><div class="card"><a data-toggle="collapse" data-target="#job_list___sub_collapse_46_1" aria-expanded="false" aria-controls="job_list___sub_collapse_46_1" href="#" class="job_list___sub_multi_heading"><div role="alert" class="card-header alert-success" id="job_list___sub_heading_46_1"><button class="btn btn-outline-success"><span class="job_id">46 : Job ID 63c0b594a3754cd2938a5bf1b03fc5e3</span></button></div></a><div aria-labelledby="job_list___sub_heading_46_1" data-parent="#job_list___sub_accordion_46" class="collapse job_list___sub_multi_collapse" id="job_list___sub_collapse_46_1"><div class="card-body"><div class="work-item"><div class="alert alert-success test-outcome" role="alert"><p>worker outcome: normal</p><p>test outcome: killed</p></div></div><pre class="location"><a href="pycharm://open?file=source/reverse.py&amp;line=44" class="text-secondary"><button class="btn btn-outline-dark">source/reverse.py, start pos: (44, 4), end pos: (44, 65)</button></a></pre><pre>operator: operators/negate-rasp-sop-return-stmt, occurrence: 1</pre><div class="alert alert-secondary"><pre class="diff">--- mutation diff ---
--- asource/reverse.py
+++ bsource/reverse.py
@@ -41,5 +41,5 @@
     reverse_selector = rasp.Select(rasp.indices, opp_idx, rasp.Comparison.EQ).named(
         "reverse_selector"
     )
-    return rasp.Aggregate(reverse_selector, sop).named("reverse")
+    return rasp.Aggregate(reverse_selector, sop).named("reverse") * -1
 </pre></div><div class="alert alert-secondary"><pre class="diff">============================= test session starts ==============================
platform linux -- Python 3.10.12, pytest-8.3.4, pluggy-1.5.0
rootdir: /home/andre-silva/RASPing
configfile: pyproject.toml
plugins: anyio-4.8.0
collected 3 items

tests/test_reverse.py ssAccuracy:  0.0
F

=================================== FAILURES ===================================
____________________________ TestReverse.test_model ____________________________

self = &lt;tests.test_reverse.TestReverse object at 0x7f365023fa90&gt;

    def test_model(self):
&gt;       self.test()

tests/test_reverse.py:23: 
_ _ _ _ _ _ _ _ _ _ _ _ _ _ _ _ _ _ _ _ _ _ _ _ _ _ _ _ _ _ _ _ _ _ _ _ _ _ _ _ 

self = &lt;tests.test_reverse.TestReverse object at 0x7f365023fa90&gt;

    @pytest.mark.skip(reason="This is not a test")
    def test(self):
        try:
            model = Model(self.model, self.inputs, self.maxLength, self.name)
        except Exception as e:
            # Survive if the model is not compilable (we want to kill the buggy ones)
            print(str(e))
            # Print message for post-processing
            print("UNCOMPILABLE MODEL")
            return
    
        accuracy = model.evaluateModel(
            self.testing_data, doPrint=False, outputArray=False, useAssert=False
        )
        # Print the accuracy for post-processing
        print("Accuracy: ", accuracy)
&gt;       assert accuracy == 1.0
E       AssertionError

tests/test.py:47: AssertionError
=============================== warnings summary ===============================
../../.venv/lib/python3.10/site-packages/dockerpycreds/utils.py:1
  /home/andre-silva/RASPing/.venv/lib/python3.10/site-packages/dockerpycreds/utils.py:1: DeprecationWarning: The distutils package is deprecated and slated for removal in Python 3.12. Use setuptools or check PEP 632 for potential alternatives
    import distutils.spawn

-- Docs: https://docs.pytest.org/en/stable/how-to/capture-warnings.html
=========================== short test summary info ============================
FAILED tests/test_reverse.py::TestReverse::test_model - AssertionError
=================== 1 failed, 2 skipped, 1 warning in 21.84s ===================
</pre></div></div></div></div></div><div class="mb-1" id="job_list___sub_accordion_47"><div class="card"><a data-toggle="collapse" data-target="#job_list___sub_collapse_47_1" aria-expanded="false" aria-controls="job_list___sub_collapse_47_1" href="#" class="job_list___sub_multi_heading"><div role="alert" class="card-header alert-danger" id="job_list___sub_heading_47_1"><button class="btn btn-outline-danger"><span class="job_id">47 : Job ID f77614c735d9489c81f889d03bc32c25</span></button></div></a><div aria-labelledby="job_list___sub_heading_47_1" data-parent="#job_list___sub_accordion_47" class="collapse job_list___sub_multi_collapse" id="job_list___sub_collapse_47_1"><div class="card-body"><div class="work-item"><div class="alert alert-danger test-outcome" role="alert"><p>SURVIVED</p><p>worker outcome: normal</p><p>test outcome: survived</p></div></div><pre class="location"><a href="pycharm://open?file=source/reverse.py&amp;line=16" class="text-secondary"><button class="btn btn-outline-dark">source/reverse.py, start pos: (16, 24), end pos: (18, 32)</button></a></pre><pre>operator: operators/negate-rasp-sop-select, occurrence: 0</pre><div class="alert alert-secondary"><pre class="diff">--- mutation diff ---
--- asource/reverse.py
+++ bsource/reverse.py
@@ -14,7 +14,7 @@
         is the length of that sequence.
     """
     all_true_selector = rasp.Select(
-        rasp.tokens, rasp.tokens, rasp.Comparison.TRUE
+        rasp.tokens * -1, rasp.tokens, rasp.Comparison.TRUE
     ).named("all_true_selector")
     return rasp.SelectorWidth(all_true_selector).named("length")
 </pre></div><div class="alert alert-secondary"><pre class="diff">============================= test session starts ==============================
platform linux -- Python 3.10.12, pytest-8.3.4, pluggy-1.5.0
rootdir: /home/andre-silva/RASPing
configfile: pyproject.toml
plugins: anyio-4.8.0
collected 3 items

tests/test_reverse.py ssAccuracy:  1.0
MODEL IS NOT BUGGY
.

=============================== warnings summary ===============================
../../.venv/lib/python3.10/site-packages/dockerpycreds/utils.py:1
  /home/andre-silva/RASPing/.venv/lib/python3.10/site-packages/dockerpycreds/utils.py:1: DeprecationWarning: The distutils package is deprecated and slated for removal in Python 3.12. Use setuptools or check PEP 632 for potential alternatives
    import distutils.spawn

-- Docs: https://docs.pytest.org/en/stable/how-to/capture-warnings.html
=================== 1 passed, 2 skipped, 1 warning in 23.55s ===================
</pre></div></div></div></div></div><div class="mb-1" id="job_list___sub_accordion_48"><div class="card"><a data-toggle="collapse" data-target="#job_list___sub_collapse_48_1" aria-expanded="false" aria-controls="job_list___sub_collapse_48_1" href="#" class="job_list___sub_multi_heading"><div role="alert" class="card-header alert-danger" id="job_list___sub_heading_48_1"><button class="btn btn-outline-danger"><span class="job_id">48 : Job ID 3ec6260809534a1f81c184084c678b58</span></button></div></a><div aria-labelledby="job_list___sub_heading_48_1" data-parent="#job_list___sub_accordion_48" class="collapse job_list___sub_multi_collapse" id="job_list___sub_collapse_48_1"><div class="card-body"><div class="work-item"><div class="alert alert-danger test-outcome" role="alert"><p>SURVIVED</p><p>worker outcome: normal</p><p>test outcome: survived</p></div></div><pre class="location"><a href="pycharm://open?file=source/reverse.py&amp;line=16" class="text-secondary"><button class="btn btn-outline-dark">source/reverse.py, start pos: (16, 24), end pos: (18, 32)</button></a></pre><pre>operator: operators/negate-rasp-sop-select, occurrence: 1</pre><div class="alert alert-secondary"><pre class="diff">--- mutation diff ---
--- asource/reverse.py
+++ bsource/reverse.py
@@ -14,7 +14,7 @@
         is the length of that sequence.
     """
     all_true_selector = rasp.Select(
-        rasp.tokens, rasp.tokens, rasp.Comparison.TRUE
+        rasp.tokens, rasp.tokens * -1, rasp.Comparison.TRUE
     ).named("all_true_selector")
     return rasp.SelectorWidth(all_true_selector).named("length")
 </pre></div><div class="alert alert-secondary"><pre class="diff">============================= test session starts ==============================
platform linux -- Python 3.10.12, pytest-8.3.4, pluggy-1.5.0
rootdir: /home/andre-silva/RASPing
configfile: pyproject.toml
plugins: anyio-4.8.0
collected 3 items

tests/test_reverse.py ssAccuracy:  1.0
MODEL IS NOT BUGGY
.

=============================== warnings summary ===============================
../../.venv/lib/python3.10/site-packages/dockerpycreds/utils.py:1
  /home/andre-silva/RASPing/.venv/lib/python3.10/site-packages/dockerpycreds/utils.py:1: DeprecationWarning: The distutils package is deprecated and slated for removal in Python 3.12. Use setuptools or check PEP 632 for potential alternatives
    import distutils.spawn

-- Docs: https://docs.pytest.org/en/stable/how-to/capture-warnings.html
=================== 1 passed, 2 skipped, 1 warning in 24.16s ===================
</pre></div></div></div></div></div><div class="mb-1" id="job_list___sub_accordion_49"><div class="card"><a data-toggle="collapse" data-target="#job_list___sub_collapse_49_1" aria-expanded="false" aria-controls="job_list___sub_collapse_49_1" href="#" class="job_list___sub_multi_heading"><div role="alert" class="card-header alert-success" id="job_list___sub_heading_49_1"><button class="btn btn-outline-success"><span class="job_id">49 : Job ID 231a32a5efd24a10840857bd72e478a1</span></button></div></a><div aria-labelledby="job_list___sub_heading_49_1" data-parent="#job_list___sub_accordion_49" class="collapse job_list___sub_multi_collapse" id="job_list___sub_collapse_49_1"><div class="card-body"><div class="work-item"><div class="alert alert-success test-outcome" role="alert"><p>worker outcome: normal</p><p>test outcome: killed</p></div></div><pre class="location"><a href="pycharm://open?file=source/reverse.py&amp;line=41" class="text-secondary"><button class="btn btn-outline-dark">source/reverse.py, start pos: (41, 23), end pos: (43, 5)</button></a></pre><pre>operator: operators/negate-rasp-sop-select, occurrence: 2</pre><div class="alert alert-secondary"><pre class="diff">--- mutation diff ---
--- asource/reverse.py
+++ bsource/reverse.py
@@ -38,7 +38,7 @@
     """
     opp_idx = (length - rasp.indices).named("opp_idx")
     opp_idx = (opp_idx - 1).named("opp_idx-1")
-    reverse_selector = rasp.Select(rasp.indices, opp_idx, rasp.Comparison.EQ).named(
+    reverse_selector = rasp.Select(rasp.indices * -1, opp_idx, rasp.Comparison.EQ).named(
         "reverse_selector"
     )
     return rasp.Aggregate(reverse_selector, sop).named("reverse")</pre></div><div class="alert alert-secondary"><pre class="diff">============================= test session starts ==============================
platform linux -- Python 3.10.12, pytest-8.3.4, pluggy-1.5.0
rootdir: /home/andre-silva/RASPing
configfile: pyproject.toml
plugins: anyio-4.8.0
collected 3 items

tests/test_reverse.py ssAccuracy:  0.0
F

=================================== FAILURES ===================================
____________________________ TestReverse.test_model ____________________________

self = &lt;tests.test_reverse.TestReverse object at 0x7f9cb7d63c40&gt;

    def test_model(self):
&gt;       self.test()

tests/test_reverse.py:23: 
_ _ _ _ _ _ _ _ _ _ _ _ _ _ _ _ _ _ _ _ _ _ _ _ _ _ _ _ _ _ _ _ _ _ _ _ _ _ _ _ 

self = &lt;tests.test_reverse.TestReverse object at 0x7f9cb7d63c40&gt;

    @pytest.mark.skip(reason="This is not a test")
    def test(self):
        try:
            model = Model(self.model, self.inputs, self.maxLength, self.name)
        except Exception as e:
            # Survive if the model is not compilable (we want to kill the buggy ones)
            print(str(e))
            # Print message for post-processing
            print("UNCOMPILABLE MODEL")
            return
    
        accuracy = model.evaluateModel(
            self.testing_data, doPrint=False, outputArray=False, useAssert=False
        )
        # Print the accuracy for post-processing
        print("Accuracy: ", accuracy)
&gt;       assert accuracy == 1.0
E       AssertionError

tests/test.py:47: AssertionError
=============================== warnings summary ===============================
../../.venv/lib/python3.10/site-packages/dockerpycreds/utils.py:1
  /home/andre-silva/RASPing/.venv/lib/python3.10/site-packages/dockerpycreds/utils.py:1: DeprecationWarning: The distutils package is deprecated and slated for removal in Python 3.12. Use setuptools or check PEP 632 for potential alternatives
    import distutils.spawn

-- Docs: https://docs.pytest.org/en/stable/how-to/capture-warnings.html
=========================== short test summary info ============================
FAILED tests/test_reverse.py::TestReverse::test_model - AssertionError
=================== 1 failed, 2 skipped, 1 warning in 22.67s ===================
</pre></div></div></div></div></div><div class="mb-1" id="job_list___sub_accordion_50"><div class="card"><a data-toggle="collapse" data-target="#job_list___sub_collapse_50_1" aria-expanded="false" aria-controls="job_list___sub_collapse_50_1" href="#" class="job_list___sub_multi_heading"><div role="alert" class="card-header alert-success" id="job_list___sub_heading_50_1"><button class="btn btn-outline-success"><span class="job_id">50 : Job ID bb95f59c533c40cbbb3a2146ba458fcc</span></button></div></a><div aria-labelledby="job_list___sub_heading_50_1" data-parent="#job_list___sub_accordion_50" class="collapse job_list___sub_multi_collapse" id="job_list___sub_collapse_50_1"><div class="card-body"><div class="work-item"><div class="alert alert-success test-outcome" role="alert"><p>worker outcome: normal</p><p>test outcome: killed</p></div></div><pre class="location"><a href="pycharm://open?file=source/reverse.py&amp;line=41" class="text-secondary"><button class="btn btn-outline-dark">source/reverse.py, start pos: (41, 23), end pos: (43, 5)</button></a></pre><pre>operator: operators/negate-rasp-sop-select, occurrence: 3</pre><div class="alert alert-secondary"><pre class="diff">--- mutation diff ---
--- asource/reverse.py
+++ bsource/reverse.py
@@ -38,7 +38,7 @@
     """
     opp_idx = (length - rasp.indices).named("opp_idx")
     opp_idx = (opp_idx - 1).named("opp_idx-1")
-    reverse_selector = rasp.Select(rasp.indices, opp_idx, rasp.Comparison.EQ).named(
+    reverse_selector = rasp.Select(rasp.indices, opp_idx * -1, rasp.Comparison.EQ).named(
         "reverse_selector"
     )
     return rasp.Aggregate(reverse_selector, sop).named("reverse")</pre></div><div class="alert alert-secondary"><pre class="diff">============================= test session starts ==============================
platform linux -- Python 3.10.12, pytest-8.3.4, pluggy-1.5.0
rootdir: /home/andre-silva/RASPing
configfile: pyproject.toml
plugins: anyio-4.8.0
collected 3 items

tests/test_reverse.py ssAccuracy:  0.0
F

=================================== FAILURES ===================================
____________________________ TestReverse.test_model ____________________________

self = &lt;tests.test_reverse.TestReverse object at 0x7fc59a7efc10&gt;

    def test_model(self):
&gt;       self.test()

tests/test_reverse.py:23: 
_ _ _ _ _ _ _ _ _ _ _ _ _ _ _ _ _ _ _ _ _ _ _ _ _ _ _ _ _ _ _ _ _ _ _ _ _ _ _ _ 

self = &lt;tests.test_reverse.TestReverse object at 0x7fc59a7efc10&gt;

    @pytest.mark.skip(reason="This is not a test")
    def test(self):
        try:
            model = Model(self.model, self.inputs, self.maxLength, self.name)
        except Exception as e:
            # Survive if the model is not compilable (we want to kill the buggy ones)
            print(str(e))
            # Print message for post-processing
            print("UNCOMPILABLE MODEL")
            return
    
        accuracy = model.evaluateModel(
            self.testing_data, doPrint=False, outputArray=False, useAssert=False
        )
        # Print the accuracy for post-processing
        print("Accuracy: ", accuracy)
&gt;       assert accuracy == 1.0
E       AssertionError

tests/test.py:47: AssertionError
=============================== warnings summary ===============================
../../.venv/lib/python3.10/site-packages/dockerpycreds/utils.py:1
  /home/andre-silva/RASPing/.venv/lib/python3.10/site-packages/dockerpycreds/utils.py:1: DeprecationWarning: The distutils package is deprecated and slated for removal in Python 3.12. Use setuptools or check PEP 632 for potential alternatives
    import distutils.spawn

-- Docs: https://docs.pytest.org/en/stable/how-to/capture-warnings.html
=========================== short test summary info ============================
FAILED tests/test_reverse.py::TestReverse::test_model - AssertionError
=================== 1 failed, 2 skipped, 1 warning in 22.08s ===================
</pre></div></div></div></div></div><div class="mb-1" id="job_list___sub_accordion_51"><div class="card"><a data-toggle="collapse" data-target="#job_list___sub_collapse_51_1" aria-expanded="false" aria-controls="job_list___sub_collapse_51_1" href="#" class="job_list___sub_multi_heading"><div role="alert" class="card-header alert-success" id="job_list___sub_heading_51_1"><button class="btn btn-outline-success"><span class="job_id">51 : Job ID 06e667e882a048f8b86dd8600d8470d2</span></button></div></a><div aria-labelledby="job_list___sub_heading_51_1" data-parent="#job_list___sub_accordion_51" class="collapse job_list___sub_multi_collapse" id="job_list___sub_collapse_51_1"><div class="card-body"><div class="work-item"><div class="alert alert-success test-outcome" role="alert"><p>worker outcome: normal</p><p>test outcome: killed</p></div></div><pre class="location"><a href="pycharm://open?file=source/reverse.py&amp;line=44" class="text-secondary"><button class="btn btn-outline-dark">source/reverse.py, start pos: (44, 11), end pos: (44, 65)</button></a></pre><pre>operator: operators/negate-rasp-sop-aggregate-value, occurrence: 0</pre><div class="alert alert-secondary"><pre class="diff">--- mutation diff ---
--- asource/reverse.py
+++ bsource/reverse.py
@@ -41,5 +41,5 @@
     reverse_selector = rasp.Select(rasp.indices, opp_idx, rasp.Comparison.EQ).named(
         "reverse_selector"
     )
-    return rasp.Aggregate(reverse_selector, sop).named("reverse")
+    return rasp.Aggregate(reverse_selector, sop * -1).named("reverse")
 </pre></div><div class="alert alert-secondary"><pre class="diff">============================= test session starts ==============================
platform linux -- Python 3.10.12, pytest-8.3.4, pluggy-1.5.0
rootdir: /home/andre-silva/RASPing
configfile: pyproject.toml
plugins: anyio-4.8.0
collected 3 items

tests/test_reverse.py ssAccuracy:  0.0
F

=================================== FAILURES ===================================
____________________________ TestReverse.test_model ____________________________

self = &lt;tests.test_reverse.TestReverse object at 0x7fb8ae63fca0&gt;

    def test_model(self):
&gt;       self.test()

tests/test_reverse.py:23: 
_ _ _ _ _ _ _ _ _ _ _ _ _ _ _ _ _ _ _ _ _ _ _ _ _ _ _ _ _ _ _ _ _ _ _ _ _ _ _ _ 

self = &lt;tests.test_reverse.TestReverse object at 0x7fb8ae63fca0&gt;

    @pytest.mark.skip(reason="This is not a test")
    def test(self):
        try:
            model = Model(self.model, self.inputs, self.maxLength, self.name)
        except Exception as e:
            # Survive if the model is not compilable (we want to kill the buggy ones)
            print(str(e))
            # Print message for post-processing
            print("UNCOMPILABLE MODEL")
            return
    
        accuracy = model.evaluateModel(
            self.testing_data, doPrint=False, outputArray=False, useAssert=False
        )
        # Print the accuracy for post-processing
        print("Accuracy: ", accuracy)
&gt;       assert accuracy == 1.0
E       AssertionError

tests/test.py:47: AssertionError
=============================== warnings summary ===============================
../../.venv/lib/python3.10/site-packages/dockerpycreds/utils.py:1
  /home/andre-silva/RASPing/.venv/lib/python3.10/site-packages/dockerpycreds/utils.py:1: DeprecationWarning: The distutils package is deprecated and slated for removal in Python 3.12. Use setuptools or check PEP 632 for potential alternatives
    import distutils.spawn

-- Docs: https://docs.pytest.org/en/stable/how-to/capture-warnings.html
=========================== short test summary info ============================
FAILED tests/test_reverse.py::TestReverse::test_model - AssertionError
=================== 1 failed, 2 skipped, 1 warning in 22.81s ===================
</pre></div></div></div></div></div><div class="mb-1" id="job_list___sub_accordion_52"><div class="card"><a data-toggle="collapse" data-target="#job_list___sub_collapse_52_1" aria-expanded="false" aria-controls="job_list___sub_collapse_52_1" href="#" class="job_list___sub_multi_heading"><div role="alert" class="card-header alert-success" id="job_list___sub_heading_52_1"><button class="btn btn-outline-success"><span class="job_id">52 : Job ID f225b1df641244568ca63d1eec6d8a2a</span></button></div></a><div aria-labelledby="job_list___sub_heading_52_1" data-parent="#job_list___sub_accordion_52" class="collapse job_list___sub_multi_collapse" id="job_list___sub_collapse_52_1"><div class="card-body"><div class="work-item"><div class="alert alert-success test-outcome" role="alert"><p>worker outcome: normal</p><p>test outcome: killed</p></div></div><pre class="location"><a href="pycharm://open?file=source/reverse.py&amp;line=19" class="text-secondary"><button class="btn btn-outline-dark">source/reverse.py, start pos: (19, 11), end pos: (19, 64)</button></a></pre><pre>operator: operators/negate-rasp-sop-constructor, occurrence: 0</pre><div class="alert alert-secondary"><pre class="diff">--- mutation diff ---
--- asource/reverse.py
+++ bsource/reverse.py
@@ -16,7 +16,7 @@
     all_true_selector = rasp.Select(
         rasp.tokens, rasp.tokens, rasp.Comparison.TRUE
     ).named("all_true_selector")
-    return rasp.SelectorWidth(all_true_selector).named("length")
+    return rasp.SelectorWidth(all_true_selector).named("length") * -1
 
 
 length = make_length()</pre></div><div class="alert alert-secondary"><pre class="diff">============================= test session starts ==============================
platform linux -- Python 3.10.12, pytest-8.3.4, pluggy-1.5.0
rootdir: /home/andre-silva/RASPing
configfile: pyproject.toml
plugins: anyio-4.8.0
collected 3 items

tests/test_reverse.py ssAccuracy:  0.0
F

=================================== FAILURES ===================================
____________________________ TestReverse.test_model ____________________________

self = &lt;tests.test_reverse.TestReverse object at 0x7fd5b4623c10&gt;

    def test_model(self):
&gt;       self.test()

tests/test_reverse.py:23: 
_ _ _ _ _ _ _ _ _ _ _ _ _ _ _ _ _ _ _ _ _ _ _ _ _ _ _ _ _ _ _ _ _ _ _ _ _ _ _ _ 

self = &lt;tests.test_reverse.TestReverse object at 0x7fd5b4623c10&gt;

    @pytest.mark.skip(reason="This is not a test")
    def test(self):
        try:
            model = Model(self.model, self.inputs, self.maxLength, self.name)
        except Exception as e:
            # Survive if the model is not compilable (we want to kill the buggy ones)
            print(str(e))
            # Print message for post-processing
            print("UNCOMPILABLE MODEL")
            return
    
        accuracy = model.evaluateModel(
            self.testing_data, doPrint=False, outputArray=False, useAssert=False
        )
        # Print the accuracy for post-processing
        print("Accuracy: ", accuracy)
&gt;       assert accuracy == 1.0
E       AssertionError

tests/test.py:47: AssertionError
=============================== warnings summary ===============================
../../.venv/lib/python3.10/site-packages/dockerpycreds/utils.py:1
  /home/andre-silva/RASPing/.venv/lib/python3.10/site-packages/dockerpycreds/utils.py:1: DeprecationWarning: The distutils package is deprecated and slated for removal in Python 3.12. Use setuptools or check PEP 632 for potential alternatives
    import distutils.spawn

-- Docs: https://docs.pytest.org/en/stable/how-to/capture-warnings.html
=========================== short test summary info ============================
FAILED tests/test_reverse.py::TestReverse::test_model - AssertionError
=================== 1 failed, 2 skipped, 1 warning in 23.41s ===================
</pre></div></div></div></div></div><div class="mb-1" id="job_list___sub_accordion_53"><div class="card"><a data-toggle="collapse" data-target="#job_list___sub_collapse_53_1" aria-expanded="false" aria-controls="job_list___sub_collapse_53_1" href="#" class="job_list___sub_multi_heading"><div role="alert" class="card-header alert-success" id="job_list___sub_heading_53_1"><button class="btn btn-outline-success"><span class="job_id">53 : Job ID 94c3fb9c82b749fabf5a482161e4e884</span></button></div></a><div aria-labelledby="job_list___sub_heading_53_1" data-parent="#job_list___sub_accordion_53" class="collapse job_list___sub_multi_collapse" id="job_list___sub_collapse_53_1"><div class="card-body"><div class="work-item"><div class="alert alert-success test-outcome" role="alert"><p>worker outcome: normal</p><p>test outcome: killed</p></div></div><pre class="location"><a href="pycharm://open?file=source/reverse.py&amp;line=44" class="text-secondary"><button class="btn btn-outline-dark">source/reverse.py, start pos: (44, 11), end pos: (44, 65)</button></a></pre><pre>operator: operators/negate-rasp-sop-constructor, occurrence: 1</pre><div class="alert alert-secondary"><pre class="diff">--- mutation diff ---
--- asource/reverse.py
+++ bsource/reverse.py
@@ -41,5 +41,5 @@
     reverse_selector = rasp.Select(rasp.indices, opp_idx, rasp.Comparison.EQ).named(
         "reverse_selector"
     )
-    return rasp.Aggregate(reverse_selector, sop).named("reverse")
+    return rasp.Aggregate(reverse_selector, sop).named("reverse") * -1
 </pre></div><div class="alert alert-secondary"><pre class="diff">============================= test session starts ==============================
platform linux -- Python 3.10.12, pytest-8.3.4, pluggy-1.5.0
rootdir: /home/andre-silva/RASPing
configfile: pyproject.toml
plugins: anyio-4.8.0
collected 3 items

tests/test_reverse.py ssAccuracy:  0.0
F

=================================== FAILURES ===================================
____________________________ TestReverse.test_model ____________________________

self = &lt;tests.test_reverse.TestReverse object at 0x7f32ddc3fc40&gt;

    def test_model(self):
&gt;       self.test()

tests/test_reverse.py:23: 
_ _ _ _ _ _ _ _ _ _ _ _ _ _ _ _ _ _ _ _ _ _ _ _ _ _ _ _ _ _ _ _ _ _ _ _ _ _ _ _ 

self = &lt;tests.test_reverse.TestReverse object at 0x7f32ddc3fc40&gt;

    @pytest.mark.skip(reason="This is not a test")
    def test(self):
        try:
            model = Model(self.model, self.inputs, self.maxLength, self.name)
        except Exception as e:
            # Survive if the model is not compilable (we want to kill the buggy ones)
            print(str(e))
            # Print message for post-processing
            print("UNCOMPILABLE MODEL")
            return
    
        accuracy = model.evaluateModel(
            self.testing_data, doPrint=False, outputArray=False, useAssert=False
        )
        # Print the accuracy for post-processing
        print("Accuracy: ", accuracy)
&gt;       assert accuracy == 1.0
E       AssertionError

tests/test.py:47: AssertionError
=============================== warnings summary ===============================
../../.venv/lib/python3.10/site-packages/dockerpycreds/utils.py:1
  /home/andre-silva/RASPing/.venv/lib/python3.10/site-packages/dockerpycreds/utils.py:1: DeprecationWarning: The distutils package is deprecated and slated for removal in Python 3.12. Use setuptools or check PEP 632 for potential alternatives
    import distutils.spawn

-- Docs: https://docs.pytest.org/en/stable/how-to/capture-warnings.html
=========================== short test summary info ============================
FAILED tests/test_reverse.py::TestReverse::test_model - AssertionError
=================== 1 failed, 2 skipped, 1 warning in 23.81s ===================
</pre></div></div></div></div></div></div></div></div></div></div><script src="https://code.jquery.com/jquery-3.3.1.slim.min.js" integrity="sha384-q8i/X+965DzO0rT7abK41JStQIAqVgRVzpbzo5smXKp4YfRvH+8abtTE1Pi6jizo" crossorigin="anonymous"></script><script src="https://cdnjs.cloudflare.com/ajax/libs/popper.js/1.14.7/umd/popper.min.js" integrity="sha384-UO2eT0CpHqdSJQ6hJty5KVphtPhzWj9WO1clHTMGa3JDZwrnQq4sF86dIHNDz0W1" crossorigin="anonymous"></script><script src="https://stackpath.bootstrapcdn.com/bootstrap/4.3.1/js/bootstrap.min.js" integrity="sha384-JjSmVgyd0p3pXB1rRibZUAYoIIy6OrQ6VrjIEaFf/nJGzIxFDsf4x0xIM+B07jRM" crossorigin="anonymous"></script><script type="text/javascript">$('div.job_list___sub_multi_collapse').on('shown.bs.collapse',  function () {    correct_behavior_functional_buttons();  });$('div.job_list___sub_multi_collapse').on('hidden.bs.collapse',  function () {    correct_behavior_functional_buttons();  });function correct_behavior_functional_buttons() {    var expand = false;    var collapse = false;    $('a.job_list___sub_multi_heading').each(function(index) {      if ($(this).attr('aria-expanded') == 'false') {        expand = true;        return false;      };    });    $('a.job_list___sub_multi_heading').each(function(index) {      if ($(this).attr('aria-expanded') == 'true') {        collapse = true;        return false;      };    });    if (expand) {      $('div#job_item_expand_all').css('display', 'inline-block');    } else {      $('div#job_item_expand_all').css('display', 'none');    };    if (collapse) {      $('div#job_item_collapse_all').css('display', 'inline-block');    } else {      $('div#job_item_collapse_all').css('display', 'none');    };  };correct_behavior_functional_buttons();</script></body></html>
