<!DOCTYPE html><html lang="en"><head><meta charset="utf-8" /><meta name="viewport" content="width=device-width, initial-scale=1, shrink-to-fit=no" /><link rel="stylesheet" href="https://stackpath.bootstrapcdn.com/bootstrap/4.3.1/css/bootstrap.min.css" integrity="sha384-ggOyR0iXCbMQv3Xipma34MD+dH/1fQ784/j6cY/iJTQUOhcWr7x9JvoRxT2MZw1T" crossorigin="anonymous" /><title>Cosmic Ray Report</title></head><body><div class="container"><h1><p class="text-dark">Cosmic Ray Report</p></h1></div><div class="container"><div class="mb-1" id="summary_info___accordion"><div class="card"><a data-toggle="collapse" data-target="#summary_info___collapse_1" aria-expanded="true" aria-controls="summary_info___collapse_1" href="#"><div class="card-header" id="summary_info___heading_1"><button class="btn btn-outline-dark"><h4 class="m-0">Summary info</h4></button></div></a><div aria-labelledby="summary_info___heading_1" data-parent="#summary_info___accordion" class="collapse show" id="summary_info___collapse_1"><div class="card-body"><p>Date time: 14/02/2025 14:12:18</p><p>Total jobs: 53</p><p>Complete: 53 (100.00%)</p><p>Surviving mutants: 3 (5.66%)</p></div></div></div></div><div class="mb-1" id="job_list___accordion"><div class="card"><a data-toggle="collapse" data-target="#job_list___collapse_1" aria-expanded="false" aria-controls="job_list___collapse_1" href="#"><div class="card-header" id="job_list___heading_1"><button class="btn btn-outline-dark"><h4 class="m-0">Job list</h4></button></div></a><div aria-labelledby="job_list___heading_1" data-parent="#job_list___accordion" class="collapse" id="job_list___collapse_1"><div class="card-body"><div class="text-right mb-1"><div class="mx-1" id="job_item_expand_all"><a href="#" onclick="$('div.job_list___sub_multi_collapse').collapse('show');"><button class="btn btn-outline-dark"><span>Expand All</span></button></a></div><div class="mx-1" id="job_item_collapse_all"><a href="#" onclick="$('div.job_list___sub_multi_collapse').collapse('hide');"><button class="btn btn-outline-dark"><span>Collapse All</span></button></a></div></div><div class="mb-1" id="job_list___sub_accordion_1"><div class="card"><a data-toggle="collapse" data-target="#job_list___sub_collapse_1_1" aria-expanded="false" aria-controls="job_list___sub_collapse_1_1" href="#" class="job_list___sub_multi_heading"><div role="alert" class="card-header alert-success" id="job_list___sub_heading_1_1"><button class="btn btn-outline-success"><span class="job_id">1 : Job ID 9db50f10314547858e52a5aff4bc2be4</span></button></div></a><div aria-labelledby="job_list___sub_heading_1_1" data-parent="#job_list___sub_accordion_1" class="collapse job_list___sub_multi_collapse" id="job_list___sub_collapse_1_1"><div class="card-body"><div class="work-item"><div class="alert alert-success test-outcome" role="alert"><p>worker outcome: normal</p><p>test outcome: killed</p></div></div><pre class="location"><a href="pycharm://open?file=source/reverse.py&amp;line=39" class="text-secondary"><button class="btn btn-outline-dark">source/reverse.py, start pos: (39, 22), end pos: (39, 23)</button></a></pre><pre>operator: core/ReplaceBinaryOperator_Sub_Add, occurrence: 0</pre><div class="alert alert-secondary"><pre class="diff">--- mutation diff ---
--- asource/reverse.py
+++ bsource/reverse.py
@@ -36,7 +36,7 @@
     Returns:
       reverse : SOp that reverses the input sequence.
     """
-    opp_idx = (length - rasp.indices).named("opp_idx")
+    opp_idx = (length + rasp.indices).named("opp_idx")
     opp_idx = (opp_idx - 1).named("opp_idx-1")
     reverse_selector = rasp.Select(rasp.indices, opp_idx, rasp.Comparison.EQ).named(
         "reverse_selector"</pre></div><div class="alert alert-secondary"><pre class="diff">============================= test session starts ==============================
platform linux -- Python 3.10.12, pytest-8.3.4, pluggy-1.5.0
rootdir: /home/andre-silva/RASPing
configfile: pyproject.toml
plugins: anyio-4.8.0
collected 3 items

tests/test_reverse.py ssAccuracy:  0.0
F

=================================== FAILURES ===================================
____________________________ TestReverse.test_model ____________________________

self = &lt;tests.test_reverse.TestReverse object at 0x7f942ee49a80&gt;

    def test_model(self):
&gt;       self.test()

tests/test_reverse.py:23: 
_ _ _ _ _ _ _ _ _ _ _ _ _ _ _ _ _ _ _ _ _ _ _ _ _ _ _ _ _ _ _ _ _ _ _ _ _ _ _ _ 

self = &lt;tests.test_reverse.TestReverse object at 0x7f942ee49a80&gt;

    @pytest.mark.skip(reason="This is not a test")
    def test(self):
        try:
            model = Model(self.model, self.inputs, self.maxLength, self.name)
        except Exception as e:
            # Survive if the model is not compilable (we want to kill the buggy ones)
            print(str(e))
            # Print message for post-processing
            print("UNCOMPILABLE MODEL")
            return
    
        accuracy = model.evaluateModel(
            self.testing_data, doPrint=False, outputArray=False, useAssert=False
        )
        # Print the accuracy for post-processing
        print("Accuracy: ", accuracy)
&gt;       assert accuracy == 1.0
E       AssertionError

tests/test.py:47: AssertionError
=========================== short test summary info ============================
FAILED tests/test_reverse.py::TestReverse::test_model - AssertionError
======================== 1 failed, 2 skipped in 18.44s =========================
</pre></div></div></div></div></div><div class="mb-1" id="job_list___sub_accordion_2"><div class="card"><a data-toggle="collapse" data-target="#job_list___sub_collapse_2_1" aria-expanded="false" aria-controls="job_list___sub_collapse_2_1" href="#" class="job_list___sub_multi_heading"><div role="alert" class="card-header alert-success" id="job_list___sub_heading_2_1"><button class="btn btn-outline-success"><span class="job_id">2 : Job ID f8cf569fa22e41ff9b87270de8ba7d07</span></button></div></a><div aria-labelledby="job_list___sub_heading_2_1" data-parent="#job_list___sub_accordion_2" class="collapse job_list___sub_multi_collapse" id="job_list___sub_collapse_2_1"><div class="card-body"><div class="work-item"><div class="alert alert-success test-outcome" role="alert"><p>worker outcome: normal</p><p>test outcome: killed</p></div></div><pre class="location"><a href="pycharm://open?file=source/reverse.py&amp;line=40" class="text-secondary"><button class="btn btn-outline-dark">source/reverse.py, start pos: (40, 23), end pos: (40, 24)</button></a></pre><pre>operator: core/ReplaceBinaryOperator_Sub_Add, occurrence: 1</pre><div class="alert alert-secondary"><pre class="diff">--- mutation diff ---
--- asource/reverse.py
+++ bsource/reverse.py
@@ -37,7 +37,7 @@
       reverse : SOp that reverses the input sequence.
     """
     opp_idx = (length - rasp.indices).named("opp_idx")
-    opp_idx = (opp_idx - 1).named("opp_idx-1")
+    opp_idx = (opp_idx + 1).named("opp_idx-1")
     reverse_selector = rasp.Select(rasp.indices, opp_idx, rasp.Comparison.EQ).named(
         "reverse_selector"
     )</pre></div><div class="alert alert-secondary"><pre class="diff">============================= test session starts ==============================
platform linux -- Python 3.10.12, pytest-8.3.4, pluggy-1.5.0
rootdir: /home/andre-silva/RASPing
configfile: pyproject.toml
plugins: anyio-4.8.0
collected 3 items

tests/test_reverse.py ssAccuracy:  0.0
F

=================================== FAILURES ===================================
____________________________ TestReverse.test_model ____________________________

self = &lt;tests.test_reverse.TestReverse object at 0x7fdbca369a80&gt;

    def test_model(self):
&gt;       self.test()

tests/test_reverse.py:23: 
_ _ _ _ _ _ _ _ _ _ _ _ _ _ _ _ _ _ _ _ _ _ _ _ _ _ _ _ _ _ _ _ _ _ _ _ _ _ _ _ 

self = &lt;tests.test_reverse.TestReverse object at 0x7fdbca369a80&gt;

    @pytest.mark.skip(reason="This is not a test")
    def test(self):
        try:
            model = Model(self.model, self.inputs, self.maxLength, self.name)
        except Exception as e:
            # Survive if the model is not compilable (we want to kill the buggy ones)
            print(str(e))
            # Print message for post-processing
            print("UNCOMPILABLE MODEL")
            return
    
        accuracy = model.evaluateModel(
            self.testing_data, doPrint=False, outputArray=False, useAssert=False
        )
        # Print the accuracy for post-processing
        print("Accuracy: ", accuracy)
&gt;       assert accuracy == 1.0
E       AssertionError

tests/test.py:47: AssertionError
=========================== short test summary info ============================
FAILED tests/test_reverse.py::TestReverse::test_model - AssertionError
======================== 1 failed, 2 skipped in 18.06s =========================
</pre></div></div></div></div></div><div class="mb-1" id="job_list___sub_accordion_3"><div class="card"><a data-toggle="collapse" data-target="#job_list___sub_collapse_3_1" aria-expanded="false" aria-controls="job_list___sub_collapse_3_1" href="#" class="job_list___sub_multi_heading"><div role="alert" class="card-header alert-success" id="job_list___sub_heading_3_1"><button class="btn btn-outline-success"><span class="job_id">3 : Job ID 530610b0d28d4bc185df99c4fcbc1ffb</span></button></div></a><div aria-labelledby="job_list___sub_heading_3_1" data-parent="#job_list___sub_accordion_3" class="collapse job_list___sub_multi_collapse" id="job_list___sub_collapse_3_1"><div class="card-body"><div class="work-item"><div class="alert alert-success test-outcome" role="alert"><p>worker outcome: normal</p><p>test outcome: killed</p></div></div><pre class="location"><a href="pycharm://open?file=source/reverse.py&amp;line=39" class="text-secondary"><button class="btn btn-outline-dark">source/reverse.py, start pos: (39, 22), end pos: (39, 23)</button></a></pre><pre>operator: core/ReplaceBinaryOperator_Sub_Mul, occurrence: 0</pre><div class="alert alert-secondary"><pre class="diff">--- mutation diff ---
--- asource/reverse.py
+++ bsource/reverse.py
@@ -36,7 +36,7 @@
     Returns:
       reverse : SOp that reverses the input sequence.
     """
-    opp_idx = (length - rasp.indices).named("opp_idx")
+    opp_idx = (length * rasp.indices).named("opp_idx")
     opp_idx = (opp_idx - 1).named("opp_idx-1")
     reverse_selector = rasp.Select(rasp.indices, opp_idx, rasp.Comparison.EQ).named(
         "reverse_selector"</pre></div><div class="alert alert-secondary"><pre class="diff">============================= test session starts ==============================
platform linux -- Python 3.10.12, pytest-8.3.4, pluggy-1.5.0
rootdir: /home/andre-silva/RASPing
configfile: pyproject.toml
plugins: anyio-4.8.0
collected 3 items

tests/test_reverse.py ssAccuracy:  0.0
F

=================================== FAILURES ===================================
____________________________ TestReverse.test_model ____________________________

self = &lt;tests.test_reverse.TestReverse object at 0x7fcf0ff59a80&gt;

    def test_model(self):
&gt;       self.test()

tests/test_reverse.py:23: 
_ _ _ _ _ _ _ _ _ _ _ _ _ _ _ _ _ _ _ _ _ _ _ _ _ _ _ _ _ _ _ _ _ _ _ _ _ _ _ _ 

self = &lt;tests.test_reverse.TestReverse object at 0x7fcf0ff59a80&gt;

    @pytest.mark.skip(reason="This is not a test")
    def test(self):
        try:
            model = Model(self.model, self.inputs, self.maxLength, self.name)
        except Exception as e:
            # Survive if the model is not compilable (we want to kill the buggy ones)
            print(str(e))
            # Print message for post-processing
            print("UNCOMPILABLE MODEL")
            return
    
        accuracy = model.evaluateModel(
            self.testing_data, doPrint=False, outputArray=False, useAssert=False
        )
        # Print the accuracy for post-processing
        print("Accuracy: ", accuracy)
&gt;       assert accuracy == 1.0
E       AssertionError

tests/test.py:47: AssertionError
=========================== short test summary info ============================
FAILED tests/test_reverse.py::TestReverse::test_model - AssertionError
======================== 1 failed, 2 skipped in 22.59s =========================
</pre></div></div></div></div></div><div class="mb-1" id="job_list___sub_accordion_4"><div class="card"><a data-toggle="collapse" data-target="#job_list___sub_collapse_4_1" aria-expanded="false" aria-controls="job_list___sub_collapse_4_1" href="#" class="job_list___sub_multi_heading"><div role="alert" class="card-header alert-success" id="job_list___sub_heading_4_1"><button class="btn btn-outline-success"><span class="job_id">4 : Job ID 41475796919243ffb0dfc23139fa2db1</span></button></div></a><div aria-labelledby="job_list___sub_heading_4_1" data-parent="#job_list___sub_accordion_4" class="collapse job_list___sub_multi_collapse" id="job_list___sub_collapse_4_1"><div class="card-body"><div class="work-item"><div class="alert alert-success test-outcome" role="alert"><p>worker outcome: normal</p><p>test outcome: killed</p></div></div><pre class="location"><a href="pycharm://open?file=source/reverse.py&amp;line=40" class="text-secondary"><button class="btn btn-outline-dark">source/reverse.py, start pos: (40, 23), end pos: (40, 24)</button></a></pre><pre>operator: core/ReplaceBinaryOperator_Sub_Mul, occurrence: 1</pre><div class="alert alert-secondary"><pre class="diff">--- mutation diff ---
--- asource/reverse.py
+++ bsource/reverse.py
@@ -37,7 +37,7 @@
       reverse : SOp that reverses the input sequence.
     """
     opp_idx = (length - rasp.indices).named("opp_idx")
-    opp_idx = (opp_idx - 1).named("opp_idx-1")
+    opp_idx = (opp_idx * 1).named("opp_idx-1")
     reverse_selector = rasp.Select(rasp.indices, opp_idx, rasp.Comparison.EQ).named(
         "reverse_selector"
     )</pre></div><div class="alert alert-secondary"><pre class="diff">============================= test session starts ==============================
platform linux -- Python 3.10.12, pytest-8.3.4, pluggy-1.5.0
rootdir: /home/andre-silva/RASPing
configfile: pyproject.toml
plugins: anyio-4.8.0
collected 3 items

tests/test_reverse.py ssAccuracy:  0.0
F

=================================== FAILURES ===================================
____________________________ TestReverse.test_model ____________________________

self = &lt;tests.test_reverse.TestReverse object at 0x7f089885db70&gt;

    def test_model(self):
&gt;       self.test()

tests/test_reverse.py:23: 
_ _ _ _ _ _ _ _ _ _ _ _ _ _ _ _ _ _ _ _ _ _ _ _ _ _ _ _ _ _ _ _ _ _ _ _ _ _ _ _ 

self = &lt;tests.test_reverse.TestReverse object at 0x7f089885db70&gt;

    @pytest.mark.skip(reason="This is not a test")
    def test(self):
        try:
            model = Model(self.model, self.inputs, self.maxLength, self.name)
        except Exception as e:
            # Survive if the model is not compilable (we want to kill the buggy ones)
            print(str(e))
            # Print message for post-processing
            print("UNCOMPILABLE MODEL")
            return
    
        accuracy = model.evaluateModel(
            self.testing_data, doPrint=False, outputArray=False, useAssert=False
        )
        # Print the accuracy for post-processing
        print("Accuracy: ", accuracy)
&gt;       assert accuracy == 1.0
E       AssertionError

tests/test.py:47: AssertionError
=========================== short test summary info ============================
FAILED tests/test_reverse.py::TestReverse::test_model - AssertionError
======================== 1 failed, 2 skipped in 19.31s =========================
</pre></div></div></div></div></div><div class="mb-1" id="job_list___sub_accordion_5"><div class="card"><a data-toggle="collapse" data-target="#job_list___sub_collapse_5_1" aria-expanded="false" aria-controls="job_list___sub_collapse_5_1" href="#" class="job_list___sub_multi_heading"><div role="alert" class="card-header alert-danger" id="job_list___sub_heading_5_1"><button class="btn btn-outline-danger"><span class="job_id">5 : Job ID 82cb9a4b4a4144f3a3608b8864e43020</span></button></div></a><div aria-labelledby="job_list___sub_heading_5_1" data-parent="#job_list___sub_accordion_5" class="collapse job_list___sub_multi_collapse" id="job_list___sub_collapse_5_1"><div class="card-body"><div class="work-item"><div class="alert alert-danger test-outcome" role="alert"><p>SURVIVED</p><p>worker outcome: normal</p><p>test outcome: survived</p></div></div><pre class="location"><a href="pycharm://open?file=source/reverse.py&amp;line=39" class="text-secondary"><button class="btn btn-outline-dark">source/reverse.py, start pos: (39, 22), end pos: (39, 23)</button></a></pre><pre>operator: core/ReplaceBinaryOperator_Sub_Div, occurrence: 0</pre><div class="alert alert-secondary"><pre class="diff">--- mutation diff ---
--- asource/reverse.py
+++ bsource/reverse.py
@@ -36,7 +36,7 @@
     Returns:
       reverse : SOp that reverses the input sequence.
     """
-    opp_idx = (length - rasp.indices).named("opp_idx")
+    opp_idx = (length / rasp.indices).named("opp_idx")
     opp_idx = (opp_idx - 1).named("opp_idx-1")
     reverse_selector = rasp.Select(rasp.indices, opp_idx, rasp.Comparison.EQ).named(
         "reverse_selector"</pre></div><div class="alert alert-secondary"><pre class="diff">============================= test session starts ==============================
platform linux -- Python 3.10.12, pytest-8.3.4, pluggy-1.5.0
rootdir: /home/andre-silva/RASPing
configfile: pyproject.toml
plugins: anyio-4.8.0
collected 3 items

tests/test_reverse.py ssdivision by zero
UNCOMPILABLE MODEL
.

========================= 1 passed, 2 skipped in 1.89s =========================
</pre></div></div></div></div></div><div class="mb-1" id="job_list___sub_accordion_6"><div class="card"><a data-toggle="collapse" data-target="#job_list___sub_collapse_6_1" aria-expanded="false" aria-controls="job_list___sub_collapse_6_1" href="#" class="job_list___sub_multi_heading"><div role="alert" class="card-header alert-success" id="job_list___sub_heading_6_1"><button class="btn btn-outline-success"><span class="job_id">6 : Job ID 1af648e6628b4ee997edbc6489120f0a</span></button></div></a><div aria-labelledby="job_list___sub_heading_6_1" data-parent="#job_list___sub_accordion_6" class="collapse job_list___sub_multi_collapse" id="job_list___sub_collapse_6_1"><div class="card-body"><div class="work-item"><div class="alert alert-success test-outcome" role="alert"><p>worker outcome: normal</p><p>test outcome: killed</p></div></div><pre class="location"><a href="pycharm://open?file=source/reverse.py&amp;line=40" class="text-secondary"><button class="btn btn-outline-dark">source/reverse.py, start pos: (40, 23), end pos: (40, 24)</button></a></pre><pre>operator: core/ReplaceBinaryOperator_Sub_Div, occurrence: 1</pre><div class="alert alert-secondary"><pre class="diff">--- mutation diff ---
--- asource/reverse.py
+++ bsource/reverse.py
@@ -37,7 +37,7 @@
       reverse : SOp that reverses the input sequence.
     """
     opp_idx = (length - rasp.indices).named("opp_idx")
-    opp_idx = (opp_idx - 1).named("opp_idx-1")
+    opp_idx = (opp_idx / 1).named("opp_idx-1")
     reverse_selector = rasp.Select(rasp.indices, opp_idx, rasp.Comparison.EQ).named(
         "reverse_selector"
     )</pre></div><div class="alert alert-secondary"><pre class="diff">============================= test session starts ==============================
platform linux -- Python 3.10.12, pytest-8.3.4, pluggy-1.5.0
rootdir: /home/andre-silva/RASPing
configfile: pyproject.toml
plugins: anyio-4.8.0
collected 3 items

tests/test_reverse.py ssAccuracy:  0.0
F

=================================== FAILURES ===================================
____________________________ TestReverse.test_model ____________________________

self = &lt;tests.test_reverse.TestReverse object at 0x7fbeabb699f0&gt;

    def test_model(self):
&gt;       self.test()

tests/test_reverse.py:23: 
_ _ _ _ _ _ _ _ _ _ _ _ _ _ _ _ _ _ _ _ _ _ _ _ _ _ _ _ _ _ _ _ _ _ _ _ _ _ _ _ 

self = &lt;tests.test_reverse.TestReverse object at 0x7fbeabb699f0&gt;

    @pytest.mark.skip(reason="This is not a test")
    def test(self):
        try:
            model = Model(self.model, self.inputs, self.maxLength, self.name)
        except Exception as e:
            # Survive if the model is not compilable (we want to kill the buggy ones)
            print(str(e))
            # Print message for post-processing
            print("UNCOMPILABLE MODEL")
            return
    
        accuracy = model.evaluateModel(
            self.testing_data, doPrint=False, outputArray=False, useAssert=False
        )
        # Print the accuracy for post-processing
        print("Accuracy: ", accuracy)
&gt;       assert accuracy == 1.0
E       AssertionError

tests/test.py:47: AssertionError
=========================== short test summary info ============================
FAILED tests/test_reverse.py::TestReverse::test_model - AssertionError
======================== 1 failed, 2 skipped in 17.83s =========================
</pre></div></div></div></div></div><div class="mb-1" id="job_list___sub_accordion_7"><div class="card"><a data-toggle="collapse" data-target="#job_list___sub_collapse_7_1" aria-expanded="false" aria-controls="job_list___sub_collapse_7_1" href="#" class="job_list___sub_multi_heading"><div role="alert" class="card-header alert-success" id="job_list___sub_heading_7_1"><button class="btn btn-outline-success"><span class="job_id">7 : Job ID 0c9e4491d8e54ba3a3d359a005c40990</span></button></div></a><div aria-labelledby="job_list___sub_heading_7_1" data-parent="#job_list___sub_accordion_7" class="collapse job_list___sub_multi_collapse" id="job_list___sub_collapse_7_1"><div class="card-body"><div class="work-item"><div class="alert alert-success test-outcome" role="alert"><p>worker outcome: normal</p><p>test outcome: killed</p></div></div><pre class="location"><a href="pycharm://open?file=source/reverse.py&amp;line=39" class="text-secondary"><button class="btn btn-outline-dark">source/reverse.py, start pos: (39, 22), end pos: (39, 23)</button></a></pre><pre>operator: core/ReplaceBinaryOperator_Sub_FloorDiv, occurrence: 0</pre><div class="alert alert-secondary"><pre class="diff">--- mutation diff ---
--- asource/reverse.py
+++ bsource/reverse.py
@@ -36,7 +36,7 @@
     Returns:
       reverse : SOp that reverses the input sequence.
     """
-    opp_idx = (length - rasp.indices).named("opp_idx")
+    opp_idx = (length // rasp.indices).named("opp_idx")
     opp_idx = (opp_idx - 1).named("opp_idx-1")
     reverse_selector = rasp.Select(rasp.indices, opp_idx, rasp.Comparison.EQ).named(
         "reverse_selector"</pre></div><div class="alert alert-secondary"><pre class="diff">============================= test session starts ==============================
platform linux -- Python 3.10.12, pytest-8.3.4, pluggy-1.5.0
rootdir: /home/andre-silva/RASPing
configfile: pyproject.toml
plugins: anyio-4.8.0
collected 3 items

tests/test_reverse.py ssE

==================================== ERRORS ====================================
___________________ ERROR at setup of TestReverse.test_model ___________________

self = &lt;tests.test_reverse.TestReverse object at 0x7f4f9f2559f0&gt;
method = &lt;bound method TestReverse.test_model of &lt;tests.test_reverse.TestReverse object at 0x7f4f9f2559f0&gt;&gt;

    def setup_method(self, method):
&gt;       self.__setup__(make_reverse(rasp.tokens), "reverse")

tests/test_reverse.py:20: 
_ _ _ _ _ _ _ _ _ _ _ _ _ _ _ _ _ _ _ _ _ _ _ _ _ _ _ _ _ _ _ _ _ _ _ _ _ _ _ _ 

sop = tokens

    def make_reverse(sop: rasp.SOp) -&gt; rasp.SOp:
        """Create an SOp that reverses a sequence, using length primitive.
    
        Example usage:
          reverse = make_reverse(rasp.tokens)
          reverse("Hello")
          &gt;&gt; ['o', 'l', 'l', 'e', 'H']
    
        Args:
          sop: an SOp
    
        Returns:
          reverse : SOp that reverses the input sequence.
        """
&gt;       opp_idx = (length // rasp.indices).named("opp_idx")
E       TypeError: unsupported operand type(s) for //: 'SelectorWidth' and 'IndicesType'

source/reverse.py:39: TypeError
=========================== short test summary info ============================
ERROR tests/test_reverse.py::TestReverse::test_model - TypeError: unsupported...
========================= 2 skipped, 1 error in 1.95s ==========================
</pre></div></div></div></div></div><div class="mb-1" id="job_list___sub_accordion_8"><div class="card"><a data-toggle="collapse" data-target="#job_list___sub_collapse_8_1" aria-expanded="false" aria-controls="job_list___sub_collapse_8_1" href="#" class="job_list___sub_multi_heading"><div role="alert" class="card-header alert-success" id="job_list___sub_heading_8_1"><button class="btn btn-outline-success"><span class="job_id">8 : Job ID 52f6692c77eb495da9ede2898324df18</span></button></div></a><div aria-labelledby="job_list___sub_heading_8_1" data-parent="#job_list___sub_accordion_8" class="collapse job_list___sub_multi_collapse" id="job_list___sub_collapse_8_1"><div class="card-body"><div class="work-item"><div class="alert alert-success test-outcome" role="alert"><p>worker outcome: normal</p><p>test outcome: killed</p></div></div><pre class="location"><a href="pycharm://open?file=source/reverse.py&amp;line=40" class="text-secondary"><button class="btn btn-outline-dark">source/reverse.py, start pos: (40, 23), end pos: (40, 24)</button></a></pre><pre>operator: core/ReplaceBinaryOperator_Sub_FloorDiv, occurrence: 1</pre><div class="alert alert-secondary"><pre class="diff">--- mutation diff ---
--- asource/reverse.py
+++ bsource/reverse.py
@@ -37,7 +37,7 @@
       reverse : SOp that reverses the input sequence.
     """
     opp_idx = (length - rasp.indices).named("opp_idx")
-    opp_idx = (opp_idx - 1).named("opp_idx-1")
+    opp_idx = (opp_idx // 1).named("opp_idx-1")
     reverse_selector = rasp.Select(rasp.indices, opp_idx, rasp.Comparison.EQ).named(
         "reverse_selector"
     )</pre></div><div class="alert alert-secondary"><pre class="diff">============================= test session starts ==============================
platform linux -- Python 3.10.12, pytest-8.3.4, pluggy-1.5.0
rootdir: /home/andre-silva/RASPing
configfile: pyproject.toml
plugins: anyio-4.8.0
collected 3 items

tests/test_reverse.py ssE

==================================== ERRORS ====================================
___________________ ERROR at setup of TestReverse.test_model ___________________

self = &lt;tests.test_reverse.TestReverse object at 0x7f809717d960&gt;
method = &lt;bound method TestReverse.test_model of &lt;tests.test_reverse.TestReverse object at 0x7f809717d960&gt;&gt;

    def setup_method(self, method):
&gt;       self.__setup__(make_reverse(rasp.tokens), "reverse")

tests/test_reverse.py:20: 
_ _ _ _ _ _ _ _ _ _ _ _ _ _ _ _ _ _ _ _ _ _ _ _ _ _ _ _ _ _ _ _ _ _ _ _ _ _ _ _ 

sop = tokens

    def make_reverse(sop: rasp.SOp) -&gt; rasp.SOp:
        """Create an SOp that reverses a sequence, using length primitive.
    
        Example usage:
          reverse = make_reverse(rasp.tokens)
          reverse("Hello")
          &gt;&gt; ['o', 'l', 'l', 'e', 'H']
    
        Args:
          sop: an SOp
    
        Returns:
          reverse : SOp that reverses the input sequence.
        """
        opp_idx = (length - rasp.indices).named("opp_idx")
&gt;       opp_idx = (opp_idx // 1).named("opp_idx-1")
E       TypeError: unsupported operand type(s) for //: 'SequenceMap' and 'int'

source/reverse.py:40: TypeError
=========================== short test summary info ============================
ERROR tests/test_reverse.py::TestReverse::test_model - TypeError: unsupported...
========================= 2 skipped, 1 error in 1.92s ==========================
</pre></div></div></div></div></div><div class="mb-1" id="job_list___sub_accordion_9"><div class="card"><a data-toggle="collapse" data-target="#job_list___sub_collapse_9_1" aria-expanded="false" aria-controls="job_list___sub_collapse_9_1" href="#" class="job_list___sub_multi_heading"><div role="alert" class="card-header alert-success" id="job_list___sub_heading_9_1"><button class="btn btn-outline-success"><span class="job_id">9 : Job ID f874b113972e4ac6b7bc0425faa9563b</span></button></div></a><div aria-labelledby="job_list___sub_heading_9_1" data-parent="#job_list___sub_accordion_9" class="collapse job_list___sub_multi_collapse" id="job_list___sub_collapse_9_1"><div class="card-body"><div class="work-item"><div class="alert alert-success test-outcome" role="alert"><p>worker outcome: normal</p><p>test outcome: killed</p></div></div><pre class="location"><a href="pycharm://open?file=source/reverse.py&amp;line=39" class="text-secondary"><button class="btn btn-outline-dark">source/reverse.py, start pos: (39, 22), end pos: (39, 23)</button></a></pre><pre>operator: core/ReplaceBinaryOperator_Sub_Mod, occurrence: 0</pre><div class="alert alert-secondary"><pre class="diff">--- mutation diff ---
--- asource/reverse.py
+++ bsource/reverse.py
@@ -36,7 +36,7 @@
     Returns:
       reverse : SOp that reverses the input sequence.
     """
-    opp_idx = (length - rasp.indices).named("opp_idx")
+    opp_idx = (length % rasp.indices).named("opp_idx")
     opp_idx = (opp_idx - 1).named("opp_idx-1")
     reverse_selector = rasp.Select(rasp.indices, opp_idx, rasp.Comparison.EQ).named(
         "reverse_selector"</pre></div><div class="alert alert-secondary"><pre class="diff">============================= test session starts ==============================
platform linux -- Python 3.10.12, pytest-8.3.4, pluggy-1.5.0
rootdir: /home/andre-silva/RASPing
configfile: pyproject.toml
plugins: anyio-4.8.0
collected 3 items

tests/test_reverse.py ssE

==================================== ERRORS ====================================
___________________ ERROR at setup of TestReverse.test_model ___________________

self = &lt;tests.test_reverse.TestReverse object at 0x7ff177a49900&gt;
method = &lt;bound method TestReverse.test_model of &lt;tests.test_reverse.TestReverse object at 0x7ff177a49900&gt;&gt;

    def setup_method(self, method):
&gt;       self.__setup__(make_reverse(rasp.tokens), "reverse")

tests/test_reverse.py:20: 
_ _ _ _ _ _ _ _ _ _ _ _ _ _ _ _ _ _ _ _ _ _ _ _ _ _ _ _ _ _ _ _ _ _ _ _ _ _ _ _ 

sop = tokens

    def make_reverse(sop: rasp.SOp) -&gt; rasp.SOp:
        """Create an SOp that reverses a sequence, using length primitive.
    
        Example usage:
          reverse = make_reverse(rasp.tokens)
          reverse("Hello")
          &gt;&gt; ['o', 'l', 'l', 'e', 'H']
    
        Args:
          sop: an SOp
    
        Returns:
          reverse : SOp that reverses the input sequence.
        """
&gt;       opp_idx = (length % rasp.indices).named("opp_idx")
E       TypeError: unsupported operand type(s) for %: 'SelectorWidth' and 'IndicesType'

source/reverse.py:39: TypeError
=========================== short test summary info ============================
ERROR tests/test_reverse.py::TestReverse::test_model - TypeError: unsupported...
========================= 2 skipped, 1 error in 1.98s ==========================
</pre></div></div></div></div></div><div class="mb-1" id="job_list___sub_accordion_10"><div class="card"><a data-toggle="collapse" data-target="#job_list___sub_collapse_10_1" aria-expanded="false" aria-controls="job_list___sub_collapse_10_1" href="#" class="job_list___sub_multi_heading"><div role="alert" class="card-header alert-success" id="job_list___sub_heading_10_1"><button class="btn btn-outline-success"><span class="job_id">10 : Job ID 2f44a1eece5d47e2b70377eec07d4ba1</span></button></div></a><div aria-labelledby="job_list___sub_heading_10_1" data-parent="#job_list___sub_accordion_10" class="collapse job_list___sub_multi_collapse" id="job_list___sub_collapse_10_1"><div class="card-body"><div class="work-item"><div class="alert alert-success test-outcome" role="alert"><p>worker outcome: normal</p><p>test outcome: killed</p></div></div><pre class="location"><a href="pycharm://open?file=source/reverse.py&amp;line=40" class="text-secondary"><button class="btn btn-outline-dark">source/reverse.py, start pos: (40, 23), end pos: (40, 24)</button></a></pre><pre>operator: core/ReplaceBinaryOperator_Sub_Mod, occurrence: 1</pre><div class="alert alert-secondary"><pre class="diff">--- mutation diff ---
--- asource/reverse.py
+++ bsource/reverse.py
@@ -37,7 +37,7 @@
       reverse : SOp that reverses the input sequence.
     """
     opp_idx = (length - rasp.indices).named("opp_idx")
-    opp_idx = (opp_idx - 1).named("opp_idx-1")
+    opp_idx = (opp_idx % 1).named("opp_idx-1")
     reverse_selector = rasp.Select(rasp.indices, opp_idx, rasp.Comparison.EQ).named(
         "reverse_selector"
     )</pre></div><div class="alert alert-secondary"><pre class="diff">============================= test session starts ==============================
platform linux -- Python 3.10.12, pytest-8.3.4, pluggy-1.5.0
rootdir: /home/andre-silva/RASPing
configfile: pyproject.toml
plugins: anyio-4.8.0
collected 3 items

tests/test_reverse.py ssE

==================================== ERRORS ====================================
___________________ ERROR at setup of TestReverse.test_model ___________________

self = &lt;tests.test_reverse.TestReverse object at 0x7f0521369ae0&gt;
method = &lt;bound method TestReverse.test_model of &lt;tests.test_reverse.TestReverse object at 0x7f0521369ae0&gt;&gt;

    def setup_method(self, method):
&gt;       self.__setup__(make_reverse(rasp.tokens), "reverse")

tests/test_reverse.py:20: 
_ _ _ _ _ _ _ _ _ _ _ _ _ _ _ _ _ _ _ _ _ _ _ _ _ _ _ _ _ _ _ _ _ _ _ _ _ _ _ _ 

sop = tokens

    def make_reverse(sop: rasp.SOp) -&gt; rasp.SOp:
        """Create an SOp that reverses a sequence, using length primitive.
    
        Example usage:
          reverse = make_reverse(rasp.tokens)
          reverse("Hello")
          &gt;&gt; ['o', 'l', 'l', 'e', 'H']
    
        Args:
          sop: an SOp
    
        Returns:
          reverse : SOp that reverses the input sequence.
        """
        opp_idx = (length - rasp.indices).named("opp_idx")
&gt;       opp_idx = (opp_idx % 1).named("opp_idx-1")
E       TypeError: unsupported operand type(s) for %: 'SequenceMap' and 'int'

source/reverse.py:40: TypeError
=========================== short test summary info ============================
ERROR tests/test_reverse.py::TestReverse::test_model - TypeError: unsupported...
========================= 2 skipped, 1 error in 1.98s ==========================
</pre></div></div></div></div></div><div class="mb-1" id="job_list___sub_accordion_11"><div class="card"><a data-toggle="collapse" data-target="#job_list___sub_collapse_11_1" aria-expanded="false" aria-controls="job_list___sub_collapse_11_1" href="#" class="job_list___sub_multi_heading"><div role="alert" class="card-header alert-success" id="job_list___sub_heading_11_1"><button class="btn btn-outline-success"><span class="job_id">11 : Job ID 1e18d1df3d584843aee0899c643aa38c</span></button></div></a><div aria-labelledby="job_list___sub_heading_11_1" data-parent="#job_list___sub_accordion_11" class="collapse job_list___sub_multi_collapse" id="job_list___sub_collapse_11_1"><div class="card-body"><div class="work-item"><div class="alert alert-success test-outcome" role="alert"><p>worker outcome: normal</p><p>test outcome: killed</p></div></div><pre class="location"><a href="pycharm://open?file=source/reverse.py&amp;line=39" class="text-secondary"><button class="btn btn-outline-dark">source/reverse.py, start pos: (39, 22), end pos: (39, 23)</button></a></pre><pre>operator: core/ReplaceBinaryOperator_Sub_Pow, occurrence: 0</pre><div class="alert alert-secondary"><pre class="diff">--- mutation diff ---
--- asource/reverse.py
+++ bsource/reverse.py
@@ -36,7 +36,7 @@
     Returns:
       reverse : SOp that reverses the input sequence.
     """
-    opp_idx = (length - rasp.indices).named("opp_idx")
+    opp_idx = (length ** rasp.indices).named("opp_idx")
     opp_idx = (opp_idx - 1).named("opp_idx-1")
     reverse_selector = rasp.Select(rasp.indices, opp_idx, rasp.Comparison.EQ).named(
         "reverse_selector"</pre></div><div class="alert alert-secondary"><pre class="diff">============================= test session starts ==============================
platform linux -- Python 3.10.12, pytest-8.3.4, pluggy-1.5.0
rootdir: /home/andre-silva/RASPing
configfile: pyproject.toml
plugins: anyio-4.8.0
collected 3 items

tests/test_reverse.py ssE

==================================== ERRORS ====================================
___________________ ERROR at setup of TestReverse.test_model ___________________

self = &lt;tests.test_reverse.TestReverse object at 0x7fba16c41ab0&gt;
method = &lt;bound method TestReverse.test_model of &lt;tests.test_reverse.TestReverse object at 0x7fba16c41ab0&gt;&gt;

    def setup_method(self, method):
&gt;       self.__setup__(make_reverse(rasp.tokens), "reverse")

tests/test_reverse.py:20: 
_ _ _ _ _ _ _ _ _ _ _ _ _ _ _ _ _ _ _ _ _ _ _ _ _ _ _ _ _ _ _ _ _ _ _ _ _ _ _ _ 

sop = tokens

    def make_reverse(sop: rasp.SOp) -&gt; rasp.SOp:
        """Create an SOp that reverses a sequence, using length primitive.
    
        Example usage:
          reverse = make_reverse(rasp.tokens)
          reverse("Hello")
          &gt;&gt; ['o', 'l', 'l', 'e', 'H']
    
        Args:
          sop: an SOp
    
        Returns:
          reverse : SOp that reverses the input sequence.
        """
&gt;       opp_idx = (length ** rasp.indices).named("opp_idx")
E       TypeError: unsupported operand type(s) for ** or pow(): 'SelectorWidth' and 'IndicesType'

source/reverse.py:39: TypeError
=========================== short test summary info ============================
ERROR tests/test_reverse.py::TestReverse::test_model - TypeError: unsupported...
========================= 2 skipped, 1 error in 2.01s ==========================
</pre></div></div></div></div></div><div class="mb-1" id="job_list___sub_accordion_12"><div class="card"><a data-toggle="collapse" data-target="#job_list___sub_collapse_12_1" aria-expanded="false" aria-controls="job_list___sub_collapse_12_1" href="#" class="job_list___sub_multi_heading"><div role="alert" class="card-header alert-success" id="job_list___sub_heading_12_1"><button class="btn btn-outline-success"><span class="job_id">12 : Job ID 3aaa8450ef9147c9bc59d95099a29eb5</span></button></div></a><div aria-labelledby="job_list___sub_heading_12_1" data-parent="#job_list___sub_accordion_12" class="collapse job_list___sub_multi_collapse" id="job_list___sub_collapse_12_1"><div class="card-body"><div class="work-item"><div class="alert alert-success test-outcome" role="alert"><p>worker outcome: normal</p><p>test outcome: killed</p></div></div><pre class="location"><a href="pycharm://open?file=source/reverse.py&amp;line=40" class="text-secondary"><button class="btn btn-outline-dark">source/reverse.py, start pos: (40, 23), end pos: (40, 24)</button></a></pre><pre>operator: core/ReplaceBinaryOperator_Sub_Pow, occurrence: 1</pre><div class="alert alert-secondary"><pre class="diff">--- mutation diff ---
--- asource/reverse.py
+++ bsource/reverse.py
@@ -37,7 +37,7 @@
       reverse : SOp that reverses the input sequence.
     """
     opp_idx = (length - rasp.indices).named("opp_idx")
-    opp_idx = (opp_idx - 1).named("opp_idx-1")
+    opp_idx = (opp_idx ** 1).named("opp_idx-1")
     reverse_selector = rasp.Select(rasp.indices, opp_idx, rasp.Comparison.EQ).named(
         "reverse_selector"
     )</pre></div><div class="alert alert-secondary"><pre class="diff">============================= test session starts ==============================
platform linux -- Python 3.10.12, pytest-8.3.4, pluggy-1.5.0
rootdir: /home/andre-silva/RASPing
configfile: pyproject.toml
plugins: anyio-4.8.0
collected 3 items

tests/test_reverse.py ssE

==================================== ERRORS ====================================
___________________ ERROR at setup of TestReverse.test_model ___________________

self = &lt;tests.test_reverse.TestReverse object at 0x7f7d00171b10&gt;
method = &lt;bound method TestReverse.test_model of &lt;tests.test_reverse.TestReverse object at 0x7f7d00171b10&gt;&gt;

    def setup_method(self, method):
&gt;       self.__setup__(make_reverse(rasp.tokens), "reverse")

tests/test_reverse.py:20: 
_ _ _ _ _ _ _ _ _ _ _ _ _ _ _ _ _ _ _ _ _ _ _ _ _ _ _ _ _ _ _ _ _ _ _ _ _ _ _ _ 

sop = tokens

    def make_reverse(sop: rasp.SOp) -&gt; rasp.SOp:
        """Create an SOp that reverses a sequence, using length primitive.
    
        Example usage:
          reverse = make_reverse(rasp.tokens)
          reverse("Hello")
          &gt;&gt; ['o', 'l', 'l', 'e', 'H']
    
        Args:
          sop: an SOp
    
        Returns:
          reverse : SOp that reverses the input sequence.
        """
        opp_idx = (length - rasp.indices).named("opp_idx")
&gt;       opp_idx = (opp_idx ** 1).named("opp_idx-1")
E       TypeError: unsupported operand type(s) for ** or pow(): 'SequenceMap' and 'int'

source/reverse.py:40: TypeError
=========================== short test summary info ============================
ERROR tests/test_reverse.py::TestReverse::test_model - TypeError: unsupported...
========================= 2 skipped, 1 error in 1.96s ==========================
</pre></div></div></div></div></div><div class="mb-1" id="job_list___sub_accordion_13"><div class="card"><a data-toggle="collapse" data-target="#job_list___sub_collapse_13_1" aria-expanded="false" aria-controls="job_list___sub_collapse_13_1" href="#" class="job_list___sub_multi_heading"><div role="alert" class="card-header alert-success" id="job_list___sub_heading_13_1"><button class="btn btn-outline-success"><span class="job_id">13 : Job ID 696720762dbc42a4853f71d97e0cd9ee</span></button></div></a><div aria-labelledby="job_list___sub_heading_13_1" data-parent="#job_list___sub_accordion_13" class="collapse job_list___sub_multi_collapse" id="job_list___sub_collapse_13_1"><div class="card-body"><div class="work-item"><div class="alert alert-success test-outcome" role="alert"><p>worker outcome: normal</p><p>test outcome: killed</p></div></div><pre class="location"><a href="pycharm://open?file=source/reverse.py&amp;line=39" class="text-secondary"><button class="btn btn-outline-dark">source/reverse.py, start pos: (39, 22), end pos: (39, 23)</button></a></pre><pre>operator: core/ReplaceBinaryOperator_Sub_RShift, occurrence: 0</pre><div class="alert alert-secondary"><pre class="diff">--- mutation diff ---
--- asource/reverse.py
+++ bsource/reverse.py
@@ -36,7 +36,7 @@
     Returns:
       reverse : SOp that reverses the input sequence.
     """
-    opp_idx = (length - rasp.indices).named("opp_idx")
+    opp_idx = (length &gt;&gt; rasp.indices).named("opp_idx")
     opp_idx = (opp_idx - 1).named("opp_idx-1")
     reverse_selector = rasp.Select(rasp.indices, opp_idx, rasp.Comparison.EQ).named(
         "reverse_selector"</pre></div><div class="alert alert-secondary"><pre class="diff">============================= test session starts ==============================
platform linux -- Python 3.10.12, pytest-8.3.4, pluggy-1.5.0
rootdir: /home/andre-silva/RASPing
configfile: pyproject.toml
plugins: anyio-4.8.0
collected 3 items

tests/test_reverse.py ssE

==================================== ERRORS ====================================
___________________ ERROR at setup of TestReverse.test_model ___________________

self = &lt;tests.test_reverse.TestReverse object at 0x7f667dd69ab0&gt;
method = &lt;bound method TestReverse.test_model of &lt;tests.test_reverse.TestReverse object at 0x7f667dd69ab0&gt;&gt;

    def setup_method(self, method):
&gt;       self.__setup__(make_reverse(rasp.tokens), "reverse")

tests/test_reverse.py:20: 
_ _ _ _ _ _ _ _ _ _ _ _ _ _ _ _ _ _ _ _ _ _ _ _ _ _ _ _ _ _ _ _ _ _ _ _ _ _ _ _ 

sop = tokens

    def make_reverse(sop: rasp.SOp) -&gt; rasp.SOp:
        """Create an SOp that reverses a sequence, using length primitive.
    
        Example usage:
          reverse = make_reverse(rasp.tokens)
          reverse("Hello")
          &gt;&gt; ['o', 'l', 'l', 'e', 'H']
    
        Args:
          sop: an SOp
    
        Returns:
          reverse : SOp that reverses the input sequence.
        """
&gt;       opp_idx = (length &gt;&gt; rasp.indices).named("opp_idx")
E       TypeError: unsupported operand type(s) for &gt;&gt;: 'SelectorWidth' and 'IndicesType'

source/reverse.py:39: TypeError
=========================== short test summary info ============================
ERROR tests/test_reverse.py::TestReverse::test_model - TypeError: unsupported...
========================= 2 skipped, 1 error in 1.97s ==========================
</pre></div></div></div></div></div><div class="mb-1" id="job_list___sub_accordion_14"><div class="card"><a data-toggle="collapse" data-target="#job_list___sub_collapse_14_1" aria-expanded="false" aria-controls="job_list___sub_collapse_14_1" href="#" class="job_list___sub_multi_heading"><div role="alert" class="card-header alert-success" id="job_list___sub_heading_14_1"><button class="btn btn-outline-success"><span class="job_id">14 : Job ID 7cdae9ca27c24a6b93200ed62712ff1f</span></button></div></a><div aria-labelledby="job_list___sub_heading_14_1" data-parent="#job_list___sub_accordion_14" class="collapse job_list___sub_multi_collapse" id="job_list___sub_collapse_14_1"><div class="card-body"><div class="work-item"><div class="alert alert-success test-outcome" role="alert"><p>worker outcome: normal</p><p>test outcome: killed</p></div></div><pre class="location"><a href="pycharm://open?file=source/reverse.py&amp;line=40" class="text-secondary"><button class="btn btn-outline-dark">source/reverse.py, start pos: (40, 23), end pos: (40, 24)</button></a></pre><pre>operator: core/ReplaceBinaryOperator_Sub_RShift, occurrence: 1</pre><div class="alert alert-secondary"><pre class="diff">--- mutation diff ---
--- asource/reverse.py
+++ bsource/reverse.py
@@ -37,7 +37,7 @@
       reverse : SOp that reverses the input sequence.
     """
     opp_idx = (length - rasp.indices).named("opp_idx")
-    opp_idx = (opp_idx - 1).named("opp_idx-1")
+    opp_idx = (opp_idx &gt;&gt; 1).named("opp_idx-1")
     reverse_selector = rasp.Select(rasp.indices, opp_idx, rasp.Comparison.EQ).named(
         "reverse_selector"
     )</pre></div><div class="alert alert-secondary"><pre class="diff">============================= test session starts ==============================
platform linux -- Python 3.10.12, pytest-8.3.4, pluggy-1.5.0
rootdir: /home/andre-silva/RASPing
configfile: pyproject.toml
plugins: anyio-4.8.0
collected 3 items

tests/test_reverse.py ssE

==================================== ERRORS ====================================
___________________ ERROR at setup of TestReverse.test_model ___________________

self = &lt;tests.test_reverse.TestReverse object at 0x7f9a68b81930&gt;
method = &lt;bound method TestReverse.test_model of &lt;tests.test_reverse.TestReverse object at 0x7f9a68b81930&gt;&gt;

    def setup_method(self, method):
&gt;       self.__setup__(make_reverse(rasp.tokens), "reverse")

tests/test_reverse.py:20: 
_ _ _ _ _ _ _ _ _ _ _ _ _ _ _ _ _ _ _ _ _ _ _ _ _ _ _ _ _ _ _ _ _ _ _ _ _ _ _ _ 

sop = tokens

    def make_reverse(sop: rasp.SOp) -&gt; rasp.SOp:
        """Create an SOp that reverses a sequence, using length primitive.
    
        Example usage:
          reverse = make_reverse(rasp.tokens)
          reverse("Hello")
          &gt;&gt; ['o', 'l', 'l', 'e', 'H']
    
        Args:
          sop: an SOp
    
        Returns:
          reverse : SOp that reverses the input sequence.
        """
        opp_idx = (length - rasp.indices).named("opp_idx")
&gt;       opp_idx = (opp_idx &gt;&gt; 1).named("opp_idx-1")
E       TypeError: unsupported operand type(s) for &gt;&gt;: 'SequenceMap' and 'int'

source/reverse.py:40: TypeError
=========================== short test summary info ============================
ERROR tests/test_reverse.py::TestReverse::test_model - TypeError: unsupported...
========================= 2 skipped, 1 error in 1.98s ==========================
</pre></div></div></div></div></div><div class="mb-1" id="job_list___sub_accordion_15"><div class="card"><a data-toggle="collapse" data-target="#job_list___sub_collapse_15_1" aria-expanded="false" aria-controls="job_list___sub_collapse_15_1" href="#" class="job_list___sub_multi_heading"><div role="alert" class="card-header alert-success" id="job_list___sub_heading_15_1"><button class="btn btn-outline-success"><span class="job_id">15 : Job ID 94b3445229ab430ea4853fca9eda3a00</span></button></div></a><div aria-labelledby="job_list___sub_heading_15_1" data-parent="#job_list___sub_accordion_15" class="collapse job_list___sub_multi_collapse" id="job_list___sub_collapse_15_1"><div class="card-body"><div class="work-item"><div class="alert alert-success test-outcome" role="alert"><p>worker outcome: normal</p><p>test outcome: killed</p></div></div><pre class="location"><a href="pycharm://open?file=source/reverse.py&amp;line=39" class="text-secondary"><button class="btn btn-outline-dark">source/reverse.py, start pos: (39, 22), end pos: (39, 23)</button></a></pre><pre>operator: core/ReplaceBinaryOperator_Sub_LShift, occurrence: 0</pre><div class="alert alert-secondary"><pre class="diff">--- mutation diff ---
--- asource/reverse.py
+++ bsource/reverse.py
@@ -36,7 +36,7 @@
     Returns:
       reverse : SOp that reverses the input sequence.
     """
-    opp_idx = (length - rasp.indices).named("opp_idx")
+    opp_idx = (length &lt;&lt; rasp.indices).named("opp_idx")
     opp_idx = (opp_idx - 1).named("opp_idx-1")
     reverse_selector = rasp.Select(rasp.indices, opp_idx, rasp.Comparison.EQ).named(
         "reverse_selector"</pre></div><div class="alert alert-secondary"><pre class="diff">============================= test session starts ==============================
platform linux -- Python 3.10.12, pytest-8.3.4, pluggy-1.5.0
rootdir: /home/andre-silva/RASPing
configfile: pyproject.toml
plugins: anyio-4.8.0
collected 3 items

tests/test_reverse.py ssE

==================================== ERRORS ====================================
___________________ ERROR at setup of TestReverse.test_model ___________________

self = &lt;tests.test_reverse.TestReverse object at 0x7f10fb375840&gt;
method = &lt;bound method TestReverse.test_model of &lt;tests.test_reverse.TestReverse object at 0x7f10fb375840&gt;&gt;

    def setup_method(self, method):
&gt;       self.__setup__(make_reverse(rasp.tokens), "reverse")

tests/test_reverse.py:20: 
_ _ _ _ _ _ _ _ _ _ _ _ _ _ _ _ _ _ _ _ _ _ _ _ _ _ _ _ _ _ _ _ _ _ _ _ _ _ _ _ 

sop = tokens

    def make_reverse(sop: rasp.SOp) -&gt; rasp.SOp:
        """Create an SOp that reverses a sequence, using length primitive.
    
        Example usage:
          reverse = make_reverse(rasp.tokens)
          reverse("Hello")
          &gt;&gt; ['o', 'l', 'l', 'e', 'H']
    
        Args:
          sop: an SOp
    
        Returns:
          reverse : SOp that reverses the input sequence.
        """
&gt;       opp_idx = (length &lt;&lt; rasp.indices).named("opp_idx")
E       TypeError: unsupported operand type(s) for &lt;&lt;: 'SelectorWidth' and 'IndicesType'

source/reverse.py:39: TypeError
=========================== short test summary info ============================
ERROR tests/test_reverse.py::TestReverse::test_model - TypeError: unsupported...
========================= 2 skipped, 1 error in 1.97s ==========================
</pre></div></div></div></div></div><div class="mb-1" id="job_list___sub_accordion_16"><div class="card"><a data-toggle="collapse" data-target="#job_list___sub_collapse_16_1" aria-expanded="false" aria-controls="job_list___sub_collapse_16_1" href="#" class="job_list___sub_multi_heading"><div role="alert" class="card-header alert-success" id="job_list___sub_heading_16_1"><button class="btn btn-outline-success"><span class="job_id">16 : Job ID 261754db84e84cf987e06fe68442102b</span></button></div></a><div aria-labelledby="job_list___sub_heading_16_1" data-parent="#job_list___sub_accordion_16" class="collapse job_list___sub_multi_collapse" id="job_list___sub_collapse_16_1"><div class="card-body"><div class="work-item"><div class="alert alert-success test-outcome" role="alert"><p>worker outcome: normal</p><p>test outcome: killed</p></div></div><pre class="location"><a href="pycharm://open?file=source/reverse.py&amp;line=40" class="text-secondary"><button class="btn btn-outline-dark">source/reverse.py, start pos: (40, 23), end pos: (40, 24)</button></a></pre><pre>operator: core/ReplaceBinaryOperator_Sub_LShift, occurrence: 1</pre><div class="alert alert-secondary"><pre class="diff">--- mutation diff ---
--- asource/reverse.py
+++ bsource/reverse.py
@@ -37,7 +37,7 @@
       reverse : SOp that reverses the input sequence.
     """
     opp_idx = (length - rasp.indices).named("opp_idx")
-    opp_idx = (opp_idx - 1).named("opp_idx-1")
+    opp_idx = (opp_idx &lt;&lt; 1).named("opp_idx-1")
     reverse_selector = rasp.Select(rasp.indices, opp_idx, rasp.Comparison.EQ).named(
         "reverse_selector"
     )</pre></div><div class="alert alert-secondary"><pre class="diff">============================= test session starts ==============================
platform linux -- Python 3.10.12, pytest-8.3.4, pluggy-1.5.0
rootdir: /home/andre-silva/RASPing
configfile: pyproject.toml
plugins: anyio-4.8.0
collected 3 items

tests/test_reverse.py ssE

==================================== ERRORS ====================================
___________________ ERROR at setup of TestReverse.test_model ___________________

self = &lt;tests.test_reverse.TestReverse object at 0x7fe123c51b70&gt;
method = &lt;bound method TestReverse.test_model of &lt;tests.test_reverse.TestReverse object at 0x7fe123c51b70&gt;&gt;

    def setup_method(self, method):
&gt;       self.__setup__(make_reverse(rasp.tokens), "reverse")

tests/test_reverse.py:20: 
_ _ _ _ _ _ _ _ _ _ _ _ _ _ _ _ _ _ _ _ _ _ _ _ _ _ _ _ _ _ _ _ _ _ _ _ _ _ _ _ 

sop = tokens

    def make_reverse(sop: rasp.SOp) -&gt; rasp.SOp:
        """Create an SOp that reverses a sequence, using length primitive.
    
        Example usage:
          reverse = make_reverse(rasp.tokens)
          reverse("Hello")
          &gt;&gt; ['o', 'l', 'l', 'e', 'H']
    
        Args:
          sop: an SOp
    
        Returns:
          reverse : SOp that reverses the input sequence.
        """
        opp_idx = (length - rasp.indices).named("opp_idx")
&gt;       opp_idx = (opp_idx &lt;&lt; 1).named("opp_idx-1")
E       TypeError: unsupported operand type(s) for &lt;&lt;: 'SequenceMap' and 'int'

source/reverse.py:40: TypeError
=========================== short test summary info ============================
ERROR tests/test_reverse.py::TestReverse::test_model - TypeError: unsupported...
========================= 2 skipped, 1 error in 1.98s ==========================
</pre></div></div></div></div></div><div class="mb-1" id="job_list___sub_accordion_17"><div class="card"><a data-toggle="collapse" data-target="#job_list___sub_collapse_17_1" aria-expanded="false" aria-controls="job_list___sub_collapse_17_1" href="#" class="job_list___sub_multi_heading"><div role="alert" class="card-header alert-success" id="job_list___sub_heading_17_1"><button class="btn btn-outline-success"><span class="job_id">17 : Job ID ea122320afb54f7f8069b946a61cf9e2</span></button></div></a><div aria-labelledby="job_list___sub_heading_17_1" data-parent="#job_list___sub_accordion_17" class="collapse job_list___sub_multi_collapse" id="job_list___sub_collapse_17_1"><div class="card-body"><div class="work-item"><div class="alert alert-success test-outcome" role="alert"><p>worker outcome: normal</p><p>test outcome: killed</p></div></div><pre class="location"><a href="pycharm://open?file=source/reverse.py&amp;line=39" class="text-secondary"><button class="btn btn-outline-dark">source/reverse.py, start pos: (39, 22), end pos: (39, 23)</button></a></pre><pre>operator: core/ReplaceBinaryOperator_Sub_BitOr, occurrence: 0</pre><div class="alert alert-secondary"><pre class="diff">--- mutation diff ---
--- asource/reverse.py
+++ bsource/reverse.py
@@ -36,7 +36,7 @@
     Returns:
       reverse : SOp that reverses the input sequence.
     """
-    opp_idx = (length - rasp.indices).named("opp_idx")
+    opp_idx = (length | rasp.indices).named("opp_idx")
     opp_idx = (opp_idx - 1).named("opp_idx-1")
     reverse_selector = rasp.Select(rasp.indices, opp_idx, rasp.Comparison.EQ).named(
         "reverse_selector"</pre></div><div class="alert alert-secondary"><pre class="diff">============================= test session starts ==============================
platform linux -- Python 3.10.12, pytest-8.3.4, pluggy-1.5.0
rootdir: /home/andre-silva/RASPing
configfile: pyproject.toml
plugins: anyio-4.8.0
collected 3 items

tests/test_reverse.py ssAccuracy:  0.0
F

=================================== FAILURES ===================================
____________________________ TestReverse.test_model ____________________________

self = &lt;tests.test_reverse.TestReverse object at 0x7ff54cc59ae0&gt;

    def test_model(self):
&gt;       self.test()

tests/test_reverse.py:23: 
_ _ _ _ _ _ _ _ _ _ _ _ _ _ _ _ _ _ _ _ _ _ _ _ _ _ _ _ _ _ _ _ _ _ _ _ _ _ _ _ 

self = &lt;tests.test_reverse.TestReverse object at 0x7ff54cc59ae0&gt;

    @pytest.mark.skip(reason="This is not a test")
    def test(self):
        try:
            model = Model(self.model, self.inputs, self.maxLength, self.name)
        except Exception as e:
            # Survive if the model is not compilable (we want to kill the buggy ones)
            print(str(e))
            # Print message for post-processing
            print("UNCOMPILABLE MODEL")
            return
    
        accuracy = model.evaluateModel(
            self.testing_data, doPrint=False, outputArray=False, useAssert=False
        )
        # Print the accuracy for post-processing
        print("Accuracy: ", accuracy)
&gt;       assert accuracy == 1.0
E       AssertionError

tests/test.py:47: AssertionError
=========================== short test summary info ============================
FAILED tests/test_reverse.py::TestReverse::test_model - AssertionError
======================== 1 failed, 2 skipped in 17.08s =========================
</pre></div></div></div></div></div><div class="mb-1" id="job_list___sub_accordion_18"><div class="card"><a data-toggle="collapse" data-target="#job_list___sub_collapse_18_1" aria-expanded="false" aria-controls="job_list___sub_collapse_18_1" href="#" class="job_list___sub_multi_heading"><div role="alert" class="card-header alert-success" id="job_list___sub_heading_18_1"><button class="btn btn-outline-success"><span class="job_id">18 : Job ID 23e890bf08d0413188c05874e395cf81</span></button></div></a><div aria-labelledby="job_list___sub_heading_18_1" data-parent="#job_list___sub_accordion_18" class="collapse job_list___sub_multi_collapse" id="job_list___sub_collapse_18_1"><div class="card-body"><div class="work-item"><div class="alert alert-success test-outcome" role="alert"><p>worker outcome: normal</p><p>test outcome: killed</p></div></div><pre class="location"><a href="pycharm://open?file=source/reverse.py&amp;line=40" class="text-secondary"><button class="btn btn-outline-dark">source/reverse.py, start pos: (40, 23), end pos: (40, 24)</button></a></pre><pre>operator: core/ReplaceBinaryOperator_Sub_BitOr, occurrence: 1</pre><div class="alert alert-secondary"><pre class="diff">--- mutation diff ---
--- asource/reverse.py
+++ bsource/reverse.py
@@ -37,7 +37,7 @@
       reverse : SOp that reverses the input sequence.
     """
     opp_idx = (length - rasp.indices).named("opp_idx")
-    opp_idx = (opp_idx - 1).named("opp_idx-1")
+    opp_idx = (opp_idx | 1).named("opp_idx-1")
     reverse_selector = rasp.Select(rasp.indices, opp_idx, rasp.Comparison.EQ).named(
         "reverse_selector"
     )</pre></div><div class="alert alert-secondary"><pre class="diff">============================= test session starts ==============================
platform linux -- Python 3.10.12, pytest-8.3.4, pluggy-1.5.0
rootdir: /home/andre-silva/RASPing
configfile: pyproject.toml
plugins: anyio-4.8.0
collected 3 items

tests/test_reverse.py ssAccuracy:  0.0
F

=================================== FAILURES ===================================
____________________________ TestReverse.test_model ____________________________

self = &lt;tests.test_reverse.TestReverse object at 0x7f5561789ab0&gt;

    def test_model(self):
&gt;       self.test()

tests/test_reverse.py:23: 
_ _ _ _ _ _ _ _ _ _ _ _ _ _ _ _ _ _ _ _ _ _ _ _ _ _ _ _ _ _ _ _ _ _ _ _ _ _ _ _ 

self = &lt;tests.test_reverse.TestReverse object at 0x7f5561789ab0&gt;

    @pytest.mark.skip(reason="This is not a test")
    def test(self):
        try:
            model = Model(self.model, self.inputs, self.maxLength, self.name)
        except Exception as e:
            # Survive if the model is not compilable (we want to kill the buggy ones)
            print(str(e))
            # Print message for post-processing
            print("UNCOMPILABLE MODEL")
            return
    
        accuracy = model.evaluateModel(
            self.testing_data, doPrint=False, outputArray=False, useAssert=False
        )
        # Print the accuracy for post-processing
        print("Accuracy: ", accuracy)
&gt;       assert accuracy == 1.0
E       AssertionError

tests/test.py:47: AssertionError
=========================== short test summary info ============================
FAILED tests/test_reverse.py::TestReverse::test_model - AssertionError
======================== 1 failed, 2 skipped in 18.53s =========================
</pre></div></div></div></div></div><div class="mb-1" id="job_list___sub_accordion_19"><div class="card"><a data-toggle="collapse" data-target="#job_list___sub_collapse_19_1" aria-expanded="false" aria-controls="job_list___sub_collapse_19_1" href="#" class="job_list___sub_multi_heading"><div role="alert" class="card-header alert-success" id="job_list___sub_heading_19_1"><button class="btn btn-outline-success"><span class="job_id">19 : Job ID 45c2904425624623b72c4a6255cb0915</span></button></div></a><div aria-labelledby="job_list___sub_heading_19_1" data-parent="#job_list___sub_accordion_19" class="collapse job_list___sub_multi_collapse" id="job_list___sub_collapse_19_1"><div class="card-body"><div class="work-item"><div class="alert alert-success test-outcome" role="alert"><p>worker outcome: normal</p><p>test outcome: killed</p></div></div><pre class="location"><a href="pycharm://open?file=source/reverse.py&amp;line=39" class="text-secondary"><button class="btn btn-outline-dark">source/reverse.py, start pos: (39, 22), end pos: (39, 23)</button></a></pre><pre>operator: core/ReplaceBinaryOperator_Sub_BitAnd, occurrence: 0</pre><div class="alert alert-secondary"><pre class="diff">--- mutation diff ---
--- asource/reverse.py
+++ bsource/reverse.py
@@ -36,7 +36,7 @@
     Returns:
       reverse : SOp that reverses the input sequence.
     """
-    opp_idx = (length - rasp.indices).named("opp_idx")
+    opp_idx = (length &amp; rasp.indices).named("opp_idx")
     opp_idx = (opp_idx - 1).named("opp_idx-1")
     reverse_selector = rasp.Select(rasp.indices, opp_idx, rasp.Comparison.EQ).named(
         "reverse_selector"</pre></div><div class="alert alert-secondary"><pre class="diff">============================= test session starts ==============================
platform linux -- Python 3.10.12, pytest-8.3.4, pluggy-1.5.0
rootdir: /home/andre-silva/RASPing
configfile: pyproject.toml
plugins: anyio-4.8.0
collected 3 items

tests/test_reverse.py ssAccuracy:  0.0
F

=================================== FAILURES ===================================
____________________________ TestReverse.test_model ____________________________

self = &lt;tests.test_reverse.TestReverse object at 0x7fae39185900&gt;

    def test_model(self):
&gt;       self.test()

tests/test_reverse.py:23: 
_ _ _ _ _ _ _ _ _ _ _ _ _ _ _ _ _ _ _ _ _ _ _ _ _ _ _ _ _ _ _ _ _ _ _ _ _ _ _ _ 

self = &lt;tests.test_reverse.TestReverse object at 0x7fae39185900&gt;

    @pytest.mark.skip(reason="This is not a test")
    def test(self):
        try:
            model = Model(self.model, self.inputs, self.maxLength, self.name)
        except Exception as e:
            # Survive if the model is not compilable (we want to kill the buggy ones)
            print(str(e))
            # Print message for post-processing
            print("UNCOMPILABLE MODEL")
            return
    
        accuracy = model.evaluateModel(
            self.testing_data, doPrint=False, outputArray=False, useAssert=False
        )
        # Print the accuracy for post-processing
        print("Accuracy: ", accuracy)
&gt;       assert accuracy == 1.0
E       AssertionError

tests/test.py:47: AssertionError
=========================== short test summary info ============================
FAILED tests/test_reverse.py::TestReverse::test_model - AssertionError
======================== 1 failed, 2 skipped in 16.74s =========================
</pre></div></div></div></div></div><div class="mb-1" id="job_list___sub_accordion_20"><div class="card"><a data-toggle="collapse" data-target="#job_list___sub_collapse_20_1" aria-expanded="false" aria-controls="job_list___sub_collapse_20_1" href="#" class="job_list___sub_multi_heading"><div role="alert" class="card-header alert-success" id="job_list___sub_heading_20_1"><button class="btn btn-outline-success"><span class="job_id">20 : Job ID dba0bf02b8fa41fa943c25de5851651c</span></button></div></a><div aria-labelledby="job_list___sub_heading_20_1" data-parent="#job_list___sub_accordion_20" class="collapse job_list___sub_multi_collapse" id="job_list___sub_collapse_20_1"><div class="card-body"><div class="work-item"><div class="alert alert-success test-outcome" role="alert"><p>worker outcome: normal</p><p>test outcome: killed</p></div></div><pre class="location"><a href="pycharm://open?file=source/reverse.py&amp;line=40" class="text-secondary"><button class="btn btn-outline-dark">source/reverse.py, start pos: (40, 23), end pos: (40, 24)</button></a></pre><pre>operator: core/ReplaceBinaryOperator_Sub_BitAnd, occurrence: 1</pre><div class="alert alert-secondary"><pre class="diff">--- mutation diff ---
--- asource/reverse.py
+++ bsource/reverse.py
@@ -37,7 +37,7 @@
       reverse : SOp that reverses the input sequence.
     """
     opp_idx = (length - rasp.indices).named("opp_idx")
-    opp_idx = (opp_idx - 1).named("opp_idx-1")
+    opp_idx = (opp_idx &amp; 1).named("opp_idx-1")
     reverse_selector = rasp.Select(rasp.indices, opp_idx, rasp.Comparison.EQ).named(
         "reverse_selector"
     )</pre></div><div class="alert alert-secondary"><pre class="diff">============================= test session starts ==============================
platform linux -- Python 3.10.12, pytest-8.3.4, pluggy-1.5.0
rootdir: /home/andre-silva/RASPing
configfile: pyproject.toml
plugins: anyio-4.8.0
collected 3 items

tests/test_reverse.py ssAccuracy:  0.0
F

=================================== FAILURES ===================================
____________________________ TestReverse.test_model ____________________________

self = &lt;tests.test_reverse.TestReverse object at 0x7efc92a75ae0&gt;

    def test_model(self):
&gt;       self.test()

tests/test_reverse.py:23: 
_ _ _ _ _ _ _ _ _ _ _ _ _ _ _ _ _ _ _ _ _ _ _ _ _ _ _ _ _ _ _ _ _ _ _ _ _ _ _ _ 

self = &lt;tests.test_reverse.TestReverse object at 0x7efc92a75ae0&gt;

    @pytest.mark.skip(reason="This is not a test")
    def test(self):
        try:
            model = Model(self.model, self.inputs, self.maxLength, self.name)
        except Exception as e:
            # Survive if the model is not compilable (we want to kill the buggy ones)
            print(str(e))
            # Print message for post-processing
            print("UNCOMPILABLE MODEL")
            return
    
        accuracy = model.evaluateModel(
            self.testing_data, doPrint=False, outputArray=False, useAssert=False
        )
        # Print the accuracy for post-processing
        print("Accuracy: ", accuracy)
&gt;       assert accuracy == 1.0
E       AssertionError

tests/test.py:47: AssertionError
=========================== short test summary info ============================
FAILED tests/test_reverse.py::TestReverse::test_model - AssertionError
======================== 1 failed, 2 skipped in 17.93s =========================
</pre></div></div></div></div></div><div class="mb-1" id="job_list___sub_accordion_21"><div class="card"><a data-toggle="collapse" data-target="#job_list___sub_collapse_21_1" aria-expanded="false" aria-controls="job_list___sub_collapse_21_1" href="#" class="job_list___sub_multi_heading"><div role="alert" class="card-header alert-success" id="job_list___sub_heading_21_1"><button class="btn btn-outline-success"><span class="job_id">21 : Job ID 6ae80ce0e3e94a51acfc37eb53080eb7</span></button></div></a><div aria-labelledby="job_list___sub_heading_21_1" data-parent="#job_list___sub_accordion_21" class="collapse job_list___sub_multi_collapse" id="job_list___sub_collapse_21_1"><div class="card-body"><div class="work-item"><div class="alert alert-success test-outcome" role="alert"><p>worker outcome: normal</p><p>test outcome: killed</p></div></div><pre class="location"><a href="pycharm://open?file=source/reverse.py&amp;line=39" class="text-secondary"><button class="btn btn-outline-dark">source/reverse.py, start pos: (39, 22), end pos: (39, 23)</button></a></pre><pre>operator: core/ReplaceBinaryOperator_Sub_BitXor, occurrence: 0</pre><div class="alert alert-secondary"><pre class="diff">--- mutation diff ---
--- asource/reverse.py
+++ bsource/reverse.py
@@ -36,7 +36,7 @@
     Returns:
       reverse : SOp that reverses the input sequence.
     """
-    opp_idx = (length - rasp.indices).named("opp_idx")
+    opp_idx = (length ^ rasp.indices).named("opp_idx")
     opp_idx = (opp_idx - 1).named("opp_idx-1")
     reverse_selector = rasp.Select(rasp.indices, opp_idx, rasp.Comparison.EQ).named(
         "reverse_selector"</pre></div><div class="alert alert-secondary"><pre class="diff">============================= test session starts ==============================
platform linux -- Python 3.10.12, pytest-8.3.4, pluggy-1.5.0
rootdir: /home/andre-silva/RASPing
configfile: pyproject.toml
plugins: anyio-4.8.0
collected 3 items

tests/test_reverse.py ssE

==================================== ERRORS ====================================
___________________ ERROR at setup of TestReverse.test_model ___________________

self = &lt;tests.test_reverse.TestReverse object at 0x7fd939771ba0&gt;
method = &lt;bound method TestReverse.test_model of &lt;tests.test_reverse.TestReverse object at 0x7fd939771ba0&gt;&gt;

    def setup_method(self, method):
&gt;       self.__setup__(make_reverse(rasp.tokens), "reverse")

tests/test_reverse.py:20: 
_ _ _ _ _ _ _ _ _ _ _ _ _ _ _ _ _ _ _ _ _ _ _ _ _ _ _ _ _ _ _ _ _ _ _ _ _ _ _ _ 

sop = tokens

    def make_reverse(sop: rasp.SOp) -&gt; rasp.SOp:
        """Create an SOp that reverses a sequence, using length primitive.
    
        Example usage:
          reverse = make_reverse(rasp.tokens)
          reverse("Hello")
          &gt;&gt; ['o', 'l', 'l', 'e', 'H']
    
        Args:
          sop: an SOp
    
        Returns:
          reverse : SOp that reverses the input sequence.
        """
&gt;       opp_idx = (length ^ rasp.indices).named("opp_idx")
E       TypeError: unsupported operand type(s) for ^: 'SelectorWidth' and 'IndicesType'

source/reverse.py:39: TypeError
=========================== short test summary info ============================
ERROR tests/test_reverse.py::TestReverse::test_model - TypeError: unsupported...
========================= 2 skipped, 1 error in 1.97s ==========================
</pre></div></div></div></div></div><div class="mb-1" id="job_list___sub_accordion_22"><div class="card"><a data-toggle="collapse" data-target="#job_list___sub_collapse_22_1" aria-expanded="false" aria-controls="job_list___sub_collapse_22_1" href="#" class="job_list___sub_multi_heading"><div role="alert" class="card-header alert-success" id="job_list___sub_heading_22_1"><button class="btn btn-outline-success"><span class="job_id">22 : Job ID b4b096f57b68499aa4ca36ad308b7dff</span></button></div></a><div aria-labelledby="job_list___sub_heading_22_1" data-parent="#job_list___sub_accordion_22" class="collapse job_list___sub_multi_collapse" id="job_list___sub_collapse_22_1"><div class="card-body"><div class="work-item"><div class="alert alert-success test-outcome" role="alert"><p>worker outcome: normal</p><p>test outcome: killed</p></div></div><pre class="location"><a href="pycharm://open?file=source/reverse.py&amp;line=40" class="text-secondary"><button class="btn btn-outline-dark">source/reverse.py, start pos: (40, 23), end pos: (40, 24)</button></a></pre><pre>operator: core/ReplaceBinaryOperator_Sub_BitXor, occurrence: 1</pre><div class="alert alert-secondary"><pre class="diff">--- mutation diff ---
--- asource/reverse.py
+++ bsource/reverse.py
@@ -37,7 +37,7 @@
       reverse : SOp that reverses the input sequence.
     """
     opp_idx = (length - rasp.indices).named("opp_idx")
-    opp_idx = (opp_idx - 1).named("opp_idx-1")
+    opp_idx = (opp_idx ^ 1).named("opp_idx-1")
     reverse_selector = rasp.Select(rasp.indices, opp_idx, rasp.Comparison.EQ).named(
         "reverse_selector"
     )</pre></div><div class="alert alert-secondary"><pre class="diff">============================= test session starts ==============================
platform linux -- Python 3.10.12, pytest-8.3.4, pluggy-1.5.0
rootdir: /home/andre-silva/RASPing
configfile: pyproject.toml
plugins: anyio-4.8.0
collected 3 items

tests/test_reverse.py ssE

==================================== ERRORS ====================================
___________________ ERROR at setup of TestReverse.test_model ___________________

self = &lt;tests.test_reverse.TestReverse object at 0x7fdba5959a80&gt;
method = &lt;bound method TestReverse.test_model of &lt;tests.test_reverse.TestReverse object at 0x7fdba5959a80&gt;&gt;

    def setup_method(self, method):
&gt;       self.__setup__(make_reverse(rasp.tokens), "reverse")

tests/test_reverse.py:20: 
_ _ _ _ _ _ _ _ _ _ _ _ _ _ _ _ _ _ _ _ _ _ _ _ _ _ _ _ _ _ _ _ _ _ _ _ _ _ _ _ 

sop = tokens

    def make_reverse(sop: rasp.SOp) -&gt; rasp.SOp:
        """Create an SOp that reverses a sequence, using length primitive.
    
        Example usage:
          reverse = make_reverse(rasp.tokens)
          reverse("Hello")
          &gt;&gt; ['o', 'l', 'l', 'e', 'H']
    
        Args:
          sop: an SOp
    
        Returns:
          reverse : SOp that reverses the input sequence.
        """
        opp_idx = (length - rasp.indices).named("opp_idx")
&gt;       opp_idx = (opp_idx ^ 1).named("opp_idx-1")
E       TypeError: unsupported operand type(s) for ^: 'SequenceMap' and 'int'

source/reverse.py:40: TypeError
=========================== short test summary info ============================
ERROR tests/test_reverse.py::TestReverse::test_model - TypeError: unsupported...
========================= 2 skipped, 1 error in 2.02s ==========================
</pre></div></div></div></div></div><div class="mb-1" id="job_list___sub_accordion_23"><div class="card"><a data-toggle="collapse" data-target="#job_list___sub_collapse_23_1" aria-expanded="false" aria-controls="job_list___sub_collapse_23_1" href="#" class="job_list___sub_multi_heading"><div role="alert" class="card-header alert-success" id="job_list___sub_heading_23_1"><button class="btn btn-outline-success"><span class="job_id">23 : Job ID 0850dcd04ed44a8184ab3ab60ca1d53a</span></button></div></a><div aria-labelledby="job_list___sub_heading_23_1" data-parent="#job_list___sub_accordion_23" class="collapse job_list___sub_multi_collapse" id="job_list___sub_collapse_23_1"><div class="card-body"><div class="work-item"><div class="alert alert-success test-outcome" role="alert"><p>worker outcome: normal</p><p>test outcome: killed</p></div></div><pre class="location"><a href="pycharm://open?file=source/reverse.py&amp;line=40" class="text-secondary"><button class="btn btn-outline-dark">source/reverse.py, start pos: (40, 25), end pos: (40, 26)</button></a></pre><pre>operator: core/NumberReplacer, occurrence: 0</pre><div class="alert alert-secondary"><pre class="diff">--- mutation diff ---
--- asource/reverse.py
+++ bsource/reverse.py
@@ -37,7 +37,7 @@
       reverse : SOp that reverses the input sequence.
     """
     opp_idx = (length - rasp.indices).named("opp_idx")
-    opp_idx = (opp_idx - 1).named("opp_idx-1")
+    opp_idx = (opp_idx - 2).named("opp_idx-1")
     reverse_selector = rasp.Select(rasp.indices, opp_idx, rasp.Comparison.EQ).named(
         "reverse_selector"
     )</pre></div><div class="alert alert-secondary"><pre class="diff">============================= test session starts ==============================
platform linux -- Python 3.10.12, pytest-8.3.4, pluggy-1.5.0
rootdir: /home/andre-silva/RASPing
configfile: pyproject.toml
plugins: anyio-4.8.0
collected 3 items

tests/test_reverse.py ssAccuracy:  0.0
F

=================================== FAILURES ===================================
____________________________ TestReverse.test_model ____________________________

self = &lt;tests.test_reverse.TestReverse object at 0x7fa4d517da20&gt;

    def test_model(self):
&gt;       self.test()

tests/test_reverse.py:23: 
_ _ _ _ _ _ _ _ _ _ _ _ _ _ _ _ _ _ _ _ _ _ _ _ _ _ _ _ _ _ _ _ _ _ _ _ _ _ _ _ 

self = &lt;tests.test_reverse.TestReverse object at 0x7fa4d517da20&gt;

    @pytest.mark.skip(reason="This is not a test")
    def test(self):
        try:
            model = Model(self.model, self.inputs, self.maxLength, self.name)
        except Exception as e:
            # Survive if the model is not compilable (we want to kill the buggy ones)
            print(str(e))
            # Print message for post-processing
            print("UNCOMPILABLE MODEL")
            return
    
        accuracy = model.evaluateModel(
            self.testing_data, doPrint=False, outputArray=False, useAssert=False
        )
        # Print the accuracy for post-processing
        print("Accuracy: ", accuracy)
&gt;       assert accuracy == 1.0
E       AssertionError

tests/test.py:47: AssertionError
=========================== short test summary info ============================
FAILED tests/test_reverse.py::TestReverse::test_model - AssertionError
======================== 1 failed, 2 skipped in 18.60s =========================
</pre></div></div></div></div></div><div class="mb-1" id="job_list___sub_accordion_24"><div class="card"><a data-toggle="collapse" data-target="#job_list___sub_collapse_24_1" aria-expanded="false" aria-controls="job_list___sub_collapse_24_1" href="#" class="job_list___sub_multi_heading"><div role="alert" class="card-header alert-success" id="job_list___sub_heading_24_1"><button class="btn btn-outline-success"><span class="job_id">24 : Job ID 5d4ed34a59a849868c944ceebc77015c</span></button></div></a><div aria-labelledby="job_list___sub_heading_24_1" data-parent="#job_list___sub_accordion_24" class="collapse job_list___sub_multi_collapse" id="job_list___sub_collapse_24_1"><div class="card-body"><div class="work-item"><div class="alert alert-success test-outcome" role="alert"><p>worker outcome: normal</p><p>test outcome: killed</p></div></div><pre class="location"><a href="pycharm://open?file=source/reverse.py&amp;line=40" class="text-secondary"><button class="btn btn-outline-dark">source/reverse.py, start pos: (40, 25), end pos: (40, 26)</button></a></pre><pre>operator: core/NumberReplacer, occurrence: 1</pre><div class="alert alert-secondary"><pre class="diff">--- mutation diff ---
--- asource/reverse.py
+++ bsource/reverse.py
@@ -37,7 +37,7 @@
       reverse : SOp that reverses the input sequence.
     """
     opp_idx = (length - rasp.indices).named("opp_idx")
-    opp_idx = (opp_idx - 1).named("opp_idx-1")
+    opp_idx = (opp_idx - 0).named("opp_idx-1")
     reverse_selector = rasp.Select(rasp.indices, opp_idx, rasp.Comparison.EQ).named(
         "reverse_selector"
     )</pre></div><div class="alert alert-secondary"><pre class="diff">============================= test session starts ==============================
platform linux -- Python 3.10.12, pytest-8.3.4, pluggy-1.5.0
rootdir: /home/andre-silva/RASPing
configfile: pyproject.toml
plugins: anyio-4.8.0
collected 3 items

tests/test_reverse.py ssAccuracy:  0.0
F

=================================== FAILURES ===================================
____________________________ TestReverse.test_model ____________________________

self = &lt;tests.test_reverse.TestReverse object at 0x7f1c9d971ae0&gt;

    def test_model(self):
&gt;       self.test()

tests/test_reverse.py:23: 
_ _ _ _ _ _ _ _ _ _ _ _ _ _ _ _ _ _ _ _ _ _ _ _ _ _ _ _ _ _ _ _ _ _ _ _ _ _ _ _ 

self = &lt;tests.test_reverse.TestReverse object at 0x7f1c9d971ae0&gt;

    @pytest.mark.skip(reason="This is not a test")
    def test(self):
        try:
            model = Model(self.model, self.inputs, self.maxLength, self.name)
        except Exception as e:
            # Survive if the model is not compilable (we want to kill the buggy ones)
            print(str(e))
            # Print message for post-processing
            print("UNCOMPILABLE MODEL")
            return
    
        accuracy = model.evaluateModel(
            self.testing_data, doPrint=False, outputArray=False, useAssert=False
        )
        # Print the accuracy for post-processing
        print("Accuracy: ", accuracy)
&gt;       assert accuracy == 1.0
E       AssertionError

tests/test.py:47: AssertionError
=========================== short test summary info ============================
FAILED tests/test_reverse.py::TestReverse::test_model - AssertionError
======================== 1 failed, 2 skipped in 18.20s =========================
</pre></div></div></div></div></div><div class="mb-1" id="job_list___sub_accordion_25"><div class="card"><a data-toggle="collapse" data-target="#job_list___sub_collapse_25_1" aria-expanded="false" aria-controls="job_list___sub_collapse_25_1" href="#" class="job_list___sub_multi_heading"><div role="alert" class="card-header alert-success" id="job_list___sub_heading_25_1"><button class="btn btn-outline-success"><span class="job_id">25 : Job ID ce1921a639b74b33a2a954c3000838f2</span></button></div></a><div aria-labelledby="job_list___sub_heading_25_1" data-parent="#job_list___sub_accordion_25" class="collapse job_list___sub_multi_collapse" id="job_list___sub_collapse_25_1"><div class="card-body"><div class="work-item"><div class="alert alert-success test-outcome" role="alert"><p>worker outcome: normal</p><p>test outcome: killed</p></div></div><pre class="location"><a href="pycharm://open?file=source/reverse.py&amp;line=17" class="text-secondary"><button class="btn btn-outline-dark">source/reverse.py, start pos: (17, 34), end pos: (17, 54)</button></a></pre><pre>operator: operators/replace-rasp-comparison, occurrence: 0</pre><div class="alert alert-secondary"><pre class="diff">--- mutation diff ---
--- asource/reverse.py
+++ bsource/reverse.py
@@ -14,7 +14,7 @@
         is the length of that sequence.
     """
     all_true_selector = rasp.Select(
-        rasp.tokens, rasp.tokens, rasp.Comparison.TRUE
+        rasp.tokens, rasp.tokens, rasp.Comparison.EQ
     ).named("all_true_selector")
     return rasp.SelectorWidth(all_true_selector).named("length")
 </pre></div><div class="alert alert-secondary"><pre class="diff">============================= test session starts ==============================
platform linux -- Python 3.10.12, pytest-8.3.4, pluggy-1.5.0
rootdir: /home/andre-silva/RASPing
configfile: pyproject.toml
plugins: anyio-4.8.0
collected 3 items

tests/test_reverse.py ssAccuracy:  0.0
F

=================================== FAILURES ===================================
____________________________ TestReverse.test_model ____________________________

self = &lt;tests.test_reverse.TestReverse object at 0x7f7e6d481a20&gt;

    def test_model(self):
&gt;       self.test()

tests/test_reverse.py:23: 
_ _ _ _ _ _ _ _ _ _ _ _ _ _ _ _ _ _ _ _ _ _ _ _ _ _ _ _ _ _ _ _ _ _ _ _ _ _ _ _ 

self = &lt;tests.test_reverse.TestReverse object at 0x7f7e6d481a20&gt;

    @pytest.mark.skip(reason="This is not a test")
    def test(self):
        try:
            model = Model(self.model, self.inputs, self.maxLength, self.name)
        except Exception as e:
            # Survive if the model is not compilable (we want to kill the buggy ones)
            print(str(e))
            # Print message for post-processing
            print("UNCOMPILABLE MODEL")
            return
    
        accuracy = model.evaluateModel(
            self.testing_data, doPrint=False, outputArray=False, useAssert=False
        )
        # Print the accuracy for post-processing
        print("Accuracy: ", accuracy)
&gt;       assert accuracy == 1.0
E       AssertionError

tests/test.py:47: AssertionError
=========================== short test summary info ============================
FAILED tests/test_reverse.py::TestReverse::test_model - AssertionError
======================== 1 failed, 2 skipped in 18.89s =========================
</pre></div></div></div></div></div><div class="mb-1" id="job_list___sub_accordion_26"><div class="card"><a data-toggle="collapse" data-target="#job_list___sub_collapse_26_1" aria-expanded="false" aria-controls="job_list___sub_collapse_26_1" href="#" class="job_list___sub_multi_heading"><div role="alert" class="card-header alert-success" id="job_list___sub_heading_26_1"><button class="btn btn-outline-success"><span class="job_id">26 : Job ID 40439e824e814688b6dda3aa0c180921</span></button></div></a><div aria-labelledby="job_list___sub_heading_26_1" data-parent="#job_list___sub_accordion_26" class="collapse job_list___sub_multi_collapse" id="job_list___sub_collapse_26_1"><div class="card-body"><div class="work-item"><div class="alert alert-success test-outcome" role="alert"><p>worker outcome: normal</p><p>test outcome: killed</p></div></div><pre class="location"><a href="pycharm://open?file=source/reverse.py&amp;line=17" class="text-secondary"><button class="btn btn-outline-dark">source/reverse.py, start pos: (17, 34), end pos: (17, 54)</button></a></pre><pre>operator: operators/replace-rasp-comparison, occurrence: 1</pre><div class="alert alert-secondary"><pre class="diff">--- mutation diff ---
--- asource/reverse.py
+++ bsource/reverse.py
@@ -14,7 +14,7 @@
         is the length of that sequence.
     """
     all_true_selector = rasp.Select(
-        rasp.tokens, rasp.tokens, rasp.Comparison.TRUE
+        rasp.tokens, rasp.tokens, rasp.Comparison.LT
     ).named("all_true_selector")
     return rasp.SelectorWidth(all_true_selector).named("length")
 </pre></div><div class="alert alert-secondary"><pre class="diff">============================= test session starts ==============================
platform linux -- Python 3.10.12, pytest-8.3.4, pluggy-1.5.0
rootdir: /home/andre-silva/RASPing
configfile: pyproject.toml
plugins: anyio-4.8.0
collected 3 items

tests/test_reverse.py ssAccuracy:  0.0
F

=================================== FAILURES ===================================
____________________________ TestReverse.test_model ____________________________

self = &lt;tests.test_reverse.TestReverse object at 0x7f3233d7da80&gt;

    def test_model(self):
&gt;       self.test()

tests/test_reverse.py:23: 
_ _ _ _ _ _ _ _ _ _ _ _ _ _ _ _ _ _ _ _ _ _ _ _ _ _ _ _ _ _ _ _ _ _ _ _ _ _ _ _ 

self = &lt;tests.test_reverse.TestReverse object at 0x7f3233d7da80&gt;

    @pytest.mark.skip(reason="This is not a test")
    def test(self):
        try:
            model = Model(self.model, self.inputs, self.maxLength, self.name)
        except Exception as e:
            # Survive if the model is not compilable (we want to kill the buggy ones)
            print(str(e))
            # Print message for post-processing
            print("UNCOMPILABLE MODEL")
            return
    
        accuracy = model.evaluateModel(
            self.testing_data, doPrint=False, outputArray=False, useAssert=False
        )
        # Print the accuracy for post-processing
        print("Accuracy: ", accuracy)
&gt;       assert accuracy == 1.0
E       AssertionError

tests/test.py:47: AssertionError
=========================== short test summary info ============================
FAILED tests/test_reverse.py::TestReverse::test_model - AssertionError
======================== 1 failed, 2 skipped in 17.69s =========================
</pre></div></div></div></div></div><div class="mb-1" id="job_list___sub_accordion_27"><div class="card"><a data-toggle="collapse" data-target="#job_list___sub_collapse_27_1" aria-expanded="false" aria-controls="job_list___sub_collapse_27_1" href="#" class="job_list___sub_multi_heading"><div role="alert" class="card-header alert-success" id="job_list___sub_heading_27_1"><button class="btn btn-outline-success"><span class="job_id">27 : Job ID 01e483de43db4373834f2817003848cc</span></button></div></a><div aria-labelledby="job_list___sub_heading_27_1" data-parent="#job_list___sub_accordion_27" class="collapse job_list___sub_multi_collapse" id="job_list___sub_collapse_27_1"><div class="card-body"><div class="work-item"><div class="alert alert-success test-outcome" role="alert"><p>worker outcome: normal</p><p>test outcome: killed</p></div></div><pre class="location"><a href="pycharm://open?file=source/reverse.py&amp;line=17" class="text-secondary"><button class="btn btn-outline-dark">source/reverse.py, start pos: (17, 34), end pos: (17, 54)</button></a></pre><pre>operator: operators/replace-rasp-comparison, occurrence: 2</pre><div class="alert alert-secondary"><pre class="diff">--- mutation diff ---
--- asource/reverse.py
+++ bsource/reverse.py
@@ -14,7 +14,7 @@
         is the length of that sequence.
     """
     all_true_selector = rasp.Select(
-        rasp.tokens, rasp.tokens, rasp.Comparison.TRUE
+        rasp.tokens, rasp.tokens, rasp.Comparison.LEQ
     ).named("all_true_selector")
     return rasp.SelectorWidth(all_true_selector).named("length")
 </pre></div><div class="alert alert-secondary"><pre class="diff">============================= test session starts ==============================
platform linux -- Python 3.10.12, pytest-8.3.4, pluggy-1.5.0
rootdir: /home/andre-silva/RASPing
configfile: pyproject.toml
plugins: anyio-4.8.0
collected 3 items

tests/test_reverse.py ssAccuracy:  0.0
F

=================================== FAILURES ===================================
____________________________ TestReverse.test_model ____________________________

self = &lt;tests.test_reverse.TestReverse object at 0x7f2924745a20&gt;

    def test_model(self):
&gt;       self.test()

tests/test_reverse.py:23: 
_ _ _ _ _ _ _ _ _ _ _ _ _ _ _ _ _ _ _ _ _ _ _ _ _ _ _ _ _ _ _ _ _ _ _ _ _ _ _ _ 

self = &lt;tests.test_reverse.TestReverse object at 0x7f2924745a20&gt;

    @pytest.mark.skip(reason="This is not a test")
    def test(self):
        try:
            model = Model(self.model, self.inputs, self.maxLength, self.name)
        except Exception as e:
            # Survive if the model is not compilable (we want to kill the buggy ones)
            print(str(e))
            # Print message for post-processing
            print("UNCOMPILABLE MODEL")
            return
    
        accuracy = model.evaluateModel(
            self.testing_data, doPrint=False, outputArray=False, useAssert=False
        )
        # Print the accuracy for post-processing
        print("Accuracy: ", accuracy)
&gt;       assert accuracy == 1.0
E       AssertionError

tests/test.py:47: AssertionError
=========================== short test summary info ============================
FAILED tests/test_reverse.py::TestReverse::test_model - AssertionError
======================== 1 failed, 2 skipped in 18.38s =========================
</pre></div></div></div></div></div><div class="mb-1" id="job_list___sub_accordion_28"><div class="card"><a data-toggle="collapse" data-target="#job_list___sub_collapse_28_1" aria-expanded="false" aria-controls="job_list___sub_collapse_28_1" href="#" class="job_list___sub_multi_heading"><div role="alert" class="card-header alert-success" id="job_list___sub_heading_28_1"><button class="btn btn-outline-success"><span class="job_id">28 : Job ID 581baacb6f204e9a9c3695a46249ab33</span></button></div></a><div aria-labelledby="job_list___sub_heading_28_1" data-parent="#job_list___sub_accordion_28" class="collapse job_list___sub_multi_collapse" id="job_list___sub_collapse_28_1"><div class="card-body"><div class="work-item"><div class="alert alert-success test-outcome" role="alert"><p>worker outcome: normal</p><p>test outcome: killed</p></div></div><pre class="location"><a href="pycharm://open?file=source/reverse.py&amp;line=17" class="text-secondary"><button class="btn btn-outline-dark">source/reverse.py, start pos: (17, 34), end pos: (17, 54)</button></a></pre><pre>operator: operators/replace-rasp-comparison, occurrence: 3</pre><div class="alert alert-secondary"><pre class="diff">--- mutation diff ---
--- asource/reverse.py
+++ bsource/reverse.py
@@ -14,7 +14,7 @@
         is the length of that sequence.
     """
     all_true_selector = rasp.Select(
-        rasp.tokens, rasp.tokens, rasp.Comparison.TRUE
+        rasp.tokens, rasp.tokens, rasp.Comparison.GT
     ).named("all_true_selector")
     return rasp.SelectorWidth(all_true_selector).named("length")
 </pre></div><div class="alert alert-secondary"><pre class="diff">============================= test session starts ==============================
platform linux -- Python 3.10.12, pytest-8.3.4, pluggy-1.5.0
rootdir: /home/andre-silva/RASPing
configfile: pyproject.toml
plugins: anyio-4.8.0
collected 3 items

tests/test_reverse.py ssAccuracy:  0.0
F

=================================== FAILURES ===================================
____________________________ TestReverse.test_model ____________________________

self = &lt;tests.test_reverse.TestReverse object at 0x7f4b67b79ae0&gt;

    def test_model(self):
&gt;       self.test()

tests/test_reverse.py:23: 
_ _ _ _ _ _ _ _ _ _ _ _ _ _ _ _ _ _ _ _ _ _ _ _ _ _ _ _ _ _ _ _ _ _ _ _ _ _ _ _ 

self = &lt;tests.test_reverse.TestReverse object at 0x7f4b67b79ae0&gt;

    @pytest.mark.skip(reason="This is not a test")
    def test(self):
        try:
            model = Model(self.model, self.inputs, self.maxLength, self.name)
        except Exception as e:
            # Survive if the model is not compilable (we want to kill the buggy ones)
            print(str(e))
            # Print message for post-processing
            print("UNCOMPILABLE MODEL")
            return
    
        accuracy = model.evaluateModel(
            self.testing_data, doPrint=False, outputArray=False, useAssert=False
        )
        # Print the accuracy for post-processing
        print("Accuracy: ", accuracy)
&gt;       assert accuracy == 1.0
E       AssertionError

tests/test.py:47: AssertionError
=========================== short test summary info ============================
FAILED tests/test_reverse.py::TestReverse::test_model - AssertionError
======================== 1 failed, 2 skipped in 18.19s =========================
</pre></div></div></div></div></div><div class="mb-1" id="job_list___sub_accordion_29"><div class="card"><a data-toggle="collapse" data-target="#job_list___sub_collapse_29_1" aria-expanded="false" aria-controls="job_list___sub_collapse_29_1" href="#" class="job_list___sub_multi_heading"><div role="alert" class="card-header alert-success" id="job_list___sub_heading_29_1"><button class="btn btn-outline-success"><span class="job_id">29 : Job ID b1415c72ab2f4a9bb21a01eabcf93930</span></button></div></a><div aria-labelledby="job_list___sub_heading_29_1" data-parent="#job_list___sub_accordion_29" class="collapse job_list___sub_multi_collapse" id="job_list___sub_collapse_29_1"><div class="card-body"><div class="work-item"><div class="alert alert-success test-outcome" role="alert"><p>worker outcome: normal</p><p>test outcome: killed</p></div></div><pre class="location"><a href="pycharm://open?file=source/reverse.py&amp;line=17" class="text-secondary"><button class="btn btn-outline-dark">source/reverse.py, start pos: (17, 34), end pos: (17, 54)</button></a></pre><pre>operator: operators/replace-rasp-comparison, occurrence: 4</pre><div class="alert alert-secondary"><pre class="diff">--- mutation diff ---
--- asource/reverse.py
+++ bsource/reverse.py
@@ -14,7 +14,7 @@
         is the length of that sequence.
     """
     all_true_selector = rasp.Select(
-        rasp.tokens, rasp.tokens, rasp.Comparison.TRUE
+        rasp.tokens, rasp.tokens, rasp.Comparison.GEQ
     ).named("all_true_selector")
     return rasp.SelectorWidth(all_true_selector).named("length")
 </pre></div><div class="alert alert-secondary"><pre class="diff">============================= test session starts ==============================
platform linux -- Python 3.10.12, pytest-8.3.4, pluggy-1.5.0
rootdir: /home/andre-silva/RASPing
configfile: pyproject.toml
plugins: anyio-4.8.0
collected 3 items

tests/test_reverse.py ssAccuracy:  0.0
F

=================================== FAILURES ===================================
____________________________ TestReverse.test_model ____________________________

self = &lt;tests.test_reverse.TestReverse object at 0x7f08641859f0&gt;

    def test_model(self):
&gt;       self.test()

tests/test_reverse.py:23: 
_ _ _ _ _ _ _ _ _ _ _ _ _ _ _ _ _ _ _ _ _ _ _ _ _ _ _ _ _ _ _ _ _ _ _ _ _ _ _ _ 

self = &lt;tests.test_reverse.TestReverse object at 0x7f08641859f0&gt;

    @pytest.mark.skip(reason="This is not a test")
    def test(self):
        try:
            model = Model(self.model, self.inputs, self.maxLength, self.name)
        except Exception as e:
            # Survive if the model is not compilable (we want to kill the buggy ones)
            print(str(e))
            # Print message for post-processing
            print("UNCOMPILABLE MODEL")
            return
    
        accuracy = model.evaluateModel(
            self.testing_data, doPrint=False, outputArray=False, useAssert=False
        )
        # Print the accuracy for post-processing
        print("Accuracy: ", accuracy)
&gt;       assert accuracy == 1.0
E       AssertionError

tests/test.py:47: AssertionError
=========================== short test summary info ============================
FAILED tests/test_reverse.py::TestReverse::test_model - AssertionError
======================== 1 failed, 2 skipped in 19.80s =========================
</pre></div></div></div></div></div><div class="mb-1" id="job_list___sub_accordion_30"><div class="card"><a data-toggle="collapse" data-target="#job_list___sub_collapse_30_1" aria-expanded="false" aria-controls="job_list___sub_collapse_30_1" href="#" class="job_list___sub_multi_heading"><div role="alert" class="card-header alert-success" id="job_list___sub_heading_30_1"><button class="btn btn-outline-success"><span class="job_id">30 : Job ID 65a645cca1ff457b919b2dcb50da85e8</span></button></div></a><div aria-labelledby="job_list___sub_heading_30_1" data-parent="#job_list___sub_accordion_30" class="collapse job_list___sub_multi_collapse" id="job_list___sub_collapse_30_1"><div class="card-body"><div class="work-item"><div class="alert alert-success test-outcome" role="alert"><p>worker outcome: normal</p><p>test outcome: killed</p></div></div><pre class="location"><a href="pycharm://open?file=source/reverse.py&amp;line=17" class="text-secondary"><button class="btn btn-outline-dark">source/reverse.py, start pos: (17, 34), end pos: (17, 54)</button></a></pre><pre>operator: operators/replace-rasp-comparison, occurrence: 5</pre><div class="alert alert-secondary"><pre class="diff">--- mutation diff ---
--- asource/reverse.py
+++ bsource/reverse.py
@@ -14,7 +14,7 @@
         is the length of that sequence.
     """
     all_true_selector = rasp.Select(
-        rasp.tokens, rasp.tokens, rasp.Comparison.TRUE
+        rasp.tokens, rasp.tokens, rasp.Comparison.NEQ
     ).named("all_true_selector")
     return rasp.SelectorWidth(all_true_selector).named("length")
 </pre></div><div class="alert alert-secondary"><pre class="diff">============================= test session starts ==============================
platform linux -- Python 3.10.12, pytest-8.3.4, pluggy-1.5.0
rootdir: /home/andre-silva/RASPing
configfile: pyproject.toml
plugins: anyio-4.8.0
collected 3 items

tests/test_reverse.py ssAccuracy:  0.0
F

=================================== FAILURES ===================================
____________________________ TestReverse.test_model ____________________________

self = &lt;tests.test_reverse.TestReverse object at 0x7f204fc69ba0&gt;

    def test_model(self):
&gt;       self.test()

tests/test_reverse.py:23: 
_ _ _ _ _ _ _ _ _ _ _ _ _ _ _ _ _ _ _ _ _ _ _ _ _ _ _ _ _ _ _ _ _ _ _ _ _ _ _ _ 

self = &lt;tests.test_reverse.TestReverse object at 0x7f204fc69ba0&gt;

    @pytest.mark.skip(reason="This is not a test")
    def test(self):
        try:
            model = Model(self.model, self.inputs, self.maxLength, self.name)
        except Exception as e:
            # Survive if the model is not compilable (we want to kill the buggy ones)
            print(str(e))
            # Print message for post-processing
            print("UNCOMPILABLE MODEL")
            return
    
        accuracy = model.evaluateModel(
            self.testing_data, doPrint=False, outputArray=False, useAssert=False
        )
        # Print the accuracy for post-processing
        print("Accuracy: ", accuracy)
&gt;       assert accuracy == 1.0
E       AssertionError

tests/test.py:47: AssertionError
=========================== short test summary info ============================
FAILED tests/test_reverse.py::TestReverse::test_model - AssertionError
======================== 1 failed, 2 skipped in 19.71s =========================
</pre></div></div></div></div></div><div class="mb-1" id="job_list___sub_accordion_31"><div class="card"><a data-toggle="collapse" data-target="#job_list___sub_collapse_31_1" aria-expanded="false" aria-controls="job_list___sub_collapse_31_1" href="#" class="job_list___sub_multi_heading"><div role="alert" class="card-header alert-success" id="job_list___sub_heading_31_1"><button class="btn btn-outline-success"><span class="job_id">31 : Job ID f11db60c4c82432d94ff00149933cf5d</span></button></div></a><div aria-labelledby="job_list___sub_heading_31_1" data-parent="#job_list___sub_accordion_31" class="collapse job_list___sub_multi_collapse" id="job_list___sub_collapse_31_1"><div class="card-body"><div class="work-item"><div class="alert alert-success test-outcome" role="alert"><p>worker outcome: normal</p><p>test outcome: killed</p></div></div><pre class="location"><a href="pycharm://open?file=source/reverse.py&amp;line=17" class="text-secondary"><button class="btn btn-outline-dark">source/reverse.py, start pos: (17, 34), end pos: (17, 54)</button></a></pre><pre>operator: operators/replace-rasp-comparison, occurrence: 6</pre><div class="alert alert-secondary"><pre class="diff">--- mutation diff ---
--- asource/reverse.py
+++ bsource/reverse.py
@@ -14,7 +14,7 @@
         is the length of that sequence.
     """
     all_true_selector = rasp.Select(
-        rasp.tokens, rasp.tokens, rasp.Comparison.TRUE
+        rasp.tokens, rasp.tokens, rasp.Comparison.FALSE
     ).named("all_true_selector")
     return rasp.SelectorWidth(all_true_selector).named("length")
 </pre></div><div class="alert alert-secondary"><pre class="diff">============================= test session starts ==============================
platform linux -- Python 3.10.12, pytest-8.3.4, pluggy-1.5.0
rootdir: /home/andre-silva/RASPing
configfile: pyproject.toml
plugins: anyio-4.8.0
collected 3 items

tests/test_reverse.py ssAccuracy:  0.0
F

=================================== FAILURES ===================================
____________________________ TestReverse.test_model ____________________________

self = &lt;tests.test_reverse.TestReverse object at 0x7fa4abf55ba0&gt;

    def test_model(self):
&gt;       self.test()

tests/test_reverse.py:23: 
_ _ _ _ _ _ _ _ _ _ _ _ _ _ _ _ _ _ _ _ _ _ _ _ _ _ _ _ _ _ _ _ _ _ _ _ _ _ _ _ 

self = &lt;tests.test_reverse.TestReverse object at 0x7fa4abf55ba0&gt;

    @pytest.mark.skip(reason="This is not a test")
    def test(self):
        try:
            model = Model(self.model, self.inputs, self.maxLength, self.name)
        except Exception as e:
            # Survive if the model is not compilable (we want to kill the buggy ones)
            print(str(e))
            # Print message for post-processing
            print("UNCOMPILABLE MODEL")
            return
    
        accuracy = model.evaluateModel(
            self.testing_data, doPrint=False, outputArray=False, useAssert=False
        )
        # Print the accuracy for post-processing
        print("Accuracy: ", accuracy)
&gt;       assert accuracy == 1.0
E       AssertionError

tests/test.py:47: AssertionError
=========================== short test summary info ============================
FAILED tests/test_reverse.py::TestReverse::test_model - AssertionError
======================== 1 failed, 2 skipped in 19.30s =========================
</pre></div></div></div></div></div><div class="mb-1" id="job_list___sub_accordion_32"><div class="card"><a data-toggle="collapse" data-target="#job_list___sub_collapse_32_1" aria-expanded="false" aria-controls="job_list___sub_collapse_32_1" href="#" class="job_list___sub_multi_heading"><div role="alert" class="card-header alert-success" id="job_list___sub_heading_32_1"><button class="btn btn-outline-success"><span class="job_id">32 : Job ID 42961ce879da41928d844ff2648a2548</span></button></div></a><div aria-labelledby="job_list___sub_heading_32_1" data-parent="#job_list___sub_accordion_32" class="collapse job_list___sub_multi_collapse" id="job_list___sub_collapse_32_1"><div class="card-body"><div class="work-item"><div class="alert alert-success test-outcome" role="alert"><p>worker outcome: normal</p><p>test outcome: killed</p></div></div><pre class="location"><a href="pycharm://open?file=source/reverse.py&amp;line=41" class="text-secondary"><button class="btn btn-outline-dark">source/reverse.py, start pos: (41, 58), end pos: (41, 76)</button></a></pre><pre>operator: operators/replace-rasp-comparison, occurrence: 7</pre><div class="alert alert-secondary"><pre class="diff">--- mutation diff ---
--- asource/reverse.py
+++ bsource/reverse.py
@@ -38,7 +38,7 @@
     """
     opp_idx = (length - rasp.indices).named("opp_idx")
     opp_idx = (opp_idx - 1).named("opp_idx-1")
-    reverse_selector = rasp.Select(rasp.indices, opp_idx, rasp.Comparison.EQ).named(
+    reverse_selector = rasp.Select(rasp.indices, opp_idx, rasp.Comparison.LT).named(
         "reverse_selector"
     )
     return rasp.Aggregate(reverse_selector, sop).named("reverse")</pre></div><div class="alert alert-secondary"><pre class="diff">============================= test session starts ==============================
platform linux -- Python 3.10.12, pytest-8.3.4, pluggy-1.5.0
rootdir: /home/andre-silva/RASPing
configfile: pyproject.toml
plugins: anyio-4.8.0
collected 3 items

tests/test_reverse.py ssAccuracy:  0.0
F

=================================== FAILURES ===================================
____________________________ TestReverse.test_model ____________________________

self = &lt;tests.test_reverse.TestReverse object at 0x7ffb1765db40&gt;

    def test_model(self):
&gt;       self.test()

tests/test_reverse.py:23: 
_ _ _ _ _ _ _ _ _ _ _ _ _ _ _ _ _ _ _ _ _ _ _ _ _ _ _ _ _ _ _ _ _ _ _ _ _ _ _ _ 

self = &lt;tests.test_reverse.TestReverse object at 0x7ffb1765db40&gt;

    @pytest.mark.skip(reason="This is not a test")
    def test(self):
        try:
            model = Model(self.model, self.inputs, self.maxLength, self.name)
        except Exception as e:
            # Survive if the model is not compilable (we want to kill the buggy ones)
            print(str(e))
            # Print message for post-processing
            print("UNCOMPILABLE MODEL")
            return
    
        accuracy = model.evaluateModel(
            self.testing_data, doPrint=False, outputArray=False, useAssert=False
        )
        # Print the accuracy for post-processing
        print("Accuracy: ", accuracy)
&gt;       assert accuracy == 1.0
E       AssertionError

tests/test.py:47: AssertionError
=========================== short test summary info ============================
FAILED tests/test_reverse.py::TestReverse::test_model - AssertionError
======================== 1 failed, 2 skipped in 18.21s =========================
</pre></div></div></div></div></div><div class="mb-1" id="job_list___sub_accordion_33"><div class="card"><a data-toggle="collapse" data-target="#job_list___sub_collapse_33_1" aria-expanded="false" aria-controls="job_list___sub_collapse_33_1" href="#" class="job_list___sub_multi_heading"><div role="alert" class="card-header alert-success" id="job_list___sub_heading_33_1"><button class="btn btn-outline-success"><span class="job_id">33 : Job ID 964fdbbf5adc4fdea390224f64bffcdb</span></button></div></a><div aria-labelledby="job_list___sub_heading_33_1" data-parent="#job_list___sub_accordion_33" class="collapse job_list___sub_multi_collapse" id="job_list___sub_collapse_33_1"><div class="card-body"><div class="work-item"><div class="alert alert-success test-outcome" role="alert"><p>worker outcome: normal</p><p>test outcome: killed</p></div></div><pre class="location"><a href="pycharm://open?file=source/reverse.py&amp;line=41" class="text-secondary"><button class="btn btn-outline-dark">source/reverse.py, start pos: (41, 58), end pos: (41, 76)</button></a></pre><pre>operator: operators/replace-rasp-comparison, occurrence: 8</pre><div class="alert alert-secondary"><pre class="diff">--- mutation diff ---
--- asource/reverse.py
+++ bsource/reverse.py
@@ -38,7 +38,7 @@
     """
     opp_idx = (length - rasp.indices).named("opp_idx")
     opp_idx = (opp_idx - 1).named("opp_idx-1")
-    reverse_selector = rasp.Select(rasp.indices, opp_idx, rasp.Comparison.EQ).named(
+    reverse_selector = rasp.Select(rasp.indices, opp_idx, rasp.Comparison.LT).named(
         "reverse_selector"
     )
     return rasp.Aggregate(reverse_selector, sop).named("reverse")</pre></div><div class="alert alert-secondary"><pre class="diff">============================= test session starts ==============================
platform linux -- Python 3.10.12, pytest-8.3.4, pluggy-1.5.0
rootdir: /home/andre-silva/RASPing
configfile: pyproject.toml
plugins: anyio-4.8.0
collected 3 items

tests/test_reverse.py ssAccuracy:  0.0
F

=================================== FAILURES ===================================
____________________________ TestReverse.test_model ____________________________

self = &lt;tests.test_reverse.TestReverse object at 0x7eff4957dae0&gt;

    def test_model(self):
&gt;       self.test()

tests/test_reverse.py:23: 
_ _ _ _ _ _ _ _ _ _ _ _ _ _ _ _ _ _ _ _ _ _ _ _ _ _ _ _ _ _ _ _ _ _ _ _ _ _ _ _ 

self = &lt;tests.test_reverse.TestReverse object at 0x7eff4957dae0&gt;

    @pytest.mark.skip(reason="This is not a test")
    def test(self):
        try:
            model = Model(self.model, self.inputs, self.maxLength, self.name)
        except Exception as e:
            # Survive if the model is not compilable (we want to kill the buggy ones)
            print(str(e))
            # Print message for post-processing
            print("UNCOMPILABLE MODEL")
            return
    
        accuracy = model.evaluateModel(
            self.testing_data, doPrint=False, outputArray=False, useAssert=False
        )
        # Print the accuracy for post-processing
        print("Accuracy: ", accuracy)
&gt;       assert accuracy == 1.0
E       AssertionError

tests/test.py:47: AssertionError
=========================== short test summary info ============================
FAILED tests/test_reverse.py::TestReverse::test_model - AssertionError
======================== 1 failed, 2 skipped in 18.06s =========================
</pre></div></div></div></div></div><div class="mb-1" id="job_list___sub_accordion_34"><div class="card"><a data-toggle="collapse" data-target="#job_list___sub_collapse_34_1" aria-expanded="false" aria-controls="job_list___sub_collapse_34_1" href="#" class="job_list___sub_multi_heading"><div role="alert" class="card-header alert-success" id="job_list___sub_heading_34_1"><button class="btn btn-outline-success"><span class="job_id">34 : Job ID 0cc6204d98fa4172b27d000b3be3608d</span></button></div></a><div aria-labelledby="job_list___sub_heading_34_1" data-parent="#job_list___sub_accordion_34" class="collapse job_list___sub_multi_collapse" id="job_list___sub_collapse_34_1"><div class="card-body"><div class="work-item"><div class="alert alert-success test-outcome" role="alert"><p>worker outcome: normal</p><p>test outcome: killed</p></div></div><pre class="location"><a href="pycharm://open?file=source/reverse.py&amp;line=41" class="text-secondary"><button class="btn btn-outline-dark">source/reverse.py, start pos: (41, 58), end pos: (41, 76)</button></a></pre><pre>operator: operators/replace-rasp-comparison, occurrence: 9</pre><div class="alert alert-secondary"><pre class="diff">--- mutation diff ---
--- asource/reverse.py
+++ bsource/reverse.py
@@ -38,7 +38,7 @@
     """
     opp_idx = (length - rasp.indices).named("opp_idx")
     opp_idx = (opp_idx - 1).named("opp_idx-1")
-    reverse_selector = rasp.Select(rasp.indices, opp_idx, rasp.Comparison.EQ).named(
+    reverse_selector = rasp.Select(rasp.indices, opp_idx, rasp.Comparison.LEQ).named(
         "reverse_selector"
     )
     return rasp.Aggregate(reverse_selector, sop).named("reverse")</pre></div><div class="alert alert-secondary"><pre class="diff">============================= test session starts ==============================
platform linux -- Python 3.10.12, pytest-8.3.4, pluggy-1.5.0
rootdir: /home/andre-silva/RASPing
configfile: pyproject.toml
plugins: anyio-4.8.0
collected 3 items

tests/test_reverse.py ssAccuracy:  0.0
F

=================================== FAILURES ===================================
____________________________ TestReverse.test_model ____________________________

self = &lt;tests.test_reverse.TestReverse object at 0x7f4499b6da20&gt;

    def test_model(self):
&gt;       self.test()

tests/test_reverse.py:23: 
_ _ _ _ _ _ _ _ _ _ _ _ _ _ _ _ _ _ _ _ _ _ _ _ _ _ _ _ _ _ _ _ _ _ _ _ _ _ _ _ 

self = &lt;tests.test_reverse.TestReverse object at 0x7f4499b6da20&gt;

    @pytest.mark.skip(reason="This is not a test")
    def test(self):
        try:
            model = Model(self.model, self.inputs, self.maxLength, self.name)
        except Exception as e:
            # Survive if the model is not compilable (we want to kill the buggy ones)
            print(str(e))
            # Print message for post-processing
            print("UNCOMPILABLE MODEL")
            return
    
        accuracy = model.evaluateModel(
            self.testing_data, doPrint=False, outputArray=False, useAssert=False
        )
        # Print the accuracy for post-processing
        print("Accuracy: ", accuracy)
&gt;       assert accuracy == 1.0
E       AssertionError

tests/test.py:47: AssertionError
=========================== short test summary info ============================
FAILED tests/test_reverse.py::TestReverse::test_model - AssertionError
======================== 1 failed, 2 skipped in 19.59s =========================
</pre></div></div></div></div></div><div class="mb-1" id="job_list___sub_accordion_35"><div class="card"><a data-toggle="collapse" data-target="#job_list___sub_collapse_35_1" aria-expanded="false" aria-controls="job_list___sub_collapse_35_1" href="#" class="job_list___sub_multi_heading"><div role="alert" class="card-header alert-success" id="job_list___sub_heading_35_1"><button class="btn btn-outline-success"><span class="job_id">35 : Job ID 7a22da3981bc49fd9e270d17c9fab5c5</span></button></div></a><div aria-labelledby="job_list___sub_heading_35_1" data-parent="#job_list___sub_accordion_35" class="collapse job_list___sub_multi_collapse" id="job_list___sub_collapse_35_1"><div class="card-body"><div class="work-item"><div class="alert alert-success test-outcome" role="alert"><p>worker outcome: normal</p><p>test outcome: killed</p></div></div><pre class="location"><a href="pycharm://open?file=source/reverse.py&amp;line=41" class="text-secondary"><button class="btn btn-outline-dark">source/reverse.py, start pos: (41, 58), end pos: (41, 76)</button></a></pre><pre>operator: operators/replace-rasp-comparison, occurrence: 10</pre><div class="alert alert-secondary"><pre class="diff">--- mutation diff ---
--- asource/reverse.py
+++ bsource/reverse.py
@@ -38,7 +38,7 @@
     """
     opp_idx = (length - rasp.indices).named("opp_idx")
     opp_idx = (opp_idx - 1).named("opp_idx-1")
-    reverse_selector = rasp.Select(rasp.indices, opp_idx, rasp.Comparison.EQ).named(
+    reverse_selector = rasp.Select(rasp.indices, opp_idx, rasp.Comparison.GT).named(
         "reverse_selector"
     )
     return rasp.Aggregate(reverse_selector, sop).named("reverse")</pre></div><div class="alert alert-secondary"><pre class="diff">============================= test session starts ==============================
platform linux -- Python 3.10.12, pytest-8.3.4, pluggy-1.5.0
rootdir: /home/andre-silva/RASPing
configfile: pyproject.toml
plugins: anyio-4.8.0
collected 3 items

tests/test_reverse.py ssAccuracy:  0.0
F

=================================== FAILURES ===================================
____________________________ TestReverse.test_model ____________________________

self = &lt;tests.test_reverse.TestReverse object at 0x7fc31d041a80&gt;

    def test_model(self):
&gt;       self.test()

tests/test_reverse.py:23: 
_ _ _ _ _ _ _ _ _ _ _ _ _ _ _ _ _ _ _ _ _ _ _ _ _ _ _ _ _ _ _ _ _ _ _ _ _ _ _ _ 

self = &lt;tests.test_reverse.TestReverse object at 0x7fc31d041a80&gt;

    @pytest.mark.skip(reason="This is not a test")
    def test(self):
        try:
            model = Model(self.model, self.inputs, self.maxLength, self.name)
        except Exception as e:
            # Survive if the model is not compilable (we want to kill the buggy ones)
            print(str(e))
            # Print message for post-processing
            print("UNCOMPILABLE MODEL")
            return
    
        accuracy = model.evaluateModel(
            self.testing_data, doPrint=False, outputArray=False, useAssert=False
        )
        # Print the accuracy for post-processing
        print("Accuracy: ", accuracy)
&gt;       assert accuracy == 1.0
E       AssertionError

tests/test.py:47: AssertionError
=========================== short test summary info ============================
FAILED tests/test_reverse.py::TestReverse::test_model - AssertionError
======================== 1 failed, 2 skipped in 19.70s =========================
</pre></div></div></div></div></div><div class="mb-1" id="job_list___sub_accordion_36"><div class="card"><a data-toggle="collapse" data-target="#job_list___sub_collapse_36_1" aria-expanded="false" aria-controls="job_list___sub_collapse_36_1" href="#" class="job_list___sub_multi_heading"><div role="alert" class="card-header alert-success" id="job_list___sub_heading_36_1"><button class="btn btn-outline-success"><span class="job_id">36 : Job ID 8d909e8ba08e46018de9baad798f4c40</span></button></div></a><div aria-labelledby="job_list___sub_heading_36_1" data-parent="#job_list___sub_accordion_36" class="collapse job_list___sub_multi_collapse" id="job_list___sub_collapse_36_1"><div class="card-body"><div class="work-item"><div class="alert alert-success test-outcome" role="alert"><p>worker outcome: normal</p><p>test outcome: killed</p></div></div><pre class="location"><a href="pycharm://open?file=source/reverse.py&amp;line=41" class="text-secondary"><button class="btn btn-outline-dark">source/reverse.py, start pos: (41, 58), end pos: (41, 76)</button></a></pre><pre>operator: operators/replace-rasp-comparison, occurrence: 11</pre><div class="alert alert-secondary"><pre class="diff">--- mutation diff ---
--- asource/reverse.py
+++ bsource/reverse.py
@@ -38,7 +38,7 @@
     """
     opp_idx = (length - rasp.indices).named("opp_idx")
     opp_idx = (opp_idx - 1).named("opp_idx-1")
-    reverse_selector = rasp.Select(rasp.indices, opp_idx, rasp.Comparison.EQ).named(
+    reverse_selector = rasp.Select(rasp.indices, opp_idx, rasp.Comparison.GEQ).named(
         "reverse_selector"
     )
     return rasp.Aggregate(reverse_selector, sop).named("reverse")</pre></div><div class="alert alert-secondary"><pre class="diff">============================= test session starts ==============================
platform linux -- Python 3.10.12, pytest-8.3.4, pluggy-1.5.0
rootdir: /home/andre-silva/RASPing
configfile: pyproject.toml
plugins: anyio-4.8.0
collected 3 items

tests/test_reverse.py ssAccuracy:  0.0
F

=================================== FAILURES ===================================
____________________________ TestReverse.test_model ____________________________

self = &lt;tests.test_reverse.TestReverse object at 0x7fc69be6dae0&gt;

    def test_model(self):
&gt;       self.test()

tests/test_reverse.py:23: 
_ _ _ _ _ _ _ _ _ _ _ _ _ _ _ _ _ _ _ _ _ _ _ _ _ _ _ _ _ _ _ _ _ _ _ _ _ _ _ _ 

self = &lt;tests.test_reverse.TestReverse object at 0x7fc69be6dae0&gt;

    @pytest.mark.skip(reason="This is not a test")
    def test(self):
        try:
            model = Model(self.model, self.inputs, self.maxLength, self.name)
        except Exception as e:
            # Survive if the model is not compilable (we want to kill the buggy ones)
            print(str(e))
            # Print message for post-processing
            print("UNCOMPILABLE MODEL")
            return
    
        accuracy = model.evaluateModel(
            self.testing_data, doPrint=False, outputArray=False, useAssert=False
        )
        # Print the accuracy for post-processing
        print("Accuracy: ", accuracy)
&gt;       assert accuracy == 1.0
E       AssertionError

tests/test.py:47: AssertionError
=========================== short test summary info ============================
FAILED tests/test_reverse.py::TestReverse::test_model - AssertionError
======================== 1 failed, 2 skipped in 19.70s =========================
</pre></div></div></div></div></div><div class="mb-1" id="job_list___sub_accordion_37"><div class="card"><a data-toggle="collapse" data-target="#job_list___sub_collapse_37_1" aria-expanded="false" aria-controls="job_list___sub_collapse_37_1" href="#" class="job_list___sub_multi_heading"><div role="alert" class="card-header alert-success" id="job_list___sub_heading_37_1"><button class="btn btn-outline-success"><span class="job_id">37 : Job ID 00f24a2a2e0e4966a37c5e0e3def140b</span></button></div></a><div aria-labelledby="job_list___sub_heading_37_1" data-parent="#job_list___sub_accordion_37" class="collapse job_list___sub_multi_collapse" id="job_list___sub_collapse_37_1"><div class="card-body"><div class="work-item"><div class="alert alert-success test-outcome" role="alert"><p>worker outcome: normal</p><p>test outcome: killed</p></div></div><pre class="location"><a href="pycharm://open?file=source/reverse.py&amp;line=41" class="text-secondary"><button class="btn btn-outline-dark">source/reverse.py, start pos: (41, 58), end pos: (41, 76)</button></a></pre><pre>operator: operators/replace-rasp-comparison, occurrence: 12</pre><div class="alert alert-secondary"><pre class="diff">--- mutation diff ---
--- asource/reverse.py
+++ bsource/reverse.py
@@ -38,7 +38,7 @@
     """
     opp_idx = (length - rasp.indices).named("opp_idx")
     opp_idx = (opp_idx - 1).named("opp_idx-1")
-    reverse_selector = rasp.Select(rasp.indices, opp_idx, rasp.Comparison.EQ).named(
+    reverse_selector = rasp.Select(rasp.indices, opp_idx, rasp.Comparison.NEQ).named(
         "reverse_selector"
     )
     return rasp.Aggregate(reverse_selector, sop).named("reverse")</pre></div><div class="alert alert-secondary"><pre class="diff">============================= test session starts ==============================
platform linux -- Python 3.10.12, pytest-8.3.4, pluggy-1.5.0
rootdir: /home/andre-silva/RASPing
configfile: pyproject.toml
plugins: anyio-4.8.0
collected 3 items

tests/test_reverse.py ssAccuracy:  0.0
F

=================================== FAILURES ===================================
____________________________ TestReverse.test_model ____________________________

self = &lt;tests.test_reverse.TestReverse object at 0x7f7019545b40&gt;

    def test_model(self):
&gt;       self.test()

tests/test_reverse.py:23: 
_ _ _ _ _ _ _ _ _ _ _ _ _ _ _ _ _ _ _ _ _ _ _ _ _ _ _ _ _ _ _ _ _ _ _ _ _ _ _ _ 

self = &lt;tests.test_reverse.TestReverse object at 0x7f7019545b40&gt;

    @pytest.mark.skip(reason="This is not a test")
    def test(self):
        try:
            model = Model(self.model, self.inputs, self.maxLength, self.name)
        except Exception as e:
            # Survive if the model is not compilable (we want to kill the buggy ones)
            print(str(e))
            # Print message for post-processing
            print("UNCOMPILABLE MODEL")
            return
    
        accuracy = model.evaluateModel(
            self.testing_data, doPrint=False, outputArray=False, useAssert=False
        )
        # Print the accuracy for post-processing
        print("Accuracy: ", accuracy)
&gt;       assert accuracy == 1.0
E       AssertionError

tests/test.py:47: AssertionError
=========================== short test summary info ============================
FAILED tests/test_reverse.py::TestReverse::test_model - AssertionError
======================== 1 failed, 2 skipped in 18.08s =========================
</pre></div></div></div></div></div><div class="mb-1" id="job_list___sub_accordion_38"><div class="card"><a data-toggle="collapse" data-target="#job_list___sub_collapse_38_1" aria-expanded="false" aria-controls="job_list___sub_collapse_38_1" href="#" class="job_list___sub_multi_heading"><div role="alert" class="card-header alert-success" id="job_list___sub_heading_38_1"><button class="btn btn-outline-success"><span class="job_id">38 : Job ID 0f9949757c35400bbc64e15c9322c17c</span></button></div></a><div aria-labelledby="job_list___sub_heading_38_1" data-parent="#job_list___sub_accordion_38" class="collapse job_list___sub_multi_collapse" id="job_list___sub_collapse_38_1"><div class="card-body"><div class="work-item"><div class="alert alert-success test-outcome" role="alert"><p>worker outcome: normal</p><p>test outcome: killed</p></div></div><pre class="location"><a href="pycharm://open?file=source/reverse.py&amp;line=41" class="text-secondary"><button class="btn btn-outline-dark">source/reverse.py, start pos: (41, 58), end pos: (41, 76)</button></a></pre><pre>operator: operators/replace-rasp-comparison, occurrence: 13</pre><div class="alert alert-secondary"><pre class="diff">--- mutation diff ---
--- asource/reverse.py
+++ bsource/reverse.py
@@ -38,7 +38,7 @@
     """
     opp_idx = (length - rasp.indices).named("opp_idx")
     opp_idx = (opp_idx - 1).named("opp_idx-1")
-    reverse_selector = rasp.Select(rasp.indices, opp_idx, rasp.Comparison.EQ).named(
+    reverse_selector = rasp.Select(rasp.indices, opp_idx, rasp.Comparison.TRUE).named(
         "reverse_selector"
     )
     return rasp.Aggregate(reverse_selector, sop).named("reverse")</pre></div><div class="alert alert-secondary"><pre class="diff">============================= test session starts ==============================
platform linux -- Python 3.10.12, pytest-8.3.4, pluggy-1.5.0
rootdir: /home/andre-silva/RASPing
configfile: pyproject.toml
plugins: anyio-4.8.0
collected 3 items

tests/test_reverse.py ssAccuracy:  0.0
F

=================================== FAILURES ===================================
____________________________ TestReverse.test_model ____________________________

self = &lt;tests.test_reverse.TestReverse object at 0x7f3fb8571990&gt;

    def test_model(self):
&gt;       self.test()

tests/test_reverse.py:23: 
_ _ _ _ _ _ _ _ _ _ _ _ _ _ _ _ _ _ _ _ _ _ _ _ _ _ _ _ _ _ _ _ _ _ _ _ _ _ _ _ 

self = &lt;tests.test_reverse.TestReverse object at 0x7f3fb8571990&gt;

    @pytest.mark.skip(reason="This is not a test")
    def test(self):
        try:
            model = Model(self.model, self.inputs, self.maxLength, self.name)
        except Exception as e:
            # Survive if the model is not compilable (we want to kill the buggy ones)
            print(str(e))
            # Print message for post-processing
            print("UNCOMPILABLE MODEL")
            return
    
        accuracy = model.evaluateModel(
            self.testing_data, doPrint=False, outputArray=False, useAssert=False
        )
        # Print the accuracy for post-processing
        print("Accuracy: ", accuracy)
&gt;       assert accuracy == 1.0
E       AssertionError

tests/test.py:47: AssertionError
=========================== short test summary info ============================
FAILED tests/test_reverse.py::TestReverse::test_model - AssertionError
======================== 1 failed, 2 skipped in 18.87s =========================
</pre></div></div></div></div></div><div class="mb-1" id="job_list___sub_accordion_39"><div class="card"><a data-toggle="collapse" data-target="#job_list___sub_collapse_39_1" aria-expanded="false" aria-controls="job_list___sub_collapse_39_1" href="#" class="job_list___sub_multi_heading"><div role="alert" class="card-header alert-success" id="job_list___sub_heading_39_1"><button class="btn btn-outline-success"><span class="job_id">39 : Job ID 67b117aeeb6b47db84e2d4c5d6df53a7</span></button></div></a><div aria-labelledby="job_list___sub_heading_39_1" data-parent="#job_list___sub_accordion_39" class="collapse job_list___sub_multi_collapse" id="job_list___sub_collapse_39_1"><div class="card-body"><div class="work-item"><div class="alert alert-success test-outcome" role="alert"><p>worker outcome: normal</p><p>test outcome: killed</p></div></div><pre class="location"><a href="pycharm://open?file=source/reverse.py&amp;line=40" class="text-secondary"><button class="btn btn-outline-dark">source/reverse.py, start pos: (40, 25), end pos: (40, 26)</button></a></pre><pre>operator: operators/increment-integer, occurrence: 0</pre><div class="alert alert-secondary"><pre class="diff">--- mutation diff ---
--- asource/reverse.py
+++ bsource/reverse.py
@@ -37,7 +37,7 @@
       reverse : SOp that reverses the input sequence.
     """
     opp_idx = (length - rasp.indices).named("opp_idx")
-    opp_idx = (opp_idx - 1).named("opp_idx-1")
+    opp_idx = (opp_idx - 2).named("opp_idx-1")
     reverse_selector = rasp.Select(rasp.indices, opp_idx, rasp.Comparison.EQ).named(
         "reverse_selector"
     )</pre></div><div class="alert alert-secondary"><pre class="diff">============================= test session starts ==============================
platform linux -- Python 3.10.12, pytest-8.3.4, pluggy-1.5.0
rootdir: /home/andre-silva/RASPing
configfile: pyproject.toml
plugins: anyio-4.8.0
collected 3 items

tests/test_reverse.py ssAccuracy:  0.0
F

=================================== FAILURES ===================================
____________________________ TestReverse.test_model ____________________________

self = &lt;tests.test_reverse.TestReverse object at 0x7fd5e1c45b10&gt;

    def test_model(self):
&gt;       self.test()

tests/test_reverse.py:23: 
_ _ _ _ _ _ _ _ _ _ _ _ _ _ _ _ _ _ _ _ _ _ _ _ _ _ _ _ _ _ _ _ _ _ _ _ _ _ _ _ 

self = &lt;tests.test_reverse.TestReverse object at 0x7fd5e1c45b10&gt;

    @pytest.mark.skip(reason="This is not a test")
    def test(self):
        try:
            model = Model(self.model, self.inputs, self.maxLength, self.name)
        except Exception as e:
            # Survive if the model is not compilable (we want to kill the buggy ones)
            print(str(e))
            # Print message for post-processing
            print("UNCOMPILABLE MODEL")
            return
    
        accuracy = model.evaluateModel(
            self.testing_data, doPrint=False, outputArray=False, useAssert=False
        )
        # Print the accuracy for post-processing
        print("Accuracy: ", accuracy)
&gt;       assert accuracy == 1.0
E       AssertionError

tests/test.py:47: AssertionError
=========================== short test summary info ============================
FAILED tests/test_reverse.py::TestReverse::test_model - AssertionError
======================== 1 failed, 2 skipped in 18.27s =========================
</pre></div></div></div></div></div><div class="mb-1" id="job_list___sub_accordion_40"><div class="card"><a data-toggle="collapse" data-target="#job_list___sub_collapse_40_1" aria-expanded="false" aria-controls="job_list___sub_collapse_40_1" href="#" class="job_list___sub_multi_heading"><div role="alert" class="card-header alert-success" id="job_list___sub_heading_40_1"><button class="btn btn-outline-success"><span class="job_id">40 : Job ID 6f36284851774434ae8e401c73152345</span></button></div></a><div aria-labelledby="job_list___sub_heading_40_1" data-parent="#job_list___sub_accordion_40" class="collapse job_list___sub_multi_collapse" id="job_list___sub_collapse_40_1"><div class="card-body"><div class="work-item"><div class="alert alert-success test-outcome" role="alert"><p>worker outcome: normal</p><p>test outcome: killed</p></div></div><pre class="location"><a href="pycharm://open?file=source/reverse.py&amp;line=40" class="text-secondary"><button class="btn btn-outline-dark">source/reverse.py, start pos: (40, 25), end pos: (40, 26)</button></a></pre><pre>operator: operators/decrement-integer, occurrence: 0</pre><div class="alert alert-secondary"><pre class="diff">--- mutation diff ---
--- asource/reverse.py
+++ bsource/reverse.py
@@ -37,7 +37,7 @@
       reverse : SOp that reverses the input sequence.
     """
     opp_idx = (length - rasp.indices).named("opp_idx")
-    opp_idx = (opp_idx - 1).named("opp_idx-1")
+    opp_idx = (opp_idx - 0).named("opp_idx-1")
     reverse_selector = rasp.Select(rasp.indices, opp_idx, rasp.Comparison.EQ).named(
         "reverse_selector"
     )</pre></div><div class="alert alert-secondary"><pre class="diff">============================= test session starts ==============================
platform linux -- Python 3.10.12, pytest-8.3.4, pluggy-1.5.0
rootdir: /home/andre-silva/RASPing
configfile: pyproject.toml
plugins: anyio-4.8.0
collected 3 items

tests/test_reverse.py ssAccuracy:  0.0
F

=================================== FAILURES ===================================
____________________________ TestReverse.test_model ____________________________

self = &lt;tests.test_reverse.TestReverse object at 0x7f161c471ab0&gt;

    def test_model(self):
&gt;       self.test()

tests/test_reverse.py:23: 
_ _ _ _ _ _ _ _ _ _ _ _ _ _ _ _ _ _ _ _ _ _ _ _ _ _ _ _ _ _ _ _ _ _ _ _ _ _ _ _ 

self = &lt;tests.test_reverse.TestReverse object at 0x7f161c471ab0&gt;

    @pytest.mark.skip(reason="This is not a test")
    def test(self):
        try:
            model = Model(self.model, self.inputs, self.maxLength, self.name)
        except Exception as e:
            # Survive if the model is not compilable (we want to kill the buggy ones)
            print(str(e))
            # Print message for post-processing
            print("UNCOMPILABLE MODEL")
            return
    
        accuracy = model.evaluateModel(
            self.testing_data, doPrint=False, outputArray=False, useAssert=False
        )
        # Print the accuracy for post-processing
        print("Accuracy: ", accuracy)
&gt;       assert accuracy == 1.0
E       AssertionError

tests/test.py:47: AssertionError
=========================== short test summary info ============================
FAILED tests/test_reverse.py::TestReverse::test_model - AssertionError
======================== 1 failed, 2 skipped in 19.32s =========================
</pre></div></div></div></div></div><div class="mb-1" id="job_list___sub_accordion_41"><div class="card"><a data-toggle="collapse" data-target="#job_list___sub_collapse_41_1" aria-expanded="false" aria-controls="job_list___sub_collapse_41_1" href="#" class="job_list___sub_multi_heading"><div role="alert" class="card-header alert-success" id="job_list___sub_heading_41_1"><button class="btn btn-outline-success"><span class="job_id">41 : Job ID 1d7bd46d0fe94a489aee6015c1ddbe1f</span></button></div></a><div aria-labelledby="job_list___sub_heading_41_1" data-parent="#job_list___sub_accordion_41" class="collapse job_list___sub_multi_collapse" id="job_list___sub_collapse_41_1"><div class="card-body"><div class="work-item"><div class="alert alert-success test-outcome" role="alert"><p>worker outcome: normal</p><p>test outcome: killed</p></div></div><pre class="location"><a href="pycharm://open?file=source/reverse.py&amp;line=39" class="text-secondary"><button class="btn btn-outline-dark">source/reverse.py, start pos: (39, 24), end pos: (39, 36)</button></a></pre><pre>operator: operators/increment-rasp-indices, occurrence: 0</pre><div class="alert alert-secondary"><pre class="diff">--- mutation diff ---
--- asource/reverse.py
+++ bsource/reverse.py
@@ -36,7 +36,7 @@
     Returns:
       reverse : SOp that reverses the input sequence.
     """
-    opp_idx = (length - rasp.indices).named("opp_idx")
+    opp_idx = (length - rasp.indices + 1).named("opp_idx")
     opp_idx = (opp_idx - 1).named("opp_idx-1")
     reverse_selector = rasp.Select(rasp.indices, opp_idx, rasp.Comparison.EQ).named(
         "reverse_selector"</pre></div><div class="alert alert-secondary"><pre class="diff">============================= test session starts ==============================
platform linux -- Python 3.10.12, pytest-8.3.4, pluggy-1.5.0
rootdir: /home/andre-silva/RASPing
configfile: pyproject.toml
plugins: anyio-4.8.0
collected 3 items

tests/test_reverse.py ssAccuracy:  0.0
F

=================================== FAILURES ===================================
____________________________ TestReverse.test_model ____________________________

self = &lt;tests.test_reverse.TestReverse object at 0x7fb748181b10&gt;

    def test_model(self):
&gt;       self.test()

tests/test_reverse.py:23: 
_ _ _ _ _ _ _ _ _ _ _ _ _ _ _ _ _ _ _ _ _ _ _ _ _ _ _ _ _ _ _ _ _ _ _ _ _ _ _ _ 

self = &lt;tests.test_reverse.TestReverse object at 0x7fb748181b10&gt;

    @pytest.mark.skip(reason="This is not a test")
    def test(self):
        try:
            model = Model(self.model, self.inputs, self.maxLength, self.name)
        except Exception as e:
            # Survive if the model is not compilable (we want to kill the buggy ones)
            print(str(e))
            # Print message for post-processing
            print("UNCOMPILABLE MODEL")
            return
    
        accuracy = model.evaluateModel(
            self.testing_data, doPrint=False, outputArray=False, useAssert=False
        )
        # Print the accuracy for post-processing
        print("Accuracy: ", accuracy)
&gt;       assert accuracy == 1.0
E       AssertionError

tests/test.py:47: AssertionError
=========================== short test summary info ============================
FAILED tests/test_reverse.py::TestReverse::test_model - AssertionError
======================== 1 failed, 2 skipped in 18.11s =========================
</pre></div></div></div></div></div><div class="mb-1" id="job_list___sub_accordion_42"><div class="card"><a data-toggle="collapse" data-target="#job_list___sub_collapse_42_1" aria-expanded="false" aria-controls="job_list___sub_collapse_42_1" href="#" class="job_list___sub_multi_heading"><div role="alert" class="card-header alert-success" id="job_list___sub_heading_42_1"><button class="btn btn-outline-success"><span class="job_id">42 : Job ID bc221b3306294a7f8e7d985d2e02f8e8</span></button></div></a><div aria-labelledby="job_list___sub_heading_42_1" data-parent="#job_list___sub_accordion_42" class="collapse job_list___sub_multi_collapse" id="job_list___sub_collapse_42_1"><div class="card-body"><div class="work-item"><div class="alert alert-success test-outcome" role="alert"><p>worker outcome: normal</p><p>test outcome: killed</p></div></div><pre class="location"><a href="pycharm://open?file=source/reverse.py&amp;line=41" class="text-secondary"><button class="btn btn-outline-dark">source/reverse.py, start pos: (41, 35), end pos: (41, 47)</button></a></pre><pre>operator: operators/increment-rasp-indices, occurrence: 1</pre><div class="alert alert-secondary"><pre class="diff">--- mutation diff ---
--- asource/reverse.py
+++ bsource/reverse.py
@@ -38,7 +38,7 @@
     """
     opp_idx = (length - rasp.indices).named("opp_idx")
     opp_idx = (opp_idx - 1).named("opp_idx-1")
-    reverse_selector = rasp.Select(rasp.indices, opp_idx, rasp.Comparison.EQ).named(
+    reverse_selector = rasp.Select(rasp.indices + 1, opp_idx, rasp.Comparison.EQ).named(
         "reverse_selector"
     )
     return rasp.Aggregate(reverse_selector, sop).named("reverse")</pre></div><div class="alert alert-secondary"><pre class="diff">============================= test session starts ==============================
platform linux -- Python 3.10.12, pytest-8.3.4, pluggy-1.5.0
rootdir: /home/andre-silva/RASPing
configfile: pyproject.toml
plugins: anyio-4.8.0
collected 3 items

tests/test_reverse.py ssAccuracy:  0.0
F

=================================== FAILURES ===================================
____________________________ TestReverse.test_model ____________________________

self = &lt;tests.test_reverse.TestReverse object at 0x7fdc99d6dae0&gt;

    def test_model(self):
&gt;       self.test()

tests/test_reverse.py:23: 
_ _ _ _ _ _ _ _ _ _ _ _ _ _ _ _ _ _ _ _ _ _ _ _ _ _ _ _ _ _ _ _ _ _ _ _ _ _ _ _ 

self = &lt;tests.test_reverse.TestReverse object at 0x7fdc99d6dae0&gt;

    @pytest.mark.skip(reason="This is not a test")
    def test(self):
        try:
            model = Model(self.model, self.inputs, self.maxLength, self.name)
        except Exception as e:
            # Survive if the model is not compilable (we want to kill the buggy ones)
            print(str(e))
            # Print message for post-processing
            print("UNCOMPILABLE MODEL")
            return
    
        accuracy = model.evaluateModel(
            self.testing_data, doPrint=False, outputArray=False, useAssert=False
        )
        # Print the accuracy for post-processing
        print("Accuracy: ", accuracy)
&gt;       assert accuracy == 1.0
E       AssertionError

tests/test.py:47: AssertionError
=========================== short test summary info ============================
FAILED tests/test_reverse.py::TestReverse::test_model - AssertionError
======================== 1 failed, 2 skipped in 19.63s =========================
</pre></div></div></div></div></div><div class="mb-1" id="job_list___sub_accordion_43"><div class="card"><a data-toggle="collapse" data-target="#job_list___sub_collapse_43_1" aria-expanded="false" aria-controls="job_list___sub_collapse_43_1" href="#" class="job_list___sub_multi_heading"><div role="alert" class="card-header alert-success" id="job_list___sub_heading_43_1"><button class="btn btn-outline-success"><span class="job_id">43 : Job ID 6005617aeb104a3290757d55901c1079</span></button></div></a><div aria-labelledby="job_list___sub_heading_43_1" data-parent="#job_list___sub_accordion_43" class="collapse job_list___sub_multi_collapse" id="job_list___sub_collapse_43_1"><div class="card-body"><div class="work-item"><div class="alert alert-success test-outcome" role="alert"><p>worker outcome: normal</p><p>test outcome: killed</p></div></div><pre class="location"><a href="pycharm://open?file=source/reverse.py&amp;line=39" class="text-secondary"><button class="btn btn-outline-dark">source/reverse.py, start pos: (39, 24), end pos: (39, 36)</button></a></pre><pre>operator: operators/decrement-rasp-indices, occurrence: 0</pre><div class="alert alert-secondary"><pre class="diff">--- mutation diff ---
--- asource/reverse.py
+++ bsource/reverse.py
@@ -36,7 +36,7 @@
     Returns:
       reverse : SOp that reverses the input sequence.
     """
-    opp_idx = (length - rasp.indices).named("opp_idx")
+    opp_idx = (length - rasp.indices - 1).named("opp_idx")
     opp_idx = (opp_idx - 1).named("opp_idx-1")
     reverse_selector = rasp.Select(rasp.indices, opp_idx, rasp.Comparison.EQ).named(
         "reverse_selector"</pre></div><div class="alert alert-secondary"><pre class="diff">============================= test session starts ==============================
platform linux -- Python 3.10.12, pytest-8.3.4, pluggy-1.5.0
rootdir: /home/andre-silva/RASPing
configfile: pyproject.toml
plugins: anyio-4.8.0
collected 3 items

tests/test_reverse.py ssAccuracy:  0.0
F

=================================== FAILURES ===================================
____________________________ TestReverse.test_model ____________________________

self = &lt;tests.test_reverse.TestReverse object at 0x7f6a62a5da80&gt;

    def test_model(self):
&gt;       self.test()

tests/test_reverse.py:23: 
_ _ _ _ _ _ _ _ _ _ _ _ _ _ _ _ _ _ _ _ _ _ _ _ _ _ _ _ _ _ _ _ _ _ _ _ _ _ _ _ 

self = &lt;tests.test_reverse.TestReverse object at 0x7f6a62a5da80&gt;

    @pytest.mark.skip(reason="This is not a test")
    def test(self):
        try:
            model = Model(self.model, self.inputs, self.maxLength, self.name)
        except Exception as e:
            # Survive if the model is not compilable (we want to kill the buggy ones)
            print(str(e))
            # Print message for post-processing
            print("UNCOMPILABLE MODEL")
            return
    
        accuracy = model.evaluateModel(
            self.testing_data, doPrint=False, outputArray=False, useAssert=False
        )
        # Print the accuracy for post-processing
        print("Accuracy: ", accuracy)
&gt;       assert accuracy == 1.0
E       AssertionError

tests/test.py:47: AssertionError
=========================== short test summary info ============================
FAILED tests/test_reverse.py::TestReverse::test_model - AssertionError
======================== 1 failed, 2 skipped in 20.30s =========================
</pre></div></div></div></div></div><div class="mb-1" id="job_list___sub_accordion_44"><div class="card"><a data-toggle="collapse" data-target="#job_list___sub_collapse_44_1" aria-expanded="false" aria-controls="job_list___sub_collapse_44_1" href="#" class="job_list___sub_multi_heading"><div role="alert" class="card-header alert-success" id="job_list___sub_heading_44_1"><button class="btn btn-outline-success"><span class="job_id">44 : Job ID 55e0c563078a410380d4a89ef6bd11e7</span></button></div></a><div aria-labelledby="job_list___sub_heading_44_1" data-parent="#job_list___sub_accordion_44" class="collapse job_list___sub_multi_collapse" id="job_list___sub_collapse_44_1"><div class="card-body"><div class="work-item"><div class="alert alert-success test-outcome" role="alert"><p>worker outcome: normal</p><p>test outcome: killed</p></div></div><pre class="location"><a href="pycharm://open?file=source/reverse.py&amp;line=41" class="text-secondary"><button class="btn btn-outline-dark">source/reverse.py, start pos: (41, 35), end pos: (41, 47)</button></a></pre><pre>operator: operators/decrement-rasp-indices, occurrence: 1</pre><div class="alert alert-secondary"><pre class="diff">--- mutation diff ---
--- asource/reverse.py
+++ bsource/reverse.py
@@ -38,7 +38,7 @@
     """
     opp_idx = (length - rasp.indices).named("opp_idx")
     opp_idx = (opp_idx - 1).named("opp_idx-1")
-    reverse_selector = rasp.Select(rasp.indices, opp_idx, rasp.Comparison.EQ).named(
+    reverse_selector = rasp.Select(rasp.indices - 1, opp_idx, rasp.Comparison.EQ).named(
         "reverse_selector"
     )
     return rasp.Aggregate(reverse_selector, sop).named("reverse")</pre></div><div class="alert alert-secondary"><pre class="diff">============================= test session starts ==============================
platform linux -- Python 3.10.12, pytest-8.3.4, pluggy-1.5.0
rootdir: /home/andre-silva/RASPing
configfile: pyproject.toml
plugins: anyio-4.8.0
collected 3 items

tests/test_reverse.py ssAccuracy:  0.0
F

=================================== FAILURES ===================================
____________________________ TestReverse.test_model ____________________________

self = &lt;tests.test_reverse.TestReverse object at 0x7ff430489b10&gt;

    def test_model(self):
&gt;       self.test()

tests/test_reverse.py:23: 
_ _ _ _ _ _ _ _ _ _ _ _ _ _ _ _ _ _ _ _ _ _ _ _ _ _ _ _ _ _ _ _ _ _ _ _ _ _ _ _ 

self = &lt;tests.test_reverse.TestReverse object at 0x7ff430489b10&gt;

    @pytest.mark.skip(reason="This is not a test")
    def test(self):
        try:
            model = Model(self.model, self.inputs, self.maxLength, self.name)
        except Exception as e:
            # Survive if the model is not compilable (we want to kill the buggy ones)
            print(str(e))
            # Print message for post-processing
            print("UNCOMPILABLE MODEL")
            return
    
        accuracy = model.evaluateModel(
            self.testing_data, doPrint=False, outputArray=False, useAssert=False
        )
        # Print the accuracy for post-processing
        print("Accuracy: ", accuracy)
&gt;       assert accuracy == 1.0
E       AssertionError

tests/test.py:47: AssertionError
=========================== short test summary info ============================
FAILED tests/test_reverse.py::TestReverse::test_model - AssertionError
======================== 1 failed, 2 skipped in 18.69s =========================
</pre></div></div></div></div></div><div class="mb-1" id="job_list___sub_accordion_45"><div class="card"><a data-toggle="collapse" data-target="#job_list___sub_collapse_45_1" aria-expanded="false" aria-controls="job_list___sub_collapse_45_1" href="#" class="job_list___sub_multi_heading"><div role="alert" class="card-header alert-success" id="job_list___sub_heading_45_1"><button class="btn btn-outline-success"><span class="job_id">45 : Job ID 773b59dfa39548f485b791b0331ed40a</span></button></div></a><div aria-labelledby="job_list___sub_heading_45_1" data-parent="#job_list___sub_accordion_45" class="collapse job_list___sub_multi_collapse" id="job_list___sub_collapse_45_1"><div class="card-body"><div class="work-item"><div class="alert alert-success test-outcome" role="alert"><p>worker outcome: normal</p><p>test outcome: killed</p></div></div><pre class="location"><a href="pycharm://open?file=source/reverse.py&amp;line=19" class="text-secondary"><button class="btn btn-outline-dark">source/reverse.py, start pos: (19, 4), end pos: (19, 64)</button></a></pre><pre>operator: operators/negate-rasp-sop-return-stmt, occurrence: 0</pre><div class="alert alert-secondary"><pre class="diff">--- mutation diff ---
--- asource/reverse.py
+++ bsource/reverse.py
@@ -16,7 +16,7 @@
     all_true_selector = rasp.Select(
         rasp.tokens, rasp.tokens, rasp.Comparison.TRUE
     ).named("all_true_selector")
-    return rasp.SelectorWidth(all_true_selector).named("length")
+    return rasp.SelectorWidth(all_true_selector).named("length") * -1
 
 
 length = make_length()</pre></div><div class="alert alert-secondary"><pre class="diff">============================= test session starts ==============================
platform linux -- Python 3.10.12, pytest-8.3.4, pluggy-1.5.0
rootdir: /home/andre-silva/RASPing
configfile: pyproject.toml
plugins: anyio-4.8.0
collected 3 items

tests/test_reverse.py ssAccuracy:  0.0
F

=================================== FAILURES ===================================
____________________________ TestReverse.test_model ____________________________

self = &lt;tests.test_reverse.TestReverse object at 0x7f2b2a665c00&gt;

    def test_model(self):
&gt;       self.test()

tests/test_reverse.py:23: 
_ _ _ _ _ _ _ _ _ _ _ _ _ _ _ _ _ _ _ _ _ _ _ _ _ _ _ _ _ _ _ _ _ _ _ _ _ _ _ _ 

self = &lt;tests.test_reverse.TestReverse object at 0x7f2b2a665c00&gt;

    @pytest.mark.skip(reason="This is not a test")
    def test(self):
        try:
            model = Model(self.model, self.inputs, self.maxLength, self.name)
        except Exception as e:
            # Survive if the model is not compilable (we want to kill the buggy ones)
            print(str(e))
            # Print message for post-processing
            print("UNCOMPILABLE MODEL")
            return
    
        accuracy = model.evaluateModel(
            self.testing_data, doPrint=False, outputArray=False, useAssert=False
        )
        # Print the accuracy for post-processing
        print("Accuracy: ", accuracy)
&gt;       assert accuracy == 1.0
E       AssertionError

tests/test.py:47: AssertionError
=========================== short test summary info ============================
FAILED tests/test_reverse.py::TestReverse::test_model - AssertionError
======================== 1 failed, 2 skipped in 19.92s =========================
</pre></div></div></div></div></div><div class="mb-1" id="job_list___sub_accordion_46"><div class="card"><a data-toggle="collapse" data-target="#job_list___sub_collapse_46_1" aria-expanded="false" aria-controls="job_list___sub_collapse_46_1" href="#" class="job_list___sub_multi_heading"><div role="alert" class="card-header alert-success" id="job_list___sub_heading_46_1"><button class="btn btn-outline-success"><span class="job_id">46 : Job ID 8445fb2274d549c69ca49a006c5809ca</span></button></div></a><div aria-labelledby="job_list___sub_heading_46_1" data-parent="#job_list___sub_accordion_46" class="collapse job_list___sub_multi_collapse" id="job_list___sub_collapse_46_1"><div class="card-body"><div class="work-item"><div class="alert alert-success test-outcome" role="alert"><p>worker outcome: normal</p><p>test outcome: killed</p></div></div><pre class="location"><a href="pycharm://open?file=source/reverse.py&amp;line=44" class="text-secondary"><button class="btn btn-outline-dark">source/reverse.py, start pos: (44, 4), end pos: (44, 65)</button></a></pre><pre>operator: operators/negate-rasp-sop-return-stmt, occurrence: 1</pre><div class="alert alert-secondary"><pre class="diff">--- mutation diff ---
--- asource/reverse.py
+++ bsource/reverse.py
@@ -41,5 +41,5 @@
     reverse_selector = rasp.Select(rasp.indices, opp_idx, rasp.Comparison.EQ).named(
         "reverse_selector"
     )
-    return rasp.Aggregate(reverse_selector, sop).named("reverse")
+    return rasp.Aggregate(reverse_selector, sop).named("reverse") * -1
 </pre></div><div class="alert alert-secondary"><pre class="diff">============================= test session starts ==============================
platform linux -- Python 3.10.12, pytest-8.3.4, pluggy-1.5.0
rootdir: /home/andre-silva/RASPing
configfile: pyproject.toml
plugins: anyio-4.8.0
collected 3 items

tests/test_reverse.py ssAccuracy:  0.0
F

=================================== FAILURES ===================================
____________________________ TestReverse.test_model ____________________________

self = &lt;tests.test_reverse.TestReverse object at 0x7f0f83455ae0&gt;

    def test_model(self):
&gt;       self.test()

tests/test_reverse.py:23: 
_ _ _ _ _ _ _ _ _ _ _ _ _ _ _ _ _ _ _ _ _ _ _ _ _ _ _ _ _ _ _ _ _ _ _ _ _ _ _ _ 

self = &lt;tests.test_reverse.TestReverse object at 0x7f0f83455ae0&gt;

    @pytest.mark.skip(reason="This is not a test")
    def test(self):
        try:
            model = Model(self.model, self.inputs, self.maxLength, self.name)
        except Exception as e:
            # Survive if the model is not compilable (we want to kill the buggy ones)
            print(str(e))
            # Print message for post-processing
            print("UNCOMPILABLE MODEL")
            return
    
        accuracy = model.evaluateModel(
            self.testing_data, doPrint=False, outputArray=False, useAssert=False
        )
        # Print the accuracy for post-processing
        print("Accuracy: ", accuracy)
&gt;       assert accuracy == 1.0
E       AssertionError

tests/test.py:47: AssertionError
=========================== short test summary info ============================
FAILED tests/test_reverse.py::TestReverse::test_model - AssertionError
======================== 1 failed, 2 skipped in 18.88s =========================
</pre></div></div></div></div></div><div class="mb-1" id="job_list___sub_accordion_47"><div class="card"><a data-toggle="collapse" data-target="#job_list___sub_collapse_47_1" aria-expanded="false" aria-controls="job_list___sub_collapse_47_1" href="#" class="job_list___sub_multi_heading"><div role="alert" class="card-header alert-danger" id="job_list___sub_heading_47_1"><button class="btn btn-outline-danger"><span class="job_id">47 : Job ID 4170a3b804684cfbbd8c6f37f263df80</span></button></div></a><div aria-labelledby="job_list___sub_heading_47_1" data-parent="#job_list___sub_accordion_47" class="collapse job_list___sub_multi_collapse" id="job_list___sub_collapse_47_1"><div class="card-body"><div class="work-item"><div class="alert alert-danger test-outcome" role="alert"><p>SURVIVED</p><p>worker outcome: normal</p><p>test outcome: survived</p></div></div><pre class="location"><a href="pycharm://open?file=source/reverse.py&amp;line=16" class="text-secondary"><button class="btn btn-outline-dark">source/reverse.py, start pos: (16, 24), end pos: (18, 32)</button></a></pre><pre>operator: operators/negate-rasp-sop-select, occurrence: 0</pre><div class="alert alert-secondary"><pre class="diff">--- mutation diff ---
--- asource/reverse.py
+++ bsource/reverse.py
@@ -14,7 +14,7 @@
         is the length of that sequence.
     """
     all_true_selector = rasp.Select(
-        rasp.tokens, rasp.tokens, rasp.Comparison.TRUE
+        rasp.tokens * -1, rasp.tokens, rasp.Comparison.TRUE
     ).named("all_true_selector")
     return rasp.SelectorWidth(all_true_selector).named("length")
 </pre></div><div class="alert alert-secondary"><pre class="diff">============================= test session starts ==============================
platform linux -- Python 3.10.12, pytest-8.3.4, pluggy-1.5.0
rootdir: /home/andre-silva/RASPing
configfile: pyproject.toml
plugins: anyio-4.8.0
collected 3 items

tests/test_reverse.py ssAccuracy:  1.0
MODEL IS NOT BUGGY
.

======================== 1 passed, 2 skipped in 19.03s =========================
</pre></div></div></div></div></div><div class="mb-1" id="job_list___sub_accordion_48"><div class="card"><a data-toggle="collapse" data-target="#job_list___sub_collapse_48_1" aria-expanded="false" aria-controls="job_list___sub_collapse_48_1" href="#" class="job_list___sub_multi_heading"><div role="alert" class="card-header alert-danger" id="job_list___sub_heading_48_1"><button class="btn btn-outline-danger"><span class="job_id">48 : Job ID 01ac224f2908449c8f2027bd137599ab</span></button></div></a><div aria-labelledby="job_list___sub_heading_48_1" data-parent="#job_list___sub_accordion_48" class="collapse job_list___sub_multi_collapse" id="job_list___sub_collapse_48_1"><div class="card-body"><div class="work-item"><div class="alert alert-danger test-outcome" role="alert"><p>SURVIVED</p><p>worker outcome: normal</p><p>test outcome: survived</p></div></div><pre class="location"><a href="pycharm://open?file=source/reverse.py&amp;line=16" class="text-secondary"><button class="btn btn-outline-dark">source/reverse.py, start pos: (16, 24), end pos: (18, 32)</button></a></pre><pre>operator: operators/negate-rasp-sop-select, occurrence: 1</pre><div class="alert alert-secondary"><pre class="diff">--- mutation diff ---
--- asource/reverse.py
+++ bsource/reverse.py
@@ -14,7 +14,7 @@
         is the length of that sequence.
     """
     all_true_selector = rasp.Select(
-        rasp.tokens, rasp.tokens, rasp.Comparison.TRUE
+        rasp.tokens, rasp.tokens * -1, rasp.Comparison.TRUE
     ).named("all_true_selector")
     return rasp.SelectorWidth(all_true_selector).named("length")
 </pre></div><div class="alert alert-secondary"><pre class="diff">============================= test session starts ==============================
platform linux -- Python 3.10.12, pytest-8.3.4, pluggy-1.5.0
rootdir: /home/andre-silva/RASPing
configfile: pyproject.toml
plugins: anyio-4.8.0
collected 3 items

tests/test_reverse.py ssAccuracy:  1.0
MODEL IS NOT BUGGY
.

======================== 1 passed, 2 skipped in 18.34s =========================
</pre></div></div></div></div></div><div class="mb-1" id="job_list___sub_accordion_49"><div class="card"><a data-toggle="collapse" data-target="#job_list___sub_collapse_49_1" aria-expanded="false" aria-controls="job_list___sub_collapse_49_1" href="#" class="job_list___sub_multi_heading"><div role="alert" class="card-header alert-success" id="job_list___sub_heading_49_1"><button class="btn btn-outline-success"><span class="job_id">49 : Job ID 67614d42462540829949c6e4c126003e</span></button></div></a><div aria-labelledby="job_list___sub_heading_49_1" data-parent="#job_list___sub_accordion_49" class="collapse job_list___sub_multi_collapse" id="job_list___sub_collapse_49_1"><div class="card-body"><div class="work-item"><div class="alert alert-success test-outcome" role="alert"><p>worker outcome: normal</p><p>test outcome: killed</p></div></div><pre class="location"><a href="pycharm://open?file=source/reverse.py&amp;line=41" class="text-secondary"><button class="btn btn-outline-dark">source/reverse.py, start pos: (41, 23), end pos: (43, 5)</button></a></pre><pre>operator: operators/negate-rasp-sop-select, occurrence: 2</pre><div class="alert alert-secondary"><pre class="diff">--- mutation diff ---
--- asource/reverse.py
+++ bsource/reverse.py
@@ -38,7 +38,7 @@
     """
     opp_idx = (length - rasp.indices).named("opp_idx")
     opp_idx = (opp_idx - 1).named("opp_idx-1")
-    reverse_selector = rasp.Select(rasp.indices, opp_idx, rasp.Comparison.EQ).named(
+    reverse_selector = rasp.Select(rasp.indices * -1, opp_idx, rasp.Comparison.EQ).named(
         "reverse_selector"
     )
     return rasp.Aggregate(reverse_selector, sop).named("reverse")</pre></div><div class="alert alert-secondary"><pre class="diff">============================= test session starts ==============================
platform linux -- Python 3.10.12, pytest-8.3.4, pluggy-1.5.0
rootdir: /home/andre-silva/RASPing
configfile: pyproject.toml
plugins: anyio-4.8.0
collected 3 items

tests/test_reverse.py ssAccuracy:  0.0
F

=================================== FAILURES ===================================
____________________________ TestReverse.test_model ____________________________

self = &lt;tests.test_reverse.TestReverse object at 0x7f7d88d919f0&gt;

    def test_model(self):
&gt;       self.test()

tests/test_reverse.py:23: 
_ _ _ _ _ _ _ _ _ _ _ _ _ _ _ _ _ _ _ _ _ _ _ _ _ _ _ _ _ _ _ _ _ _ _ _ _ _ _ _ 

self = &lt;tests.test_reverse.TestReverse object at 0x7f7d88d919f0&gt;

    @pytest.mark.skip(reason="This is not a test")
    def test(self):
        try:
            model = Model(self.model, self.inputs, self.maxLength, self.name)
        except Exception as e:
            # Survive if the model is not compilable (we want to kill the buggy ones)
            print(str(e))
            # Print message for post-processing
            print("UNCOMPILABLE MODEL")
            return
    
        accuracy = model.evaluateModel(
            self.testing_data, doPrint=False, outputArray=False, useAssert=False
        )
        # Print the accuracy for post-processing
        print("Accuracy: ", accuracy)
&gt;       assert accuracy == 1.0
E       AssertionError

tests/test.py:47: AssertionError
=========================== short test summary info ============================
FAILED tests/test_reverse.py::TestReverse::test_model - AssertionError
======================== 1 failed, 2 skipped in 18.44s =========================
</pre></div></div></div></div></div><div class="mb-1" id="job_list___sub_accordion_50"><div class="card"><a data-toggle="collapse" data-target="#job_list___sub_collapse_50_1" aria-expanded="false" aria-controls="job_list___sub_collapse_50_1" href="#" class="job_list___sub_multi_heading"><div role="alert" class="card-header alert-success" id="job_list___sub_heading_50_1"><button class="btn btn-outline-success"><span class="job_id">50 : Job ID 745a1a0fc1bf4deab22f869868b8f472</span></button></div></a><div aria-labelledby="job_list___sub_heading_50_1" data-parent="#job_list___sub_accordion_50" class="collapse job_list___sub_multi_collapse" id="job_list___sub_collapse_50_1"><div class="card-body"><div class="work-item"><div class="alert alert-success test-outcome" role="alert"><p>worker outcome: normal</p><p>test outcome: killed</p></div></div><pre class="location"><a href="pycharm://open?file=source/reverse.py&amp;line=41" class="text-secondary"><button class="btn btn-outline-dark">source/reverse.py, start pos: (41, 23), end pos: (43, 5)</button></a></pre><pre>operator: operators/negate-rasp-sop-select, occurrence: 3</pre><div class="alert alert-secondary"><pre class="diff">--- mutation diff ---
--- asource/reverse.py
+++ bsource/reverse.py
@@ -38,7 +38,7 @@
     """
     opp_idx = (length - rasp.indices).named("opp_idx")
     opp_idx = (opp_idx - 1).named("opp_idx-1")
-    reverse_selector = rasp.Select(rasp.indices, opp_idx, rasp.Comparison.EQ).named(
+    reverse_selector = rasp.Select(rasp.indices, opp_idx * -1, rasp.Comparison.EQ).named(
         "reverse_selector"
     )
     return rasp.Aggregate(reverse_selector, sop).named("reverse")</pre></div><div class="alert alert-secondary"><pre class="diff">============================= test session starts ==============================
platform linux -- Python 3.10.12, pytest-8.3.4, pluggy-1.5.0
rootdir: /home/andre-silva/RASPing
configfile: pyproject.toml
plugins: anyio-4.8.0
collected 3 items

tests/test_reverse.py ssAccuracy:  0.0
F

=================================== FAILURES ===================================
____________________________ TestReverse.test_model ____________________________

self = &lt;tests.test_reverse.TestReverse object at 0x7f679f64da50&gt;

    def test_model(self):
&gt;       self.test()

tests/test_reverse.py:23: 
_ _ _ _ _ _ _ _ _ _ _ _ _ _ _ _ _ _ _ _ _ _ _ _ _ _ _ _ _ _ _ _ _ _ _ _ _ _ _ _ 

self = &lt;tests.test_reverse.TestReverse object at 0x7f679f64da50&gt;

    @pytest.mark.skip(reason="This is not a test")
    def test(self):
        try:
            model = Model(self.model, self.inputs, self.maxLength, self.name)
        except Exception as e:
            # Survive if the model is not compilable (we want to kill the buggy ones)
            print(str(e))
            # Print message for post-processing
            print("UNCOMPILABLE MODEL")
            return
    
        accuracy = model.evaluateModel(
            self.testing_data, doPrint=False, outputArray=False, useAssert=False
        )
        # Print the accuracy for post-processing
        print("Accuracy: ", accuracy)
&gt;       assert accuracy == 1.0
E       AssertionError

tests/test.py:47: AssertionError
=========================== short test summary info ============================
FAILED tests/test_reverse.py::TestReverse::test_model - AssertionError
======================== 1 failed, 2 skipped in 19.48s =========================
</pre></div></div></div></div></div><div class="mb-1" id="job_list___sub_accordion_51"><div class="card"><a data-toggle="collapse" data-target="#job_list___sub_collapse_51_1" aria-expanded="false" aria-controls="job_list___sub_collapse_51_1" href="#" class="job_list___sub_multi_heading"><div role="alert" class="card-header alert-success" id="job_list___sub_heading_51_1"><button class="btn btn-outline-success"><span class="job_id">51 : Job ID 1946361101134c2bab2a9d3e8ce2a16a</span></button></div></a><div aria-labelledby="job_list___sub_heading_51_1" data-parent="#job_list___sub_accordion_51" class="collapse job_list___sub_multi_collapse" id="job_list___sub_collapse_51_1"><div class="card-body"><div class="work-item"><div class="alert alert-success test-outcome" role="alert"><p>worker outcome: normal</p><p>test outcome: killed</p></div></div><pre class="location"><a href="pycharm://open?file=source/reverse.py&amp;line=44" class="text-secondary"><button class="btn btn-outline-dark">source/reverse.py, start pos: (44, 11), end pos: (44, 65)</button></a></pre><pre>operator: operators/negate-rasp-sop-aggregate-value, occurrence: 0</pre><div class="alert alert-secondary"><pre class="diff">--- mutation diff ---
--- asource/reverse.py
+++ bsource/reverse.py
@@ -41,5 +41,5 @@
     reverse_selector = rasp.Select(rasp.indices, opp_idx, rasp.Comparison.EQ).named(
         "reverse_selector"
     )
-    return rasp.Aggregate(reverse_selector, sop).named("reverse")
+    return rasp.Aggregate(reverse_selector, sop * -1).named("reverse")
 </pre></div><div class="alert alert-secondary"><pre class="diff">============================= test session starts ==============================
platform linux -- Python 3.10.12, pytest-8.3.4, pluggy-1.5.0
rootdir: /home/andre-silva/RASPing
configfile: pyproject.toml
plugins: anyio-4.8.0
collected 3 items

tests/test_reverse.py ssAccuracy:  0.0
F

=================================== FAILURES ===================================
____________________________ TestReverse.test_model ____________________________

self = &lt;tests.test_reverse.TestReverse object at 0x7fa878e39780&gt;

    def test_model(self):
&gt;       self.test()

tests/test_reverse.py:23: 
_ _ _ _ _ _ _ _ _ _ _ _ _ _ _ _ _ _ _ _ _ _ _ _ _ _ _ _ _ _ _ _ _ _ _ _ _ _ _ _ 

self = &lt;tests.test_reverse.TestReverse object at 0x7fa878e39780&gt;

    @pytest.mark.skip(reason="This is not a test")
    def test(self):
        try:
            model = Model(self.model, self.inputs, self.maxLength, self.name)
        except Exception as e:
            # Survive if the model is not compilable (we want to kill the buggy ones)
            print(str(e))
            # Print message for post-processing
            print("UNCOMPILABLE MODEL")
            return
    
        accuracy = model.evaluateModel(
            self.testing_data, doPrint=False, outputArray=False, useAssert=False
        )
        # Print the accuracy for post-processing
        print("Accuracy: ", accuracy)
&gt;       assert accuracy == 1.0
E       AssertionError

tests/test.py:47: AssertionError
=========================== short test summary info ============================
FAILED tests/test_reverse.py::TestReverse::test_model - AssertionError
======================== 1 failed, 2 skipped in 19.30s =========================
</pre></div></div></div></div></div><div class="mb-1" id="job_list___sub_accordion_52"><div class="card"><a data-toggle="collapse" data-target="#job_list___sub_collapse_52_1" aria-expanded="false" aria-controls="job_list___sub_collapse_52_1" href="#" class="job_list___sub_multi_heading"><div role="alert" class="card-header alert-success" id="job_list___sub_heading_52_1"><button class="btn btn-outline-success"><span class="job_id">52 : Job ID 801622fdd330428396ac87a175aeef9b</span></button></div></a><div aria-labelledby="job_list___sub_heading_52_1" data-parent="#job_list___sub_accordion_52" class="collapse job_list___sub_multi_collapse" id="job_list___sub_collapse_52_1"><div class="card-body"><div class="work-item"><div class="alert alert-success test-outcome" role="alert"><p>worker outcome: normal</p><p>test outcome: killed</p></div></div><pre class="location"><a href="pycharm://open?file=source/reverse.py&amp;line=19" class="text-secondary"><button class="btn btn-outline-dark">source/reverse.py, start pos: (19, 11), end pos: (19, 64)</button></a></pre><pre>operator: operators/negate-rasp-sop-constructor, occurrence: 0</pre><div class="alert alert-secondary"><pre class="diff">--- mutation diff ---
--- asource/reverse.py
+++ bsource/reverse.py
@@ -16,7 +16,7 @@
     all_true_selector = rasp.Select(
         rasp.tokens, rasp.tokens, rasp.Comparison.TRUE
     ).named("all_true_selector")
-    return rasp.SelectorWidth(all_true_selector).named("length")
+    return rasp.SelectorWidth(all_true_selector).named("length") * -1
 
 
 length = make_length()</pre></div><div class="alert alert-secondary"><pre class="diff">============================= test session starts ==============================
platform linux -- Python 3.10.12, pytest-8.3.4, pluggy-1.5.0
rootdir: /home/andre-silva/RASPing
configfile: pyproject.toml
plugins: anyio-4.8.0
collected 3 items

tests/test_reverse.py ssAccuracy:  0.0
F

=================================== FAILURES ===================================
____________________________ TestReverse.test_model ____________________________

self = &lt;tests.test_reverse.TestReverse object at 0x7fc8f3769b70&gt;

    def test_model(self):
&gt;       self.test()

tests/test_reverse.py:23: 
_ _ _ _ _ _ _ _ _ _ _ _ _ _ _ _ _ _ _ _ _ _ _ _ _ _ _ _ _ _ _ _ _ _ _ _ _ _ _ _ 

self = &lt;tests.test_reverse.TestReverse object at 0x7fc8f3769b70&gt;

    @pytest.mark.skip(reason="This is not a test")
    def test(self):
        try:
            model = Model(self.model, self.inputs, self.maxLength, self.name)
        except Exception as e:
            # Survive if the model is not compilable (we want to kill the buggy ones)
            print(str(e))
            # Print message for post-processing
            print("UNCOMPILABLE MODEL")
            return
    
        accuracy = model.evaluateModel(
            self.testing_data, doPrint=False, outputArray=False, useAssert=False
        )
        # Print the accuracy for post-processing
        print("Accuracy: ", accuracy)
&gt;       assert accuracy == 1.0
E       AssertionError

tests/test.py:47: AssertionError
=========================== short test summary info ============================
FAILED tests/test_reverse.py::TestReverse::test_model - AssertionError
======================== 1 failed, 2 skipped in 19.47s =========================
</pre></div></div></div></div></div><div class="mb-1" id="job_list___sub_accordion_53"><div class="card"><a data-toggle="collapse" data-target="#job_list___sub_collapse_53_1" aria-expanded="false" aria-controls="job_list___sub_collapse_53_1" href="#" class="job_list___sub_multi_heading"><div role="alert" class="card-header alert-success" id="job_list___sub_heading_53_1"><button class="btn btn-outline-success"><span class="job_id">53 : Job ID e2fdce3b06a242a4a86a60f4be9ce7b1</span></button></div></a><div aria-labelledby="job_list___sub_heading_53_1" data-parent="#job_list___sub_accordion_53" class="collapse job_list___sub_multi_collapse" id="job_list___sub_collapse_53_1"><div class="card-body"><div class="work-item"><div class="alert alert-success test-outcome" role="alert"><p>worker outcome: normal</p><p>test outcome: killed</p></div></div><pre class="location"><a href="pycharm://open?file=source/reverse.py&amp;line=44" class="text-secondary"><button class="btn btn-outline-dark">source/reverse.py, start pos: (44, 11), end pos: (44, 65)</button></a></pre><pre>operator: operators/negate-rasp-sop-constructor, occurrence: 1</pre><div class="alert alert-secondary"><pre class="diff">--- mutation diff ---
--- asource/reverse.py
+++ bsource/reverse.py
@@ -41,5 +41,5 @@
     reverse_selector = rasp.Select(rasp.indices, opp_idx, rasp.Comparison.EQ).named(
         "reverse_selector"
     )
-    return rasp.Aggregate(reverse_selector, sop).named("reverse")
+    return rasp.Aggregate(reverse_selector, sop).named("reverse") * -1
 </pre></div><div class="alert alert-secondary"><pre class="diff">============================= test session starts ==============================
platform linux -- Python 3.10.12, pytest-8.3.4, pluggy-1.5.0
rootdir: /home/andre-silva/RASPing
configfile: pyproject.toml
plugins: anyio-4.8.0
collected 3 items

tests/test_reverse.py ssAccuracy:  0.0
F

=================================== FAILURES ===================================
____________________________ TestReverse.test_model ____________________________

self = &lt;tests.test_reverse.TestReverse object at 0x7fc1da859a80&gt;

    def test_model(self):
&gt;       self.test()

tests/test_reverse.py:23: 
_ _ _ _ _ _ _ _ _ _ _ _ _ _ _ _ _ _ _ _ _ _ _ _ _ _ _ _ _ _ _ _ _ _ _ _ _ _ _ _ 

self = &lt;tests.test_reverse.TestReverse object at 0x7fc1da859a80&gt;

    @pytest.mark.skip(reason="This is not a test")
    def test(self):
        try:
            model = Model(self.model, self.inputs, self.maxLength, self.name)
        except Exception as e:
            # Survive if the model is not compilable (we want to kill the buggy ones)
            print(str(e))
            # Print message for post-processing
            print("UNCOMPILABLE MODEL")
            return
    
        accuracy = model.evaluateModel(
            self.testing_data, doPrint=False, outputArray=False, useAssert=False
        )
        # Print the accuracy for post-processing
        print("Accuracy: ", accuracy)
&gt;       assert accuracy == 1.0
E       AssertionError

tests/test.py:47: AssertionError
=========================== short test summary info ============================
FAILED tests/test_reverse.py::TestReverse::test_model - AssertionError
======================== 1 failed, 2 skipped in 19.15s =========================
</pre></div></div></div></div></div></div></div></div></div></div><script src="https://code.jquery.com/jquery-3.3.1.slim.min.js" integrity="sha384-q8i/X+965DzO0rT7abK41JStQIAqVgRVzpbzo5smXKp4YfRvH+8abtTE1Pi6jizo" crossorigin="anonymous"></script><script src="https://cdnjs.cloudflare.com/ajax/libs/popper.js/1.14.7/umd/popper.min.js" integrity="sha384-UO2eT0CpHqdSJQ6hJty5KVphtPhzWj9WO1clHTMGa3JDZwrnQq4sF86dIHNDz0W1" crossorigin="anonymous"></script><script src="https://stackpath.bootstrapcdn.com/bootstrap/4.3.1/js/bootstrap.min.js" integrity="sha384-JjSmVgyd0p3pXB1rRibZUAYoIIy6OrQ6VrjIEaFf/nJGzIxFDsf4x0xIM+B07jRM" crossorigin="anonymous"></script><script type="text/javascript">$('div.job_list___sub_multi_collapse').on('shown.bs.collapse',  function () {    correct_behavior_functional_buttons();  });$('div.job_list___sub_multi_collapse').on('hidden.bs.collapse',  function () {    correct_behavior_functional_buttons();  });function correct_behavior_functional_buttons() {    var expand = false;    var collapse = false;    $('a.job_list___sub_multi_heading').each(function(index) {      if ($(this).attr('aria-expanded') == 'false') {        expand = true;        return false;      };    });    $('a.job_list___sub_multi_heading').each(function(index) {      if ($(this).attr('aria-expanded') == 'true') {        collapse = true;        return false;      };    });    if (expand) {      $('div#job_item_expand_all').css('display', 'inline-block');    } else {      $('div#job_item_expand_all').css('display', 'none');    };    if (collapse) {      $('div#job_item_collapse_all').css('display', 'inline-block');    } else {      $('div#job_item_collapse_all').css('display', 'none');    };  };correct_behavior_functional_buttons();</script></body></html>
