<!DOCTYPE html><html lang="en"><head><meta charset="utf-8" /><meta name="viewport" content="width=device-width, initial-scale=1, shrink-to-fit=no" /><link rel="stylesheet" href="https://stackpath.bootstrapcdn.com/bootstrap/4.3.1/css/bootstrap.min.css" integrity="sha384-ggOyR0iXCbMQv3Xipma34MD+dH/1fQ784/j6cY/iJTQUOhcWr7x9JvoRxT2MZw1T" crossorigin="anonymous" /><title>Cosmic Ray Report</title></head><body><div class="container"><h1><p class="text-dark">Cosmic Ray Report</p></h1></div><div class="container"><div class="mb-1" id="summary_info___accordion"><div class="card"><a data-toggle="collapse" data-target="#summary_info___collapse_1" aria-expanded="true" aria-controls="summary_info___collapse_1" href="#"><div class="card-header" id="summary_info___heading_1"><button class="btn btn-outline-dark"><h4 class="m-0">Summary info</h4></button></div></a><div aria-labelledby="summary_info___heading_1" data-parent="#summary_info___accordion" class="collapse show" id="summary_info___collapse_1"><div class="card-body"><p>Date time: 19/12/2024 16:04:45</p><p>Total jobs: 72</p><p>Complete: 72 (100.00%)</p><p>Surviving mutants: 19 (26.39%)</p></div></div></div></div><div class="mb-1" id="job_list___accordion"><div class="card"><a data-toggle="collapse" data-target="#job_list___collapse_1" aria-expanded="false" aria-controls="job_list___collapse_1" href="#"><div class="card-header" id="job_list___heading_1"><button class="btn btn-outline-dark"><h4 class="m-0">Job list</h4></button></div></a><div aria-labelledby="job_list___heading_1" data-parent="#job_list___accordion" class="collapse" id="job_list___collapse_1"><div class="card-body"><div class="text-right mb-1"><div class="mx-1" id="job_item_expand_all"><a href="#" onclick="$('div.job_list___sub_multi_collapse').collapse('show');"><button class="btn btn-outline-dark"><span>Expand All</span></button></a></div><div class="mx-1" id="job_item_collapse_all"><a href="#" onclick="$('div.job_list___sub_multi_collapse').collapse('hide');"><button class="btn btn-outline-dark"><span>Collapse All</span></button></a></div></div><div class="mb-1" id="job_list___sub_accordion_1"><div class="card"><a data-toggle="collapse" data-target="#job_list___sub_collapse_1_1" aria-expanded="false" aria-controls="job_list___sub_collapse_1_1" href="#" class="job_list___sub_multi_heading"><div role="alert" class="card-header alert-danger" id="job_list___sub_heading_1_1"><button class="btn btn-outline-danger"><span class="job_id">1 : Job ID 2577b379af9642b492f625ca36fe905e</span></button></div></a><div aria-labelledby="job_list___sub_heading_1_1" data-parent="#job_list___sub_accordion_1" class="collapse job_list___sub_multi_collapse" id="job_list___sub_collapse_1_1"><div class="card-body"><div class="work-item"><div class="alert alert-danger test-outcome" role="alert"><p>SURVIVED</p><p>worker outcome: WorkerOutcome.NORMAL</p><p>test outcome: TestOutcome.SURVIVED</p></div></div><pre class="location"><a href="pycharm://open?file=source/sort.py&amp;line=52" class="text-secondary"><button class="btn btn-outline-dark">source/sort.py, start pos: (52, 23), end pos: (52, 24)</button></a></pre><pre>operator: core/ReplaceBinaryOperator_Add_Sub, occurrence: 0</pre><div class="alert alert-secondary"><pre class="diff">--- mutation diff ---
--- asource/sort.py
+++ bsource/sort.py
@@ -49,7 +49,7 @@
       Output SOp of sort program.
     """
     keys = rasp.SequenceMap(
-        lambda x, i: x + min_key * i / max_seq_len, keys, rasp.indices
+        lambda x, i: x - min_key * i / max_seq_len, keys, rasp.indices
     )
     return make_sort_unique(vals, keys)
 </pre></div><div class="alert alert-secondary"><pre class="diff">============================= test session starts ==============================
platform linux -- Python 3.12.7, pytest-8.3.3, pluggy-1.5.0
rootdir: /home/andre/Repos/RASPing/experiments/mutation
plugins: anyio-4.4.0
collected 3 items

tests/test_sort.py ssAccuracy:  1.0
MODEL IS NOT BUGGY
.

======================== 1 passed, 2 skipped in 43.94s =========================
</pre></div></div></div></div></div><div class="mb-1" id="job_list___sub_accordion_2"><div class="card"><a data-toggle="collapse" data-target="#job_list___sub_collapse_2_1" aria-expanded="false" aria-controls="job_list___sub_collapse_2_1" href="#" class="job_list___sub_multi_heading"><div role="alert" class="card-header alert-success" id="job_list___sub_heading_2_1"><button class="btn btn-outline-success"><span class="job_id">2 : Job ID 5f1e78eb029f49b693b2653592dd7dea</span></button></div></a><div aria-labelledby="job_list___sub_heading_2_1" data-parent="#job_list___sub_accordion_2" class="collapse job_list___sub_multi_collapse" id="job_list___sub_collapse_2_1"><div class="card-body"><div class="work-item"><div class="alert alert-success test-outcome" role="alert"><p>worker outcome: WorkerOutcome.NORMAL</p><p>test outcome: TestOutcome.KILLED</p></div></div><pre class="location"><a href="pycharm://open?file=source/sort.py&amp;line=52" class="text-secondary"><button class="btn btn-outline-dark">source/sort.py, start pos: (52, 23), end pos: (52, 24)</button></a></pre><pre>operator: core/ReplaceBinaryOperator_Add_Mul, occurrence: 0</pre><div class="alert alert-secondary"><pre class="diff">--- mutation diff ---
--- asource/sort.py
+++ bsource/sort.py
@@ -49,7 +49,7 @@
       Output SOp of sort program.
     """
     keys = rasp.SequenceMap(
-        lambda x, i: x + min_key * i / max_seq_len, keys, rasp.indices
+        lambda x, i: x * min_key * i / max_seq_len, keys, rasp.indices
     )
     return make_sort_unique(vals, keys)
 </pre></div><div class="alert alert-secondary"><pre class="diff">============================= test session starts ==============================
platform linux -- Python 3.12.7, pytest-8.3.3, pluggy-1.5.0
rootdir: /home/andre/Repos/RASPing/experiments/mutation
plugins: anyio-4.4.0
collected 3 items

tests/test_sort.py ssAccuracy:  0.148
F

=================================== FAILURES ===================================
_____________________________ TestSort.test_model ______________________________

self = &lt;tests.test_sort.TestSort object at 0x7393fcf86420&gt;

    def test_model(self):
&gt;       self.test()

tests/test_sort.py:34: 
_ _ _ _ _ _ _ _ _ _ _ _ _ _ _ _ _ _ _ _ _ _ _ _ _ _ _ _ _ _ _ _ _ _ _ _ _ _ _ _ 

self = &lt;tests.test_sort.TestSort object at 0x7393fcf86420&gt;

    @pytest.mark.skip(reason="This is not a test")
    def test(self):
        try:
            model = Model(self.model, self.inputs, self.maxLength, self.name)
        except Exception as e:
            # Survive if the model is not compilable (we want to kill the buggy ones)
            print(str(e))
            # Print message for post-processing
            print("UNCOMPILABLE MODEL")
            return
    
        accuracy = model.evaluateModel(
            self.testing_data, doPrint=False, outputArray=False, useAssert=False
        )
        # Print the accuracy for post-processing
        print("Accuracy: ", accuracy)
&gt;       assert accuracy == 1.0
E       AssertionError

tests/test.py:45: AssertionError
=========================== short test summary info ============================
FAILED tests/test_sort.py::TestSort::test_model - AssertionError
======================== 1 failed, 2 skipped in 36.98s =========================
</pre></div></div></div></div></div><div class="mb-1" id="job_list___sub_accordion_3"><div class="card"><a data-toggle="collapse" data-target="#job_list___sub_collapse_3_1" aria-expanded="false" aria-controls="job_list___sub_collapse_3_1" href="#" class="job_list___sub_multi_heading"><div role="alert" class="card-header alert-success" id="job_list___sub_heading_3_1"><button class="btn btn-outline-success"><span class="job_id">3 : Job ID 25fb3c35a14b4e5faacf0abdcc01ee06</span></button></div></a><div aria-labelledby="job_list___sub_heading_3_1" data-parent="#job_list___sub_accordion_3" class="collapse job_list___sub_multi_collapse" id="job_list___sub_collapse_3_1"><div class="card-body"><div class="work-item"><div class="alert alert-success test-outcome" role="alert"><p>worker outcome: WorkerOutcome.NORMAL</p><p>test outcome: TestOutcome.KILLED</p></div></div><pre class="location"><a href="pycharm://open?file=source/sort.py&amp;line=52" class="text-secondary"><button class="btn btn-outline-dark">source/sort.py, start pos: (52, 23), end pos: (52, 24)</button></a></pre><pre>operator: core/ReplaceBinaryOperator_Add_Div, occurrence: 0</pre><div class="alert alert-secondary"><pre class="diff">--- mutation diff ---
--- asource/sort.py
+++ bsource/sort.py
@@ -49,7 +49,7 @@
       Output SOp of sort program.
     """
     keys = rasp.SequenceMap(
-        lambda x, i: x + min_key * i / max_seq_len, keys, rasp.indices
+        lambda x, i: x / min_key * i / max_seq_len, keys, rasp.indices
     )
     return make_sort_unique(vals, keys)
 </pre></div><div class="alert alert-secondary"><pre class="diff">============================= test session starts ==============================
platform linux -- Python 3.12.7, pytest-8.3.3, pluggy-1.5.0
rootdir: /home/andre/Repos/RASPing/experiments/mutation
plugins: anyio-4.4.0
collected 3 items

tests/test_sort.py ssAccuracy:  0.126
F

=================================== FAILURES ===================================
_____________________________ TestSort.test_model ______________________________

self = &lt;tests.test_sort.TestSort object at 0x72d0d6f12720&gt;

    def test_model(self):
&gt;       self.test()

tests/test_sort.py:34: 
_ _ _ _ _ _ _ _ _ _ _ _ _ _ _ _ _ _ _ _ _ _ _ _ _ _ _ _ _ _ _ _ _ _ _ _ _ _ _ _ 

self = &lt;tests.test_sort.TestSort object at 0x72d0d6f12720&gt;

    @pytest.mark.skip(reason="This is not a test")
    def test(self):
        try:
            model = Model(self.model, self.inputs, self.maxLength, self.name)
        except Exception as e:
            # Survive if the model is not compilable (we want to kill the buggy ones)
            print(str(e))
            # Print message for post-processing
            print("UNCOMPILABLE MODEL")
            return
    
        accuracy = model.evaluateModel(
            self.testing_data, doPrint=False, outputArray=False, useAssert=False
        )
        # Print the accuracy for post-processing
        print("Accuracy: ", accuracy)
&gt;       assert accuracy == 1.0
E       AssertionError

tests/test.py:45: AssertionError
=========================== short test summary info ============================
FAILED tests/test_sort.py::TestSort::test_model - AssertionError
======================== 1 failed, 2 skipped in 42.35s =========================
</pre></div></div></div></div></div><div class="mb-1" id="job_list___sub_accordion_4"><div class="card"><a data-toggle="collapse" data-target="#job_list___sub_collapse_4_1" aria-expanded="false" aria-controls="job_list___sub_collapse_4_1" href="#" class="job_list___sub_multi_heading"><div role="alert" class="card-header alert-success" id="job_list___sub_heading_4_1"><button class="btn btn-outline-success"><span class="job_id">4 : Job ID facf35e2b7de4061ad7e3f951310518d</span></button></div></a><div aria-labelledby="job_list___sub_heading_4_1" data-parent="#job_list___sub_accordion_4" class="collapse job_list___sub_multi_collapse" id="job_list___sub_collapse_4_1"><div class="card-body"><div class="work-item"><div class="alert alert-success test-outcome" role="alert"><p>worker outcome: WorkerOutcome.NORMAL</p><p>test outcome: TestOutcome.KILLED</p></div></div><pre class="location"><a href="pycharm://open?file=source/sort.py&amp;line=52" class="text-secondary"><button class="btn btn-outline-dark">source/sort.py, start pos: (52, 23), end pos: (52, 24)</button></a></pre><pre>operator: core/ReplaceBinaryOperator_Add_FloorDiv, occurrence: 0</pre><div class="alert alert-secondary"><pre class="diff">--- mutation diff ---
--- asource/sort.py
+++ bsource/sort.py
@@ -49,7 +49,7 @@
       Output SOp of sort program.
     """
     keys = rasp.SequenceMap(
-        lambda x, i: x + min_key * i / max_seq_len, keys, rasp.indices
+        lambda x, i: x // min_key * i / max_seq_len, keys, rasp.indices
     )
     return make_sort_unique(vals, keys)
 </pre></div><div class="alert alert-secondary"><pre class="diff">============================= test session starts ==============================
platform linux -- Python 3.12.7, pytest-8.3.3, pluggy-1.5.0
rootdir: /home/andre/Repos/RASPing/experiments/mutation
plugins: anyio-4.4.0
collected 3 items

tests/test_sort.py ssAccuracy:  0.144
F

=================================== FAILURES ===================================
_____________________________ TestSort.test_model ______________________________

self = &lt;tests.test_sort.TestSort object at 0x732ad3327980&gt;

    def test_model(self):
&gt;       self.test()

tests/test_sort.py:34: 
_ _ _ _ _ _ _ _ _ _ _ _ _ _ _ _ _ _ _ _ _ _ _ _ _ _ _ _ _ _ _ _ _ _ _ _ _ _ _ _ 

self = &lt;tests.test_sort.TestSort object at 0x732ad3327980&gt;

    @pytest.mark.skip(reason="This is not a test")
    def test(self):
        try:
            model = Model(self.model, self.inputs, self.maxLength, self.name)
        except Exception as e:
            # Survive if the model is not compilable (we want to kill the buggy ones)
            print(str(e))
            # Print message for post-processing
            print("UNCOMPILABLE MODEL")
            return
    
        accuracy = model.evaluateModel(
            self.testing_data, doPrint=False, outputArray=False, useAssert=False
        )
        # Print the accuracy for post-processing
        print("Accuracy: ", accuracy)
&gt;       assert accuracy == 1.0
E       AssertionError

tests/test.py:45: AssertionError
=========================== short test summary info ============================
FAILED tests/test_sort.py::TestSort::test_model - AssertionError
======================== 1 failed, 2 skipped in 40.10s =========================
</pre></div></div></div></div></div><div class="mb-1" id="job_list___sub_accordion_5"><div class="card"><a data-toggle="collapse" data-target="#job_list___sub_collapse_5_1" aria-expanded="false" aria-controls="job_list___sub_collapse_5_1" href="#" class="job_list___sub_multi_heading"><div role="alert" class="card-header alert-success" id="job_list___sub_heading_5_1"><button class="btn btn-outline-success"><span class="job_id">5 : Job ID 395f891bf1514676a594aae089276fd1</span></button></div></a><div aria-labelledby="job_list___sub_heading_5_1" data-parent="#job_list___sub_accordion_5" class="collapse job_list___sub_multi_collapse" id="job_list___sub_collapse_5_1"><div class="card-body"><div class="work-item"><div class="alert alert-success test-outcome" role="alert"><p>worker outcome: WorkerOutcome.NORMAL</p><p>test outcome: TestOutcome.KILLED</p></div></div><pre class="location"><a href="pycharm://open?file=source/sort.py&amp;line=52" class="text-secondary"><button class="btn btn-outline-dark">source/sort.py, start pos: (52, 23), end pos: (52, 24)</button></a></pre><pre>operator: core/ReplaceBinaryOperator_Add_Mod, occurrence: 0</pre><div class="alert alert-secondary"><pre class="diff">--- mutation diff ---
--- asource/sort.py
+++ bsource/sort.py
@@ -49,7 +49,7 @@
       Output SOp of sort program.
     """
     keys = rasp.SequenceMap(
-        lambda x, i: x + min_key * i / max_seq_len, keys, rasp.indices
+        lambda x, i: x % min_key * i / max_seq_len, keys, rasp.indices
     )
     return make_sort_unique(vals, keys)
 </pre></div><div class="alert alert-secondary"><pre class="diff">============================= test session starts ==============================
platform linux -- Python 3.12.7, pytest-8.3.3, pluggy-1.5.0
rootdir: /home/andre/Repos/RASPing/experiments/mutation
plugins: anyio-4.4.0
collected 3 items

tests/test_sort.py ssAccuracy:  0.018
F

=================================== FAILURES ===================================
_____________________________ TestSort.test_model ______________________________

self = &lt;tests.test_sort.TestSort object at 0x7abe97635010&gt;

    def test_model(self):
&gt;       self.test()

tests/test_sort.py:34: 
_ _ _ _ _ _ _ _ _ _ _ _ _ _ _ _ _ _ _ _ _ _ _ _ _ _ _ _ _ _ _ _ _ _ _ _ _ _ _ _ 

self = &lt;tests.test_sort.TestSort object at 0x7abe97635010&gt;

    @pytest.mark.skip(reason="This is not a test")
    def test(self):
        try:
            model = Model(self.model, self.inputs, self.maxLength, self.name)
        except Exception as e:
            # Survive if the model is not compilable (we want to kill the buggy ones)
            print(str(e))
            # Print message for post-processing
            print("UNCOMPILABLE MODEL")
            return
    
        accuracy = model.evaluateModel(
            self.testing_data, doPrint=False, outputArray=False, useAssert=False
        )
        # Print the accuracy for post-processing
        print("Accuracy: ", accuracy)
&gt;       assert accuracy == 1.0
E       AssertionError

tests/test.py:45: AssertionError
=========================== short test summary info ============================
FAILED tests/test_sort.py::TestSort::test_model - AssertionError
======================== 1 failed, 2 skipped in 26.78s =========================
</pre></div></div></div></div></div><div class="mb-1" id="job_list___sub_accordion_6"><div class="card"><a data-toggle="collapse" data-target="#job_list___sub_collapse_6_1" aria-expanded="false" aria-controls="job_list___sub_collapse_6_1" href="#" class="job_list___sub_multi_heading"><div role="alert" class="card-header alert-success" id="job_list___sub_heading_6_1"><button class="btn btn-outline-success"><span class="job_id">6 : Job ID b9a00920fc2a4ef9ad724d66ede17b2f</span></button></div></a><div aria-labelledby="job_list___sub_heading_6_1" data-parent="#job_list___sub_accordion_6" class="collapse job_list___sub_multi_collapse" id="job_list___sub_collapse_6_1"><div class="card-body"><div class="work-item"><div class="alert alert-success test-outcome" role="alert"><p>worker outcome: WorkerOutcome.NORMAL</p><p>test outcome: TestOutcome.KILLED</p></div></div><pre class="location"><a href="pycharm://open?file=source/sort.py&amp;line=52" class="text-secondary"><button class="btn btn-outline-dark">source/sort.py, start pos: (52, 23), end pos: (52, 24)</button></a></pre><pre>operator: core/ReplaceBinaryOperator_Add_Pow, occurrence: 0</pre><div class="alert alert-secondary"><pre class="diff">--- mutation diff ---
--- asource/sort.py
+++ bsource/sort.py
@@ -49,7 +49,7 @@
       Output SOp of sort program.
     """
     keys = rasp.SequenceMap(
-        lambda x, i: x + min_key * i / max_seq_len, keys, rasp.indices
+        lambda x, i: x ** min_key * i / max_seq_len, keys, rasp.indices
     )
     return make_sort_unique(vals, keys)
 </pre></div><div class="alert alert-secondary"><pre class="diff">============================= test session starts ==============================
platform linux -- Python 3.12.7, pytest-8.3.3, pluggy-1.5.0
rootdir: /home/andre/Repos/RASPing/experiments/mutation
plugins: anyio-4.4.0
collected 3 items

tests/test_sort.py ssAccuracy:  0.12
F

=================================== FAILURES ===================================
_____________________________ TestSort.test_model ______________________________

self = &lt;tests.test_sort.TestSort object at 0x7ceb62cb52b0&gt;

    def test_model(self):
&gt;       self.test()

tests/test_sort.py:34: 
_ _ _ _ _ _ _ _ _ _ _ _ _ _ _ _ _ _ _ _ _ _ _ _ _ _ _ _ _ _ _ _ _ _ _ _ _ _ _ _ 

self = &lt;tests.test_sort.TestSort object at 0x7ceb62cb52b0&gt;

    @pytest.mark.skip(reason="This is not a test")
    def test(self):
        try:
            model = Model(self.model, self.inputs, self.maxLength, self.name)
        except Exception as e:
            # Survive if the model is not compilable (we want to kill the buggy ones)
            print(str(e))
            # Print message for post-processing
            print("UNCOMPILABLE MODEL")
            return
    
        accuracy = model.evaluateModel(
            self.testing_data, doPrint=False, outputArray=False, useAssert=False
        )
        # Print the accuracy for post-processing
        print("Accuracy: ", accuracy)
&gt;       assert accuracy == 1.0
E       AssertionError

tests/test.py:45: AssertionError
=========================== short test summary info ============================
FAILED tests/test_sort.py::TestSort::test_model - AssertionError
======================== 1 failed, 2 skipped in 31.31s =========================
</pre></div></div></div></div></div><div class="mb-1" id="job_list___sub_accordion_7"><div class="card"><a data-toggle="collapse" data-target="#job_list___sub_collapse_7_1" aria-expanded="false" aria-controls="job_list___sub_collapse_7_1" href="#" class="job_list___sub_multi_heading"><div role="alert" class="card-header alert-danger" id="job_list___sub_heading_7_1"><button class="btn btn-outline-danger"><span class="job_id">7 : Job ID 009f6a70bc664bb8a55a8d3f55515da2</span></button></div></a><div aria-labelledby="job_list___sub_heading_7_1" data-parent="#job_list___sub_accordion_7" class="collapse job_list___sub_multi_collapse" id="job_list___sub_collapse_7_1"><div class="card-body"><div class="work-item"><div class="alert alert-danger test-outcome" role="alert"><p>SURVIVED</p><p>worker outcome: WorkerOutcome.NORMAL</p><p>test outcome: TestOutcome.SURVIVED</p></div></div><pre class="location"><a href="pycharm://open?file=source/sort.py&amp;line=52" class="text-secondary"><button class="btn btn-outline-dark">source/sort.py, start pos: (52, 23), end pos: (52, 24)</button></a></pre><pre>operator: core/ReplaceBinaryOperator_Add_RShift, occurrence: 0</pre><div class="alert alert-secondary"><pre class="diff">--- mutation diff ---
--- asource/sort.py
+++ bsource/sort.py
@@ -49,7 +49,7 @@
       Output SOp of sort program.
     """
     keys = rasp.SequenceMap(
-        lambda x, i: x + min_key * i / max_seq_len, keys, rasp.indices
+        lambda x, i: x &gt;&gt; min_key * i / max_seq_len, keys, rasp.indices
     )
     return make_sort_unique(vals, keys)
 </pre></div><div class="alert alert-secondary"><pre class="diff">============================= test session starts ==============================
platform linux -- Python 3.12.7, pytest-8.3.3, pluggy-1.5.0
rootdir: /home/andre/Repos/RASPing/experiments/mutation
plugins: anyio-4.4.0
collected 3 items

tests/test_sort.py ssunsupported operand type(s) for &gt;&gt;: 'int' and 'float'
UNCOMPILABLE MODEL
.

========================= 1 passed, 2 skipped in 3.12s =========================
</pre></div></div></div></div></div><div class="mb-1" id="job_list___sub_accordion_8"><div class="card"><a data-toggle="collapse" data-target="#job_list___sub_collapse_8_1" aria-expanded="false" aria-controls="job_list___sub_collapse_8_1" href="#" class="job_list___sub_multi_heading"><div role="alert" class="card-header alert-danger" id="job_list___sub_heading_8_1"><button class="btn btn-outline-danger"><span class="job_id">8 : Job ID f80e9cbc08384500b6cde907ebfe0b35</span></button></div></a><div aria-labelledby="job_list___sub_heading_8_1" data-parent="#job_list___sub_accordion_8" class="collapse job_list___sub_multi_collapse" id="job_list___sub_collapse_8_1"><div class="card-body"><div class="work-item"><div class="alert alert-danger test-outcome" role="alert"><p>SURVIVED</p><p>worker outcome: WorkerOutcome.NORMAL</p><p>test outcome: TestOutcome.SURVIVED</p></div></div><pre class="location"><a href="pycharm://open?file=source/sort.py&amp;line=52" class="text-secondary"><button class="btn btn-outline-dark">source/sort.py, start pos: (52, 23), end pos: (52, 24)</button></a></pre><pre>operator: core/ReplaceBinaryOperator_Add_LShift, occurrence: 0</pre><div class="alert alert-secondary"><pre class="diff">--- mutation diff ---
--- asource/sort.py
+++ bsource/sort.py
@@ -49,7 +49,7 @@
       Output SOp of sort program.
     """
     keys = rasp.SequenceMap(
-        lambda x, i: x + min_key * i / max_seq_len, keys, rasp.indices
+        lambda x, i: x &lt;&lt; min_key * i / max_seq_len, keys, rasp.indices
     )
     return make_sort_unique(vals, keys)
 </pre></div><div class="alert alert-secondary"><pre class="diff">============================= test session starts ==============================
platform linux -- Python 3.12.7, pytest-8.3.3, pluggy-1.5.0
rootdir: /home/andre/Repos/RASPing/experiments/mutation
plugins: anyio-4.4.0
collected 3 items

tests/test_sort.py ssunsupported operand type(s) for &lt;&lt;: 'int' and 'float'
UNCOMPILABLE MODEL
.

========================= 1 passed, 2 skipped in 2.02s =========================
</pre></div></div></div></div></div><div class="mb-1" id="job_list___sub_accordion_9"><div class="card"><a data-toggle="collapse" data-target="#job_list___sub_collapse_9_1" aria-expanded="false" aria-controls="job_list___sub_collapse_9_1" href="#" class="job_list___sub_multi_heading"><div role="alert" class="card-header alert-danger" id="job_list___sub_heading_9_1"><button class="btn btn-outline-danger"><span class="job_id">9 : Job ID de5db56480874740a9d2f9d221b1bec3</span></button></div></a><div aria-labelledby="job_list___sub_heading_9_1" data-parent="#job_list___sub_accordion_9" class="collapse job_list___sub_multi_collapse" id="job_list___sub_collapse_9_1"><div class="card-body"><div class="work-item"><div class="alert alert-danger test-outcome" role="alert"><p>SURVIVED</p><p>worker outcome: WorkerOutcome.NORMAL</p><p>test outcome: TestOutcome.SURVIVED</p></div></div><pre class="location"><a href="pycharm://open?file=source/sort.py&amp;line=52" class="text-secondary"><button class="btn btn-outline-dark">source/sort.py, start pos: (52, 23), end pos: (52, 24)</button></a></pre><pre>operator: core/ReplaceBinaryOperator_Add_BitOr, occurrence: 0</pre><div class="alert alert-secondary"><pre class="diff">--- mutation diff ---
--- asource/sort.py
+++ bsource/sort.py
@@ -49,7 +49,7 @@
       Output SOp of sort program.
     """
     keys = rasp.SequenceMap(
-        lambda x, i: x + min_key * i / max_seq_len, keys, rasp.indices
+        lambda x, i: x | min_key * i / max_seq_len, keys, rasp.indices
     )
     return make_sort_unique(vals, keys)
 </pre></div><div class="alert alert-secondary"><pre class="diff">============================= test session starts ==============================
platform linux -- Python 3.12.7, pytest-8.3.3, pluggy-1.5.0
rootdir: /home/andre/Repos/RASPing/experiments/mutation
plugins: anyio-4.4.0
collected 3 items

tests/test_sort.py ssunsupported operand type(s) for |: 'int' and 'float'
UNCOMPILABLE MODEL
.

========================= 1 passed, 2 skipped in 1.69s =========================
</pre></div></div></div></div></div><div class="mb-1" id="job_list___sub_accordion_10"><div class="card"><a data-toggle="collapse" data-target="#job_list___sub_collapse_10_1" aria-expanded="false" aria-controls="job_list___sub_collapse_10_1" href="#" class="job_list___sub_multi_heading"><div role="alert" class="card-header alert-danger" id="job_list___sub_heading_10_1"><button class="btn btn-outline-danger"><span class="job_id">10 : Job ID abd8b6d29e224db38152b830885fc480</span></button></div></a><div aria-labelledby="job_list___sub_heading_10_1" data-parent="#job_list___sub_accordion_10" class="collapse job_list___sub_multi_collapse" id="job_list___sub_collapse_10_1"><div class="card-body"><div class="work-item"><div class="alert alert-danger test-outcome" role="alert"><p>SURVIVED</p><p>worker outcome: WorkerOutcome.NORMAL</p><p>test outcome: TestOutcome.SURVIVED</p></div></div><pre class="location"><a href="pycharm://open?file=source/sort.py&amp;line=52" class="text-secondary"><button class="btn btn-outline-dark">source/sort.py, start pos: (52, 23), end pos: (52, 24)</button></a></pre><pre>operator: core/ReplaceBinaryOperator_Add_BitAnd, occurrence: 0</pre><div class="alert alert-secondary"><pre class="diff">--- mutation diff ---
--- asource/sort.py
+++ bsource/sort.py
@@ -49,7 +49,7 @@
       Output SOp of sort program.
     """
     keys = rasp.SequenceMap(
-        lambda x, i: x + min_key * i / max_seq_len, keys, rasp.indices
+        lambda x, i: x &amp; min_key * i / max_seq_len, keys, rasp.indices
     )
     return make_sort_unique(vals, keys)
 </pre></div><div class="alert alert-secondary"><pre class="diff">============================= test session starts ==============================
platform linux -- Python 3.12.7, pytest-8.3.3, pluggy-1.5.0
rootdir: /home/andre/Repos/RASPing/experiments/mutation
plugins: anyio-4.4.0
collected 3 items

tests/test_sort.py ssunsupported operand type(s) for &amp;: 'int' and 'float'
UNCOMPILABLE MODEL
.

========================= 1 passed, 2 skipped in 2.24s =========================
</pre></div></div></div></div></div><div class="mb-1" id="job_list___sub_accordion_11"><div class="card"><a data-toggle="collapse" data-target="#job_list___sub_collapse_11_1" aria-expanded="false" aria-controls="job_list___sub_collapse_11_1" href="#" class="job_list___sub_multi_heading"><div role="alert" class="card-header alert-danger" id="job_list___sub_heading_11_1"><button class="btn btn-outline-danger"><span class="job_id">11 : Job ID c369dcd10b9540d093841bf6f4f4ee55</span></button></div></a><div aria-labelledby="job_list___sub_heading_11_1" data-parent="#job_list___sub_accordion_11" class="collapse job_list___sub_multi_collapse" id="job_list___sub_collapse_11_1"><div class="card-body"><div class="work-item"><div class="alert alert-danger test-outcome" role="alert"><p>SURVIVED</p><p>worker outcome: WorkerOutcome.NORMAL</p><p>test outcome: TestOutcome.SURVIVED</p></div></div><pre class="location"><a href="pycharm://open?file=source/sort.py&amp;line=52" class="text-secondary"><button class="btn btn-outline-dark">source/sort.py, start pos: (52, 23), end pos: (52, 24)</button></a></pre><pre>operator: core/ReplaceBinaryOperator_Add_BitXor, occurrence: 0</pre><div class="alert alert-secondary"><pre class="diff">--- mutation diff ---
--- asource/sort.py
+++ bsource/sort.py
@@ -49,7 +49,7 @@
       Output SOp of sort program.
     """
     keys = rasp.SequenceMap(
-        lambda x, i: x + min_key * i / max_seq_len, keys, rasp.indices
+        lambda x, i: x ^ min_key * i / max_seq_len, keys, rasp.indices
     )
     return make_sort_unique(vals, keys)
 </pre></div><div class="alert alert-secondary"><pre class="diff">============================= test session starts ==============================
platform linux -- Python 3.12.7, pytest-8.3.3, pluggy-1.5.0
rootdir: /home/andre/Repos/RASPing/experiments/mutation
plugins: anyio-4.4.0
collected 3 items

tests/test_sort.py ssunsupported operand type(s) for ^: 'int' and 'float'
UNCOMPILABLE MODEL
.

========================= 1 passed, 2 skipped in 2.56s =========================
</pre></div></div></div></div></div><div class="mb-1" id="job_list___sub_accordion_12"><div class="card"><a data-toggle="collapse" data-target="#job_list___sub_collapse_12_1" aria-expanded="false" aria-controls="job_list___sub_collapse_12_1" href="#" class="job_list___sub_multi_heading"><div role="alert" class="card-header alert-success" id="job_list___sub_heading_12_1"><button class="btn btn-outline-success"><span class="job_id">12 : Job ID 79769f0e69d344498faef07ae64a8901</span></button></div></a><div aria-labelledby="job_list___sub_heading_12_1" data-parent="#job_list___sub_accordion_12" class="collapse job_list___sub_multi_collapse" id="job_list___sub_collapse_12_1"><div class="card-body"><div class="work-item"><div class="alert alert-success test-outcome" role="alert"><p>worker outcome: WorkerOutcome.NORMAL</p><p>test outcome: TestOutcome.KILLED</p></div></div><pre class="location"><a href="pycharm://open?file=source/sort.py&amp;line=25" class="text-secondary"><button class="btn btn-outline-dark">source/sort.py, start pos: (25, 36), end pos: (25, 37)</button></a></pre><pre>operator: core/ReplaceBinaryOperator_Mul_Add, occurrence: 0</pre><div class="alert alert-secondary"><pre class="diff">--- mutation diff ---
--- asource/sort.py
+++ bsource/sort.py
@@ -22,7 +22,7 @@
 
 
 def make_sort(
-    vals: rasp.SOp, keys: rasp.SOp, *, max_seq_len: int, min_key: float
+    vals: rasp.SOp, keys: rasp.SOp, +, max_seq_len: int, min_key: float
 ) -&gt; rasp.SOp:
     """Returns vals sorted by &lt; relation on keys, which don't need to be unique.
 </pre></div><div class="alert alert-secondary"><pre class="diff">============================= test session starts ==============================
platform linux -- Python 3.12.7, pytest-8.3.3, pluggy-1.5.0
rootdir: /home/andre/Repos/RASPing/experiments/mutation
plugins: anyio-4.4.0
collected 0 items / 1 error

==================================== ERRORS ====================================
_____________________ ERROR collecting tests/test_sort.py ______________________
../../.venv/lib/python3.12/site-packages/_pytest/python.py:493: in importtestmodule
    mod = import_path(
../../.venv/lib/python3.12/site-packages/_pytest/pathlib.py:582: in import_path
    importlib.import_module(module_name)
/usr/lib/python3.12/importlib/__init__.py:90: in import_module
    return _bootstrap._gcd_import(name[level:], package, level)
&lt;frozen importlib._bootstrap&gt;:1387: in _gcd_import
    ???
&lt;frozen importlib._bootstrap&gt;:1360: in _find_and_load
    ???
&lt;frozen importlib._bootstrap&gt;:1331: in _find_and_load_unlocked
    ???
&lt;frozen importlib._bootstrap&gt;:935: in _load_unlocked
    ???
../../.venv/lib/python3.12/site-packages/_pytest/assertion/rewrite.py:184: in exec_module
    exec(co, module.__dict__)
tests/test_sort.py:13: in &lt;module&gt;
    from experiments.mutation.source.sort import make_sort
E     File "/home/andre/Repos/RASPing/experiments/mutation/source/sort.py", line 25
E       vals: rasp.SOp, keys: rasp.SOp, +, max_seq_len: int, min_key: float
E                                       ^
E   SyntaxError: invalid syntax
=========================== short test summary info ============================
ERROR tests/test_sort.py
!!!!!!!!!!!!!!!!!!!! Interrupted: 1 error during collection !!!!!!!!!!!!!!!!!!!!
=============================== 1 error in 0.31s ===============================
</pre></div></div></div></div></div><div class="mb-1" id="job_list___sub_accordion_13"><div class="card"><a data-toggle="collapse" data-target="#job_list___sub_collapse_13_1" aria-expanded="false" aria-controls="job_list___sub_collapse_13_1" href="#" class="job_list___sub_multi_heading"><div role="alert" class="card-header alert-danger" id="job_list___sub_heading_13_1"><button class="btn btn-outline-danger"><span class="job_id">13 : Job ID aa919988b34b41b18a5d7f96d832869d</span></button></div></a><div aria-labelledby="job_list___sub_heading_13_1" data-parent="#job_list___sub_accordion_13" class="collapse job_list___sub_multi_collapse" id="job_list___sub_collapse_13_1"><div class="card-body"><div class="work-item"><div class="alert alert-danger test-outcome" role="alert"><p>SURVIVED</p><p>worker outcome: WorkerOutcome.NORMAL</p><p>test outcome: TestOutcome.SURVIVED</p></div></div><pre class="location"><a href="pycharm://open?file=source/sort.py&amp;line=52" class="text-secondary"><button class="btn btn-outline-dark">source/sort.py, start pos: (52, 33), end pos: (52, 34)</button></a></pre><pre>operator: core/ReplaceBinaryOperator_Mul_Add, occurrence: 1</pre><div class="alert alert-secondary"><pre class="diff">--- mutation diff ---
--- asource/sort.py
+++ bsource/sort.py
@@ -49,7 +49,7 @@
       Output SOp of sort program.
     """
     keys = rasp.SequenceMap(
-        lambda x, i: x + min_key * i / max_seq_len, keys, rasp.indices
+        lambda x, i: x + min_key + i / max_seq_len, keys, rasp.indices
     )
     return make_sort_unique(vals, keys)
 </pre></div><div class="alert alert-secondary"><pre class="diff">============================= test session starts ==============================
platform linux -- Python 3.12.7, pytest-8.3.3, pluggy-1.5.0
rootdir: /home/andre/Repos/RASPing/experiments/mutation
plugins: anyio-4.4.0
collected 3 items

tests/test_sort.py ssAccuracy:  1.0
MODEL IS NOT BUGGY
.

======================== 1 passed, 2 skipped in 43.41s =========================
</pre></div></div></div></div></div><div class="mb-1" id="job_list___sub_accordion_14"><div class="card"><a data-toggle="collapse" data-target="#job_list___sub_collapse_14_1" aria-expanded="false" aria-controls="job_list___sub_collapse_14_1" href="#" class="job_list___sub_multi_heading"><div role="alert" class="card-header alert-success" id="job_list___sub_heading_14_1"><button class="btn btn-outline-success"><span class="job_id">14 : Job ID 12aaba33cca74dffbbb50fea5e4f9383</span></button></div></a><div aria-labelledby="job_list___sub_heading_14_1" data-parent="#job_list___sub_accordion_14" class="collapse job_list___sub_multi_collapse" id="job_list___sub_collapse_14_1"><div class="card-body"><div class="work-item"><div class="alert alert-success test-outcome" role="alert"><p>worker outcome: WorkerOutcome.NORMAL</p><p>test outcome: TestOutcome.KILLED</p></div></div><pre class="location"><a href="pycharm://open?file=source/sort.py&amp;line=25" class="text-secondary"><button class="btn btn-outline-dark">source/sort.py, start pos: (25, 36), end pos: (25, 37)</button></a></pre><pre>operator: core/ReplaceBinaryOperator_Mul_Sub, occurrence: 0</pre><div class="alert alert-secondary"><pre class="diff">--- mutation diff ---
--- asource/sort.py
+++ bsource/sort.py
@@ -22,7 +22,7 @@
 
 
 def make_sort(
-    vals: rasp.SOp, keys: rasp.SOp, *, max_seq_len: int, min_key: float
+    vals: rasp.SOp, keys: rasp.SOp, -, max_seq_len: int, min_key: float
 ) -&gt; rasp.SOp:
     """Returns vals sorted by &lt; relation on keys, which don't need to be unique.
 </pre></div><div class="alert alert-secondary"><pre class="diff">============================= test session starts ==============================
platform linux -- Python 3.12.7, pytest-8.3.3, pluggy-1.5.0
rootdir: /home/andre/Repos/RASPing/experiments/mutation
plugins: anyio-4.4.0
collected 0 items / 1 error

==================================== ERRORS ====================================
_____________________ ERROR collecting tests/test_sort.py ______________________
../../.venv/lib/python3.12/site-packages/_pytest/python.py:493: in importtestmodule
    mod = import_path(
../../.venv/lib/python3.12/site-packages/_pytest/pathlib.py:582: in import_path
    importlib.import_module(module_name)
/usr/lib/python3.12/importlib/__init__.py:90: in import_module
    return _bootstrap._gcd_import(name[level:], package, level)
&lt;frozen importlib._bootstrap&gt;:1387: in _gcd_import
    ???
&lt;frozen importlib._bootstrap&gt;:1360: in _find_and_load
    ???
&lt;frozen importlib._bootstrap&gt;:1331: in _find_and_load_unlocked
    ???
&lt;frozen importlib._bootstrap&gt;:935: in _load_unlocked
    ???
../../.venv/lib/python3.12/site-packages/_pytest/assertion/rewrite.py:184: in exec_module
    exec(co, module.__dict__)
tests/test_sort.py:13: in &lt;module&gt;
    from experiments.mutation.source.sort import make_sort
E     File "/home/andre/Repos/RASPing/experiments/mutation/source/sort.py", line 25
E       vals: rasp.SOp, keys: rasp.SOp, -, max_seq_len: int, min_key: float
E                                       ^
E   SyntaxError: invalid syntax
=========================== short test summary info ============================
ERROR tests/test_sort.py
!!!!!!!!!!!!!!!!!!!! Interrupted: 1 error during collection !!!!!!!!!!!!!!!!!!!!
=============================== 1 error in 0.25s ===============================
</pre></div></div></div></div></div><div class="mb-1" id="job_list___sub_accordion_15"><div class="card"><a data-toggle="collapse" data-target="#job_list___sub_collapse_15_1" aria-expanded="false" aria-controls="job_list___sub_collapse_15_1" href="#" class="job_list___sub_multi_heading"><div role="alert" class="card-header alert-danger" id="job_list___sub_heading_15_1"><button class="btn btn-outline-danger"><span class="job_id">15 : Job ID f2ab737a38d44d2fbdfee9910265aee3</span></button></div></a><div aria-labelledby="job_list___sub_heading_15_1" data-parent="#job_list___sub_accordion_15" class="collapse job_list___sub_multi_collapse" id="job_list___sub_collapse_15_1"><div class="card-body"><div class="work-item"><div class="alert alert-danger test-outcome" role="alert"><p>SURVIVED</p><p>worker outcome: WorkerOutcome.NORMAL</p><p>test outcome: TestOutcome.SURVIVED</p></div></div><pre class="location"><a href="pycharm://open?file=source/sort.py&amp;line=52" class="text-secondary"><button class="btn btn-outline-dark">source/sort.py, start pos: (52, 33), end pos: (52, 34)</button></a></pre><pre>operator: core/ReplaceBinaryOperator_Mul_Sub, occurrence: 1</pre><div class="alert alert-secondary"><pre class="diff">--- mutation diff ---
--- asource/sort.py
+++ bsource/sort.py
@@ -49,7 +49,7 @@
       Output SOp of sort program.
     """
     keys = rasp.SequenceMap(
-        lambda x, i: x + min_key * i / max_seq_len, keys, rasp.indices
+        lambda x, i: x + min_key - i / max_seq_len, keys, rasp.indices
     )
     return make_sort_unique(vals, keys)
 </pre></div><div class="alert alert-secondary"><pre class="diff">============================= test session starts ==============================
platform linux -- Python 3.12.7, pytest-8.3.3, pluggy-1.5.0
rootdir: /home/andre/Repos/RASPing/experiments/mutation
plugins: anyio-4.4.0
collected 3 items

tests/test_sort.py ssAccuracy:  1.0
MODEL IS NOT BUGGY
.

======================== 1 passed, 2 skipped in 44.71s =========================
</pre></div></div></div></div></div><div class="mb-1" id="job_list___sub_accordion_16"><div class="card"><a data-toggle="collapse" data-target="#job_list___sub_collapse_16_1" aria-expanded="false" aria-controls="job_list___sub_collapse_16_1" href="#" class="job_list___sub_multi_heading"><div role="alert" class="card-header alert-danger" id="job_list___sub_heading_16_1"><button class="btn btn-outline-danger"><span class="job_id">16 : Job ID 0387889a085d47b1aba467936d4c0a75</span></button></div></a><div aria-labelledby="job_list___sub_heading_16_1" data-parent="#job_list___sub_accordion_16" class="collapse job_list___sub_multi_collapse" id="job_list___sub_collapse_16_1"><div class="card-body"><div class="work-item"><div class="alert alert-danger test-outcome" role="alert"><p>SURVIVED</p><p>worker outcome: WorkerOutcome.NORMAL</p><p>test outcome: TestOutcome.SURVIVED</p></div></div><pre class="location"><a href="pycharm://open?file=source/sort.py&amp;line=25" class="text-secondary"><button class="btn btn-outline-dark">source/sort.py, start pos: (25, 36), end pos: (25, 37)</button></a></pre><pre>operator: core/ReplaceBinaryOperator_Mul_Div, occurrence: 0</pre><div class="alert alert-secondary"><pre class="diff">--- mutation diff ---
--- asource/sort.py
+++ bsource/sort.py
@@ -22,7 +22,7 @@
 
 
 def make_sort(
-    vals: rasp.SOp, keys: rasp.SOp, *, max_seq_len: int, min_key: float
+    vals: rasp.SOp, keys: rasp.SOp, /, max_seq_len: int, min_key: float
 ) -&gt; rasp.SOp:
     """Returns vals sorted by &lt; relation on keys, which don't need to be unique.
 </pre></div><div class="alert alert-secondary"><pre class="diff">============================= test session starts ==============================
platform linux -- Python 3.12.7, pytest-8.3.3, pluggy-1.5.0
rootdir: /home/andre/Repos/RASPing/experiments/mutation
plugins: anyio-4.4.0
collected 3 items

tests/test_sort.py ssAccuracy:  1.0
MODEL IS NOT BUGGY
.

======================== 1 passed, 2 skipped in 39.21s =========================
</pre></div></div></div></div></div><div class="mb-1" id="job_list___sub_accordion_17"><div class="card"><a data-toggle="collapse" data-target="#job_list___sub_collapse_17_1" aria-expanded="false" aria-controls="job_list___sub_collapse_17_1" href="#" class="job_list___sub_multi_heading"><div role="alert" class="card-header alert-danger" id="job_list___sub_heading_17_1"><button class="btn btn-outline-danger"><span class="job_id">17 : Job ID acf7c840993f4a17b1f04f866c6a485b</span></button></div></a><div aria-labelledby="job_list___sub_heading_17_1" data-parent="#job_list___sub_accordion_17" class="collapse job_list___sub_multi_collapse" id="job_list___sub_collapse_17_1"><div class="card-body"><div class="work-item"><div class="alert alert-danger test-outcome" role="alert"><p>SURVIVED</p><p>worker outcome: WorkerOutcome.NORMAL</p><p>test outcome: TestOutcome.SURVIVED</p></div></div><pre class="location"><a href="pycharm://open?file=source/sort.py&amp;line=52" class="text-secondary"><button class="btn btn-outline-dark">source/sort.py, start pos: (52, 33), end pos: (52, 34)</button></a></pre><pre>operator: core/ReplaceBinaryOperator_Mul_Div, occurrence: 1</pre><div class="alert alert-secondary"><pre class="diff">--- mutation diff ---
--- asource/sort.py
+++ bsource/sort.py
@@ -49,7 +49,7 @@
       Output SOp of sort program.
     """
     keys = rasp.SequenceMap(
-        lambda x, i: x + min_key * i / max_seq_len, keys, rasp.indices
+        lambda x, i: x + min_key / i / max_seq_len, keys, rasp.indices
     )
     return make_sort_unique(vals, keys)
 </pre></div><div class="alert alert-secondary"><pre class="diff">============================= test session starts ==============================
platform linux -- Python 3.12.7, pytest-8.3.3, pluggy-1.5.0
rootdir: /home/andre/Repos/RASPing/experiments/mutation
plugins: anyio-4.4.0
collected 3 items

tests/test_sort.py ssdivision by zero
UNCOMPILABLE MODEL
.

========================= 1 passed, 2 skipped in 2.63s =========================
</pre></div></div></div></div></div><div class="mb-1" id="job_list___sub_accordion_18"><div class="card"><a data-toggle="collapse" data-target="#job_list___sub_collapse_18_1" aria-expanded="false" aria-controls="job_list___sub_collapse_18_1" href="#" class="job_list___sub_multi_heading"><div role="alert" class="card-header alert-success" id="job_list___sub_heading_18_1"><button class="btn btn-outline-success"><span class="job_id">18 : Job ID 414aa15c1f254a92ae157a26ddf37c8d</span></button></div></a><div aria-labelledby="job_list___sub_heading_18_1" data-parent="#job_list___sub_accordion_18" class="collapse job_list___sub_multi_collapse" id="job_list___sub_collapse_18_1"><div class="card-body"><div class="work-item"><div class="alert alert-success test-outcome" role="alert"><p>worker outcome: WorkerOutcome.NORMAL</p><p>test outcome: TestOutcome.KILLED</p></div></div><pre class="location"><a href="pycharm://open?file=source/sort.py&amp;line=25" class="text-secondary"><button class="btn btn-outline-dark">source/sort.py, start pos: (25, 36), end pos: (25, 37)</button></a></pre><pre>operator: core/ReplaceBinaryOperator_Mul_FloorDiv, occurrence: 0</pre><div class="alert alert-secondary"><pre class="diff">--- mutation diff ---
--- asource/sort.py
+++ bsource/sort.py
@@ -22,7 +22,7 @@
 
 
 def make_sort(
-    vals: rasp.SOp, keys: rasp.SOp, *, max_seq_len: int, min_key: float
+    vals: rasp.SOp, keys: rasp.SOp, //, max_seq_len: int, min_key: float
 ) -&gt; rasp.SOp:
     """Returns vals sorted by &lt; relation on keys, which don't need to be unique.
 </pre></div><div class="alert alert-secondary"><pre class="diff">============================= test session starts ==============================
platform linux -- Python 3.12.7, pytest-8.3.3, pluggy-1.5.0
rootdir: /home/andre/Repos/RASPing/experiments/mutation
plugins: anyio-4.4.0
collected 0 items / 1 error

==================================== ERRORS ====================================
_____________________ ERROR collecting tests/test_sort.py ______________________
../../.venv/lib/python3.12/site-packages/_pytest/python.py:493: in importtestmodule
    mod = import_path(
../../.venv/lib/python3.12/site-packages/_pytest/pathlib.py:582: in import_path
    importlib.import_module(module_name)
/usr/lib/python3.12/importlib/__init__.py:90: in import_module
    return _bootstrap._gcd_import(name[level:], package, level)
&lt;frozen importlib._bootstrap&gt;:1387: in _gcd_import
    ???
&lt;frozen importlib._bootstrap&gt;:1360: in _find_and_load
    ???
&lt;frozen importlib._bootstrap&gt;:1331: in _find_and_load_unlocked
    ???
&lt;frozen importlib._bootstrap&gt;:935: in _load_unlocked
    ???
../../.venv/lib/python3.12/site-packages/_pytest/assertion/rewrite.py:184: in exec_module
    exec(co, module.__dict__)
tests/test_sort.py:13: in &lt;module&gt;
    from experiments.mutation.source.sort import make_sort
E     File "/home/andre/Repos/RASPing/experiments/mutation/source/sort.py", line 25
E       vals: rasp.SOp, keys: rasp.SOp, //, max_seq_len: int, min_key: float
E                                       ^^
E   SyntaxError: invalid syntax
=========================== short test summary info ============================
ERROR tests/test_sort.py
!!!!!!!!!!!!!!!!!!!! Interrupted: 1 error during collection !!!!!!!!!!!!!!!!!!!!
=============================== 1 error in 0.34s ===============================
</pre></div></div></div></div></div><div class="mb-1" id="job_list___sub_accordion_19"><div class="card"><a data-toggle="collapse" data-target="#job_list___sub_collapse_19_1" aria-expanded="false" aria-controls="job_list___sub_collapse_19_1" href="#" class="job_list___sub_multi_heading"><div role="alert" class="card-header alert-danger" id="job_list___sub_heading_19_1"><button class="btn btn-outline-danger"><span class="job_id">19 : Job ID 2c7667fa48de4d4985b15067ebc2e11f</span></button></div></a><div aria-labelledby="job_list___sub_heading_19_1" data-parent="#job_list___sub_accordion_19" class="collapse job_list___sub_multi_collapse" id="job_list___sub_collapse_19_1"><div class="card-body"><div class="work-item"><div class="alert alert-danger test-outcome" role="alert"><p>SURVIVED</p><p>worker outcome: WorkerOutcome.NORMAL</p><p>test outcome: TestOutcome.SURVIVED</p></div></div><pre class="location"><a href="pycharm://open?file=source/sort.py&amp;line=52" class="text-secondary"><button class="btn btn-outline-dark">source/sort.py, start pos: (52, 33), end pos: (52, 34)</button></a></pre><pre>operator: core/ReplaceBinaryOperator_Mul_FloorDiv, occurrence: 1</pre><div class="alert alert-secondary"><pre class="diff">--- mutation diff ---
--- asource/sort.py
+++ bsource/sort.py
@@ -49,7 +49,7 @@
       Output SOp of sort program.
     """
     keys = rasp.SequenceMap(
-        lambda x, i: x + min_key * i / max_seq_len, keys, rasp.indices
+        lambda x, i: x + min_key // i / max_seq_len, keys, rasp.indices
     )
     return make_sort_unique(vals, keys)
 </pre></div><div class="alert alert-secondary"><pre class="diff">============================= test session starts ==============================
platform linux -- Python 3.12.7, pytest-8.3.3, pluggy-1.5.0
rootdir: /home/andre/Repos/RASPing/experiments/mutation
plugins: anyio-4.4.0
collected 3 items

tests/test_sort.py ssinteger division or modulo by zero
UNCOMPILABLE MODEL
.

========================= 1 passed, 2 skipped in 1.72s =========================
</pre></div></div></div></div></div><div class="mb-1" id="job_list___sub_accordion_20"><div class="card"><a data-toggle="collapse" data-target="#job_list___sub_collapse_20_1" aria-expanded="false" aria-controls="job_list___sub_collapse_20_1" href="#" class="job_list___sub_multi_heading"><div role="alert" class="card-header alert-success" id="job_list___sub_heading_20_1"><button class="btn btn-outline-success"><span class="job_id">20 : Job ID 65909bfb0246414c828a0f085d262f73</span></button></div></a><div aria-labelledby="job_list___sub_heading_20_1" data-parent="#job_list___sub_accordion_20" class="collapse job_list___sub_multi_collapse" id="job_list___sub_collapse_20_1"><div class="card-body"><div class="work-item"><div class="alert alert-success test-outcome" role="alert"><p>worker outcome: WorkerOutcome.NORMAL</p><p>test outcome: TestOutcome.KILLED</p></div></div><pre class="location"><a href="pycharm://open?file=source/sort.py&amp;line=25" class="text-secondary"><button class="btn btn-outline-dark">source/sort.py, start pos: (25, 36), end pos: (25, 37)</button></a></pre><pre>operator: core/ReplaceBinaryOperator_Mul_Mod, occurrence: 0</pre><div class="alert alert-secondary"><pre class="diff">--- mutation diff ---
--- asource/sort.py
+++ bsource/sort.py
@@ -22,7 +22,7 @@
 
 
 def make_sort(
-    vals: rasp.SOp, keys: rasp.SOp, *, max_seq_len: int, min_key: float
+    vals: rasp.SOp, keys: rasp.SOp, %, max_seq_len: int, min_key: float
 ) -&gt; rasp.SOp:
     """Returns vals sorted by &lt; relation on keys, which don't need to be unique.
 </pre></div><div class="alert alert-secondary"><pre class="diff">============================= test session starts ==============================
platform linux -- Python 3.12.7, pytest-8.3.3, pluggy-1.5.0
rootdir: /home/andre/Repos/RASPing/experiments/mutation
plugins: anyio-4.4.0
collected 0 items / 1 error

==================================== ERRORS ====================================
_____________________ ERROR collecting tests/test_sort.py ______________________
../../.venv/lib/python3.12/site-packages/_pytest/python.py:493: in importtestmodule
    mod = import_path(
../../.venv/lib/python3.12/site-packages/_pytest/pathlib.py:582: in import_path
    importlib.import_module(module_name)
/usr/lib/python3.12/importlib/__init__.py:90: in import_module
    return _bootstrap._gcd_import(name[level:], package, level)
&lt;frozen importlib._bootstrap&gt;:1387: in _gcd_import
    ???
&lt;frozen importlib._bootstrap&gt;:1360: in _find_and_load
    ???
&lt;frozen importlib._bootstrap&gt;:1331: in _find_and_load_unlocked
    ???
&lt;frozen importlib._bootstrap&gt;:935: in _load_unlocked
    ???
../../.venv/lib/python3.12/site-packages/_pytest/assertion/rewrite.py:184: in exec_module
    exec(co, module.__dict__)
tests/test_sort.py:13: in &lt;module&gt;
    from experiments.mutation.source.sort import make_sort
E     File "/home/andre/Repos/RASPing/experiments/mutation/source/sort.py", line 25
E       vals: rasp.SOp, keys: rasp.SOp, %, max_seq_len: int, min_key: float
E                                       ^
E   SyntaxError: invalid syntax
=========================== short test summary info ============================
ERROR tests/test_sort.py
!!!!!!!!!!!!!!!!!!!! Interrupted: 1 error during collection !!!!!!!!!!!!!!!!!!!!
=============================== 1 error in 0.33s ===============================
</pre></div></div></div></div></div><div class="mb-1" id="job_list___sub_accordion_21"><div class="card"><a data-toggle="collapse" data-target="#job_list___sub_collapse_21_1" aria-expanded="false" aria-controls="job_list___sub_collapse_21_1" href="#" class="job_list___sub_multi_heading"><div role="alert" class="card-header alert-danger" id="job_list___sub_heading_21_1"><button class="btn btn-outline-danger"><span class="job_id">21 : Job ID 53475e76de3c49b1b1205bfe9c2f7726</span></button></div></a><div aria-labelledby="job_list___sub_heading_21_1" data-parent="#job_list___sub_accordion_21" class="collapse job_list___sub_multi_collapse" id="job_list___sub_collapse_21_1"><div class="card-body"><div class="work-item"><div class="alert alert-danger test-outcome" role="alert"><p>SURVIVED</p><p>worker outcome: WorkerOutcome.NORMAL</p><p>test outcome: TestOutcome.SURVIVED</p></div></div><pre class="location"><a href="pycharm://open?file=source/sort.py&amp;line=52" class="text-secondary"><button class="btn btn-outline-dark">source/sort.py, start pos: (52, 33), end pos: (52, 34)</button></a></pre><pre>operator: core/ReplaceBinaryOperator_Mul_Mod, occurrence: 1</pre><div class="alert alert-secondary"><pre class="diff">--- mutation diff ---
--- asource/sort.py
+++ bsource/sort.py
@@ -49,7 +49,7 @@
       Output SOp of sort program.
     """
     keys = rasp.SequenceMap(
-        lambda x, i: x + min_key * i / max_seq_len, keys, rasp.indices
+        lambda x, i: x + min_key % i / max_seq_len, keys, rasp.indices
     )
     return make_sort_unique(vals, keys)
 </pre></div><div class="alert alert-secondary"><pre class="diff">============================= test session starts ==============================
platform linux -- Python 3.12.7, pytest-8.3.3, pluggy-1.5.0
rootdir: /home/andre/Repos/RASPing/experiments/mutation
plugins: anyio-4.4.0
collected 3 items

tests/test_sort.py ssinteger modulo by zero
UNCOMPILABLE MODEL
.

========================= 1 passed, 2 skipped in 2.08s =========================
</pre></div></div></div></div></div><div class="mb-1" id="job_list___sub_accordion_22"><div class="card"><a data-toggle="collapse" data-target="#job_list___sub_collapse_22_1" aria-expanded="false" aria-controls="job_list___sub_collapse_22_1" href="#" class="job_list___sub_multi_heading"><div role="alert" class="card-header alert-success" id="job_list___sub_heading_22_1"><button class="btn btn-outline-success"><span class="job_id">22 : Job ID e80ddbbe51e343338e9467138bc3e3d2</span></button></div></a><div aria-labelledby="job_list___sub_heading_22_1" data-parent="#job_list___sub_accordion_22" class="collapse job_list___sub_multi_collapse" id="job_list___sub_collapse_22_1"><div class="card-body"><div class="work-item"><div class="alert alert-success test-outcome" role="alert"><p>worker outcome: WorkerOutcome.NORMAL</p><p>test outcome: TestOutcome.KILLED</p></div></div><pre class="location"><a href="pycharm://open?file=source/sort.py&amp;line=25" class="text-secondary"><button class="btn btn-outline-dark">source/sort.py, start pos: (25, 36), end pos: (25, 37)</button></a></pre><pre>operator: core/ReplaceBinaryOperator_Mul_Pow, occurrence: 0</pre><div class="alert alert-secondary"><pre class="diff">--- mutation diff ---
--- asource/sort.py
+++ bsource/sort.py
@@ -22,7 +22,7 @@
 
 
 def make_sort(
-    vals: rasp.SOp, keys: rasp.SOp, *, max_seq_len: int, min_key: float
+    vals: rasp.SOp, keys: rasp.SOp, **, max_seq_len: int, min_key: float
 ) -&gt; rasp.SOp:
     """Returns vals sorted by &lt; relation on keys, which don't need to be unique.
 </pre></div><div class="alert alert-secondary"><pre class="diff">============================= test session starts ==============================
platform linux -- Python 3.12.7, pytest-8.3.3, pluggy-1.5.0
rootdir: /home/andre/Repos/RASPing/experiments/mutation
plugins: anyio-4.4.0
collected 0 items / 1 error

==================================== ERRORS ====================================
_____________________ ERROR collecting tests/test_sort.py ______________________
../../.venv/lib/python3.12/site-packages/_pytest/python.py:493: in importtestmodule
    mod = import_path(
../../.venv/lib/python3.12/site-packages/_pytest/pathlib.py:582: in import_path
    importlib.import_module(module_name)
/usr/lib/python3.12/importlib/__init__.py:90: in import_module
    return _bootstrap._gcd_import(name[level:], package, level)
&lt;frozen importlib._bootstrap&gt;:1387: in _gcd_import
    ???
&lt;frozen importlib._bootstrap&gt;:1360: in _find_and_load
    ???
&lt;frozen importlib._bootstrap&gt;:1331: in _find_and_load_unlocked
    ???
&lt;frozen importlib._bootstrap&gt;:935: in _load_unlocked
    ???
../../.venv/lib/python3.12/site-packages/_pytest/assertion/rewrite.py:184: in exec_module
    exec(co, module.__dict__)
tests/test_sort.py:13: in &lt;module&gt;
    from experiments.mutation.source.sort import make_sort
E     File "/home/andre/Repos/RASPing/experiments/mutation/source/sort.py", line 25
E       vals: rasp.SOp, keys: rasp.SOp, **, max_seq_len: int, min_key: float
E                                         ^
E   SyntaxError: invalid syntax
=========================== short test summary info ============================
ERROR tests/test_sort.py
!!!!!!!!!!!!!!!!!!!! Interrupted: 1 error during collection !!!!!!!!!!!!!!!!!!!!
=============================== 1 error in 0.26s ===============================
</pre></div></div></div></div></div><div class="mb-1" id="job_list___sub_accordion_23"><div class="card"><a data-toggle="collapse" data-target="#job_list___sub_collapse_23_1" aria-expanded="false" aria-controls="job_list___sub_collapse_23_1" href="#" class="job_list___sub_multi_heading"><div role="alert" class="card-header alert-success" id="job_list___sub_heading_23_1"><button class="btn btn-outline-success"><span class="job_id">23 : Job ID 6cba0f5e68df49eb8b17266022e41615</span></button></div></a><div aria-labelledby="job_list___sub_heading_23_1" data-parent="#job_list___sub_accordion_23" class="collapse job_list___sub_multi_collapse" id="job_list___sub_collapse_23_1"><div class="card-body"><div class="work-item"><div class="alert alert-success test-outcome" role="alert"><p>worker outcome: WorkerOutcome.NORMAL</p><p>test outcome: TestOutcome.KILLED</p></div></div><pre class="location"><a href="pycharm://open?file=source/sort.py&amp;line=52" class="text-secondary"><button class="btn btn-outline-dark">source/sort.py, start pos: (52, 33), end pos: (52, 34)</button></a></pre><pre>operator: core/ReplaceBinaryOperator_Mul_Pow, occurrence: 1</pre><div class="alert alert-secondary"><pre class="diff">--- mutation diff ---
--- asource/sort.py
+++ bsource/sort.py
@@ -49,7 +49,7 @@
       Output SOp of sort program.
     """
     keys = rasp.SequenceMap(
-        lambda x, i: x + min_key * i / max_seq_len, keys, rasp.indices
+        lambda x, i: x + min_key ** i / max_seq_len, keys, rasp.indices
     )
     return make_sort_unique(vals, keys)
 </pre></div><div class="alert alert-secondary"><pre class="diff">============================= test session starts ==============================
platform linux -- Python 3.12.7, pytest-8.3.3, pluggy-1.5.0
rootdir: /home/andre/Repos/RASPing/experiments/mutation
plugins: anyio-4.4.0
collected 3 items

tests/test_sort.py ssAccuracy:  0.476
F

=================================== FAILURES ===================================
_____________________________ TestSort.test_model ______________________________

self = &lt;tests.test_sort.TestSort object at 0x79a97d016ea0&gt;

    def test_model(self):
&gt;       self.test()

tests/test_sort.py:34: 
_ _ _ _ _ _ _ _ _ _ _ _ _ _ _ _ _ _ _ _ _ _ _ _ _ _ _ _ _ _ _ _ _ _ _ _ _ _ _ _ 

self = &lt;tests.test_sort.TestSort object at 0x79a97d016ea0&gt;

    @pytest.mark.skip(reason="This is not a test")
    def test(self):
        try:
            model = Model(self.model, self.inputs, self.maxLength, self.name)
        except Exception as e:
            # Survive if the model is not compilable (we want to kill the buggy ones)
            print(str(e))
            # Print message for post-processing
            print("UNCOMPILABLE MODEL")
            return
    
        accuracy = model.evaluateModel(
            self.testing_data, doPrint=False, outputArray=False, useAssert=False
        )
        # Print the accuracy for post-processing
        print("Accuracy: ", accuracy)
&gt;       assert accuracy == 1.0
E       AssertionError

tests/test.py:45: AssertionError
=========================== short test summary info ============================
FAILED tests/test_sort.py::TestSort::test_model - AssertionError
======================== 1 failed, 2 skipped in 32.93s =========================
</pre></div></div></div></div></div><div class="mb-1" id="job_list___sub_accordion_24"><div class="card"><a data-toggle="collapse" data-target="#job_list___sub_collapse_24_1" aria-expanded="false" aria-controls="job_list___sub_collapse_24_1" href="#" class="job_list___sub_multi_heading"><div role="alert" class="card-header alert-success" id="job_list___sub_heading_24_1"><button class="btn btn-outline-success"><span class="job_id">24 : Job ID d51ce8fc0bd742dba8f29b73968ab56a</span></button></div></a><div aria-labelledby="job_list___sub_heading_24_1" data-parent="#job_list___sub_accordion_24" class="collapse job_list___sub_multi_collapse" id="job_list___sub_collapse_24_1"><div class="card-body"><div class="work-item"><div class="alert alert-success test-outcome" role="alert"><p>worker outcome: WorkerOutcome.NORMAL</p><p>test outcome: TestOutcome.KILLED</p></div></div><pre class="location"><a href="pycharm://open?file=source/sort.py&amp;line=25" class="text-secondary"><button class="btn btn-outline-dark">source/sort.py, start pos: (25, 36), end pos: (25, 37)</button></a></pre><pre>operator: core/ReplaceBinaryOperator_Mul_RShift, occurrence: 0</pre><div class="alert alert-secondary"><pre class="diff">--- mutation diff ---
--- asource/sort.py
+++ bsource/sort.py
@@ -22,7 +22,7 @@
 
 
 def make_sort(
-    vals: rasp.SOp, keys: rasp.SOp, *, max_seq_len: int, min_key: float
+    vals: rasp.SOp, keys: rasp.SOp, &gt;&gt;, max_seq_len: int, min_key: float
 ) -&gt; rasp.SOp:
     """Returns vals sorted by &lt; relation on keys, which don't need to be unique.
 </pre></div><div class="alert alert-secondary"><pre class="diff">============================= test session starts ==============================
platform linux -- Python 3.12.7, pytest-8.3.3, pluggy-1.5.0
rootdir: /home/andre/Repos/RASPing/experiments/mutation
plugins: anyio-4.4.0
collected 0 items / 1 error

==================================== ERRORS ====================================
_____________________ ERROR collecting tests/test_sort.py ______________________
../../.venv/lib/python3.12/site-packages/_pytest/python.py:493: in importtestmodule
    mod = import_path(
../../.venv/lib/python3.12/site-packages/_pytest/pathlib.py:582: in import_path
    importlib.import_module(module_name)
/usr/lib/python3.12/importlib/__init__.py:90: in import_module
    return _bootstrap._gcd_import(name[level:], package, level)
&lt;frozen importlib._bootstrap&gt;:1387: in _gcd_import
    ???
&lt;frozen importlib._bootstrap&gt;:1360: in _find_and_load
    ???
&lt;frozen importlib._bootstrap&gt;:1331: in _find_and_load_unlocked
    ???
&lt;frozen importlib._bootstrap&gt;:935: in _load_unlocked
    ???
../../.venv/lib/python3.12/site-packages/_pytest/assertion/rewrite.py:184: in exec_module
    exec(co, module.__dict__)
tests/test_sort.py:13: in &lt;module&gt;
    from experiments.mutation.source.sort import make_sort
E     File "/home/andre/Repos/RASPing/experiments/mutation/source/sort.py", line 25
E       vals: rasp.SOp, keys: rasp.SOp, &gt;&gt;, max_seq_len: int, min_key: float
E                                       ^^
E   SyntaxError: invalid syntax
=========================== short test summary info ============================
ERROR tests/test_sort.py
!!!!!!!!!!!!!!!!!!!! Interrupted: 1 error during collection !!!!!!!!!!!!!!!!!!!!
=============================== 1 error in 0.30s ===============================
</pre></div></div></div></div></div><div class="mb-1" id="job_list___sub_accordion_25"><div class="card"><a data-toggle="collapse" data-target="#job_list___sub_collapse_25_1" aria-expanded="false" aria-controls="job_list___sub_collapse_25_1" href="#" class="job_list___sub_multi_heading"><div role="alert" class="card-header alert-danger" id="job_list___sub_heading_25_1"><button class="btn btn-outline-danger"><span class="job_id">25 : Job ID 3a58ae75acb94a0487683e154d74ed5a</span></button></div></a><div aria-labelledby="job_list___sub_heading_25_1" data-parent="#job_list___sub_accordion_25" class="collapse job_list___sub_multi_collapse" id="job_list___sub_collapse_25_1"><div class="card-body"><div class="work-item"><div class="alert alert-danger test-outcome" role="alert"><p>SURVIVED</p><p>worker outcome: WorkerOutcome.NORMAL</p><p>test outcome: TestOutcome.SURVIVED</p></div></div><pre class="location"><a href="pycharm://open?file=source/sort.py&amp;line=52" class="text-secondary"><button class="btn btn-outline-dark">source/sort.py, start pos: (52, 33), end pos: (52, 34)</button></a></pre><pre>operator: core/ReplaceBinaryOperator_Mul_RShift, occurrence: 1</pre><div class="alert alert-secondary"><pre class="diff">--- mutation diff ---
--- asource/sort.py
+++ bsource/sort.py
@@ -49,7 +49,7 @@
       Output SOp of sort program.
     """
     keys = rasp.SequenceMap(
-        lambda x, i: x + min_key * i / max_seq_len, keys, rasp.indices
+        lambda x, i: x + min_key &gt;&gt; i / max_seq_len, keys, rasp.indices
     )
     return make_sort_unique(vals, keys)
 </pre></div><div class="alert alert-secondary"><pre class="diff">============================= test session starts ==============================
platform linux -- Python 3.12.7, pytest-8.3.3, pluggy-1.5.0
rootdir: /home/andre/Repos/RASPing/experiments/mutation
plugins: anyio-4.4.0
collected 3 items

tests/test_sort.py ssunsupported operand type(s) for &gt;&gt;: 'int' and 'float'
UNCOMPILABLE MODEL
.

========================= 1 passed, 2 skipped in 1.38s =========================
</pre></div></div></div></div></div><div class="mb-1" id="job_list___sub_accordion_26"><div class="card"><a data-toggle="collapse" data-target="#job_list___sub_collapse_26_1" aria-expanded="false" aria-controls="job_list___sub_collapse_26_1" href="#" class="job_list___sub_multi_heading"><div role="alert" class="card-header alert-success" id="job_list___sub_heading_26_1"><button class="btn btn-outline-success"><span class="job_id">26 : Job ID 320c43146d75435a8c272277079f3661</span></button></div></a><div aria-labelledby="job_list___sub_heading_26_1" data-parent="#job_list___sub_accordion_26" class="collapse job_list___sub_multi_collapse" id="job_list___sub_collapse_26_1"><div class="card-body"><div class="work-item"><div class="alert alert-success test-outcome" role="alert"><p>worker outcome: WorkerOutcome.NORMAL</p><p>test outcome: TestOutcome.KILLED</p></div></div><pre class="location"><a href="pycharm://open?file=source/sort.py&amp;line=25" class="text-secondary"><button class="btn btn-outline-dark">source/sort.py, start pos: (25, 36), end pos: (25, 37)</button></a></pre><pre>operator: core/ReplaceBinaryOperator_Mul_LShift, occurrence: 0</pre><div class="alert alert-secondary"><pre class="diff">--- mutation diff ---
--- asource/sort.py
+++ bsource/sort.py
@@ -22,7 +22,7 @@
 
 
 def make_sort(
-    vals: rasp.SOp, keys: rasp.SOp, *, max_seq_len: int, min_key: float
+    vals: rasp.SOp, keys: rasp.SOp, &lt;&lt;, max_seq_len: int, min_key: float
 ) -&gt; rasp.SOp:
     """Returns vals sorted by &lt; relation on keys, which don't need to be unique.
 </pre></div><div class="alert alert-secondary"><pre class="diff">============================= test session starts ==============================
platform linux -- Python 3.12.7, pytest-8.3.3, pluggy-1.5.0
rootdir: /home/andre/Repos/RASPing/experiments/mutation
plugins: anyio-4.4.0
collected 0 items / 1 error

==================================== ERRORS ====================================
_____________________ ERROR collecting tests/test_sort.py ______________________
../../.venv/lib/python3.12/site-packages/_pytest/python.py:493: in importtestmodule
    mod = import_path(
../../.venv/lib/python3.12/site-packages/_pytest/pathlib.py:582: in import_path
    importlib.import_module(module_name)
/usr/lib/python3.12/importlib/__init__.py:90: in import_module
    return _bootstrap._gcd_import(name[level:], package, level)
&lt;frozen importlib._bootstrap&gt;:1387: in _gcd_import
    ???
&lt;frozen importlib._bootstrap&gt;:1360: in _find_and_load
    ???
&lt;frozen importlib._bootstrap&gt;:1331: in _find_and_load_unlocked
    ???
&lt;frozen importlib._bootstrap&gt;:935: in _load_unlocked
    ???
../../.venv/lib/python3.12/site-packages/_pytest/assertion/rewrite.py:184: in exec_module
    exec(co, module.__dict__)
tests/test_sort.py:13: in &lt;module&gt;
    from experiments.mutation.source.sort import make_sort
E     File "/home/andre/Repos/RASPing/experiments/mutation/source/sort.py", line 25
E       vals: rasp.SOp, keys: rasp.SOp, &lt;&lt;, max_seq_len: int, min_key: float
E                                       ^^
E   SyntaxError: invalid syntax
=========================== short test summary info ============================
ERROR tests/test_sort.py
!!!!!!!!!!!!!!!!!!!! Interrupted: 1 error during collection !!!!!!!!!!!!!!!!!!!!
=============================== 1 error in 0.29s ===============================
</pre></div></div></div></div></div><div class="mb-1" id="job_list___sub_accordion_27"><div class="card"><a data-toggle="collapse" data-target="#job_list___sub_collapse_27_1" aria-expanded="false" aria-controls="job_list___sub_collapse_27_1" href="#" class="job_list___sub_multi_heading"><div role="alert" class="card-header alert-danger" id="job_list___sub_heading_27_1"><button class="btn btn-outline-danger"><span class="job_id">27 : Job ID db99694f02ea4a5b9701dc63d18a1473</span></button></div></a><div aria-labelledby="job_list___sub_heading_27_1" data-parent="#job_list___sub_accordion_27" class="collapse job_list___sub_multi_collapse" id="job_list___sub_collapse_27_1"><div class="card-body"><div class="work-item"><div class="alert alert-danger test-outcome" role="alert"><p>SURVIVED</p><p>worker outcome: WorkerOutcome.NORMAL</p><p>test outcome: TestOutcome.SURVIVED</p></div></div><pre class="location"><a href="pycharm://open?file=source/sort.py&amp;line=52" class="text-secondary"><button class="btn btn-outline-dark">source/sort.py, start pos: (52, 33), end pos: (52, 34)</button></a></pre><pre>operator: core/ReplaceBinaryOperator_Mul_LShift, occurrence: 1</pre><div class="alert alert-secondary"><pre class="diff">--- mutation diff ---
--- asource/sort.py
+++ bsource/sort.py
@@ -49,7 +49,7 @@
       Output SOp of sort program.
     """
     keys = rasp.SequenceMap(
-        lambda x, i: x + min_key * i / max_seq_len, keys, rasp.indices
+        lambda x, i: x + min_key &lt;&lt; i / max_seq_len, keys, rasp.indices
     )
     return make_sort_unique(vals, keys)
 </pre></div><div class="alert alert-secondary"><pre class="diff">============================= test session starts ==============================
platform linux -- Python 3.12.7, pytest-8.3.3, pluggy-1.5.0
rootdir: /home/andre/Repos/RASPing/experiments/mutation
plugins: anyio-4.4.0
collected 3 items

tests/test_sort.py ssunsupported operand type(s) for &lt;&lt;: 'int' and 'float'
UNCOMPILABLE MODEL
.

========================= 1 passed, 2 skipped in 4.26s =========================
</pre></div></div></div></div></div><div class="mb-1" id="job_list___sub_accordion_28"><div class="card"><a data-toggle="collapse" data-target="#job_list___sub_collapse_28_1" aria-expanded="false" aria-controls="job_list___sub_collapse_28_1" href="#" class="job_list___sub_multi_heading"><div role="alert" class="card-header alert-success" id="job_list___sub_heading_28_1"><button class="btn btn-outline-success"><span class="job_id">28 : Job ID fbed8ae52fe04db7b7b8cf2778670855</span></button></div></a><div aria-labelledby="job_list___sub_heading_28_1" data-parent="#job_list___sub_accordion_28" class="collapse job_list___sub_multi_collapse" id="job_list___sub_collapse_28_1"><div class="card-body"><div class="work-item"><div class="alert alert-success test-outcome" role="alert"><p>worker outcome: WorkerOutcome.NORMAL</p><p>test outcome: TestOutcome.KILLED</p></div></div><pre class="location"><a href="pycharm://open?file=source/sort.py&amp;line=25" class="text-secondary"><button class="btn btn-outline-dark">source/sort.py, start pos: (25, 36), end pos: (25, 37)</button></a></pre><pre>operator: core/ReplaceBinaryOperator_Mul_BitOr, occurrence: 0</pre><div class="alert alert-secondary"><pre class="diff">--- mutation diff ---
--- asource/sort.py
+++ bsource/sort.py
@@ -22,7 +22,7 @@
 
 
 def make_sort(
-    vals: rasp.SOp, keys: rasp.SOp, *, max_seq_len: int, min_key: float
+    vals: rasp.SOp, keys: rasp.SOp, |, max_seq_len: int, min_key: float
 ) -&gt; rasp.SOp:
     """Returns vals sorted by &lt; relation on keys, which don't need to be unique.
 </pre></div><div class="alert alert-secondary"><pre class="diff">============================= test session starts ==============================
platform linux -- Python 3.12.7, pytest-8.3.3, pluggy-1.5.0
rootdir: /home/andre/Repos/RASPing/experiments/mutation
plugins: anyio-4.4.0
collected 0 items / 1 error

==================================== ERRORS ====================================
_____________________ ERROR collecting tests/test_sort.py ______________________
../../.venv/lib/python3.12/site-packages/_pytest/python.py:493: in importtestmodule
    mod = import_path(
../../.venv/lib/python3.12/site-packages/_pytest/pathlib.py:582: in import_path
    importlib.import_module(module_name)
/usr/lib/python3.12/importlib/__init__.py:90: in import_module
    return _bootstrap._gcd_import(name[level:], package, level)
&lt;frozen importlib._bootstrap&gt;:1387: in _gcd_import
    ???
&lt;frozen importlib._bootstrap&gt;:1360: in _find_and_load
    ???
&lt;frozen importlib._bootstrap&gt;:1331: in _find_and_load_unlocked
    ???
&lt;frozen importlib._bootstrap&gt;:935: in _load_unlocked
    ???
../../.venv/lib/python3.12/site-packages/_pytest/assertion/rewrite.py:184: in exec_module
    exec(co, module.__dict__)
tests/test_sort.py:13: in &lt;module&gt;
    from experiments.mutation.source.sort import make_sort
E     File "/home/andre/Repos/RASPing/experiments/mutation/source/sort.py", line 25
E       vals: rasp.SOp, keys: rasp.SOp, |, max_seq_len: int, min_key: float
E                                       ^
E   SyntaxError: invalid syntax
=========================== short test summary info ============================
ERROR tests/test_sort.py
!!!!!!!!!!!!!!!!!!!! Interrupted: 1 error during collection !!!!!!!!!!!!!!!!!!!!
=============================== 1 error in 0.37s ===============================
</pre></div></div></div></div></div><div class="mb-1" id="job_list___sub_accordion_29"><div class="card"><a data-toggle="collapse" data-target="#job_list___sub_collapse_29_1" aria-expanded="false" aria-controls="job_list___sub_collapse_29_1" href="#" class="job_list___sub_multi_heading"><div role="alert" class="card-header alert-danger" id="job_list___sub_heading_29_1"><button class="btn btn-outline-danger"><span class="job_id">29 : Job ID 04a8eea00bb241a2a34fcc589b043f70</span></button></div></a><div aria-labelledby="job_list___sub_heading_29_1" data-parent="#job_list___sub_accordion_29" class="collapse job_list___sub_multi_collapse" id="job_list___sub_collapse_29_1"><div class="card-body"><div class="work-item"><div class="alert alert-danger test-outcome" role="alert"><p>SURVIVED</p><p>worker outcome: WorkerOutcome.NORMAL</p><p>test outcome: TestOutcome.SURVIVED</p></div></div><pre class="location"><a href="pycharm://open?file=source/sort.py&amp;line=52" class="text-secondary"><button class="btn btn-outline-dark">source/sort.py, start pos: (52, 33), end pos: (52, 34)</button></a></pre><pre>operator: core/ReplaceBinaryOperator_Mul_BitOr, occurrence: 1</pre><div class="alert alert-secondary"><pre class="diff">--- mutation diff ---
--- asource/sort.py
+++ bsource/sort.py
@@ -49,7 +49,7 @@
       Output SOp of sort program.
     """
     keys = rasp.SequenceMap(
-        lambda x, i: x + min_key * i / max_seq_len, keys, rasp.indices
+        lambda x, i: x + min_key | i / max_seq_len, keys, rasp.indices
     )
     return make_sort_unique(vals, keys)
 </pre></div><div class="alert alert-secondary"><pre class="diff">============================= test session starts ==============================
platform linux -- Python 3.12.7, pytest-8.3.3, pluggy-1.5.0
rootdir: /home/andre/Repos/RASPing/experiments/mutation
plugins: anyio-4.4.0
collected 3 items

tests/test_sort.py ssunsupported operand type(s) for |: 'int' and 'float'
UNCOMPILABLE MODEL
.

========================= 1 passed, 2 skipped in 1.85s =========================
</pre></div></div></div></div></div><div class="mb-1" id="job_list___sub_accordion_30"><div class="card"><a data-toggle="collapse" data-target="#job_list___sub_collapse_30_1" aria-expanded="false" aria-controls="job_list___sub_collapse_30_1" href="#" class="job_list___sub_multi_heading"><div role="alert" class="card-header alert-success" id="job_list___sub_heading_30_1"><button class="btn btn-outline-success"><span class="job_id">30 : Job ID f18f7919c9054056b9abff3b60da823b</span></button></div></a><div aria-labelledby="job_list___sub_heading_30_1" data-parent="#job_list___sub_accordion_30" class="collapse job_list___sub_multi_collapse" id="job_list___sub_collapse_30_1"><div class="card-body"><div class="work-item"><div class="alert alert-success test-outcome" role="alert"><p>worker outcome: WorkerOutcome.NORMAL</p><p>test outcome: TestOutcome.KILLED</p></div></div><pre class="location"><a href="pycharm://open?file=source/sort.py&amp;line=25" class="text-secondary"><button class="btn btn-outline-dark">source/sort.py, start pos: (25, 36), end pos: (25, 37)</button></a></pre><pre>operator: core/ReplaceBinaryOperator_Mul_BitAnd, occurrence: 0</pre><div class="alert alert-secondary"><pre class="diff">--- mutation diff ---
--- asource/sort.py
+++ bsource/sort.py
@@ -22,7 +22,7 @@
 
 
 def make_sort(
-    vals: rasp.SOp, keys: rasp.SOp, *, max_seq_len: int, min_key: float
+    vals: rasp.SOp, keys: rasp.SOp, &amp;, max_seq_len: int, min_key: float
 ) -&gt; rasp.SOp:
     """Returns vals sorted by &lt; relation on keys, which don't need to be unique.
 </pre></div><div class="alert alert-secondary"><pre class="diff">============================= test session starts ==============================
platform linux -- Python 3.12.7, pytest-8.3.3, pluggy-1.5.0
rootdir: /home/andre/Repos/RASPing/experiments/mutation
plugins: anyio-4.4.0
collected 0 items / 1 error

==================================== ERRORS ====================================
_____________________ ERROR collecting tests/test_sort.py ______________________
../../.venv/lib/python3.12/site-packages/_pytest/python.py:493: in importtestmodule
    mod = import_path(
../../.venv/lib/python3.12/site-packages/_pytest/pathlib.py:582: in import_path
    importlib.import_module(module_name)
/usr/lib/python3.12/importlib/__init__.py:90: in import_module
    return _bootstrap._gcd_import(name[level:], package, level)
&lt;frozen importlib._bootstrap&gt;:1387: in _gcd_import
    ???
&lt;frozen importlib._bootstrap&gt;:1360: in _find_and_load
    ???
&lt;frozen importlib._bootstrap&gt;:1331: in _find_and_load_unlocked
    ???
&lt;frozen importlib._bootstrap&gt;:935: in _load_unlocked
    ???
../../.venv/lib/python3.12/site-packages/_pytest/assertion/rewrite.py:184: in exec_module
    exec(co, module.__dict__)
tests/test_sort.py:13: in &lt;module&gt;
    from experiments.mutation.source.sort import make_sort
E     File "/home/andre/Repos/RASPing/experiments/mutation/source/sort.py", line 25
E       vals: rasp.SOp, keys: rasp.SOp, &amp;, max_seq_len: int, min_key: float
E                                       ^
E   SyntaxError: invalid syntax
=========================== short test summary info ============================
ERROR tests/test_sort.py
!!!!!!!!!!!!!!!!!!!! Interrupted: 1 error during collection !!!!!!!!!!!!!!!!!!!!
=============================== 1 error in 0.29s ===============================
</pre></div></div></div></div></div><div class="mb-1" id="job_list___sub_accordion_31"><div class="card"><a data-toggle="collapse" data-target="#job_list___sub_collapse_31_1" aria-expanded="false" aria-controls="job_list___sub_collapse_31_1" href="#" class="job_list___sub_multi_heading"><div role="alert" class="card-header alert-danger" id="job_list___sub_heading_31_1"><button class="btn btn-outline-danger"><span class="job_id">31 : Job ID 3eb4dd86f52448f6b96a18c984ab7733</span></button></div></a><div aria-labelledby="job_list___sub_heading_31_1" data-parent="#job_list___sub_accordion_31" class="collapse job_list___sub_multi_collapse" id="job_list___sub_collapse_31_1"><div class="card-body"><div class="work-item"><div class="alert alert-danger test-outcome" role="alert"><p>SURVIVED</p><p>worker outcome: WorkerOutcome.NORMAL</p><p>test outcome: TestOutcome.SURVIVED</p></div></div><pre class="location"><a href="pycharm://open?file=source/sort.py&amp;line=52" class="text-secondary"><button class="btn btn-outline-dark">source/sort.py, start pos: (52, 33), end pos: (52, 34)</button></a></pre><pre>operator: core/ReplaceBinaryOperator_Mul_BitAnd, occurrence: 1</pre><div class="alert alert-secondary"><pre class="diff">--- mutation diff ---
--- asource/sort.py
+++ bsource/sort.py
@@ -49,7 +49,7 @@
       Output SOp of sort program.
     """
     keys = rasp.SequenceMap(
-        lambda x, i: x + min_key * i / max_seq_len, keys, rasp.indices
+        lambda x, i: x + min_key &amp; i / max_seq_len, keys, rasp.indices
     )
     return make_sort_unique(vals, keys)
 </pre></div><div class="alert alert-secondary"><pre class="diff">============================= test session starts ==============================
platform linux -- Python 3.12.7, pytest-8.3.3, pluggy-1.5.0
rootdir: /home/andre/Repos/RASPing/experiments/mutation
plugins: anyio-4.4.0
collected 3 items

tests/test_sort.py ssunsupported operand type(s) for &amp;: 'int' and 'float'
UNCOMPILABLE MODEL
.

========================= 1 passed, 2 skipped in 3.58s =========================
</pre></div></div></div></div></div><div class="mb-1" id="job_list___sub_accordion_32"><div class="card"><a data-toggle="collapse" data-target="#job_list___sub_collapse_32_1" aria-expanded="false" aria-controls="job_list___sub_collapse_32_1" href="#" class="job_list___sub_multi_heading"><div role="alert" class="card-header alert-success" id="job_list___sub_heading_32_1"><button class="btn btn-outline-success"><span class="job_id">32 : Job ID fad5e4df982443788064e876ce0e405a</span></button></div></a><div aria-labelledby="job_list___sub_heading_32_1" data-parent="#job_list___sub_accordion_32" class="collapse job_list___sub_multi_collapse" id="job_list___sub_collapse_32_1"><div class="card-body"><div class="work-item"><div class="alert alert-success test-outcome" role="alert"><p>worker outcome: WorkerOutcome.NORMAL</p><p>test outcome: TestOutcome.KILLED</p></div></div><pre class="location"><a href="pycharm://open?file=source/sort.py&amp;line=25" class="text-secondary"><button class="btn btn-outline-dark">source/sort.py, start pos: (25, 36), end pos: (25, 37)</button></a></pre><pre>operator: core/ReplaceBinaryOperator_Mul_BitXor, occurrence: 0</pre><div class="alert alert-secondary"><pre class="diff">--- mutation diff ---
--- asource/sort.py
+++ bsource/sort.py
@@ -22,7 +22,7 @@
 
 
 def make_sort(
-    vals: rasp.SOp, keys: rasp.SOp, *, max_seq_len: int, min_key: float
+    vals: rasp.SOp, keys: rasp.SOp, ^, max_seq_len: int, min_key: float
 ) -&gt; rasp.SOp:
     """Returns vals sorted by &lt; relation on keys, which don't need to be unique.
 </pre></div><div class="alert alert-secondary"><pre class="diff">============================= test session starts ==============================
platform linux -- Python 3.12.7, pytest-8.3.3, pluggy-1.5.0
rootdir: /home/andre/Repos/RASPing/experiments/mutation
plugins: anyio-4.4.0
collected 0 items / 1 error

==================================== ERRORS ====================================
_____________________ ERROR collecting tests/test_sort.py ______________________
../../.venv/lib/python3.12/site-packages/_pytest/python.py:493: in importtestmodule
    mod = import_path(
../../.venv/lib/python3.12/site-packages/_pytest/pathlib.py:582: in import_path
    importlib.import_module(module_name)
/usr/lib/python3.12/importlib/__init__.py:90: in import_module
    return _bootstrap._gcd_import(name[level:], package, level)
&lt;frozen importlib._bootstrap&gt;:1387: in _gcd_import
    ???
&lt;frozen importlib._bootstrap&gt;:1360: in _find_and_load
    ???
&lt;frozen importlib._bootstrap&gt;:1331: in _find_and_load_unlocked
    ???
&lt;frozen importlib._bootstrap&gt;:935: in _load_unlocked
    ???
../../.venv/lib/python3.12/site-packages/_pytest/assertion/rewrite.py:184: in exec_module
    exec(co, module.__dict__)
tests/test_sort.py:13: in &lt;module&gt;
    from experiments.mutation.source.sort import make_sort
E     File "/home/andre/Repos/RASPing/experiments/mutation/source/sort.py", line 25
E       vals: rasp.SOp, keys: rasp.SOp, ^, max_seq_len: int, min_key: float
E                                       ^
E   SyntaxError: invalid syntax
=========================== short test summary info ============================
ERROR tests/test_sort.py
!!!!!!!!!!!!!!!!!!!! Interrupted: 1 error during collection !!!!!!!!!!!!!!!!!!!!
=============================== 1 error in 0.38s ===============================
</pre></div></div></div></div></div><div class="mb-1" id="job_list___sub_accordion_33"><div class="card"><a data-toggle="collapse" data-target="#job_list___sub_collapse_33_1" aria-expanded="false" aria-controls="job_list___sub_collapse_33_1" href="#" class="job_list___sub_multi_heading"><div role="alert" class="card-header alert-danger" id="job_list___sub_heading_33_1"><button class="btn btn-outline-danger"><span class="job_id">33 : Job ID fc3b38569e8248dd8e2e7e7ed43ae92f</span></button></div></a><div aria-labelledby="job_list___sub_heading_33_1" data-parent="#job_list___sub_accordion_33" class="collapse job_list___sub_multi_collapse" id="job_list___sub_collapse_33_1"><div class="card-body"><div class="work-item"><div class="alert alert-danger test-outcome" role="alert"><p>SURVIVED</p><p>worker outcome: WorkerOutcome.NORMAL</p><p>test outcome: TestOutcome.SURVIVED</p></div></div><pre class="location"><a href="pycharm://open?file=source/sort.py&amp;line=52" class="text-secondary"><button class="btn btn-outline-dark">source/sort.py, start pos: (52, 33), end pos: (52, 34)</button></a></pre><pre>operator: core/ReplaceBinaryOperator_Mul_BitXor, occurrence: 1</pre><div class="alert alert-secondary"><pre class="diff">--- mutation diff ---
--- asource/sort.py
+++ bsource/sort.py
@@ -49,7 +49,7 @@
       Output SOp of sort program.
     """
     keys = rasp.SequenceMap(
-        lambda x, i: x + min_key * i / max_seq_len, keys, rasp.indices
+        lambda x, i: x + min_key ^ i / max_seq_len, keys, rasp.indices
     )
     return make_sort_unique(vals, keys)
 </pre></div><div class="alert alert-secondary"><pre class="diff">============================= test session starts ==============================
platform linux -- Python 3.12.7, pytest-8.3.3, pluggy-1.5.0
rootdir: /home/andre/Repos/RASPing/experiments/mutation
plugins: anyio-4.4.0
collected 3 items

tests/test_sort.py ssunsupported operand type(s) for ^: 'int' and 'float'
UNCOMPILABLE MODEL
.

========================= 1 passed, 2 skipped in 1.97s =========================
</pre></div></div></div></div></div><div class="mb-1" id="job_list___sub_accordion_34"><div class="card"><a data-toggle="collapse" data-target="#job_list___sub_collapse_34_1" aria-expanded="false" aria-controls="job_list___sub_collapse_34_1" href="#" class="job_list___sub_multi_heading"><div role="alert" class="card-header alert-success" id="job_list___sub_heading_34_1"><button class="btn btn-outline-success"><span class="job_id">34 : Job ID f5fe5f9c3b9c45d4b77b96d6334ac78d</span></button></div></a><div aria-labelledby="job_list___sub_heading_34_1" data-parent="#job_list___sub_accordion_34" class="collapse job_list___sub_multi_collapse" id="job_list___sub_collapse_34_1"><div class="card-body"><div class="work-item"><div class="alert alert-success test-outcome" role="alert"><p>worker outcome: WorkerOutcome.NORMAL</p><p>test outcome: TestOutcome.KILLED</p></div></div><pre class="location"><a href="pycharm://open?file=source/sort.py&amp;line=52" class="text-secondary"><button class="btn btn-outline-dark">source/sort.py, start pos: (52, 37), end pos: (52, 38)</button></a></pre><pre>operator: core/ReplaceBinaryOperator_Div_Add, occurrence: 0</pre><div class="alert alert-secondary"><pre class="diff">--- mutation diff ---
--- asource/sort.py
+++ bsource/sort.py
@@ -49,7 +49,7 @@
       Output SOp of sort program.
     """
     keys = rasp.SequenceMap(
-        lambda x, i: x + min_key * i / max_seq_len, keys, rasp.indices
+        lambda x, i: x + min_key * i + max_seq_len, keys, rasp.indices
     )
     return make_sort_unique(vals, keys)
 </pre></div><div class="alert alert-secondary"><pre class="diff">============================= test session starts ==============================
platform linux -- Python 3.12.7, pytest-8.3.3, pluggy-1.5.0
rootdir: /home/andre/Repos/RASPing/experiments/mutation
plugins: anyio-4.4.0
collected 3 items

tests/test_sort.py ssAccuracy:  0.174
F

=================================== FAILURES ===================================
_____________________________ TestSort.test_model ______________________________

self = &lt;tests.test_sort.TestSort object at 0x70531b745010&gt;

    def test_model(self):
&gt;       self.test()

tests/test_sort.py:34: 
_ _ _ _ _ _ _ _ _ _ _ _ _ _ _ _ _ _ _ _ _ _ _ _ _ _ _ _ _ _ _ _ _ _ _ _ _ _ _ _ 

self = &lt;tests.test_sort.TestSort object at 0x70531b745010&gt;

    @pytest.mark.skip(reason="This is not a test")
    def test(self):
        try:
            model = Model(self.model, self.inputs, self.maxLength, self.name)
        except Exception as e:
            # Survive if the model is not compilable (we want to kill the buggy ones)
            print(str(e))
            # Print message for post-processing
            print("UNCOMPILABLE MODEL")
            return
    
        accuracy = model.evaluateModel(
            self.testing_data, doPrint=False, outputArray=False, useAssert=False
        )
        # Print the accuracy for post-processing
        print("Accuracy: ", accuracy)
&gt;       assert accuracy == 1.0
E       AssertionError

tests/test.py:45: AssertionError
=========================== short test summary info ============================
FAILED tests/test_sort.py::TestSort::test_model - AssertionError
======================== 1 failed, 2 skipped in 55.64s =========================
</pre></div></div></div></div></div><div class="mb-1" id="job_list___sub_accordion_35"><div class="card"><a data-toggle="collapse" data-target="#job_list___sub_collapse_35_1" aria-expanded="false" aria-controls="job_list___sub_collapse_35_1" href="#" class="job_list___sub_multi_heading"><div role="alert" class="card-header alert-success" id="job_list___sub_heading_35_1"><button class="btn btn-outline-success"><span class="job_id">35 : Job ID b0522f519e1c45949d86be7106f338ff</span></button></div></a><div aria-labelledby="job_list___sub_heading_35_1" data-parent="#job_list___sub_accordion_35" class="collapse job_list___sub_multi_collapse" id="job_list___sub_collapse_35_1"><div class="card-body"><div class="work-item"><div class="alert alert-success test-outcome" role="alert"><p>worker outcome: WorkerOutcome.NORMAL</p><p>test outcome: TestOutcome.KILLED</p></div></div><pre class="location"><a href="pycharm://open?file=source/sort.py&amp;line=52" class="text-secondary"><button class="btn btn-outline-dark">source/sort.py, start pos: (52, 37), end pos: (52, 38)</button></a></pre><pre>operator: core/ReplaceBinaryOperator_Div_Sub, occurrence: 0</pre><div class="alert alert-secondary"><pre class="diff">--- mutation diff ---
--- asource/sort.py
+++ bsource/sort.py
@@ -49,7 +49,7 @@
       Output SOp of sort program.
     """
     keys = rasp.SequenceMap(
-        lambda x, i: x + min_key * i / max_seq_len, keys, rasp.indices
+        lambda x, i: x + min_key * i - max_seq_len, keys, rasp.indices
     )
     return make_sort_unique(vals, keys)
 </pre></div><div class="alert alert-secondary"><pre class="diff">============================= test session starts ==============================
platform linux -- Python 3.12.7, pytest-8.3.3, pluggy-1.5.0
rootdir: /home/andre/Repos/RASPing/experiments/mutation
plugins: anyio-4.4.0
collected 3 items

tests/test_sort.py ssAccuracy:  0.172
F

=================================== FAILURES ===================================
_____________________________ TestSort.test_model ______________________________

self = &lt;tests.test_sort.TestSort object at 0x7cd1f4eff9e0&gt;

    def test_model(self):
&gt;       self.test()

tests/test_sort.py:34: 
_ _ _ _ _ _ _ _ _ _ _ _ _ _ _ _ _ _ _ _ _ _ _ _ _ _ _ _ _ _ _ _ _ _ _ _ _ _ _ _ 

self = &lt;tests.test_sort.TestSort object at 0x7cd1f4eff9e0&gt;

    @pytest.mark.skip(reason="This is not a test")
    def test(self):
        try:
            model = Model(self.model, self.inputs, self.maxLength, self.name)
        except Exception as e:
            # Survive if the model is not compilable (we want to kill the buggy ones)
            print(str(e))
            # Print message for post-processing
            print("UNCOMPILABLE MODEL")
            return
    
        accuracy = model.evaluateModel(
            self.testing_data, doPrint=False, outputArray=False, useAssert=False
        )
        # Print the accuracy for post-processing
        print("Accuracy: ", accuracy)
&gt;       assert accuracy == 1.0
E       AssertionError

tests/test.py:45: AssertionError
=========================== short test summary info ============================
FAILED tests/test_sort.py::TestSort::test_model - AssertionError
======================== 1 failed, 2 skipped in 38.28s =========================
</pre></div></div></div></div></div><div class="mb-1" id="job_list___sub_accordion_36"><div class="card"><a data-toggle="collapse" data-target="#job_list___sub_collapse_36_1" aria-expanded="false" aria-controls="job_list___sub_collapse_36_1" href="#" class="job_list___sub_multi_heading"><div role="alert" class="card-header alert-success" id="job_list___sub_heading_36_1"><button class="btn btn-outline-success"><span class="job_id">36 : Job ID 8cc6a8bd1f644f1784e2686ee5b2bc80</span></button></div></a><div aria-labelledby="job_list___sub_heading_36_1" data-parent="#job_list___sub_accordion_36" class="collapse job_list___sub_multi_collapse" id="job_list___sub_collapse_36_1"><div class="card-body"><div class="work-item"><div class="alert alert-success test-outcome" role="alert"><p>worker outcome: WorkerOutcome.NORMAL</p><p>test outcome: TestOutcome.KILLED</p></div></div><pre class="location"><a href="pycharm://open?file=source/sort.py&amp;line=52" class="text-secondary"><button class="btn btn-outline-dark">source/sort.py, start pos: (52, 37), end pos: (52, 38)</button></a></pre><pre>operator: core/ReplaceBinaryOperator_Div_Mul, occurrence: 0</pre><div class="alert alert-secondary"><pre class="diff">--- mutation diff ---
--- asource/sort.py
+++ bsource/sort.py
@@ -49,7 +49,7 @@
       Output SOp of sort program.
     """
     keys = rasp.SequenceMap(
-        lambda x, i: x + min_key * i / max_seq_len, keys, rasp.indices
+        lambda x, i: x + min_key * i * max_seq_len, keys, rasp.indices
     )
     return make_sort_unique(vals, keys)
 </pre></div><div class="alert alert-secondary"><pre class="diff">============================= test session starts ==============================
platform linux -- Python 3.12.7, pytest-8.3.3, pluggy-1.5.0
rootdir: /home/andre/Repos/RASPing/experiments/mutation
plugins: anyio-4.4.0
collected 3 items

tests/test_sort.py ssAccuracy:  0.124
F

=================================== FAILURES ===================================
_____________________________ TestSort.test_model ______________________________

self = &lt;tests.test_sort.TestSort object at 0x76104722f980&gt;

    def test_model(self):
&gt;       self.test()

tests/test_sort.py:34: 
_ _ _ _ _ _ _ _ _ _ _ _ _ _ _ _ _ _ _ _ _ _ _ _ _ _ _ _ _ _ _ _ _ _ _ _ _ _ _ _ 

self = &lt;tests.test_sort.TestSort object at 0x76104722f980&gt;

    @pytest.mark.skip(reason="This is not a test")
    def test(self):
        try:
            model = Model(self.model, self.inputs, self.maxLength, self.name)
        except Exception as e:
            # Survive if the model is not compilable (we want to kill the buggy ones)
            print(str(e))
            # Print message for post-processing
            print("UNCOMPILABLE MODEL")
            return
    
        accuracy = model.evaluateModel(
            self.testing_data, doPrint=False, outputArray=False, useAssert=False
        )
        # Print the accuracy for post-processing
        print("Accuracy: ", accuracy)
&gt;       assert accuracy == 1.0
E       AssertionError

tests/test.py:45: AssertionError
=========================== short test summary info ============================
FAILED tests/test_sort.py::TestSort::test_model - AssertionError
======================== 1 failed, 2 skipped in 31.91s =========================
</pre></div></div></div></div></div><div class="mb-1" id="job_list___sub_accordion_37"><div class="card"><a data-toggle="collapse" data-target="#job_list___sub_collapse_37_1" aria-expanded="false" aria-controls="job_list___sub_collapse_37_1" href="#" class="job_list___sub_multi_heading"><div role="alert" class="card-header alert-success" id="job_list___sub_heading_37_1"><button class="btn btn-outline-success"><span class="job_id">37 : Job ID 125e8cdb2902412aae315afc74f483b5</span></button></div></a><div aria-labelledby="job_list___sub_heading_37_1" data-parent="#job_list___sub_accordion_37" class="collapse job_list___sub_multi_collapse" id="job_list___sub_collapse_37_1"><div class="card-body"><div class="work-item"><div class="alert alert-success test-outcome" role="alert"><p>worker outcome: WorkerOutcome.NORMAL</p><p>test outcome: TestOutcome.KILLED</p></div></div><pre class="location"><a href="pycharm://open?file=source/sort.py&amp;line=52" class="text-secondary"><button class="btn btn-outline-dark">source/sort.py, start pos: (52, 37), end pos: (52, 38)</button></a></pre><pre>operator: core/ReplaceBinaryOperator_Div_FloorDiv, occurrence: 0</pre><div class="alert alert-secondary"><pre class="diff">--- mutation diff ---
--- asource/sort.py
+++ bsource/sort.py
@@ -49,7 +49,7 @@
       Output SOp of sort program.
     """
     keys = rasp.SequenceMap(
-        lambda x, i: x + min_key * i / max_seq_len, keys, rasp.indices
+        lambda x, i: x + min_key * i // max_seq_len, keys, rasp.indices
     )
     return make_sort_unique(vals, keys)
 </pre></div><div class="alert alert-secondary"><pre class="diff">============================= test session starts ==============================
platform linux -- Python 3.12.7, pytest-8.3.3, pluggy-1.5.0
rootdir: /home/andre/Repos/RASPing/experiments/mutation
plugins: anyio-4.4.0
collected 3 items

tests/test_sort.py ssAccuracy:  0.48
F

=================================== FAILURES ===================================
_____________________________ TestSort.test_model ______________________________

self = &lt;tests.test_sort.TestSort object at 0x7ae4f5ab7f80&gt;

    def test_model(self):
&gt;       self.test()

tests/test_sort.py:34: 
_ _ _ _ _ _ _ _ _ _ _ _ _ _ _ _ _ _ _ _ _ _ _ _ _ _ _ _ _ _ _ _ _ _ _ _ _ _ _ _ 

self = &lt;tests.test_sort.TestSort object at 0x7ae4f5ab7f80&gt;

    @pytest.mark.skip(reason="This is not a test")
    def test(self):
        try:
            model = Model(self.model, self.inputs, self.maxLength, self.name)
        except Exception as e:
            # Survive if the model is not compilable (we want to kill the buggy ones)
            print(str(e))
            # Print message for post-processing
            print("UNCOMPILABLE MODEL")
            return
    
        accuracy = model.evaluateModel(
            self.testing_data, doPrint=False, outputArray=False, useAssert=False
        )
        # Print the accuracy for post-processing
        print("Accuracy: ", accuracy)
&gt;       assert accuracy == 1.0
E       AssertionError

tests/test.py:45: AssertionError
=========================== short test summary info ============================
FAILED tests/test_sort.py::TestSort::test_model - AssertionError
======================== 1 failed, 2 skipped in 30.72s =========================
</pre></div></div></div></div></div><div class="mb-1" id="job_list___sub_accordion_38"><div class="card"><a data-toggle="collapse" data-target="#job_list___sub_collapse_38_1" aria-expanded="false" aria-controls="job_list___sub_collapse_38_1" href="#" class="job_list___sub_multi_heading"><div role="alert" class="card-header alert-success" id="job_list___sub_heading_38_1"><button class="btn btn-outline-success"><span class="job_id">38 : Job ID b1900d6d8a524c5890e648f98b72eac0</span></button></div></a><div aria-labelledby="job_list___sub_heading_38_1" data-parent="#job_list___sub_accordion_38" class="collapse job_list___sub_multi_collapse" id="job_list___sub_collapse_38_1"><div class="card-body"><div class="work-item"><div class="alert alert-success test-outcome" role="alert"><p>worker outcome: WorkerOutcome.NORMAL</p><p>test outcome: TestOutcome.KILLED</p></div></div><pre class="location"><a href="pycharm://open?file=source/sort.py&amp;line=52" class="text-secondary"><button class="btn btn-outline-dark">source/sort.py, start pos: (52, 37), end pos: (52, 38)</button></a></pre><pre>operator: core/ReplaceBinaryOperator_Div_Mod, occurrence: 0</pre><div class="alert alert-secondary"><pre class="diff">--- mutation diff ---
--- asource/sort.py
+++ bsource/sort.py
@@ -49,7 +49,7 @@
       Output SOp of sort program.
     """
     keys = rasp.SequenceMap(
-        lambda x, i: x + min_key * i / max_seq_len, keys, rasp.indices
+        lambda x, i: x + min_key * i % max_seq_len, keys, rasp.indices
     )
     return make_sort_unique(vals, keys)
 </pre></div><div class="alert alert-secondary"><pre class="diff">============================= test session starts ==============================
platform linux -- Python 3.12.7, pytest-8.3.3, pluggy-1.5.0
rootdir: /home/andre/Repos/RASPing/experiments/mutation
plugins: anyio-4.4.0
collected 3 items

tests/test_sort.py ssAccuracy:  0.224
F

=================================== FAILURES ===================================
_____________________________ TestSort.test_model ______________________________

self = &lt;tests.test_sort.TestSort object at 0x7d9dbb13f980&gt;

    def test_model(self):
&gt;       self.test()

tests/test_sort.py:34: 
_ _ _ _ _ _ _ _ _ _ _ _ _ _ _ _ _ _ _ _ _ _ _ _ _ _ _ _ _ _ _ _ _ _ _ _ _ _ _ _ 

self = &lt;tests.test_sort.TestSort object at 0x7d9dbb13f980&gt;

    @pytest.mark.skip(reason="This is not a test")
    def test(self):
        try:
            model = Model(self.model, self.inputs, self.maxLength, self.name)
        except Exception as e:
            # Survive if the model is not compilable (we want to kill the buggy ones)
            print(str(e))
            # Print message for post-processing
            print("UNCOMPILABLE MODEL")
            return
    
        accuracy = model.evaluateModel(
            self.testing_data, doPrint=False, outputArray=False, useAssert=False
        )
        # Print the accuracy for post-processing
        print("Accuracy: ", accuracy)
&gt;       assert accuracy == 1.0
E       AssertionError

tests/test.py:45: AssertionError
=========================== short test summary info ============================
FAILED tests/test_sort.py::TestSort::test_model - AssertionError
======================== 1 failed, 2 skipped in 33.62s =========================
</pre></div></div></div></div></div><div class="mb-1" id="job_list___sub_accordion_39"><div class="card"><a data-toggle="collapse" data-target="#job_list___sub_collapse_39_1" aria-expanded="false" aria-controls="job_list___sub_collapse_39_1" href="#" class="job_list___sub_multi_heading"><div role="alert" class="card-header alert-success" id="job_list___sub_heading_39_1"><button class="btn btn-outline-success"><span class="job_id">39 : Job ID a3a4b953ec7545de9f584dc0dcbf8d1a</span></button></div></a><div aria-labelledby="job_list___sub_heading_39_1" data-parent="#job_list___sub_accordion_39" class="collapse job_list___sub_multi_collapse" id="job_list___sub_collapse_39_1"><div class="card-body"><div class="work-item"><div class="alert alert-success test-outcome" role="alert"><p>worker outcome: WorkerOutcome.NORMAL</p><p>test outcome: TestOutcome.KILLED</p></div></div><pre class="location"><a href="pycharm://open?file=source/sort.py&amp;line=52" class="text-secondary"><button class="btn btn-outline-dark">source/sort.py, start pos: (52, 37), end pos: (52, 38)</button></a></pre><pre>operator: core/ReplaceBinaryOperator_Div_Pow, occurrence: 0</pre><div class="alert alert-secondary"><pre class="diff">--- mutation diff ---
--- asource/sort.py
+++ bsource/sort.py
@@ -49,7 +49,7 @@
       Output SOp of sort program.
     """
     keys = rasp.SequenceMap(
-        lambda x, i: x + min_key * i / max_seq_len, keys, rasp.indices
+        lambda x, i: x + min_key * i ** max_seq_len, keys, rasp.indices
     )
     return make_sort_unique(vals, keys)
 </pre></div><div class="alert alert-secondary"><pre class="diff">============================= test session starts ==============================
platform linux -- Python 3.12.7, pytest-8.3.3, pluggy-1.5.0
rootdir: /home/andre/Repos/RASPing/experiments/mutation
plugins: anyio-4.4.0
collected 3 items

tests/test_sort.py ssAccuracy:  0.176
F

=================================== FAILURES ===================================
_____________________________ TestSort.test_model ______________________________

self = &lt;tests.test_sort.TestSort object at 0x7bfe91b0a870&gt;

    def test_model(self):
&gt;       self.test()

tests/test_sort.py:34: 
_ _ _ _ _ _ _ _ _ _ _ _ _ _ _ _ _ _ _ _ _ _ _ _ _ _ _ _ _ _ _ _ _ _ _ _ _ _ _ _ 

self = &lt;tests.test_sort.TestSort object at 0x7bfe91b0a870&gt;

    @pytest.mark.skip(reason="This is not a test")
    def test(self):
        try:
            model = Model(self.model, self.inputs, self.maxLength, self.name)
        except Exception as e:
            # Survive if the model is not compilable (we want to kill the buggy ones)
            print(str(e))
            # Print message for post-processing
            print("UNCOMPILABLE MODEL")
            return
    
        accuracy = model.evaluateModel(
            self.testing_data, doPrint=False, outputArray=False, useAssert=False
        )
        # Print the accuracy for post-processing
        print("Accuracy: ", accuracy)
&gt;       assert accuracy == 1.0
E       AssertionError

tests/test.py:45: AssertionError
=========================== short test summary info ============================
FAILED tests/test_sort.py::TestSort::test_model - AssertionError
======================== 1 failed, 2 skipped in 36.41s =========================
</pre></div></div></div></div></div><div class="mb-1" id="job_list___sub_accordion_40"><div class="card"><a data-toggle="collapse" data-target="#job_list___sub_collapse_40_1" aria-expanded="false" aria-controls="job_list___sub_collapse_40_1" href="#" class="job_list___sub_multi_heading"><div role="alert" class="card-header alert-success" id="job_list___sub_heading_40_1"><button class="btn btn-outline-success"><span class="job_id">40 : Job ID cc7fb21e153045edad97547f29d25df9</span></button></div></a><div aria-labelledby="job_list___sub_heading_40_1" data-parent="#job_list___sub_accordion_40" class="collapse job_list___sub_multi_collapse" id="job_list___sub_collapse_40_1"><div class="card-body"><div class="work-item"><div class="alert alert-success test-outcome" role="alert"><p>worker outcome: WorkerOutcome.NORMAL</p><p>test outcome: TestOutcome.KILLED</p></div></div><pre class="location"><a href="pycharm://open?file=source/sort.py&amp;line=52" class="text-secondary"><button class="btn btn-outline-dark">source/sort.py, start pos: (52, 37), end pos: (52, 38)</button></a></pre><pre>operator: core/ReplaceBinaryOperator_Div_RShift, occurrence: 0</pre><div class="alert alert-secondary"><pre class="diff">--- mutation diff ---
--- asource/sort.py
+++ bsource/sort.py
@@ -49,7 +49,7 @@
       Output SOp of sort program.
     """
     keys = rasp.SequenceMap(
-        lambda x, i: x + min_key * i / max_seq_len, keys, rasp.indices
+        lambda x, i: x + min_key * i &gt;&gt; max_seq_len, keys, rasp.indices
     )
     return make_sort_unique(vals, keys)
 </pre></div><div class="alert alert-secondary"><pre class="diff">============================= test session starts ==============================
platform linux -- Python 3.12.7, pytest-8.3.3, pluggy-1.5.0
rootdir: /home/andre/Repos/RASPing/experiments/mutation
plugins: anyio-4.4.0
collected 3 items

tests/test_sort.py ssAccuracy:  0.02
F

=================================== FAILURES ===================================
_____________________________ TestSort.test_model ______________________________

self = &lt;tests.test_sort.TestSort object at 0x7997c1b2e3f0&gt;

    def test_model(self):
&gt;       self.test()

tests/test_sort.py:34: 
_ _ _ _ _ _ _ _ _ _ _ _ _ _ _ _ _ _ _ _ _ _ _ _ _ _ _ _ _ _ _ _ _ _ _ _ _ _ _ _ 

self = &lt;tests.test_sort.TestSort object at 0x7997c1b2e3f0&gt;

    @pytest.mark.skip(reason="This is not a test")
    def test(self):
        try:
            model = Model(self.model, self.inputs, self.maxLength, self.name)
        except Exception as e:
            # Survive if the model is not compilable (we want to kill the buggy ones)
            print(str(e))
            # Print message for post-processing
            print("UNCOMPILABLE MODEL")
            return
    
        accuracy = model.evaluateModel(
            self.testing_data, doPrint=False, outputArray=False, useAssert=False
        )
        # Print the accuracy for post-processing
        print("Accuracy: ", accuracy)
&gt;       assert accuracy == 1.0
E       AssertionError

tests/test.py:45: AssertionError
=========================== short test summary info ============================
FAILED tests/test_sort.py::TestSort::test_model - AssertionError
======================== 1 failed, 2 skipped in 32.76s =========================
</pre></div></div></div></div></div><div class="mb-1" id="job_list___sub_accordion_41"><div class="card"><a data-toggle="collapse" data-target="#job_list___sub_collapse_41_1" aria-expanded="false" aria-controls="job_list___sub_collapse_41_1" href="#" class="job_list___sub_multi_heading"><div role="alert" class="card-header alert-success" id="job_list___sub_heading_41_1"><button class="btn btn-outline-success"><span class="job_id">41 : Job ID c15482c97f1942ca8f6b42eefc1a9b38</span></button></div></a><div aria-labelledby="job_list___sub_heading_41_1" data-parent="#job_list___sub_accordion_41" class="collapse job_list___sub_multi_collapse" id="job_list___sub_collapse_41_1"><div class="card-body"><div class="work-item"><div class="alert alert-success test-outcome" role="alert"><p>worker outcome: WorkerOutcome.NORMAL</p><p>test outcome: TestOutcome.KILLED</p></div></div><pre class="location"><a href="pycharm://open?file=source/sort.py&amp;line=52" class="text-secondary"><button class="btn btn-outline-dark">source/sort.py, start pos: (52, 37), end pos: (52, 38)</button></a></pre><pre>operator: core/ReplaceBinaryOperator_Div_LShift, occurrence: 0</pre><div class="alert alert-secondary"><pre class="diff">--- mutation diff ---
--- asource/sort.py
+++ bsource/sort.py
@@ -49,7 +49,7 @@
       Output SOp of sort program.
     """
     keys = rasp.SequenceMap(
-        lambda x, i: x + min_key * i / max_seq_len, keys, rasp.indices
+        lambda x, i: x + min_key * i &lt;&lt; max_seq_len, keys, rasp.indices
     )
     return make_sort_unique(vals, keys)
 </pre></div><div class="alert alert-secondary"><pre class="diff">============================= test session starts ==============================
platform linux -- Python 3.12.7, pytest-8.3.3, pluggy-1.5.0
rootdir: /home/andre/Repos/RASPing/experiments/mutation
plugins: anyio-4.4.0
collected 3 items

tests/test_sort.py ssAccuracy:  0.222
F

=================================== FAILURES ===================================
_____________________________ TestSort.test_model ______________________________

self = &lt;tests.test_sort.TestSort object at 0x755a6d5ef980&gt;

    def test_model(self):
&gt;       self.test()

tests/test_sort.py:34: 
_ _ _ _ _ _ _ _ _ _ _ _ _ _ _ _ _ _ _ _ _ _ _ _ _ _ _ _ _ _ _ _ _ _ _ _ _ _ _ _ 

self = &lt;tests.test_sort.TestSort object at 0x755a6d5ef980&gt;

    @pytest.mark.skip(reason="This is not a test")
    def test(self):
        try:
            model = Model(self.model, self.inputs, self.maxLength, self.name)
        except Exception as e:
            # Survive if the model is not compilable (we want to kill the buggy ones)
            print(str(e))
            # Print message for post-processing
            print("UNCOMPILABLE MODEL")
            return
    
        accuracy = model.evaluateModel(
            self.testing_data, doPrint=False, outputArray=False, useAssert=False
        )
        # Print the accuracy for post-processing
        print("Accuracy: ", accuracy)
&gt;       assert accuracy == 1.0
E       AssertionError

tests/test.py:45: AssertionError
=========================== short test summary info ============================
FAILED tests/test_sort.py::TestSort::test_model - AssertionError
======================== 1 failed, 2 skipped in 28.44s =========================
</pre></div></div></div></div></div><div class="mb-1" id="job_list___sub_accordion_42"><div class="card"><a data-toggle="collapse" data-target="#job_list___sub_collapse_42_1" aria-expanded="false" aria-controls="job_list___sub_collapse_42_1" href="#" class="job_list___sub_multi_heading"><div role="alert" class="card-header alert-success" id="job_list___sub_heading_42_1"><button class="btn btn-outline-success"><span class="job_id">42 : Job ID a3bd54ba480e4055b1f408cf71a99af3</span></button></div></a><div aria-labelledby="job_list___sub_heading_42_1" data-parent="#job_list___sub_accordion_42" class="collapse job_list___sub_multi_collapse" id="job_list___sub_collapse_42_1"><div class="card-body"><div class="work-item"><div class="alert alert-success test-outcome" role="alert"><p>worker outcome: WorkerOutcome.NORMAL</p><p>test outcome: TestOutcome.KILLED</p></div></div><pre class="location"><a href="pycharm://open?file=source/sort.py&amp;line=52" class="text-secondary"><button class="btn btn-outline-dark">source/sort.py, start pos: (52, 37), end pos: (52, 38)</button></a></pre><pre>operator: core/ReplaceBinaryOperator_Div_BitOr, occurrence: 0</pre><div class="alert alert-secondary"><pre class="diff">--- mutation diff ---
--- asource/sort.py
+++ bsource/sort.py
@@ -49,7 +49,7 @@
       Output SOp of sort program.
     """
     keys = rasp.SequenceMap(
-        lambda x, i: x + min_key * i / max_seq_len, keys, rasp.indices
+        lambda x, i: x + min_key * i | max_seq_len, keys, rasp.indices
     )
     return make_sort_unique(vals, keys)
 </pre></div><div class="alert alert-secondary"><pre class="diff">============================= test session starts ==============================
platform linux -- Python 3.12.7, pytest-8.3.3, pluggy-1.5.0
rootdir: /home/andre/Repos/RASPing/experiments/mutation
plugins: anyio-4.4.0
collected 3 items

tests/test_sort.py ssAccuracy:  0.118
F

=================================== FAILURES ===================================
_____________________________ TestSort.test_model ______________________________

self = &lt;tests.test_sort.TestSort object at 0x7ad194d70ad0&gt;

    def test_model(self):
&gt;       self.test()

tests/test_sort.py:34: 
_ _ _ _ _ _ _ _ _ _ _ _ _ _ _ _ _ _ _ _ _ _ _ _ _ _ _ _ _ _ _ _ _ _ _ _ _ _ _ _ 

self = &lt;tests.test_sort.TestSort object at 0x7ad194d70ad0&gt;

    @pytest.mark.skip(reason="This is not a test")
    def test(self):
        try:
            model = Model(self.model, self.inputs, self.maxLength, self.name)
        except Exception as e:
            # Survive if the model is not compilable (we want to kill the buggy ones)
            print(str(e))
            # Print message for post-processing
            print("UNCOMPILABLE MODEL")
            return
    
        accuracy = model.evaluateModel(
            self.testing_data, doPrint=False, outputArray=False, useAssert=False
        )
        # Print the accuracy for post-processing
        print("Accuracy: ", accuracy)
&gt;       assert accuracy == 1.0
E       AssertionError

tests/test.py:45: AssertionError
=========================== short test summary info ============================
FAILED tests/test_sort.py::TestSort::test_model - AssertionError
======================== 1 failed, 2 skipped in 28.98s =========================
</pre></div></div></div></div></div><div class="mb-1" id="job_list___sub_accordion_43"><div class="card"><a data-toggle="collapse" data-target="#job_list___sub_collapse_43_1" aria-expanded="false" aria-controls="job_list___sub_collapse_43_1" href="#" class="job_list___sub_multi_heading"><div role="alert" class="card-header alert-success" id="job_list___sub_heading_43_1"><button class="btn btn-outline-success"><span class="job_id">43 : Job ID 49eaa2b4c76443ed9074d134bd7ecd3b</span></button></div></a><div aria-labelledby="job_list___sub_heading_43_1" data-parent="#job_list___sub_accordion_43" class="collapse job_list___sub_multi_collapse" id="job_list___sub_collapse_43_1"><div class="card-body"><div class="work-item"><div class="alert alert-success test-outcome" role="alert"><p>worker outcome: WorkerOutcome.NORMAL</p><p>test outcome: TestOutcome.KILLED</p></div></div><pre class="location"><a href="pycharm://open?file=source/sort.py&amp;line=52" class="text-secondary"><button class="btn btn-outline-dark">source/sort.py, start pos: (52, 37), end pos: (52, 38)</button></a></pre><pre>operator: core/ReplaceBinaryOperator_Div_BitAnd, occurrence: 0</pre><div class="alert alert-secondary"><pre class="diff">--- mutation diff ---
--- asource/sort.py
+++ bsource/sort.py
@@ -49,7 +49,7 @@
       Output SOp of sort program.
     """
     keys = rasp.SequenceMap(
-        lambda x, i: x + min_key * i / max_seq_len, keys, rasp.indices
+        lambda x, i: x + min_key * i &amp; max_seq_len, keys, rasp.indices
     )
     return make_sort_unique(vals, keys)
 </pre></div><div class="alert alert-secondary"><pre class="diff">============================= test session starts ==============================
platform linux -- Python 3.12.7, pytest-8.3.3, pluggy-1.5.0
rootdir: /home/andre/Repos/RASPing/experiments/mutation
plugins: anyio-4.4.0
collected 3 items

tests/test_sort.py ssAccuracy:  0.062
F

=================================== FAILURES ===================================
_____________________________ TestSort.test_model ______________________________

self = &lt;tests.test_sort.TestSort object at 0x76996d1021b0&gt;

    def test_model(self):
&gt;       self.test()

tests/test_sort.py:34: 
_ _ _ _ _ _ _ _ _ _ _ _ _ _ _ _ _ _ _ _ _ _ _ _ _ _ _ _ _ _ _ _ _ _ _ _ _ _ _ _ 

self = &lt;tests.test_sort.TestSort object at 0x76996d1021b0&gt;

    @pytest.mark.skip(reason="This is not a test")
    def test(self):
        try:
            model = Model(self.model, self.inputs, self.maxLength, self.name)
        except Exception as e:
            # Survive if the model is not compilable (we want to kill the buggy ones)
            print(str(e))
            # Print message for post-processing
            print("UNCOMPILABLE MODEL")
            return
    
        accuracy = model.evaluateModel(
            self.testing_data, doPrint=False, outputArray=False, useAssert=False
        )
        # Print the accuracy for post-processing
        print("Accuracy: ", accuracy)
&gt;       assert accuracy == 1.0
E       AssertionError

tests/test.py:45: AssertionError
=========================== short test summary info ============================
FAILED tests/test_sort.py::TestSort::test_model - AssertionError
======================== 1 failed, 2 skipped in 28.86s =========================
</pre></div></div></div></div></div><div class="mb-1" id="job_list___sub_accordion_44"><div class="card"><a data-toggle="collapse" data-target="#job_list___sub_collapse_44_1" aria-expanded="false" aria-controls="job_list___sub_collapse_44_1" href="#" class="job_list___sub_multi_heading"><div role="alert" class="card-header alert-success" id="job_list___sub_heading_44_1"><button class="btn btn-outline-success"><span class="job_id">44 : Job ID 24752ce5fae8439dbc658e1f7aa85563</span></button></div></a><div aria-labelledby="job_list___sub_heading_44_1" data-parent="#job_list___sub_accordion_44" class="collapse job_list___sub_multi_collapse" id="job_list___sub_collapse_44_1"><div class="card-body"><div class="work-item"><div class="alert alert-success test-outcome" role="alert"><p>worker outcome: WorkerOutcome.NORMAL</p><p>test outcome: TestOutcome.KILLED</p></div></div><pre class="location"><a href="pycharm://open?file=source/sort.py&amp;line=52" class="text-secondary"><button class="btn btn-outline-dark">source/sort.py, start pos: (52, 37), end pos: (52, 38)</button></a></pre><pre>operator: core/ReplaceBinaryOperator_Div_BitXor, occurrence: 0</pre><div class="alert alert-secondary"><pre class="diff">--- mutation diff ---
--- asource/sort.py
+++ bsource/sort.py
@@ -49,7 +49,7 @@
       Output SOp of sort program.
     """
     keys = rasp.SequenceMap(
-        lambda x, i: x + min_key * i / max_seq_len, keys, rasp.indices
+        lambda x, i: x + min_key * i ^ max_seq_len, keys, rasp.indices
     )
     return make_sort_unique(vals, keys)
 </pre></div><div class="alert alert-secondary"><pre class="diff">============================= test session starts ==============================
platform linux -- Python 3.12.7, pytest-8.3.3, pluggy-1.5.0
rootdir: /home/andre/Repos/RASPing/experiments/mutation
plugins: anyio-4.4.0
collected 3 items

tests/test_sort.py ssAccuracy:  0.094
F

=================================== FAILURES ===================================
_____________________________ TestSort.test_model ______________________________

self = &lt;tests.test_sort.TestSort object at 0x7dce50f3f980&gt;

    def test_model(self):
&gt;       self.test()

tests/test_sort.py:34: 
_ _ _ _ _ _ _ _ _ _ _ _ _ _ _ _ _ _ _ _ _ _ _ _ _ _ _ _ _ _ _ _ _ _ _ _ _ _ _ _ 

self = &lt;tests.test_sort.TestSort object at 0x7dce50f3f980&gt;

    @pytest.mark.skip(reason="This is not a test")
    def test(self):
        try:
            model = Model(self.model, self.inputs, self.maxLength, self.name)
        except Exception as e:
            # Survive if the model is not compilable (we want to kill the buggy ones)
            print(str(e))
            # Print message for post-processing
            print("UNCOMPILABLE MODEL")
            return
    
        accuracy = model.evaluateModel(
            self.testing_data, doPrint=False, outputArray=False, useAssert=False
        )
        # Print the accuracy for post-processing
        print("Accuracy: ", accuracy)
&gt;       assert accuracy == 1.0
E       AssertionError

tests/test.py:45: AssertionError
=========================== short test summary info ============================
FAILED tests/test_sort.py::TestSort::test_model - AssertionError
======================== 1 failed, 2 skipped in 35.88s =========================
</pre></div></div></div></div></div><div class="mb-1" id="job_list___sub_accordion_45"><div class="card"><a data-toggle="collapse" data-target="#job_list___sub_collapse_45_1" aria-expanded="false" aria-controls="job_list___sub_collapse_45_1" href="#" class="job_list___sub_multi_heading"><div role="alert" class="card-header alert-success" id="job_list___sub_heading_45_1"><button class="btn btn-outline-success"><span class="job_id">45 : Job ID 9f29b1d0aac04b8eb55653027cea16ae</span></button></div></a><div aria-labelledby="job_list___sub_heading_45_1" data-parent="#job_list___sub_accordion_45" class="collapse job_list___sub_multi_collapse" id="job_list___sub_collapse_45_1"><div class="card-body"><div class="work-item"><div class="alert alert-success test-outcome" role="alert"><p>worker outcome: WorkerOutcome.NORMAL</p><p>test outcome: TestOutcome.KILLED</p></div></div><pre class="location"><a href="pycharm://open?file=source/sort.py&amp;line=18" class="text-secondary"><button class="btn btn-outline-dark">source/sort.py, start pos: (18, 38), end pos: (18, 56)</button></a></pre><pre>operator: operators/replace-rasp-comparison, occurrence: 0</pre><div class="alert alert-secondary"><pre class="diff">--- mutation diff ---
--- asource/sort.py
+++ bsource/sort.py
@@ -15,7 +15,7 @@
       vals: Values to sort.
       keys: Keys for sorting.
     """
-    smaller = rasp.Select(keys, keys, rasp.Comparison.LT).named("smaller")
+    smaller = rasp.Select(keys, keys, rasp.Comparison.EQ).named("smaller")
     target_pos = rasp.SelectorWidth(smaller).named("target_pos")
     sel_new = rasp.Select(target_pos, rasp.indices, rasp.Comparison.EQ)
     return rasp.Aggregate(sel_new, vals).named("sort")</pre></div><div class="alert alert-secondary"><pre class="diff">============================= test session starts ==============================
platform linux -- Python 3.12.7, pytest-8.3.3, pluggy-1.5.0
rootdir: /home/andre/Repos/RASPing/experiments/mutation
plugins: anyio-4.4.0
collected 3 items

tests/test_sort.py ssAccuracy:  0.016
F

=================================== FAILURES ===================================
_____________________________ TestSort.test_model ______________________________

self = &lt;tests.test_sort.TestSort object at 0x7593bc983980&gt;

    def test_model(self):
&gt;       self.test()

tests/test_sort.py:34: 
_ _ _ _ _ _ _ _ _ _ _ _ _ _ _ _ _ _ _ _ _ _ _ _ _ _ _ _ _ _ _ _ _ _ _ _ _ _ _ _ 

self = &lt;tests.test_sort.TestSort object at 0x7593bc983980&gt;

    @pytest.mark.skip(reason="This is not a test")
    def test(self):
        try:
            model = Model(self.model, self.inputs, self.maxLength, self.name)
        except Exception as e:
            # Survive if the model is not compilable (we want to kill the buggy ones)
            print(str(e))
            # Print message for post-processing
            print("UNCOMPILABLE MODEL")
            return
    
        accuracy = model.evaluateModel(
            self.testing_data, doPrint=False, outputArray=False, useAssert=False
        )
        # Print the accuracy for post-processing
        print("Accuracy: ", accuracy)
&gt;       assert accuracy == 1.0
E       AssertionError

tests/test.py:45: AssertionError
=========================== short test summary info ============================
FAILED tests/test_sort.py::TestSort::test_model - AssertionError
======================== 1 failed, 2 skipped in 42.35s =========================
</pre></div></div></div></div></div><div class="mb-1" id="job_list___sub_accordion_46"><div class="card"><a data-toggle="collapse" data-target="#job_list___sub_collapse_46_1" aria-expanded="false" aria-controls="job_list___sub_collapse_46_1" href="#" class="job_list___sub_multi_heading"><div role="alert" class="card-header alert-success" id="job_list___sub_heading_46_1"><button class="btn btn-outline-success"><span class="job_id">46 : Job ID e2cb34d7c1b244db8dfbe705e5a2cd79</span></button></div></a><div aria-labelledby="job_list___sub_heading_46_1" data-parent="#job_list___sub_accordion_46" class="collapse job_list___sub_multi_collapse" id="job_list___sub_collapse_46_1"><div class="card-body"><div class="work-item"><div class="alert alert-success test-outcome" role="alert"><p>worker outcome: WorkerOutcome.NORMAL</p><p>test outcome: TestOutcome.KILLED</p></div></div><pre class="location"><a href="pycharm://open?file=source/sort.py&amp;line=18" class="text-secondary"><button class="btn btn-outline-dark">source/sort.py, start pos: (18, 38), end pos: (18, 56)</button></a></pre><pre>operator: operators/replace-rasp-comparison, occurrence: 1</pre><div class="alert alert-secondary"><pre class="diff">--- mutation diff ---
--- asource/sort.py
+++ bsource/sort.py
@@ -15,7 +15,7 @@
       vals: Values to sort.
       keys: Keys for sorting.
     """
-    smaller = rasp.Select(keys, keys, rasp.Comparison.LT).named("smaller")
+    smaller = rasp.Select(keys, keys, rasp.Comparison.LEQ).named("smaller")
     target_pos = rasp.SelectorWidth(smaller).named("target_pos")
     sel_new = rasp.Select(target_pos, rasp.indices, rasp.Comparison.EQ)
     return rasp.Aggregate(sel_new, vals).named("sort")</pre></div><div class="alert alert-secondary"><pre class="diff">============================= test session starts ==============================
platform linux -- Python 3.12.7, pytest-8.3.3, pluggy-1.5.0
rootdir: /home/andre/Repos/RASPing/experiments/mutation
plugins: anyio-4.4.0
collected 3 items

tests/test_sort.py ssAccuracy:  0.024
F

=================================== FAILURES ===================================
_____________________________ TestSort.test_model ______________________________

self = &lt;tests.test_sort.TestSort object at 0x7e654c48a5a0&gt;

    def test_model(self):
&gt;       self.test()

tests/test_sort.py:34: 
_ _ _ _ _ _ _ _ _ _ _ _ _ _ _ _ _ _ _ _ _ _ _ _ _ _ _ _ _ _ _ _ _ _ _ _ _ _ _ _ 

self = &lt;tests.test_sort.TestSort object at 0x7e654c48a5a0&gt;

    @pytest.mark.skip(reason="This is not a test")
    def test(self):
        try:
            model = Model(self.model, self.inputs, self.maxLength, self.name)
        except Exception as e:
            # Survive if the model is not compilable (we want to kill the buggy ones)
            print(str(e))
            # Print message for post-processing
            print("UNCOMPILABLE MODEL")
            return
    
        accuracy = model.evaluateModel(
            self.testing_data, doPrint=False, outputArray=False, useAssert=False
        )
        # Print the accuracy for post-processing
        print("Accuracy: ", accuracy)
&gt;       assert accuracy == 1.0
E       AssertionError

tests/test.py:45: AssertionError
=========================== short test summary info ============================
FAILED tests/test_sort.py::TestSort::test_model - AssertionError
======================== 1 failed, 2 skipped in 53.69s =========================
</pre></div></div></div></div></div><div class="mb-1" id="job_list___sub_accordion_47"><div class="card"><a data-toggle="collapse" data-target="#job_list___sub_collapse_47_1" aria-expanded="false" aria-controls="job_list___sub_collapse_47_1" href="#" class="job_list___sub_multi_heading"><div role="alert" class="card-header alert-success" id="job_list___sub_heading_47_1"><button class="btn btn-outline-success"><span class="job_id">47 : Job ID 35d7629ad9144a47bab0a346baad81ba</span></button></div></a><div aria-labelledby="job_list___sub_heading_47_1" data-parent="#job_list___sub_accordion_47" class="collapse job_list___sub_multi_collapse" id="job_list___sub_collapse_47_1"><div class="card-body"><div class="work-item"><div class="alert alert-success test-outcome" role="alert"><p>worker outcome: WorkerOutcome.NORMAL</p><p>test outcome: TestOutcome.KILLED</p></div></div><pre class="location"><a href="pycharm://open?file=source/sort.py&amp;line=18" class="text-secondary"><button class="btn btn-outline-dark">source/sort.py, start pos: (18, 38), end pos: (18, 56)</button></a></pre><pre>operator: operators/replace-rasp-comparison, occurrence: 2</pre><div class="alert alert-secondary"><pre class="diff">--- mutation diff ---
--- asource/sort.py
+++ bsource/sort.py
@@ -15,7 +15,7 @@
       vals: Values to sort.
       keys: Keys for sorting.
     """
-    smaller = rasp.Select(keys, keys, rasp.Comparison.LT).named("smaller")
+    smaller = rasp.Select(keys, keys, rasp.Comparison.LEQ).named("smaller")
     target_pos = rasp.SelectorWidth(smaller).named("target_pos")
     sel_new = rasp.Select(target_pos, rasp.indices, rasp.Comparison.EQ)
     return rasp.Aggregate(sel_new, vals).named("sort")</pre></div><div class="alert alert-secondary"><pre class="diff">============================= test session starts ==============================
platform linux -- Python 3.12.7, pytest-8.3.3, pluggy-1.5.0
rootdir: /home/andre/Repos/RASPing/experiments/mutation
plugins: anyio-4.4.0
collected 3 items

tests/test_sort.py ssAccuracy:  0.028
F

=================================== FAILURES ===================================
_____________________________ TestSort.test_model ______________________________

self = &lt;tests.test_sort.TestSort object at 0x7c3450a1b9e0&gt;

    def test_model(self):
&gt;       self.test()

tests/test_sort.py:34: 
_ _ _ _ _ _ _ _ _ _ _ _ _ _ _ _ _ _ _ _ _ _ _ _ _ _ _ _ _ _ _ _ _ _ _ _ _ _ _ _ 

self = &lt;tests.test_sort.TestSort object at 0x7c3450a1b9e0&gt;

    @pytest.mark.skip(reason="This is not a test")
    def test(self):
        try:
            model = Model(self.model, self.inputs, self.maxLength, self.name)
        except Exception as e:
            # Survive if the model is not compilable (we want to kill the buggy ones)
            print(str(e))
            # Print message for post-processing
            print("UNCOMPILABLE MODEL")
            return
    
        accuracy = model.evaluateModel(
            self.testing_data, doPrint=False, outputArray=False, useAssert=False
        )
        # Print the accuracy for post-processing
        print("Accuracy: ", accuracy)
&gt;       assert accuracy == 1.0
E       AssertionError

tests/test.py:45: AssertionError
=========================== short test summary info ============================
FAILED tests/test_sort.py::TestSort::test_model - AssertionError
======================== 1 failed, 2 skipped in 31.92s =========================
</pre></div></div></div></div></div><div class="mb-1" id="job_list___sub_accordion_48"><div class="card"><a data-toggle="collapse" data-target="#job_list___sub_collapse_48_1" aria-expanded="false" aria-controls="job_list___sub_collapse_48_1" href="#" class="job_list___sub_multi_heading"><div role="alert" class="card-header alert-success" id="job_list___sub_heading_48_1"><button class="btn btn-outline-success"><span class="job_id">48 : Job ID 900b1f8b8b2f4e3f825095175461109a</span></button></div></a><div aria-labelledby="job_list___sub_heading_48_1" data-parent="#job_list___sub_accordion_48" class="collapse job_list___sub_multi_collapse" id="job_list___sub_collapse_48_1"><div class="card-body"><div class="work-item"><div class="alert alert-success test-outcome" role="alert"><p>worker outcome: WorkerOutcome.NORMAL</p><p>test outcome: TestOutcome.KILLED</p></div></div><pre class="location"><a href="pycharm://open?file=source/sort.py&amp;line=18" class="text-secondary"><button class="btn btn-outline-dark">source/sort.py, start pos: (18, 38), end pos: (18, 56)</button></a></pre><pre>operator: operators/replace-rasp-comparison, occurrence: 3</pre><div class="alert alert-secondary"><pre class="diff">--- mutation diff ---
--- asource/sort.py
+++ bsource/sort.py
@@ -15,7 +15,7 @@
       vals: Values to sort.
       keys: Keys for sorting.
     """
-    smaller = rasp.Select(keys, keys, rasp.Comparison.LT).named("smaller")
+    smaller = rasp.Select(keys, keys, rasp.Comparison.GT).named("smaller")
     target_pos = rasp.SelectorWidth(smaller).named("target_pos")
     sel_new = rasp.Select(target_pos, rasp.indices, rasp.Comparison.EQ)
     return rasp.Aggregate(sel_new, vals).named("sort")</pre></div><div class="alert alert-secondary"><pre class="diff">============================= test session starts ==============================
platform linux -- Python 3.12.7, pytest-8.3.3, pluggy-1.5.0
rootdir: /home/andre/Repos/RASPing/experiments/mutation
plugins: anyio-4.4.0
collected 3 items

tests/test_sort.py ssAccuracy:  0.018
F

=================================== FAILURES ===================================
_____________________________ TestSort.test_model ______________________________

self = &lt;tests.test_sort.TestSort object at 0x737714763980&gt;

    def test_model(self):
&gt;       self.test()

tests/test_sort.py:34: 
_ _ _ _ _ _ _ _ _ _ _ _ _ _ _ _ _ _ _ _ _ _ _ _ _ _ _ _ _ _ _ _ _ _ _ _ _ _ _ _ 

self = &lt;tests.test_sort.TestSort object at 0x737714763980&gt;

    @pytest.mark.skip(reason="This is not a test")
    def test(self):
        try:
            model = Model(self.model, self.inputs, self.maxLength, self.name)
        except Exception as e:
            # Survive if the model is not compilable (we want to kill the buggy ones)
            print(str(e))
            # Print message for post-processing
            print("UNCOMPILABLE MODEL")
            return
    
        accuracy = model.evaluateModel(
            self.testing_data, doPrint=False, outputArray=False, useAssert=False
        )
        # Print the accuracy for post-processing
        print("Accuracy: ", accuracy)
&gt;       assert accuracy == 1.0
E       AssertionError

tests/test.py:45: AssertionError
=========================== short test summary info ============================
FAILED tests/test_sort.py::TestSort::test_model - AssertionError
======================== 1 failed, 2 skipped in 33.01s =========================
</pre></div></div></div></div></div><div class="mb-1" id="job_list___sub_accordion_49"><div class="card"><a data-toggle="collapse" data-target="#job_list___sub_collapse_49_1" aria-expanded="false" aria-controls="job_list___sub_collapse_49_1" href="#" class="job_list___sub_multi_heading"><div role="alert" class="card-header alert-success" id="job_list___sub_heading_49_1"><button class="btn btn-outline-success"><span class="job_id">49 : Job ID 3692700ac5284622b2b8d28f200302e9</span></button></div></a><div aria-labelledby="job_list___sub_heading_49_1" data-parent="#job_list___sub_accordion_49" class="collapse job_list___sub_multi_collapse" id="job_list___sub_collapse_49_1"><div class="card-body"><div class="work-item"><div class="alert alert-success test-outcome" role="alert"><p>worker outcome: WorkerOutcome.NORMAL</p><p>test outcome: TestOutcome.KILLED</p></div></div><pre class="location"><a href="pycharm://open?file=source/sort.py&amp;line=18" class="text-secondary"><button class="btn btn-outline-dark">source/sort.py, start pos: (18, 38), end pos: (18, 56)</button></a></pre><pre>operator: operators/replace-rasp-comparison, occurrence: 4</pre><div class="alert alert-secondary"><pre class="diff">--- mutation diff ---
--- asource/sort.py
+++ bsource/sort.py
@@ -15,7 +15,7 @@
       vals: Values to sort.
       keys: Keys for sorting.
     """
-    smaller = rasp.Select(keys, keys, rasp.Comparison.LT).named("smaller")
+    smaller = rasp.Select(keys, keys, rasp.Comparison.GEQ).named("smaller")
     target_pos = rasp.SelectorWidth(smaller).named("target_pos")
     sel_new = rasp.Select(target_pos, rasp.indices, rasp.Comparison.EQ)
     return rasp.Aggregate(sel_new, vals).named("sort")</pre></div><div class="alert alert-secondary"><pre class="diff">============================= test session starts ==============================
platform linux -- Python 3.12.7, pytest-8.3.3, pluggy-1.5.0
rootdir: /home/andre/Repos/RASPing/experiments/mutation
plugins: anyio-4.4.0
collected 3 items

tests/test_sort.py ssAccuracy:  0.142
F

=================================== FAILURES ===================================
_____________________________ TestSort.test_model ______________________________

self = &lt;tests.test_sort.TestSort object at 0x7b5e9a95f500&gt;

    def test_model(self):
&gt;       self.test()

tests/test_sort.py:34: 
_ _ _ _ _ _ _ _ _ _ _ _ _ _ _ _ _ _ _ _ _ _ _ _ _ _ _ _ _ _ _ _ _ _ _ _ _ _ _ _ 

self = &lt;tests.test_sort.TestSort object at 0x7b5e9a95f500&gt;

    @pytest.mark.skip(reason="This is not a test")
    def test(self):
        try:
            model = Model(self.model, self.inputs, self.maxLength, self.name)
        except Exception as e:
            # Survive if the model is not compilable (we want to kill the buggy ones)
            print(str(e))
            # Print message for post-processing
            print("UNCOMPILABLE MODEL")
            return
    
        accuracy = model.evaluateModel(
            self.testing_data, doPrint=False, outputArray=False, useAssert=False
        )
        # Print the accuracy for post-processing
        print("Accuracy: ", accuracy)
&gt;       assert accuracy == 1.0
E       AssertionError

tests/test.py:45: AssertionError
=========================== short test summary info ============================
FAILED tests/test_sort.py::TestSort::test_model - AssertionError
======================== 1 failed, 2 skipped in 54.36s =========================
</pre></div></div></div></div></div><div class="mb-1" id="job_list___sub_accordion_50"><div class="card"><a data-toggle="collapse" data-target="#job_list___sub_collapse_50_1" aria-expanded="false" aria-controls="job_list___sub_collapse_50_1" href="#" class="job_list___sub_multi_heading"><div role="alert" class="card-header alert-success" id="job_list___sub_heading_50_1"><button class="btn btn-outline-success"><span class="job_id">50 : Job ID 3823849848844805b5831883e445fc1e</span></button></div></a><div aria-labelledby="job_list___sub_heading_50_1" data-parent="#job_list___sub_accordion_50" class="collapse job_list___sub_multi_collapse" id="job_list___sub_collapse_50_1"><div class="card-body"><div class="work-item"><div class="alert alert-success test-outcome" role="alert"><p>worker outcome: WorkerOutcome.NORMAL</p><p>test outcome: TestOutcome.KILLED</p></div></div><pre class="location"><a href="pycharm://open?file=source/sort.py&amp;line=18" class="text-secondary"><button class="btn btn-outline-dark">source/sort.py, start pos: (18, 38), end pos: (18, 56)</button></a></pre><pre>operator: operators/replace-rasp-comparison, occurrence: 5</pre><div class="alert alert-secondary"><pre class="diff">--- mutation diff ---
--- asource/sort.py
+++ bsource/sort.py
@@ -15,7 +15,7 @@
       vals: Values to sort.
       keys: Keys for sorting.
     """
-    smaller = rasp.Select(keys, keys, rasp.Comparison.LT).named("smaller")
+    smaller = rasp.Select(keys, keys, rasp.Comparison.NEQ).named("smaller")
     target_pos = rasp.SelectorWidth(smaller).named("target_pos")
     sel_new = rasp.Select(target_pos, rasp.indices, rasp.Comparison.EQ)
     return rasp.Aggregate(sel_new, vals).named("sort")</pre></div><div class="alert alert-secondary"><pre class="diff">============================= test session starts ==============================
platform linux -- Python 3.12.7, pytest-8.3.3, pluggy-1.5.0
rootdir: /home/andre/Repos/RASPing/experiments/mutation
plugins: anyio-4.4.0
collected 3 items

tests/test_sort.py ssAccuracy:  0.024
F

=================================== FAILURES ===================================
_____________________________ TestSort.test_model ______________________________

self = &lt;tests.test_sort.TestSort object at 0x7ebd02fc79e0&gt;

    def test_model(self):
&gt;       self.test()

tests/test_sort.py:34: 
_ _ _ _ _ _ _ _ _ _ _ _ _ _ _ _ _ _ _ _ _ _ _ _ _ _ _ _ _ _ _ _ _ _ _ _ _ _ _ _ 

self = &lt;tests.test_sort.TestSort object at 0x7ebd02fc79e0&gt;

    @pytest.mark.skip(reason="This is not a test")
    def test(self):
        try:
            model = Model(self.model, self.inputs, self.maxLength, self.name)
        except Exception as e:
            # Survive if the model is not compilable (we want to kill the buggy ones)
            print(str(e))
            # Print message for post-processing
            print("UNCOMPILABLE MODEL")
            return
    
        accuracy = model.evaluateModel(
            self.testing_data, doPrint=False, outputArray=False, useAssert=False
        )
        # Print the accuracy for post-processing
        print("Accuracy: ", accuracy)
&gt;       assert accuracy == 1.0
E       AssertionError

tests/test.py:45: AssertionError
=========================== short test summary info ============================
FAILED tests/test_sort.py::TestSort::test_model - AssertionError
======================== 1 failed, 2 skipped in 28.89s =========================
</pre></div></div></div></div></div><div class="mb-1" id="job_list___sub_accordion_51"><div class="card"><a data-toggle="collapse" data-target="#job_list___sub_collapse_51_1" aria-expanded="false" aria-controls="job_list___sub_collapse_51_1" href="#" class="job_list___sub_multi_heading"><div role="alert" class="card-header alert-success" id="job_list___sub_heading_51_1"><button class="btn btn-outline-success"><span class="job_id">51 : Job ID 7e043b853f5d4ebc85743e860789166b</span></button></div></a><div aria-labelledby="job_list___sub_heading_51_1" data-parent="#job_list___sub_accordion_51" class="collapse job_list___sub_multi_collapse" id="job_list___sub_collapse_51_1"><div class="card-body"><div class="work-item"><div class="alert alert-success test-outcome" role="alert"><p>worker outcome: WorkerOutcome.NORMAL</p><p>test outcome: TestOutcome.KILLED</p></div></div><pre class="location"><a href="pycharm://open?file=source/sort.py&amp;line=18" class="text-secondary"><button class="btn btn-outline-dark">source/sort.py, start pos: (18, 38), end pos: (18, 56)</button></a></pre><pre>operator: operators/replace-rasp-comparison, occurrence: 6</pre><div class="alert alert-secondary"><pre class="diff">--- mutation diff ---
--- asource/sort.py
+++ bsource/sort.py
@@ -15,7 +15,7 @@
       vals: Values to sort.
       keys: Keys for sorting.
     """
-    smaller = rasp.Select(keys, keys, rasp.Comparison.LT).named("smaller")
+    smaller = rasp.Select(keys, keys, rasp.Comparison.TRUE).named("smaller")
     target_pos = rasp.SelectorWidth(smaller).named("target_pos")
     sel_new = rasp.Select(target_pos, rasp.indices, rasp.Comparison.EQ)
     return rasp.Aggregate(sel_new, vals).named("sort")</pre></div><div class="alert alert-secondary"><pre class="diff">============================= test session starts ==============================
platform linux -- Python 3.12.7, pytest-8.3.3, pluggy-1.5.0
rootdir: /home/andre/Repos/RASPing/experiments/mutation
plugins: anyio-4.4.0
collected 3 items

tests/test_sort.py ssAccuracy:  0.022
F

=================================== FAILURES ===================================
_____________________________ TestSort.test_model ______________________________

self = &lt;tests.test_sort.TestSort object at 0x75ce58423980&gt;

    def test_model(self):
&gt;       self.test()

tests/test_sort.py:34: 
_ _ _ _ _ _ _ _ _ _ _ _ _ _ _ _ _ _ _ _ _ _ _ _ _ _ _ _ _ _ _ _ _ _ _ _ _ _ _ _ 

self = &lt;tests.test_sort.TestSort object at 0x75ce58423980&gt;

    @pytest.mark.skip(reason="This is not a test")
    def test(self):
        try:
            model = Model(self.model, self.inputs, self.maxLength, self.name)
        except Exception as e:
            # Survive if the model is not compilable (we want to kill the buggy ones)
            print(str(e))
            # Print message for post-processing
            print("UNCOMPILABLE MODEL")
            return
    
        accuracy = model.evaluateModel(
            self.testing_data, doPrint=False, outputArray=False, useAssert=False
        )
        # Print the accuracy for post-processing
        print("Accuracy: ", accuracy)
&gt;       assert accuracy == 1.0
E       AssertionError

tests/test.py:45: AssertionError
=========================== short test summary info ============================
FAILED tests/test_sort.py::TestSort::test_model - AssertionError
======================== 1 failed, 2 skipped in 30.36s =========================
</pre></div></div></div></div></div><div class="mb-1" id="job_list___sub_accordion_52"><div class="card"><a data-toggle="collapse" data-target="#job_list___sub_collapse_52_1" aria-expanded="false" aria-controls="job_list___sub_collapse_52_1" href="#" class="job_list___sub_multi_heading"><div role="alert" class="card-header alert-success" id="job_list___sub_heading_52_1"><button class="btn btn-outline-success"><span class="job_id">52 : Job ID 89ca30cb94cb448589998e23c43c895b</span></button></div></a><div aria-labelledby="job_list___sub_heading_52_1" data-parent="#job_list___sub_accordion_52" class="collapse job_list___sub_multi_collapse" id="job_list___sub_collapse_52_1"><div class="card-body"><div class="work-item"><div class="alert alert-success test-outcome" role="alert"><p>worker outcome: WorkerOutcome.NORMAL</p><p>test outcome: TestOutcome.KILLED</p></div></div><pre class="location"><a href="pycharm://open?file=source/sort.py&amp;line=20" class="text-secondary"><button class="btn btn-outline-dark">source/sort.py, start pos: (20, 52), end pos: (20, 70)</button></a></pre><pre>operator: operators/replace-rasp-comparison, occurrence: 7</pre><div class="alert alert-secondary"><pre class="diff">--- mutation diff ---
--- asource/sort.py
+++ bsource/sort.py
@@ -17,7 +17,7 @@
     """
     smaller = rasp.Select(keys, keys, rasp.Comparison.LT).named("smaller")
     target_pos = rasp.SelectorWidth(smaller).named("target_pos")
-    sel_new = rasp.Select(target_pos, rasp.indices, rasp.Comparison.EQ)
+    sel_new = rasp.Select(target_pos, rasp.indices, rasp.Comparison.LT)
     return rasp.Aggregate(sel_new, vals).named("sort")
 
 </pre></div><div class="alert alert-secondary"><pre class="diff">============================= test session starts ==============================
platform linux -- Python 3.12.7, pytest-8.3.3, pluggy-1.5.0
rootdir: /home/andre/Repos/RASPing/experiments/mutation
plugins: anyio-4.4.0
collected 3 items

tests/test_sort.py ssAccuracy:  0.034
F

=================================== FAILURES ===================================
_____________________________ TestSort.test_model ______________________________

self = &lt;tests.test_sort.TestSort object at 0x737bc64679e0&gt;

    def test_model(self):
&gt;       self.test()

tests/test_sort.py:34: 
_ _ _ _ _ _ _ _ _ _ _ _ _ _ _ _ _ _ _ _ _ _ _ _ _ _ _ _ _ _ _ _ _ _ _ _ _ _ _ _ 

self = &lt;tests.test_sort.TestSort object at 0x737bc64679e0&gt;

    @pytest.mark.skip(reason="This is not a test")
    def test(self):
        try:
            model = Model(self.model, self.inputs, self.maxLength, self.name)
        except Exception as e:
            # Survive if the model is not compilable (we want to kill the buggy ones)
            print(str(e))
            # Print message for post-processing
            print("UNCOMPILABLE MODEL")
            return
    
        accuracy = model.evaluateModel(
            self.testing_data, doPrint=False, outputArray=False, useAssert=False
        )
        # Print the accuracy for post-processing
        print("Accuracy: ", accuracy)
&gt;       assert accuracy == 1.0
E       AssertionError

tests/test.py:45: AssertionError
=========================== short test summary info ============================
FAILED tests/test_sort.py::TestSort::test_model - AssertionError
======================== 1 failed, 2 skipped in 41.03s =========================
</pre></div></div></div></div></div><div class="mb-1" id="job_list___sub_accordion_53"><div class="card"><a data-toggle="collapse" data-target="#job_list___sub_collapse_53_1" aria-expanded="false" aria-controls="job_list___sub_collapse_53_1" href="#" class="job_list___sub_multi_heading"><div role="alert" class="card-header alert-success" id="job_list___sub_heading_53_1"><button class="btn btn-outline-success"><span class="job_id">53 : Job ID 316390e38f8849f5b61d6673355ae22e</span></button></div></a><div aria-labelledby="job_list___sub_heading_53_1" data-parent="#job_list___sub_accordion_53" class="collapse job_list___sub_multi_collapse" id="job_list___sub_collapse_53_1"><div class="card-body"><div class="work-item"><div class="alert alert-success test-outcome" role="alert"><p>worker outcome: WorkerOutcome.NORMAL</p><p>test outcome: TestOutcome.KILLED</p></div></div><pre class="location"><a href="pycharm://open?file=source/sort.py&amp;line=20" class="text-secondary"><button class="btn btn-outline-dark">source/sort.py, start pos: (20, 52), end pos: (20, 70)</button></a></pre><pre>operator: operators/replace-rasp-comparison, occurrence: 8</pre><div class="alert alert-secondary"><pre class="diff">--- mutation diff ---
--- asource/sort.py
+++ bsource/sort.py
@@ -17,7 +17,7 @@
     """
     smaller = rasp.Select(keys, keys, rasp.Comparison.LT).named("smaller")
     target_pos = rasp.SelectorWidth(smaller).named("target_pos")
-    sel_new = rasp.Select(target_pos, rasp.indices, rasp.Comparison.EQ)
+    sel_new = rasp.Select(target_pos, rasp.indices, rasp.Comparison.LT)
     return rasp.Aggregate(sel_new, vals).named("sort")
 
 </pre></div><div class="alert alert-secondary"><pre class="diff">============================= test session starts ==============================
platform linux -- Python 3.12.7, pytest-8.3.3, pluggy-1.5.0
rootdir: /home/andre/Repos/RASPing/experiments/mutation
plugins: anyio-4.4.0
collected 3 items

tests/test_sort.py ssAccuracy:  0.022
F

=================================== FAILURES ===================================
_____________________________ TestSort.test_model ______________________________

self = &lt;tests.test_sort.TestSort object at 0x7f51eb600fb0&gt;

    def test_model(self):
&gt;       self.test()

tests/test_sort.py:34: 
_ _ _ _ _ _ _ _ _ _ _ _ _ _ _ _ _ _ _ _ _ _ _ _ _ _ _ _ _ _ _ _ _ _ _ _ _ _ _ _ 

self = &lt;tests.test_sort.TestSort object at 0x7f51eb600fb0&gt;

    @pytest.mark.skip(reason="This is not a test")
    def test(self):
        try:
            model = Model(self.model, self.inputs, self.maxLength, self.name)
        except Exception as e:
            # Survive if the model is not compilable (we want to kill the buggy ones)
            print(str(e))
            # Print message for post-processing
            print("UNCOMPILABLE MODEL")
            return
    
        accuracy = model.evaluateModel(
            self.testing_data, doPrint=False, outputArray=False, useAssert=False
        )
        # Print the accuracy for post-processing
        print("Accuracy: ", accuracy)
&gt;       assert accuracy == 1.0
E       AssertionError

tests/test.py:45: AssertionError
=========================== short test summary info ============================
FAILED tests/test_sort.py::TestSort::test_model - AssertionError
======================== 1 failed, 2 skipped in 34.62s =========================
</pre></div></div></div></div></div><div class="mb-1" id="job_list___sub_accordion_54"><div class="card"><a data-toggle="collapse" data-target="#job_list___sub_collapse_54_1" aria-expanded="false" aria-controls="job_list___sub_collapse_54_1" href="#" class="job_list___sub_multi_heading"><div role="alert" class="card-header alert-success" id="job_list___sub_heading_54_1"><button class="btn btn-outline-success"><span class="job_id">54 : Job ID 1bf519edb14d4bbc84cf65b8c0bc558f</span></button></div></a><div aria-labelledby="job_list___sub_heading_54_1" data-parent="#job_list___sub_accordion_54" class="collapse job_list___sub_multi_collapse" id="job_list___sub_collapse_54_1"><div class="card-body"><div class="work-item"><div class="alert alert-success test-outcome" role="alert"><p>worker outcome: WorkerOutcome.NORMAL</p><p>test outcome: TestOutcome.KILLED</p></div></div><pre class="location"><a href="pycharm://open?file=source/sort.py&amp;line=20" class="text-secondary"><button class="btn btn-outline-dark">source/sort.py, start pos: (20, 52), end pos: (20, 70)</button></a></pre><pre>operator: operators/replace-rasp-comparison, occurrence: 9</pre><div class="alert alert-secondary"><pre class="diff">--- mutation diff ---
--- asource/sort.py
+++ bsource/sort.py
@@ -17,7 +17,7 @@
     """
     smaller = rasp.Select(keys, keys, rasp.Comparison.LT).named("smaller")
     target_pos = rasp.SelectorWidth(smaller).named("target_pos")
-    sel_new = rasp.Select(target_pos, rasp.indices, rasp.Comparison.EQ)
+    sel_new = rasp.Select(target_pos, rasp.indices, rasp.Comparison.LEQ)
     return rasp.Aggregate(sel_new, vals).named("sort")
 
 </pre></div><div class="alert alert-secondary"><pre class="diff">============================= test session starts ==============================
platform linux -- Python 3.12.7, pytest-8.3.3, pluggy-1.5.0
rootdir: /home/andre/Repos/RASPing/experiments/mutation
plugins: anyio-4.4.0
collected 3 items

tests/test_sort.py ssAccuracy:  0.05
F

=================================== FAILURES ===================================
_____________________________ TestSort.test_model ______________________________

self = &lt;tests.test_sort.TestSort object at 0x7446eba8b980&gt;

    def test_model(self):
&gt;       self.test()

tests/test_sort.py:34: 
_ _ _ _ _ _ _ _ _ _ _ _ _ _ _ _ _ _ _ _ _ _ _ _ _ _ _ _ _ _ _ _ _ _ _ _ _ _ _ _ 

self = &lt;tests.test_sort.TestSort object at 0x7446eba8b980&gt;

    @pytest.mark.skip(reason="This is not a test")
    def test(self):
        try:
            model = Model(self.model, self.inputs, self.maxLength, self.name)
        except Exception as e:
            # Survive if the model is not compilable (we want to kill the buggy ones)
            print(str(e))
            # Print message for post-processing
            print("UNCOMPILABLE MODEL")
            return
    
        accuracy = model.evaluateModel(
            self.testing_data, doPrint=False, outputArray=False, useAssert=False
        )
        # Print the accuracy for post-processing
        print("Accuracy: ", accuracy)
&gt;       assert accuracy == 1.0
E       AssertionError

tests/test.py:45: AssertionError
=========================== short test summary info ============================
FAILED tests/test_sort.py::TestSort::test_model - AssertionError
======================== 1 failed, 2 skipped in 36.67s =========================
</pre></div></div></div></div></div><div class="mb-1" id="job_list___sub_accordion_55"><div class="card"><a data-toggle="collapse" data-target="#job_list___sub_collapse_55_1" aria-expanded="false" aria-controls="job_list___sub_collapse_55_1" href="#" class="job_list___sub_multi_heading"><div role="alert" class="card-header alert-success" id="job_list___sub_heading_55_1"><button class="btn btn-outline-success"><span class="job_id">55 : Job ID d794a49f7be74e63808b8fa3a084eb74</span></button></div></a><div aria-labelledby="job_list___sub_heading_55_1" data-parent="#job_list___sub_accordion_55" class="collapse job_list___sub_multi_collapse" id="job_list___sub_collapse_55_1"><div class="card-body"><div class="work-item"><div class="alert alert-success test-outcome" role="alert"><p>worker outcome: WorkerOutcome.NORMAL</p><p>test outcome: TestOutcome.KILLED</p></div></div><pre class="location"><a href="pycharm://open?file=source/sort.py&amp;line=20" class="text-secondary"><button class="btn btn-outline-dark">source/sort.py, start pos: (20, 52), end pos: (20, 70)</button></a></pre><pre>operator: operators/replace-rasp-comparison, occurrence: 10</pre><div class="alert alert-secondary"><pre class="diff">--- mutation diff ---
--- asource/sort.py
+++ bsource/sort.py
@@ -17,7 +17,7 @@
     """
     smaller = rasp.Select(keys, keys, rasp.Comparison.LT).named("smaller")
     target_pos = rasp.SelectorWidth(smaller).named("target_pos")
-    sel_new = rasp.Select(target_pos, rasp.indices, rasp.Comparison.EQ)
+    sel_new = rasp.Select(target_pos, rasp.indices, rasp.Comparison.GT)
     return rasp.Aggregate(sel_new, vals).named("sort")
 
 </pre></div><div class="alert alert-secondary"><pre class="diff">============================= test session starts ==============================
platform linux -- Python 3.12.7, pytest-8.3.3, pluggy-1.5.0
rootdir: /home/andre/Repos/RASPing/experiments/mutation
plugins: anyio-4.4.0
collected 3 items

tests/test_sort.py ssAccuracy:  0.02
F

=================================== FAILURES ===================================
_____________________________ TestSort.test_model ______________________________

self = &lt;tests.test_sort.TestSort object at 0x78903206a390&gt;

    def test_model(self):
&gt;       self.test()

tests/test_sort.py:34: 
_ _ _ _ _ _ _ _ _ _ _ _ _ _ _ _ _ _ _ _ _ _ _ _ _ _ _ _ _ _ _ _ _ _ _ _ _ _ _ _ 

self = &lt;tests.test_sort.TestSort object at 0x78903206a390&gt;

    @pytest.mark.skip(reason="This is not a test")
    def test(self):
        try:
            model = Model(self.model, self.inputs, self.maxLength, self.name)
        except Exception as e:
            # Survive if the model is not compilable (we want to kill the buggy ones)
            print(str(e))
            # Print message for post-processing
            print("UNCOMPILABLE MODEL")
            return
    
        accuracy = model.evaluateModel(
            self.testing_data, doPrint=False, outputArray=False, useAssert=False
        )
        # Print the accuracy for post-processing
        print("Accuracy: ", accuracy)
&gt;       assert accuracy == 1.0
E       AssertionError

tests/test.py:45: AssertionError
=========================== short test summary info ============================
FAILED tests/test_sort.py::TestSort::test_model - AssertionError
======================== 1 failed, 2 skipped in 30.14s =========================
</pre></div></div></div></div></div><div class="mb-1" id="job_list___sub_accordion_56"><div class="card"><a data-toggle="collapse" data-target="#job_list___sub_collapse_56_1" aria-expanded="false" aria-controls="job_list___sub_collapse_56_1" href="#" class="job_list___sub_multi_heading"><div role="alert" class="card-header alert-success" id="job_list___sub_heading_56_1"><button class="btn btn-outline-success"><span class="job_id">56 : Job ID c9e23396f5c64580a31436c877bdafc1</span></button></div></a><div aria-labelledby="job_list___sub_heading_56_1" data-parent="#job_list___sub_accordion_56" class="collapse job_list___sub_multi_collapse" id="job_list___sub_collapse_56_1"><div class="card-body"><div class="work-item"><div class="alert alert-success test-outcome" role="alert"><p>worker outcome: WorkerOutcome.NORMAL</p><p>test outcome: TestOutcome.KILLED</p></div></div><pre class="location"><a href="pycharm://open?file=source/sort.py&amp;line=20" class="text-secondary"><button class="btn btn-outline-dark">source/sort.py, start pos: (20, 52), end pos: (20, 70)</button></a></pre><pre>operator: operators/replace-rasp-comparison, occurrence: 11</pre><div class="alert alert-secondary"><pre class="diff">--- mutation diff ---
--- asource/sort.py
+++ bsource/sort.py
@@ -17,7 +17,7 @@
     """
     smaller = rasp.Select(keys, keys, rasp.Comparison.LT).named("smaller")
     target_pos = rasp.SelectorWidth(smaller).named("target_pos")
-    sel_new = rasp.Select(target_pos, rasp.indices, rasp.Comparison.EQ)
+    sel_new = rasp.Select(target_pos, rasp.indices, rasp.Comparison.GEQ)
     return rasp.Aggregate(sel_new, vals).named("sort")
 
 </pre></div><div class="alert alert-secondary"><pre class="diff">============================= test session starts ==============================
platform linux -- Python 3.12.7, pytest-8.3.3, pluggy-1.5.0
rootdir: /home/andre/Repos/RASPing/experiments/mutation
plugins: anyio-4.4.0
collected 3 items

tests/test_sort.py ssAccuracy:  0.28
F

=================================== FAILURES ===================================
_____________________________ TestSort.test_model ______________________________

self = &lt;tests.test_sort.TestSort object at 0x72de4c05b980&gt;

    def test_model(self):
&gt;       self.test()

tests/test_sort.py:34: 
_ _ _ _ _ _ _ _ _ _ _ _ _ _ _ _ _ _ _ _ _ _ _ _ _ _ _ _ _ _ _ _ _ _ _ _ _ _ _ _ 

self = &lt;tests.test_sort.TestSort object at 0x72de4c05b980&gt;

    @pytest.mark.skip(reason="This is not a test")
    def test(self):
        try:
            model = Model(self.model, self.inputs, self.maxLength, self.name)
        except Exception as e:
            # Survive if the model is not compilable (we want to kill the buggy ones)
            print(str(e))
            # Print message for post-processing
            print("UNCOMPILABLE MODEL")
            return
    
        accuracy = model.evaluateModel(
            self.testing_data, doPrint=False, outputArray=False, useAssert=False
        )
        # Print the accuracy for post-processing
        print("Accuracy: ", accuracy)
&gt;       assert accuracy == 1.0
E       AssertionError

tests/test.py:45: AssertionError
=========================== short test summary info ============================
FAILED tests/test_sort.py::TestSort::test_model - AssertionError
======================== 1 failed, 2 skipped in 41.07s =========================
</pre></div></div></div></div></div><div class="mb-1" id="job_list___sub_accordion_57"><div class="card"><a data-toggle="collapse" data-target="#job_list___sub_collapse_57_1" aria-expanded="false" aria-controls="job_list___sub_collapse_57_1" href="#" class="job_list___sub_multi_heading"><div role="alert" class="card-header alert-success" id="job_list___sub_heading_57_1"><button class="btn btn-outline-success"><span class="job_id">57 : Job ID 622940a7e0074060bab3201cf9eb6712</span></button></div></a><div aria-labelledby="job_list___sub_heading_57_1" data-parent="#job_list___sub_accordion_57" class="collapse job_list___sub_multi_collapse" id="job_list___sub_collapse_57_1"><div class="card-body"><div class="work-item"><div class="alert alert-success test-outcome" role="alert"><p>worker outcome: WorkerOutcome.NORMAL</p><p>test outcome: TestOutcome.KILLED</p></div></div><pre class="location"><a href="pycharm://open?file=source/sort.py&amp;line=20" class="text-secondary"><button class="btn btn-outline-dark">source/sort.py, start pos: (20, 52), end pos: (20, 70)</button></a></pre><pre>operator: operators/replace-rasp-comparison, occurrence: 12</pre><div class="alert alert-secondary"><pre class="diff">--- mutation diff ---
--- asource/sort.py
+++ bsource/sort.py
@@ -17,7 +17,7 @@
     """
     smaller = rasp.Select(keys, keys, rasp.Comparison.LT).named("smaller")
     target_pos = rasp.SelectorWidth(smaller).named("target_pos")
-    sel_new = rasp.Select(target_pos, rasp.indices, rasp.Comparison.EQ)
+    sel_new = rasp.Select(target_pos, rasp.indices, rasp.Comparison.NEQ)
     return rasp.Aggregate(sel_new, vals).named("sort")
 
 </pre></div><div class="alert alert-secondary"><pre class="diff">============================= test session starts ==============================
platform linux -- Python 3.12.7, pytest-8.3.3, pluggy-1.5.0
rootdir: /home/andre/Repos/RASPing/experiments/mutation
plugins: anyio-4.4.0
collected 3 items

tests/test_sort.py ssAccuracy:  0.02
F

=================================== FAILURES ===================================
_____________________________ TestSort.test_model ______________________________

self = &lt;tests.test_sort.TestSort object at 0x75ed50aefb00&gt;

    def test_model(self):
&gt;       self.test()

tests/test_sort.py:34: 
_ _ _ _ _ _ _ _ _ _ _ _ _ _ _ _ _ _ _ _ _ _ _ _ _ _ _ _ _ _ _ _ _ _ _ _ _ _ _ _ 

self = &lt;tests.test_sort.TestSort object at 0x75ed50aefb00&gt;

    @pytest.mark.skip(reason="This is not a test")
    def test(self):
        try:
            model = Model(self.model, self.inputs, self.maxLength, self.name)
        except Exception as e:
            # Survive if the model is not compilable (we want to kill the buggy ones)
            print(str(e))
            # Print message for post-processing
            print("UNCOMPILABLE MODEL")
            return
    
        accuracy = model.evaluateModel(
            self.testing_data, doPrint=False, outputArray=False, useAssert=False
        )
        # Print the accuracy for post-processing
        print("Accuracy: ", accuracy)
&gt;       assert accuracy == 1.0
E       AssertionError

tests/test.py:45: AssertionError
=========================== short test summary info ============================
FAILED tests/test_sort.py::TestSort::test_model - AssertionError
======================== 1 failed, 2 skipped in 44.52s =========================
</pre></div></div></div></div></div><div class="mb-1" id="job_list___sub_accordion_58"><div class="card"><a data-toggle="collapse" data-target="#job_list___sub_collapse_58_1" aria-expanded="false" aria-controls="job_list___sub_collapse_58_1" href="#" class="job_list___sub_multi_heading"><div role="alert" class="card-header alert-success" id="job_list___sub_heading_58_1"><button class="btn btn-outline-success"><span class="job_id">58 : Job ID 41ca185492534e2caba527e2e4a26ceb</span></button></div></a><div aria-labelledby="job_list___sub_heading_58_1" data-parent="#job_list___sub_accordion_58" class="collapse job_list___sub_multi_collapse" id="job_list___sub_collapse_58_1"><div class="card-body"><div class="work-item"><div class="alert alert-success test-outcome" role="alert"><p>worker outcome: WorkerOutcome.NORMAL</p><p>test outcome: TestOutcome.KILLED</p></div></div><pre class="location"><a href="pycharm://open?file=source/sort.py&amp;line=20" class="text-secondary"><button class="btn btn-outline-dark">source/sort.py, start pos: (20, 52), end pos: (20, 70)</button></a></pre><pre>operator: operators/replace-rasp-comparison, occurrence: 13</pre><div class="alert alert-secondary"><pre class="diff">--- mutation diff ---
--- asource/sort.py
+++ bsource/sort.py
@@ -17,7 +17,7 @@
     """
     smaller = rasp.Select(keys, keys, rasp.Comparison.LT).named("smaller")
     target_pos = rasp.SelectorWidth(smaller).named("target_pos")
-    sel_new = rasp.Select(target_pos, rasp.indices, rasp.Comparison.EQ)
+    sel_new = rasp.Select(target_pos, rasp.indices, rasp.Comparison.TRUE)
     return rasp.Aggregate(sel_new, vals).named("sort")
 
 </pre></div><div class="alert alert-secondary"><pre class="diff">============================= test session starts ==============================
platform linux -- Python 3.12.7, pytest-8.3.3, pluggy-1.5.0
rootdir: /home/andre/Repos/RASPing/experiments/mutation
plugins: anyio-4.4.0
collected 3 items

tests/test_sort.py ssAccuracy:  0.032
F

=================================== FAILURES ===================================
_____________________________ TestSort.test_model ______________________________

self = &lt;tests.test_sort.TestSort object at 0x7459ae91e420&gt;

    def test_model(self):
&gt;       self.test()

tests/test_sort.py:34: 
_ _ _ _ _ _ _ _ _ _ _ _ _ _ _ _ _ _ _ _ _ _ _ _ _ _ _ _ _ _ _ _ _ _ _ _ _ _ _ _ 

self = &lt;tests.test_sort.TestSort object at 0x7459ae91e420&gt;

    @pytest.mark.skip(reason="This is not a test")
    def test(self):
        try:
            model = Model(self.model, self.inputs, self.maxLength, self.name)
        except Exception as e:
            # Survive if the model is not compilable (we want to kill the buggy ones)
            print(str(e))
            # Print message for post-processing
            print("UNCOMPILABLE MODEL")
            return
    
        accuracy = model.evaluateModel(
            self.testing_data, doPrint=False, outputArray=False, useAssert=False
        )
        # Print the accuracy for post-processing
        print("Accuracy: ", accuracy)
&gt;       assert accuracy == 1.0
E       AssertionError

tests/test.py:45: AssertionError
=========================== short test summary info ============================
FAILED tests/test_sort.py::TestSort::test_model - AssertionError
======================== 1 failed, 2 skipped in 38.12s =========================
</pre></div></div></div></div></div><div class="mb-1" id="job_list___sub_accordion_59"><div class="card"><a data-toggle="collapse" data-target="#job_list___sub_collapse_59_1" aria-expanded="false" aria-controls="job_list___sub_collapse_59_1" href="#" class="job_list___sub_multi_heading"><div role="alert" class="card-header alert-success" id="job_list___sub_heading_59_1"><button class="btn btn-outline-success"><span class="job_id">59 : Job ID c2e994228b3e4406b82380f47b9d0de6</span></button></div></a><div aria-labelledby="job_list___sub_heading_59_1" data-parent="#job_list___sub_accordion_59" class="collapse job_list___sub_multi_collapse" id="job_list___sub_collapse_59_1"><div class="card-body"><div class="work-item"><div class="alert alert-success test-outcome" role="alert"><p>worker outcome: WorkerOutcome.NORMAL</p><p>test outcome: TestOutcome.KILLED</p></div></div><pre class="location"><a href="pycharm://open?file=source/sort.py&amp;line=20" class="text-secondary"><button class="btn btn-outline-dark">source/sort.py, start pos: (20, 38), end pos: (20, 50)</button></a></pre><pre>operator: operators/increment-rasp-indices, occurrence: 0</pre><div class="alert alert-secondary"><pre class="diff">--- mutation diff ---
--- asource/sort.py
+++ bsource/sort.py
@@ -17,7 +17,7 @@
     """
     smaller = rasp.Select(keys, keys, rasp.Comparison.LT).named("smaller")
     target_pos = rasp.SelectorWidth(smaller).named("target_pos")
-    sel_new = rasp.Select(target_pos, rasp.indices, rasp.Comparison.EQ)
+    sel_new = rasp.Select(target_pos, rasp.indices + 1, rasp.Comparison.EQ)
     return rasp.Aggregate(sel_new, vals).named("sort")
 
 </pre></div><div class="alert alert-secondary"><pre class="diff">============================= test session starts ==============================
platform linux -- Python 3.12.7, pytest-8.3.3, pluggy-1.5.0
rootdir: /home/andre/Repos/RASPing/experiments/mutation
plugins: anyio-4.4.0
collected 3 items

tests/test_sort.py ssAccuracy:  0.03
F

=================================== FAILURES ===================================
_____________________________ TestSort.test_model ______________________________

self = &lt;tests.test_sort.TestSort object at 0x79bfb622b980&gt;

    def test_model(self):
&gt;       self.test()

tests/test_sort.py:34: 
_ _ _ _ _ _ _ _ _ _ _ _ _ _ _ _ _ _ _ _ _ _ _ _ _ _ _ _ _ _ _ _ _ _ _ _ _ _ _ _ 

self = &lt;tests.test_sort.TestSort object at 0x79bfb622b980&gt;

    @pytest.mark.skip(reason="This is not a test")
    def test(self):
        try:
            model = Model(self.model, self.inputs, self.maxLength, self.name)
        except Exception as e:
            # Survive if the model is not compilable (we want to kill the buggy ones)
            print(str(e))
            # Print message for post-processing
            print("UNCOMPILABLE MODEL")
            return
    
        accuracy = model.evaluateModel(
            self.testing_data, doPrint=False, outputArray=False, useAssert=False
        )
        # Print the accuracy for post-processing
        print("Accuracy: ", accuracy)
&gt;       assert accuracy == 1.0
E       AssertionError

tests/test.py:45: AssertionError
=========================== short test summary info ============================
FAILED tests/test_sort.py::TestSort::test_model - AssertionError
======================== 1 failed, 2 skipped in 46.43s =========================
</pre></div></div></div></div></div><div class="mb-1" id="job_list___sub_accordion_60"><div class="card"><a data-toggle="collapse" data-target="#job_list___sub_collapse_60_1" aria-expanded="false" aria-controls="job_list___sub_collapse_60_1" href="#" class="job_list___sub_multi_heading"><div role="alert" class="card-header alert-danger" id="job_list___sub_heading_60_1"><button class="btn btn-outline-danger"><span class="job_id">60 : Job ID b82b59775a8a4e538ce48a08569220a3</span></button></div></a><div aria-labelledby="job_list___sub_heading_60_1" data-parent="#job_list___sub_accordion_60" class="collapse job_list___sub_multi_collapse" id="job_list___sub_collapse_60_1"><div class="card-body"><div class="work-item"><div class="alert alert-danger test-outcome" role="alert"><p>SURVIVED</p><p>worker outcome: WorkerOutcome.NORMAL</p><p>test outcome: TestOutcome.SURVIVED</p></div></div><pre class="location"><a href="pycharm://open?file=source/sort.py&amp;line=52" class="text-secondary"><button class="btn btn-outline-dark">source/sort.py, start pos: (52, 58), end pos: (52, 70)</button></a></pre><pre>operator: operators/increment-rasp-indices, occurrence: 1</pre><div class="alert alert-secondary"><pre class="diff">--- mutation diff ---
--- asource/sort.py
+++ bsource/sort.py
@@ -49,7 +49,7 @@
       Output SOp of sort program.
     """
     keys = rasp.SequenceMap(
-        lambda x, i: x + min_key * i / max_seq_len, keys, rasp.indices
+        lambda x, i: x + min_key * i / max_seq_len, keys, rasp.indices + 1
     )
     return make_sort_unique(vals, keys)
 </pre></div><div class="alert alert-secondary"><pre class="diff">============================= test session starts ==============================
platform linux -- Python 3.12.7, pytest-8.3.3, pluggy-1.5.0
rootdir: /home/andre/Repos/RASPing/experiments/mutation
plugins: anyio-4.4.0
collected 3 items

tests/test_sort.py ssAccuracy:  1.0
MODEL IS NOT BUGGY
.

======================== 1 passed, 2 skipped in 42.36s =========================
</pre></div></div></div></div></div><div class="mb-1" id="job_list___sub_accordion_61"><div class="card"><a data-toggle="collapse" data-target="#job_list___sub_collapse_61_1" aria-expanded="false" aria-controls="job_list___sub_collapse_61_1" href="#" class="job_list___sub_multi_heading"><div role="alert" class="card-header alert-success" id="job_list___sub_heading_61_1"><button class="btn btn-outline-success"><span class="job_id">61 : Job ID 37590bfee2b84e5690d41ca8642ab4c3</span></button></div></a><div aria-labelledby="job_list___sub_heading_61_1" data-parent="#job_list___sub_accordion_61" class="collapse job_list___sub_multi_collapse" id="job_list___sub_collapse_61_1"><div class="card-body"><div class="work-item"><div class="alert alert-success test-outcome" role="alert"><p>worker outcome: WorkerOutcome.NORMAL</p><p>test outcome: TestOutcome.KILLED</p></div></div><pre class="location"><a href="pycharm://open?file=source/sort.py&amp;line=20" class="text-secondary"><button class="btn btn-outline-dark">source/sort.py, start pos: (20, 38), end pos: (20, 50)</button></a></pre><pre>operator: operators/decrement-rasp-indices, occurrence: 0</pre><div class="alert alert-secondary"><pre class="diff">--- mutation diff ---
--- asource/sort.py
+++ bsource/sort.py
@@ -17,7 +17,7 @@
     """
     smaller = rasp.Select(keys, keys, rasp.Comparison.LT).named("smaller")
     target_pos = rasp.SelectorWidth(smaller).named("target_pos")
-    sel_new = rasp.Select(target_pos, rasp.indices, rasp.Comparison.EQ)
+    sel_new = rasp.Select(target_pos, rasp.indices - 1, rasp.Comparison.EQ)
     return rasp.Aggregate(sel_new, vals).named("sort")
 
 </pre></div><div class="alert alert-secondary"><pre class="diff">============================= test session starts ==============================
platform linux -- Python 3.12.7, pytest-8.3.3, pluggy-1.5.0
rootdir: /home/andre/Repos/RASPing/experiments/mutation
plugins: anyio-4.4.0
collected 3 items

tests/test_sort.py ssAccuracy:  0.024
F

=================================== FAILURES ===================================
_____________________________ TestSort.test_model ______________________________

self = &lt;tests.test_sort.TestSort object at 0x7c5b14d2c8c0&gt;

    def test_model(self):
&gt;       self.test()

tests/test_sort.py:34: 
_ _ _ _ _ _ _ _ _ _ _ _ _ _ _ _ _ _ _ _ _ _ _ _ _ _ _ _ _ _ _ _ _ _ _ _ _ _ _ _ 

self = &lt;tests.test_sort.TestSort object at 0x7c5b14d2c8c0&gt;

    @pytest.mark.skip(reason="This is not a test")
    def test(self):
        try:
            model = Model(self.model, self.inputs, self.maxLength, self.name)
        except Exception as e:
            # Survive if the model is not compilable (we want to kill the buggy ones)
            print(str(e))
            # Print message for post-processing
            print("UNCOMPILABLE MODEL")
            return
    
        accuracy = model.evaluateModel(
            self.testing_data, doPrint=False, outputArray=False, useAssert=False
        )
        # Print the accuracy for post-processing
        print("Accuracy: ", accuracy)
&gt;       assert accuracy == 1.0
E       AssertionError

tests/test.py:45: AssertionError
=========================== short test summary info ============================
FAILED tests/test_sort.py::TestSort::test_model - AssertionError
======================== 1 failed, 2 skipped in 35.59s =========================
</pre></div></div></div></div></div><div class="mb-1" id="job_list___sub_accordion_62"><div class="card"><a data-toggle="collapse" data-target="#job_list___sub_collapse_62_1" aria-expanded="false" aria-controls="job_list___sub_collapse_62_1" href="#" class="job_list___sub_multi_heading"><div role="alert" class="card-header alert-danger" id="job_list___sub_heading_62_1"><button class="btn btn-outline-danger"><span class="job_id">62 : Job ID 6f096126cb574b518e8d8bb24a24056f</span></button></div></a><div aria-labelledby="job_list___sub_heading_62_1" data-parent="#job_list___sub_accordion_62" class="collapse job_list___sub_multi_collapse" id="job_list___sub_collapse_62_1"><div class="card-body"><div class="work-item"><div class="alert alert-danger test-outcome" role="alert"><p>SURVIVED</p><p>worker outcome: WorkerOutcome.NORMAL</p><p>test outcome: TestOutcome.SURVIVED</p></div></div><pre class="location"><a href="pycharm://open?file=source/sort.py&amp;line=52" class="text-secondary"><button class="btn btn-outline-dark">source/sort.py, start pos: (52, 58), end pos: (52, 70)</button></a></pre><pre>operator: operators/decrement-rasp-indices, occurrence: 1</pre><div class="alert alert-secondary"><pre class="diff">--- mutation diff ---
--- asource/sort.py
+++ bsource/sort.py
@@ -49,7 +49,7 @@
       Output SOp of sort program.
     """
     keys = rasp.SequenceMap(
-        lambda x, i: x + min_key * i / max_seq_len, keys, rasp.indices
+        lambda x, i: x + min_key * i / max_seq_len, keys, rasp.indices - 1
     )
     return make_sort_unique(vals, keys)
 </pre></div><div class="alert alert-secondary"><pre class="diff">============================= test session starts ==============================
platform linux -- Python 3.12.7, pytest-8.3.3, pluggy-1.5.0
rootdir: /home/andre/Repos/RASPing/experiments/mutation
plugins: anyio-4.4.0
collected 3 items

tests/test_sort.py ssAccuracy:  1.0
MODEL IS NOT BUGGY
.

======================== 1 passed, 2 skipped in 39.92s =========================
</pre></div></div></div></div></div><div class="mb-1" id="job_list___sub_accordion_63"><div class="card"><a data-toggle="collapse" data-target="#job_list___sub_collapse_63_1" aria-expanded="false" aria-controls="job_list___sub_collapse_63_1" href="#" class="job_list___sub_multi_heading"><div role="alert" class="card-header alert-success" id="job_list___sub_heading_63_1"><button class="btn btn-outline-success"><span class="job_id">63 : Job ID ab4c7f2b0bc146228a01c389241d52da</span></button></div></a><div aria-labelledby="job_list___sub_heading_63_1" data-parent="#job_list___sub_accordion_63" class="collapse job_list___sub_multi_collapse" id="job_list___sub_collapse_63_1"><div class="card-body"><div class="work-item"><div class="alert alert-success test-outcome" role="alert"><p>worker outcome: WorkerOutcome.NORMAL</p><p>test outcome: TestOutcome.KILLED</p></div></div><pre class="location"><a href="pycharm://open?file=source/sort.py&amp;line=21" class="text-secondary"><button class="btn btn-outline-dark">source/sort.py, start pos: (21, 4), end pos: (21, 54)</button></a></pre><pre>operator: operators/negate-rasp-sop-return-stmt, occurrence: 0</pre><div class="alert alert-secondary"><pre class="diff">--- mutation diff ---
--- asource/sort.py
+++ bsource/sort.py
@@ -18,7 +18,7 @@
     smaller = rasp.Select(keys, keys, rasp.Comparison.LT).named("smaller")
     target_pos = rasp.SelectorWidth(smaller).named("target_pos")
     sel_new = rasp.Select(target_pos, rasp.indices, rasp.Comparison.EQ)
-    return rasp.Aggregate(sel_new, vals).named("sort")
+    return rasp.Aggregate(sel_new, vals).named("sort") * -1
 
 
 def make_sort(</pre></div><div class="alert alert-secondary"><pre class="diff">============================= test session starts ==============================
platform linux -- Python 3.12.7, pytest-8.3.3, pluggy-1.5.0
rootdir: /home/andre/Repos/RASPing/experiments/mutation
plugins: anyio-4.4.0
collected 3 items

tests/test_sort.py ssAccuracy:  0.0
F

=================================== FAILURES ===================================
_____________________________ TestSort.test_model ______________________________

self = &lt;tests.test_sort.TestSort object at 0x70a9f42179e0&gt;

    def test_model(self):
&gt;       self.test()

tests/test_sort.py:34: 
_ _ _ _ _ _ _ _ _ _ _ _ _ _ _ _ _ _ _ _ _ _ _ _ _ _ _ _ _ _ _ _ _ _ _ _ _ _ _ _ 

self = &lt;tests.test_sort.TestSort object at 0x70a9f42179e0&gt;

    @pytest.mark.skip(reason="This is not a test")
    def test(self):
        try:
            model = Model(self.model, self.inputs, self.maxLength, self.name)
        except Exception as e:
            # Survive if the model is not compilable (we want to kill the buggy ones)
            print(str(e))
            # Print message for post-processing
            print("UNCOMPILABLE MODEL")
            return
    
        accuracy = model.evaluateModel(
            self.testing_data, doPrint=False, outputArray=False, useAssert=False
        )
        # Print the accuracy for post-processing
        print("Accuracy: ", accuracy)
&gt;       assert accuracy == 1.0
E       AssertionError

tests/test.py:45: AssertionError
=========================== short test summary info ============================
FAILED tests/test_sort.py::TestSort::test_model - AssertionError
======================== 1 failed, 2 skipped in 39.93s =========================
</pre></div></div></div></div></div><div class="mb-1" id="job_list___sub_accordion_64"><div class="card"><a data-toggle="collapse" data-target="#job_list___sub_collapse_64_1" aria-expanded="false" aria-controls="job_list___sub_collapse_64_1" href="#" class="job_list___sub_multi_heading"><div role="alert" class="card-header alert-success" id="job_list___sub_heading_64_1"><button class="btn btn-outline-success"><span class="job_id">64 : Job ID 798282c2e88a46e1b61bca5c03a0d955</span></button></div></a><div aria-labelledby="job_list___sub_heading_64_1" data-parent="#job_list___sub_accordion_64" class="collapse job_list___sub_multi_collapse" id="job_list___sub_collapse_64_1"><div class="card-body"><div class="work-item"><div class="alert alert-success test-outcome" role="alert"><p>worker outcome: WorkerOutcome.NORMAL</p><p>test outcome: TestOutcome.KILLED</p></div></div><pre class="location"><a href="pycharm://open?file=source/sort.py&amp;line=54" class="text-secondary"><button class="btn btn-outline-dark">source/sort.py, start pos: (54, 4), end pos: (54, 39)</button></a></pre><pre>operator: operators/negate-rasp-sop-return-stmt, occurrence: 1</pre><div class="alert alert-secondary"><pre class="diff">--- mutation diff ---
--- asource/sort.py
+++ bsource/sort.py
@@ -51,5 +51,5 @@
     keys = rasp.SequenceMap(
         lambda x, i: x + min_key * i / max_seq_len, keys, rasp.indices
     )
-    return make_sort_unique(vals, keys)
+    return make_sort_unique(vals, keys) * -1
 </pre></div><div class="alert alert-secondary"><pre class="diff">============================= test session starts ==============================
platform linux -- Python 3.12.7, pytest-8.3.3, pluggy-1.5.0
rootdir: /home/andre/Repos/RASPing/experiments/mutation
plugins: anyio-4.4.0
collected 3 items

tests/test_sort.py ssAccuracy:  0.0
F

=================================== FAILURES ===================================
_____________________________ TestSort.test_model ______________________________

self = &lt;tests.test_sort.TestSort object at 0x7d5c3c7ab980&gt;

    def test_model(self):
&gt;       self.test()

tests/test_sort.py:34: 
_ _ _ _ _ _ _ _ _ _ _ _ _ _ _ _ _ _ _ _ _ _ _ _ _ _ _ _ _ _ _ _ _ _ _ _ _ _ _ _ 

self = &lt;tests.test_sort.TestSort object at 0x7d5c3c7ab980&gt;

    @pytest.mark.skip(reason="This is not a test")
    def test(self):
        try:
            model = Model(self.model, self.inputs, self.maxLength, self.name)
        except Exception as e:
            # Survive if the model is not compilable (we want to kill the buggy ones)
            print(str(e))
            # Print message for post-processing
            print("UNCOMPILABLE MODEL")
            return
    
        accuracy = model.evaluateModel(
            self.testing_data, doPrint=False, outputArray=False, useAssert=False
        )
        # Print the accuracy for post-processing
        print("Accuracy: ", accuracy)
&gt;       assert accuracy == 1.0
E       AssertionError

tests/test.py:45: AssertionError
=========================== short test summary info ============================
FAILED tests/test_sort.py::TestSort::test_model - AssertionError
======================== 1 failed, 2 skipped in 37.04s =========================
</pre></div></div></div></div></div><div class="mb-1" id="job_list___sub_accordion_65"><div class="card"><a data-toggle="collapse" data-target="#job_list___sub_collapse_65_1" aria-expanded="false" aria-controls="job_list___sub_collapse_65_1" href="#" class="job_list___sub_multi_heading"><div role="alert" class="card-header alert-success" id="job_list___sub_heading_65_1"><button class="btn btn-outline-success"><span class="job_id">65 : Job ID 30cee72640514fe292c800b0a097f630</span></button></div></a><div aria-labelledby="job_list___sub_heading_65_1" data-parent="#job_list___sub_accordion_65" class="collapse job_list___sub_multi_collapse" id="job_list___sub_collapse_65_1"><div class="card-body"><div class="work-item"><div class="alert alert-success test-outcome" role="alert"><p>worker outcome: WorkerOutcome.NORMAL</p><p>test outcome: TestOutcome.KILLED</p></div></div><pre class="location"><a href="pycharm://open?file=source/sort.py&amp;line=18" class="text-secondary"><button class="btn btn-outline-dark">source/sort.py, start pos: (18, 14), end pos: (18, 74)</button></a></pre><pre>operator: operators/negate-rasp-sop-select, occurrence: 0</pre><div class="alert alert-secondary"><pre class="diff">--- mutation diff ---
--- asource/sort.py
+++ bsource/sort.py
@@ -15,7 +15,7 @@
       vals: Values to sort.
       keys: Keys for sorting.
     """
-    smaller = rasp.Select(keys, keys, rasp.Comparison.LT).named("smaller")
+    smaller = rasp.Select(keys * -1, keys, rasp.Comparison.LT).named("smaller")
     target_pos = rasp.SelectorWidth(smaller).named("target_pos")
     sel_new = rasp.Select(target_pos, rasp.indices, rasp.Comparison.EQ)
     return rasp.Aggregate(sel_new, vals).named("sort")</pre></div><div class="alert alert-secondary"><pre class="diff">============================= test session starts ==============================
platform linux -- Python 3.12.7, pytest-8.3.3, pluggy-1.5.0
rootdir: /home/andre/Repos/RASPing/experiments/mutation
plugins: anyio-4.4.0
collected 3 items

tests/test_sort.py ssAccuracy:  0.02
F

=================================== FAILURES ===================================
_____________________________ TestSort.test_model ______________________________

self = &lt;tests.test_sort.TestSort object at 0x72f4e1583980&gt;

    def test_model(self):
&gt;       self.test()

tests/test_sort.py:34: 
_ _ _ _ _ _ _ _ _ _ _ _ _ _ _ _ _ _ _ _ _ _ _ _ _ _ _ _ _ _ _ _ _ _ _ _ _ _ _ _ 

self = &lt;tests.test_sort.TestSort object at 0x72f4e1583980&gt;

    @pytest.mark.skip(reason="This is not a test")
    def test(self):
        try:
            model = Model(self.model, self.inputs, self.maxLength, self.name)
        except Exception as e:
            # Survive if the model is not compilable (we want to kill the buggy ones)
            print(str(e))
            # Print message for post-processing
            print("UNCOMPILABLE MODEL")
            return
    
        accuracy = model.evaluateModel(
            self.testing_data, doPrint=False, outputArray=False, useAssert=False
        )
        # Print the accuracy for post-processing
        print("Accuracy: ", accuracy)
&gt;       assert accuracy == 1.0
E       AssertionError

tests/test.py:45: AssertionError
=========================== short test summary info ============================
FAILED tests/test_sort.py::TestSort::test_model - AssertionError
======================== 1 failed, 2 skipped in 43.77s =========================
</pre></div></div></div></div></div><div class="mb-1" id="job_list___sub_accordion_66"><div class="card"><a data-toggle="collapse" data-target="#job_list___sub_collapse_66_1" aria-expanded="false" aria-controls="job_list___sub_collapse_66_1" href="#" class="job_list___sub_multi_heading"><div role="alert" class="card-header alert-success" id="job_list___sub_heading_66_1"><button class="btn btn-outline-success"><span class="job_id">66 : Job ID 1901d11ce2af4a3fbee4b397e4c9ed78</span></button></div></a><div aria-labelledby="job_list___sub_heading_66_1" data-parent="#job_list___sub_accordion_66" class="collapse job_list___sub_multi_collapse" id="job_list___sub_collapse_66_1"><div class="card-body"><div class="work-item"><div class="alert alert-success test-outcome" role="alert"><p>worker outcome: WorkerOutcome.NORMAL</p><p>test outcome: TestOutcome.KILLED</p></div></div><pre class="location"><a href="pycharm://open?file=source/sort.py&amp;line=18" class="text-secondary"><button class="btn btn-outline-dark">source/sort.py, start pos: (18, 14), end pos: (18, 74)</button></a></pre><pre>operator: operators/negate-rasp-sop-select, occurrence: 1</pre><div class="alert alert-secondary"><pre class="diff">--- mutation diff ---
--- asource/sort.py
+++ bsource/sort.py
@@ -15,7 +15,7 @@
       vals: Values to sort.
       keys: Keys for sorting.
     """
-    smaller = rasp.Select(keys, keys, rasp.Comparison.LT).named("smaller")
+    smaller = rasp.Select(keys, keys * -1, rasp.Comparison.LT).named("smaller")
     target_pos = rasp.SelectorWidth(smaller).named("target_pos")
     sel_new = rasp.Select(target_pos, rasp.indices, rasp.Comparison.EQ)
     return rasp.Aggregate(sel_new, vals).named("sort")</pre></div><div class="alert alert-secondary"><pre class="diff">============================= test session starts ==============================
platform linux -- Python 3.12.7, pytest-8.3.3, pluggy-1.5.0
rootdir: /home/andre/Repos/RASPing/experiments/mutation
plugins: anyio-4.4.0
collected 3 items

tests/test_sort.py ssAccuracy:  0.028
F

=================================== FAILURES ===================================
_____________________________ TestSort.test_model ______________________________

self = &lt;tests.test_sort.TestSort object at 0x7e1e3f9879e0&gt;

    def test_model(self):
&gt;       self.test()

tests/test_sort.py:34: 
_ _ _ _ _ _ _ _ _ _ _ _ _ _ _ _ _ _ _ _ _ _ _ _ _ _ _ _ _ _ _ _ _ _ _ _ _ _ _ _ 

self = &lt;tests.test_sort.TestSort object at 0x7e1e3f9879e0&gt;

    @pytest.mark.skip(reason="This is not a test")
    def test(self):
        try:
            model = Model(self.model, self.inputs, self.maxLength, self.name)
        except Exception as e:
            # Survive if the model is not compilable (we want to kill the buggy ones)
            print(str(e))
            # Print message for post-processing
            print("UNCOMPILABLE MODEL")
            return
    
        accuracy = model.evaluateModel(
            self.testing_data, doPrint=False, outputArray=False, useAssert=False
        )
        # Print the accuracy for post-processing
        print("Accuracy: ", accuracy)
&gt;       assert accuracy == 1.0
E       AssertionError

tests/test.py:45: AssertionError
=========================== short test summary info ============================
FAILED tests/test_sort.py::TestSort::test_model - AssertionError
======================== 1 failed, 2 skipped in 34.87s =========================
</pre></div></div></div></div></div><div class="mb-1" id="job_list___sub_accordion_67"><div class="card"><a data-toggle="collapse" data-target="#job_list___sub_collapse_67_1" aria-expanded="false" aria-controls="job_list___sub_collapse_67_1" href="#" class="job_list___sub_multi_heading"><div role="alert" class="card-header alert-success" id="job_list___sub_heading_67_1"><button class="btn btn-outline-success"><span class="job_id">67 : Job ID 3ee41bff4f484d22a968f42b37c6e0df</span></button></div></a><div aria-labelledby="job_list___sub_heading_67_1" data-parent="#job_list___sub_accordion_67" class="collapse job_list___sub_multi_collapse" id="job_list___sub_collapse_67_1"><div class="card-body"><div class="work-item"><div class="alert alert-success test-outcome" role="alert"><p>worker outcome: WorkerOutcome.NORMAL</p><p>test outcome: TestOutcome.KILLED</p></div></div><pre class="location"><a href="pycharm://open?file=source/sort.py&amp;line=20" class="text-secondary"><button class="btn btn-outline-dark">source/sort.py, start pos: (20, 14), end pos: (20, 71)</button></a></pre><pre>operator: operators/negate-rasp-sop-select, occurrence: 2</pre><div class="alert alert-secondary"><pre class="diff">--- mutation diff ---
--- asource/sort.py
+++ bsource/sort.py
@@ -17,7 +17,7 @@
     """
     smaller = rasp.Select(keys, keys, rasp.Comparison.LT).named("smaller")
     target_pos = rasp.SelectorWidth(smaller).named("target_pos")
-    sel_new = rasp.Select(target_pos, rasp.indices, rasp.Comparison.EQ)
+    sel_new = rasp.Select(target_pos * -1, rasp.indices, rasp.Comparison.EQ)
     return rasp.Aggregate(sel_new, vals).named("sort")
 
 </pre></div><div class="alert alert-secondary"><pre class="diff">============================= test session starts ==============================
platform linux -- Python 3.12.7, pytest-8.3.3, pluggy-1.5.0
rootdir: /home/andre/Repos/RASPing/experiments/mutation
plugins: anyio-4.4.0
collected 3 items

tests/test_sort.py ssAccuracy:  0.05
F

=================================== FAILURES ===================================
_____________________________ TestSort.test_model ______________________________

self = &lt;tests.test_sort.TestSort object at 0x7ff335fd9580&gt;

    def test_model(self):
&gt;       self.test()

tests/test_sort.py:34: 
_ _ _ _ _ _ _ _ _ _ _ _ _ _ _ _ _ _ _ _ _ _ _ _ _ _ _ _ _ _ _ _ _ _ _ _ _ _ _ _ 

self = &lt;tests.test_sort.TestSort object at 0x7ff335fd9580&gt;

    @pytest.mark.skip(reason="This is not a test")
    def test(self):
        try:
            model = Model(self.model, self.inputs, self.maxLength, self.name)
        except Exception as e:
            # Survive if the model is not compilable (we want to kill the buggy ones)
            print(str(e))
            # Print message for post-processing
            print("UNCOMPILABLE MODEL")
            return
    
        accuracy = model.evaluateModel(
            self.testing_data, doPrint=False, outputArray=False, useAssert=False
        )
        # Print the accuracy for post-processing
        print("Accuracy: ", accuracy)
&gt;       assert accuracy == 1.0
E       AssertionError

tests/test.py:45: AssertionError
=========================== short test summary info ============================
FAILED tests/test_sort.py::TestSort::test_model - AssertionError
======================== 1 failed, 2 skipped in 36.38s =========================
</pre></div></div></div></div></div><div class="mb-1" id="job_list___sub_accordion_68"><div class="card"><a data-toggle="collapse" data-target="#job_list___sub_collapse_68_1" aria-expanded="false" aria-controls="job_list___sub_collapse_68_1" href="#" class="job_list___sub_multi_heading"><div role="alert" class="card-header alert-success" id="job_list___sub_heading_68_1"><button class="btn btn-outline-success"><span class="job_id">68 : Job ID 554328c4889e4e69bb27f6d5ca54a5a2</span></button></div></a><div aria-labelledby="job_list___sub_heading_68_1" data-parent="#job_list___sub_accordion_68" class="collapse job_list___sub_multi_collapse" id="job_list___sub_collapse_68_1"><div class="card-body"><div class="work-item"><div class="alert alert-success test-outcome" role="alert"><p>worker outcome: WorkerOutcome.NORMAL</p><p>test outcome: TestOutcome.KILLED</p></div></div><pre class="location"><a href="pycharm://open?file=source/sort.py&amp;line=20" class="text-secondary"><button class="btn btn-outline-dark">source/sort.py, start pos: (20, 14), end pos: (20, 71)</button></a></pre><pre>operator: operators/negate-rasp-sop-select, occurrence: 3</pre><div class="alert alert-secondary"><pre class="diff">--- mutation diff ---
--- asource/sort.py
+++ bsource/sort.py
@@ -17,7 +17,7 @@
     """
     smaller = rasp.Select(keys, keys, rasp.Comparison.LT).named("smaller")
     target_pos = rasp.SelectorWidth(smaller).named("target_pos")
-    sel_new = rasp.Select(target_pos, rasp.indices, rasp.Comparison.EQ)
+    sel_new = rasp.Select(target_pos, rasp.indices * -1, rasp.Comparison.EQ)
     return rasp.Aggregate(sel_new, vals).named("sort")
 
 </pre></div><div class="alert alert-secondary"><pre class="diff">============================= test session starts ==============================
platform linux -- Python 3.12.7, pytest-8.3.3, pluggy-1.5.0
rootdir: /home/andre/Repos/RASPing/experiments/mutation
plugins: anyio-4.4.0
collected 3 items

tests/test_sort.py ssAccuracy:  0.064
F

=================================== FAILURES ===================================
_____________________________ TestSort.test_model ______________________________

self = &lt;tests.test_sort.TestSort object at 0x7cddae295010&gt;

    def test_model(self):
&gt;       self.test()

tests/test_sort.py:34: 
_ _ _ _ _ _ _ _ _ _ _ _ _ _ _ _ _ _ _ _ _ _ _ _ _ _ _ _ _ _ _ _ _ _ _ _ _ _ _ _ 

self = &lt;tests.test_sort.TestSort object at 0x7cddae295010&gt;

    @pytest.mark.skip(reason="This is not a test")
    def test(self):
        try:
            model = Model(self.model, self.inputs, self.maxLength, self.name)
        except Exception as e:
            # Survive if the model is not compilable (we want to kill the buggy ones)
            print(str(e))
            # Print message for post-processing
            print("UNCOMPILABLE MODEL")
            return
    
        accuracy = model.evaluateModel(
            self.testing_data, doPrint=False, outputArray=False, useAssert=False
        )
        # Print the accuracy for post-processing
        print("Accuracy: ", accuracy)
&gt;       assert accuracy == 1.0
E       AssertionError

tests/test.py:45: AssertionError
=========================== short test summary info ============================
FAILED tests/test_sort.py::TestSort::test_model - AssertionError
======================== 1 failed, 2 skipped in 34.26s =========================
</pre></div></div></div></div></div><div class="mb-1" id="job_list___sub_accordion_69"><div class="card"><a data-toggle="collapse" data-target="#job_list___sub_collapse_69_1" aria-expanded="false" aria-controls="job_list___sub_collapse_69_1" href="#" class="job_list___sub_multi_heading"><div role="alert" class="card-header alert-success" id="job_list___sub_heading_69_1"><button class="btn btn-outline-success"><span class="job_id">69 : Job ID ea16cfe71f5641a297d294226ae3e9a5</span></button></div></a><div aria-labelledby="job_list___sub_heading_69_1" data-parent="#job_list___sub_accordion_69" class="collapse job_list___sub_multi_collapse" id="job_list___sub_collapse_69_1"><div class="card-body"><div class="work-item"><div class="alert alert-success test-outcome" role="alert"><p>worker outcome: WorkerOutcome.NORMAL</p><p>test outcome: TestOutcome.KILLED</p></div></div><pre class="location"><a href="pycharm://open?file=source/sort.py&amp;line=21" class="text-secondary"><button class="btn btn-outline-dark">source/sort.py, start pos: (21, 11), end pos: (21, 54)</button></a></pre><pre>operator: operators/negate-rasp-sop-aggregate-value, occurrence: 0</pre><div class="alert alert-secondary"><pre class="diff">--- mutation diff ---
--- asource/sort.py
+++ bsource/sort.py
@@ -18,7 +18,7 @@
     smaller = rasp.Select(keys, keys, rasp.Comparison.LT).named("smaller")
     target_pos = rasp.SelectorWidth(smaller).named("target_pos")
     sel_new = rasp.Select(target_pos, rasp.indices, rasp.Comparison.EQ)
-    return rasp.Aggregate(sel_new, vals).named("sort")
+    return rasp.Aggregate(sel_new, vals * -1).named("sort")
 
 
 def make_sort(</pre></div><div class="alert alert-secondary"><pre class="diff">============================= test session starts ==============================
platform linux -- Python 3.12.7, pytest-8.3.3, pluggy-1.5.0
rootdir: /home/andre/Repos/RASPing/experiments/mutation
plugins: anyio-4.4.0
collected 3 items

tests/test_sort.py ssAccuracy:  0.0
F

=================================== FAILURES ===================================
_____________________________ TestSort.test_model ______________________________

self = &lt;tests.test_sort.TestSort object at 0x7d108db5a720&gt;

    def test_model(self):
&gt;       self.test()

tests/test_sort.py:34: 
_ _ _ _ _ _ _ _ _ _ _ _ _ _ _ _ _ _ _ _ _ _ _ _ _ _ _ _ _ _ _ _ _ _ _ _ _ _ _ _ 

self = &lt;tests.test_sort.TestSort object at 0x7d108db5a720&gt;

    @pytest.mark.skip(reason="This is not a test")
    def test(self):
        try:
            model = Model(self.model, self.inputs, self.maxLength, self.name)
        except Exception as e:
            # Survive if the model is not compilable (we want to kill the buggy ones)
            print(str(e))
            # Print message for post-processing
            print("UNCOMPILABLE MODEL")
            return
    
        accuracy = model.evaluateModel(
            self.testing_data, doPrint=False, outputArray=False, useAssert=False
        )
        # Print the accuracy for post-processing
        print("Accuracy: ", accuracy)
&gt;       assert accuracy == 1.0
E       AssertionError

tests/test.py:45: AssertionError
=========================== short test summary info ============================
FAILED tests/test_sort.py::TestSort::test_model - AssertionError
======================== 1 failed, 2 skipped in 47.75s =========================
</pre></div></div></div></div></div><div class="mb-1" id="job_list___sub_accordion_70"><div class="card"><a data-toggle="collapse" data-target="#job_list___sub_collapse_70_1" aria-expanded="false" aria-controls="job_list___sub_collapse_70_1" href="#" class="job_list___sub_multi_heading"><div role="alert" class="card-header alert-success" id="job_list___sub_heading_70_1"><button class="btn btn-outline-success"><span class="job_id">70 : Job ID 7eff919207c94961b0cfdb93a0eba2ee</span></button></div></a><div aria-labelledby="job_list___sub_heading_70_1" data-parent="#job_list___sub_accordion_70" class="collapse job_list___sub_multi_collapse" id="job_list___sub_collapse_70_1"><div class="card-body"><div class="work-item"><div class="alert alert-success test-outcome" role="alert"><p>worker outcome: WorkerOutcome.NORMAL</p><p>test outcome: TestOutcome.KILLED</p></div></div><pre class="location"><a href="pycharm://open?file=source/sort.py&amp;line=19" class="text-secondary"><button class="btn btn-outline-dark">source/sort.py, start pos: (19, 17), end pos: (19, 64)</button></a></pre><pre>operator: operators/negate-rasp-sop-constructor, occurrence: 0</pre><div class="alert alert-secondary"><pre class="diff">--- mutation diff ---
--- asource/sort.py
+++ bsource/sort.py
@@ -16,7 +16,7 @@
       keys: Keys for sorting.
     """
     smaller = rasp.Select(keys, keys, rasp.Comparison.LT).named("smaller")
-    target_pos = rasp.SelectorWidth(smaller).named("target_pos")
+    target_pos = rasp.SelectorWidth(smaller).named("target_pos") * -1
     sel_new = rasp.Select(target_pos, rasp.indices, rasp.Comparison.EQ)
     return rasp.Aggregate(sel_new, vals).named("sort")
 </pre></div><div class="alert alert-secondary"><pre class="diff">============================= test session starts ==============================
platform linux -- Python 3.12.7, pytest-8.3.3, pluggy-1.5.0
rootdir: /home/andre/Repos/RASPing/experiments/mutation
plugins: anyio-4.4.0
collected 3 items

tests/test_sort.py ssAccuracy:  0.048
F

=================================== FAILURES ===================================
_____________________________ TestSort.test_model ______________________________

self = &lt;tests.test_sort.TestSort object at 0x751373dc67b0&gt;

    def test_model(self):
&gt;       self.test()

tests/test_sort.py:34: 
_ _ _ _ _ _ _ _ _ _ _ _ _ _ _ _ _ _ _ _ _ _ _ _ _ _ _ _ _ _ _ _ _ _ _ _ _ _ _ _ 

self = &lt;tests.test_sort.TestSort object at 0x751373dc67b0&gt;

    @pytest.mark.skip(reason="This is not a test")
    def test(self):
        try:
            model = Model(self.model, self.inputs, self.maxLength, self.name)
        except Exception as e:
            # Survive if the model is not compilable (we want to kill the buggy ones)
            print(str(e))
            # Print message for post-processing
            print("UNCOMPILABLE MODEL")
            return
    
        accuracy = model.evaluateModel(
            self.testing_data, doPrint=False, outputArray=False, useAssert=False
        )
        # Print the accuracy for post-processing
        print("Accuracy: ", accuracy)
&gt;       assert accuracy == 1.0
E       AssertionError

tests/test.py:45: AssertionError
=========================== short test summary info ============================
FAILED tests/test_sort.py::TestSort::test_model - AssertionError
======================== 1 failed, 2 skipped in 40.94s =========================
</pre></div></div></div></div></div><div class="mb-1" id="job_list___sub_accordion_71"><div class="card"><a data-toggle="collapse" data-target="#job_list___sub_collapse_71_1" aria-expanded="false" aria-controls="job_list___sub_collapse_71_1" href="#" class="job_list___sub_multi_heading"><div role="alert" class="card-header alert-success" id="job_list___sub_heading_71_1"><button class="btn btn-outline-success"><span class="job_id">71 : Job ID 542d038c5eb147218b80edc6532085a2</span></button></div></a><div aria-labelledby="job_list___sub_heading_71_1" data-parent="#job_list___sub_accordion_71" class="collapse job_list___sub_multi_collapse" id="job_list___sub_collapse_71_1"><div class="card-body"><div class="work-item"><div class="alert alert-success test-outcome" role="alert"><p>worker outcome: WorkerOutcome.NORMAL</p><p>test outcome: TestOutcome.KILLED</p></div></div><pre class="location"><a href="pycharm://open?file=source/sort.py&amp;line=21" class="text-secondary"><button class="btn btn-outline-dark">source/sort.py, start pos: (21, 11), end pos: (21, 54)</button></a></pre><pre>operator: operators/negate-rasp-sop-constructor, occurrence: 1</pre><div class="alert alert-secondary"><pre class="diff">--- mutation diff ---
--- asource/sort.py
+++ bsource/sort.py
@@ -18,7 +18,7 @@
     smaller = rasp.Select(keys, keys, rasp.Comparison.LT).named("smaller")
     target_pos = rasp.SelectorWidth(smaller).named("target_pos")
     sel_new = rasp.Select(target_pos, rasp.indices, rasp.Comparison.EQ)
-    return rasp.Aggregate(sel_new, vals).named("sort")
+    return rasp.Aggregate(sel_new, vals).named("sort") * -1
 
 
 def make_sort(</pre></div><div class="alert alert-secondary"><pre class="diff">============================= test session starts ==============================
platform linux -- Python 3.12.7, pytest-8.3.3, pluggy-1.5.0
rootdir: /home/andre/Repos/RASPing/experiments/mutation
plugins: anyio-4.4.0
collected 3 items

tests/test_sort.py ssAccuracy:  0.0
F

=================================== FAILURES ===================================
_____________________________ TestSort.test_model ______________________________

self = &lt;tests.test_sort.TestSort object at 0x7217f04effb0&gt;

    def test_model(self):
&gt;       self.test()

tests/test_sort.py:34: 
_ _ _ _ _ _ _ _ _ _ _ _ _ _ _ _ _ _ _ _ _ _ _ _ _ _ _ _ _ _ _ _ _ _ _ _ _ _ _ _ 

self = &lt;tests.test_sort.TestSort object at 0x7217f04effb0&gt;

    @pytest.mark.skip(reason="This is not a test")
    def test(self):
        try:
            model = Model(self.model, self.inputs, self.maxLength, self.name)
        except Exception as e:
            # Survive if the model is not compilable (we want to kill the buggy ones)
            print(str(e))
            # Print message for post-processing
            print("UNCOMPILABLE MODEL")
            return
    
        accuracy = model.evaluateModel(
            self.testing_data, doPrint=False, outputArray=False, useAssert=False
        )
        # Print the accuracy for post-processing
        print("Accuracy: ", accuracy)
&gt;       assert accuracy == 1.0
E       AssertionError

tests/test.py:45: AssertionError
=========================== short test summary info ============================
FAILED tests/test_sort.py::TestSort::test_model - AssertionError
======================== 1 failed, 2 skipped in 35.78s =========================
</pre></div></div></div></div></div><div class="mb-1" id="job_list___sub_accordion_72"><div class="card"><a data-toggle="collapse" data-target="#job_list___sub_collapse_72_1" aria-expanded="false" aria-controls="job_list___sub_collapse_72_1" href="#" class="job_list___sub_multi_heading"><div role="alert" class="card-header alert-success" id="job_list___sub_heading_72_1"><button class="btn btn-outline-success"><span class="job_id">72 : Job ID 02658c42010041699dac5a144dfd423c</span></button></div></a><div aria-labelledby="job_list___sub_heading_72_1" data-parent="#job_list___sub_accordion_72" class="collapse job_list___sub_multi_collapse" id="job_list___sub_collapse_72_1"><div class="card-body"><div class="work-item"><div class="alert alert-success test-outcome" role="alert"><p>worker outcome: WorkerOutcome.NORMAL</p><p>test outcome: TestOutcome.KILLED</p></div></div><pre class="location"><a href="pycharm://open?file=source/sort.py&amp;line=51" class="text-secondary"><button class="btn btn-outline-dark">source/sort.py, start pos: (51, 11), end pos: (53, 5)</button></a></pre><pre>operator: operators/negate-rasp-sop-constructor, occurrence: 2</pre><div class="alert alert-secondary"><pre class="diff">--- mutation diff ---
--- asource/sort.py
+++ bsource/sort.py
@@ -50,6 +50,6 @@
     """
     keys = rasp.SequenceMap(
         lambda x, i: x + min_key * i / max_seq_len, keys, rasp.indices
-    )
+    ) * -1
     return make_sort_unique(vals, keys)
 </pre></div><div class="alert alert-secondary"><pre class="diff">============================= test session starts ==============================
platform linux -- Python 3.12.7, pytest-8.3.3, pluggy-1.5.0
rootdir: /home/andre/Repos/RASPing/experiments/mutation
plugins: anyio-4.4.0
collected 3 items

tests/test_sort.py ssAccuracy:  0.016
F

=================================== FAILURES ===================================
_____________________________ TestSort.test_model ______________________________

self = &lt;tests.test_sort.TestSort object at 0x6ffd20df6180&gt;

    def test_model(self):
&gt;       self.test()

tests/test_sort.py:34: 
_ _ _ _ _ _ _ _ _ _ _ _ _ _ _ _ _ _ _ _ _ _ _ _ _ _ _ _ _ _ _ _ _ _ _ _ _ _ _ _ 

self = &lt;tests.test_sort.TestSort object at 0x6ffd20df6180&gt;

    @pytest.mark.skip(reason="This is not a test")
    def test(self):
        try:
            model = Model(self.model, self.inputs, self.maxLength, self.name)
        except Exception as e:
            # Survive if the model is not compilable (we want to kill the buggy ones)
            print(str(e))
            # Print message for post-processing
            print("UNCOMPILABLE MODEL")
            return
    
        accuracy = model.evaluateModel(
            self.testing_data, doPrint=False, outputArray=False, useAssert=False
        )
        # Print the accuracy for post-processing
        print("Accuracy: ", accuracy)
&gt;       assert accuracy == 1.0
E       AssertionError

tests/test.py:45: AssertionError
=========================== short test summary info ============================
FAILED tests/test_sort.py::TestSort::test_model - AssertionError
======================== 1 failed, 2 skipped in 48.38s =========================
</pre></div></div></div></div></div></div></div></div></div></div><script src="https://code.jquery.com/jquery-3.3.1.slim.min.js" integrity="sha384-q8i/X+965DzO0rT7abK41JStQIAqVgRVzpbzo5smXKp4YfRvH+8abtTE1Pi6jizo" crossorigin="anonymous"></script><script src="https://cdnjs.cloudflare.com/ajax/libs/popper.js/1.14.7/umd/popper.min.js" integrity="sha384-UO2eT0CpHqdSJQ6hJty5KVphtPhzWj9WO1clHTMGa3JDZwrnQq4sF86dIHNDz0W1" crossorigin="anonymous"></script><script src="https://stackpath.bootstrapcdn.com/bootstrap/4.3.1/js/bootstrap.min.js" integrity="sha384-JjSmVgyd0p3pXB1rRibZUAYoIIy6OrQ6VrjIEaFf/nJGzIxFDsf4x0xIM+B07jRM" crossorigin="anonymous"></script><script type="text/javascript">$('div.job_list___sub_multi_collapse').on('shown.bs.collapse',  function () {    correct_behavior_functional_buttons();  });$('div.job_list___sub_multi_collapse').on('hidden.bs.collapse',  function () {    correct_behavior_functional_buttons();  });function correct_behavior_functional_buttons() {    var expand = false;    var collapse = false;    $('a.job_list___sub_multi_heading').each(function(index) {      if ($(this).attr('aria-expanded') == 'false') {        expand = true;        return false;      };    });    $('a.job_list___sub_multi_heading').each(function(index) {      if ($(this).attr('aria-expanded') == 'true') {        collapse = true;        return false;      };    });    if (expand) {      $('div#job_item_expand_all').css('display', 'inline-block');    } else {      $('div#job_item_expand_all').css('display', 'none');    };    if (collapse) {      $('div#job_item_collapse_all').css('display', 'inline-block');    } else {      $('div#job_item_collapse_all').css('display', 'none');    };  };correct_behavior_functional_buttons();</script></body></html>
