<!DOCTYPE html><html lang="en"><head><meta charset="utf-8" /><meta name="viewport" content="width=device-width, initial-scale=1, shrink-to-fit=no" /><link rel="stylesheet" href="https://stackpath.bootstrapcdn.com/bootstrap/4.3.1/css/bootstrap.min.css" integrity="sha384-ggOyR0iXCbMQv3Xipma34MD+dH/1fQ784/j6cY/iJTQUOhcWr7x9JvoRxT2MZw1T" crossorigin="anonymous" /><title>Cosmic Ray Report</title></head><body><div class="container"><h1><p class="text-dark">Cosmic Ray Report</p></h1></div><div class="container"><div class="mb-1" id="summary_info___accordion"><div class="card"><a data-toggle="collapse" data-target="#summary_info___collapse_1" aria-expanded="true" aria-controls="summary_info___collapse_1" href="#"><div class="card-header" id="summary_info___heading_1"><button class="btn btn-outline-dark"><h4 class="m-0">Summary info</h4></button></div></a><div aria-labelledby="summary_info___heading_1" data-parent="#summary_info___accordion" class="collapse show" id="summary_info___collapse_1"><div class="card-body"><p>Date time: 14/02/2025 13:01:18</p><p>Total jobs: 63</p><p>Complete: 63 (100.00%)</p><p>Surviving mutants: 19 (30.16%)</p></div></div></div></div><div class="mb-1" id="job_list___accordion"><div class="card"><a data-toggle="collapse" data-target="#job_list___collapse_1" aria-expanded="false" aria-controls="job_list___collapse_1" href="#"><div class="card-header" id="job_list___heading_1"><button class="btn btn-outline-dark"><h4 class="m-0">Job list</h4></button></div></a><div aria-labelledby="job_list___heading_1" data-parent="#job_list___accordion" class="collapse" id="job_list___collapse_1"><div class="card-body"><div class="text-right mb-1"><div class="mx-1" id="job_item_expand_all"><a href="#" onclick="$('div.job_list___sub_multi_collapse').collapse('show');"><button class="btn btn-outline-dark"><span>Expand All</span></button></a></div><div class="mx-1" id="job_item_collapse_all"><a href="#" onclick="$('div.job_list___sub_multi_collapse').collapse('hide');"><button class="btn btn-outline-dark"><span>Collapse All</span></button></a></div></div><div class="mb-1" id="job_list___sub_accordion_1"><div class="card"><a data-toggle="collapse" data-target="#job_list___sub_collapse_1_1" aria-expanded="false" aria-controls="job_list___sub_collapse_1_1" href="#" class="job_list___sub_multi_heading"><div role="alert" class="card-header alert-success" id="job_list___sub_heading_1_1"><button class="btn btn-outline-success"><span class="job_id">1 : Job ID b2db23ea28b5408890ac80b0f4f9385f</span></button></div></a><div aria-labelledby="job_list___sub_heading_1_1" data-parent="#job_list___sub_accordion_1" class="collapse job_list___sub_multi_collapse" id="job_list___sub_collapse_1_1"><div class="card-body"><div class="work-item"><div class="alert alert-success test-outcome" role="alert"><p>worker outcome: normal</p><p>test outcome: killed</p></div></div><pre class="location"><a href="pycharm://open?file=source/most_freq.py&amp;line=68" class="text-secondary"><button class="btn btn-outline-dark">source/most_freq.py, start pos: (68, 23), end pos: (68, 24)</button></a></pre><pre>operator: core/ReplaceBinaryOperator_Add_Sub, occurrence: 0</pre><div class="alert alert-secondary"><pre class="diff">--- mutation diff ---
--- asource/most_freq.py
+++ bsource/most_freq.py
@@ -65,7 +65,7 @@
       Output SOp of sort program.
     """
     keys = rasp.SequenceMap(
-        lambda x, i: x + min_key * i / max_seq_len, keys, rasp.indices
+        lambda x, i: x - min_key * i / max_seq_len, keys, rasp.indices
     )
     return make_sort_unique(vals, keys)
 </pre></div><div class="alert alert-secondary"><pre class="diff">============================= test session starts ==============================
platform linux -- Python 3.10.12, pytest-8.3.4, pluggy-1.5.0
rootdir: /home/andre-silva/RASPing
configfile: pyproject.toml
plugins: anyio-4.8.0
collected 3 items

tests/test_most_freq.py ssAccuracy:  0.18
F

=================================== FAILURES ===================================
___________________________ TestMostFreq.test_model ____________________________

self = &lt;tests.test_most_freq.TestMostFreq object at 0x7f56db785720&gt;

    def test_model(self):
&gt;       self.test()

tests/test_most_freq.py:21: 
_ _ _ _ _ _ _ _ _ _ _ _ _ _ _ _ _ _ _ _ _ _ _ _ _ _ _ _ _ _ _ _ _ _ _ _ _ _ _ _ 

self = &lt;tests.test_most_freq.TestMostFreq object at 0x7f56db785720&gt;

    @pytest.mark.skip(reason="This is not a test")
    def test(self):
        try:
            model = Model(self.model, self.inputs, self.maxLength, self.name)
        except Exception as e:
            # Survive if the model is not compilable (we want to kill the buggy ones)
            print(str(e))
            # Print message for post-processing
            print("UNCOMPILABLE MODEL")
            return
    
        accuracy = model.evaluateModel(
            self.testing_data, doPrint=False, outputArray=False, useAssert=False
        )
        # Print the accuracy for post-processing
        print("Accuracy: ", accuracy)
&gt;       assert accuracy == 1.0
E       AssertionError

tests/test.py:47: AssertionError
=========================== short test summary info ============================
FAILED tests/test_most_freq.py::TestMostFreq::test_model - AssertionError
======================== 1 failed, 2 skipped in 35.52s =========================
</pre></div></div></div></div></div><div class="mb-1" id="job_list___sub_accordion_2"><div class="card"><a data-toggle="collapse" data-target="#job_list___sub_collapse_2_1" aria-expanded="false" aria-controls="job_list___sub_collapse_2_1" href="#" class="job_list___sub_multi_heading"><div role="alert" class="card-header alert-success" id="job_list___sub_heading_2_1"><button class="btn btn-outline-success"><span class="job_id">2 : Job ID 5644c7bd76904d02837d39dd2a2a061e</span></button></div></a><div aria-labelledby="job_list___sub_heading_2_1" data-parent="#job_list___sub_accordion_2" class="collapse job_list___sub_multi_collapse" id="job_list___sub_collapse_2_1"><div class="card-body"><div class="work-item"><div class="alert alert-success test-outcome" role="alert"><p>worker outcome: normal</p><p>test outcome: killed</p></div></div><pre class="location"><a href="pycharm://open?file=source/most_freq.py&amp;line=68" class="text-secondary"><button class="btn btn-outline-dark">source/most_freq.py, start pos: (68, 23), end pos: (68, 24)</button></a></pre><pre>operator: core/ReplaceBinaryOperator_Add_Mul, occurrence: 0</pre><div class="alert alert-secondary"><pre class="diff">--- mutation diff ---
--- asource/most_freq.py
+++ bsource/most_freq.py
@@ -65,7 +65,7 @@
       Output SOp of sort program.
     """
     keys = rasp.SequenceMap(
-        lambda x, i: x + min_key * i / max_seq_len, keys, rasp.indices
+        lambda x, i: x * min_key * i / max_seq_len, keys, rasp.indices
     )
     return make_sort_unique(vals, keys)
 </pre></div><div class="alert alert-secondary"><pre class="diff">============================= test session starts ==============================
platform linux -- Python 3.10.12, pytest-8.3.4, pluggy-1.5.0
rootdir: /home/andre-silva/RASPing
configfile: pyproject.toml
plugins: anyio-4.8.0
collected 3 items

tests/test_most_freq.py ssAccuracy:  0.0
F

=================================== FAILURES ===================================
___________________________ TestMostFreq.test_model ____________________________

self = &lt;tests.test_most_freq.TestMostFreq object at 0x7f85aef757e0&gt;

    def test_model(self):
&gt;       self.test()

tests/test_most_freq.py:21: 
_ _ _ _ _ _ _ _ _ _ _ _ _ _ _ _ _ _ _ _ _ _ _ _ _ _ _ _ _ _ _ _ _ _ _ _ _ _ _ _ 

self = &lt;tests.test_most_freq.TestMostFreq object at 0x7f85aef757e0&gt;

    @pytest.mark.skip(reason="This is not a test")
    def test(self):
        try:
            model = Model(self.model, self.inputs, self.maxLength, self.name)
        except Exception as e:
            # Survive if the model is not compilable (we want to kill the buggy ones)
            print(str(e))
            # Print message for post-processing
            print("UNCOMPILABLE MODEL")
            return
    
        accuracy = model.evaluateModel(
            self.testing_data, doPrint=False, outputArray=False, useAssert=False
        )
        # Print the accuracy for post-processing
        print("Accuracy: ", accuracy)
&gt;       assert accuracy == 1.0
E       AssertionError

tests/test.py:47: AssertionError
=========================== short test summary info ============================
FAILED tests/test_most_freq.py::TestMostFreq::test_model - AssertionError
======================== 1 failed, 2 skipped in 21.41s =========================
</pre></div></div></div></div></div><div class="mb-1" id="job_list___sub_accordion_3"><div class="card"><a data-toggle="collapse" data-target="#job_list___sub_collapse_3_1" aria-expanded="false" aria-controls="job_list___sub_collapse_3_1" href="#" class="job_list___sub_multi_heading"><div role="alert" class="card-header alert-success" id="job_list___sub_heading_3_1"><button class="btn btn-outline-success"><span class="job_id">3 : Job ID a5811c226b35458c955418697eb25890</span></button></div></a><div aria-labelledby="job_list___sub_heading_3_1" data-parent="#job_list___sub_accordion_3" class="collapse job_list___sub_multi_collapse" id="job_list___sub_collapse_3_1"><div class="card-body"><div class="work-item"><div class="alert alert-success test-outcome" role="alert"><p>worker outcome: normal</p><p>test outcome: killed</p></div></div><pre class="location"><a href="pycharm://open?file=source/most_freq.py&amp;line=68" class="text-secondary"><button class="btn btn-outline-dark">source/most_freq.py, start pos: (68, 23), end pos: (68, 24)</button></a></pre><pre>operator: core/ReplaceBinaryOperator_Add_Div, occurrence: 0</pre><div class="alert alert-secondary"><pre class="diff">--- mutation diff ---
--- asource/most_freq.py
+++ bsource/most_freq.py
@@ -65,7 +65,7 @@
       Output SOp of sort program.
     """
     keys = rasp.SequenceMap(
-        lambda x, i: x + min_key * i / max_seq_len, keys, rasp.indices
+        lambda x, i: x / min_key * i / max_seq_len, keys, rasp.indices
     )
     return make_sort_unique(vals, keys)
 </pre></div><div class="alert alert-secondary"><pre class="diff">============================= test session starts ==============================
platform linux -- Python 3.10.12, pytest-8.3.4, pluggy-1.5.0
rootdir: /home/andre-silva/RASPing
configfile: pyproject.toml
plugins: anyio-4.8.0
collected 3 items

tests/test_most_freq.py ssAccuracy:  0.0
F

=================================== FAILURES ===================================
___________________________ TestMostFreq.test_model ____________________________

self = &lt;tests.test_most_freq.TestMostFreq object at 0x7f9c54a516f0&gt;

    def test_model(self):
&gt;       self.test()

tests/test_most_freq.py:21: 
_ _ _ _ _ _ _ _ _ _ _ _ _ _ _ _ _ _ _ _ _ _ _ _ _ _ _ _ _ _ _ _ _ _ _ _ _ _ _ _ 

self = &lt;tests.test_most_freq.TestMostFreq object at 0x7f9c54a516f0&gt;

    @pytest.mark.skip(reason="This is not a test")
    def test(self):
        try:
            model = Model(self.model, self.inputs, self.maxLength, self.name)
        except Exception as e:
            # Survive if the model is not compilable (we want to kill the buggy ones)
            print(str(e))
            # Print message for post-processing
            print("UNCOMPILABLE MODEL")
            return
    
        accuracy = model.evaluateModel(
            self.testing_data, doPrint=False, outputArray=False, useAssert=False
        )
        # Print the accuracy for post-processing
        print("Accuracy: ", accuracy)
&gt;       assert accuracy == 1.0
E       AssertionError

tests/test.py:47: AssertionError
=========================== short test summary info ============================
FAILED tests/test_most_freq.py::TestMostFreq::test_model - AssertionError
======================== 1 failed, 2 skipped in 21.95s =========================
</pre></div></div></div></div></div><div class="mb-1" id="job_list___sub_accordion_4"><div class="card"><a data-toggle="collapse" data-target="#job_list___sub_collapse_4_1" aria-expanded="false" aria-controls="job_list___sub_collapse_4_1" href="#" class="job_list___sub_multi_heading"><div role="alert" class="card-header alert-success" id="job_list___sub_heading_4_1"><button class="btn btn-outline-success"><span class="job_id">4 : Job ID 50e9e54143d448f29ef90745f1cf86f7</span></button></div></a><div aria-labelledby="job_list___sub_heading_4_1" data-parent="#job_list___sub_accordion_4" class="collapse job_list___sub_multi_collapse" id="job_list___sub_collapse_4_1"><div class="card-body"><div class="work-item"><div class="alert alert-success test-outcome" role="alert"><p>worker outcome: normal</p><p>test outcome: killed</p></div></div><pre class="location"><a href="pycharm://open?file=source/most_freq.py&amp;line=68" class="text-secondary"><button class="btn btn-outline-dark">source/most_freq.py, start pos: (68, 23), end pos: (68, 24)</button></a></pre><pre>operator: core/ReplaceBinaryOperator_Add_FloorDiv, occurrence: 0</pre><div class="alert alert-secondary"><pre class="diff">--- mutation diff ---
--- asource/most_freq.py
+++ bsource/most_freq.py
@@ -65,7 +65,7 @@
       Output SOp of sort program.
     """
     keys = rasp.SequenceMap(
-        lambda x, i: x + min_key * i / max_seq_len, keys, rasp.indices
+        lambda x, i: x // min_key * i / max_seq_len, keys, rasp.indices
     )
     return make_sort_unique(vals, keys)
 </pre></div><div class="alert alert-secondary"><pre class="diff">============================= test session starts ==============================
platform linux -- Python 3.10.12, pytest-8.3.4, pluggy-1.5.0
rootdir: /home/andre-silva/RASPing
configfile: pyproject.toml
plugins: anyio-4.8.0
collected 3 items

tests/test_most_freq.py ssAccuracy:  0.0
F

=================================== FAILURES ===================================
___________________________ TestMostFreq.test_model ____________________________

self = &lt;tests.test_most_freq.TestMostFreq object at 0x7fcf8c781720&gt;

    def test_model(self):
&gt;       self.test()

tests/test_most_freq.py:21: 
_ _ _ _ _ _ _ _ _ _ _ _ _ _ _ _ _ _ _ _ _ _ _ _ _ _ _ _ _ _ _ _ _ _ _ _ _ _ _ _ 

self = &lt;tests.test_most_freq.TestMostFreq object at 0x7fcf8c781720&gt;

    @pytest.mark.skip(reason="This is not a test")
    def test(self):
        try:
            model = Model(self.model, self.inputs, self.maxLength, self.name)
        except Exception as e:
            # Survive if the model is not compilable (we want to kill the buggy ones)
            print(str(e))
            # Print message for post-processing
            print("UNCOMPILABLE MODEL")
            return
    
        accuracy = model.evaluateModel(
            self.testing_data, doPrint=False, outputArray=False, useAssert=False
        )
        # Print the accuracy for post-processing
        print("Accuracy: ", accuracy)
&gt;       assert accuracy == 1.0
E       AssertionError

tests/test.py:47: AssertionError
=========================== short test summary info ============================
FAILED tests/test_most_freq.py::TestMostFreq::test_model - AssertionError
======================== 1 failed, 2 skipped in 21.69s =========================
</pre></div></div></div></div></div><div class="mb-1" id="job_list___sub_accordion_5"><div class="card"><a data-toggle="collapse" data-target="#job_list___sub_collapse_5_1" aria-expanded="false" aria-controls="job_list___sub_collapse_5_1" href="#" class="job_list___sub_multi_heading"><div role="alert" class="card-header alert-success" id="job_list___sub_heading_5_1"><button class="btn btn-outline-success"><span class="job_id">5 : Job ID 1c12eb3ba3004f5a861e12630a60b6a8</span></button></div></a><div aria-labelledby="job_list___sub_heading_5_1" data-parent="#job_list___sub_accordion_5" class="collapse job_list___sub_multi_collapse" id="job_list___sub_collapse_5_1"><div class="card-body"><div class="work-item"><div class="alert alert-success test-outcome" role="alert"><p>worker outcome: normal</p><p>test outcome: killed</p></div></div><pre class="location"><a href="pycharm://open?file=source/most_freq.py&amp;line=68" class="text-secondary"><button class="btn btn-outline-dark">source/most_freq.py, start pos: (68, 23), end pos: (68, 24)</button></a></pre><pre>operator: core/ReplaceBinaryOperator_Add_Mod, occurrence: 0</pre><div class="alert alert-secondary"><pre class="diff">--- mutation diff ---
--- asource/most_freq.py
+++ bsource/most_freq.py
@@ -65,7 +65,7 @@
       Output SOp of sort program.
     """
     keys = rasp.SequenceMap(
-        lambda x, i: x + min_key * i / max_seq_len, keys, rasp.indices
+        lambda x, i: x % min_key * i / max_seq_len, keys, rasp.indices
     )
     return make_sort_unique(vals, keys)
 </pre></div><div class="alert alert-secondary"><pre class="diff">============================= test session starts ==============================
platform linux -- Python 3.10.12, pytest-8.3.4, pluggy-1.5.0
rootdir: /home/andre-silva/RASPing
configfile: pyproject.toml
plugins: anyio-4.8.0
collected 3 items

tests/test_most_freq.py ssAccuracy:  0.0
F

=================================== FAILURES ===================================
___________________________ TestMostFreq.test_model ____________________________

self = &lt;tests.test_most_freq.TestMostFreq object at 0x7f32cc97d6c0&gt;

    def test_model(self):
&gt;       self.test()

tests/test_most_freq.py:21: 
_ _ _ _ _ _ _ _ _ _ _ _ _ _ _ _ _ _ _ _ _ _ _ _ _ _ _ _ _ _ _ _ _ _ _ _ _ _ _ _ 

self = &lt;tests.test_most_freq.TestMostFreq object at 0x7f32cc97d6c0&gt;

    @pytest.mark.skip(reason="This is not a test")
    def test(self):
        try:
            model = Model(self.model, self.inputs, self.maxLength, self.name)
        except Exception as e:
            # Survive if the model is not compilable (we want to kill the buggy ones)
            print(str(e))
            # Print message for post-processing
            print("UNCOMPILABLE MODEL")
            return
    
        accuracy = model.evaluateModel(
            self.testing_data, doPrint=False, outputArray=False, useAssert=False
        )
        # Print the accuracy for post-processing
        print("Accuracy: ", accuracy)
&gt;       assert accuracy == 1.0
E       AssertionError

tests/test.py:47: AssertionError
=========================== short test summary info ============================
FAILED tests/test_most_freq.py::TestMostFreq::test_model - AssertionError
======================== 1 failed, 2 skipped in 20.12s =========================
</pre></div></div></div></div></div><div class="mb-1" id="job_list___sub_accordion_6"><div class="card"><a data-toggle="collapse" data-target="#job_list___sub_collapse_6_1" aria-expanded="false" aria-controls="job_list___sub_collapse_6_1" href="#" class="job_list___sub_multi_heading"><div role="alert" class="card-header alert-success" id="job_list___sub_heading_6_1"><button class="btn btn-outline-success"><span class="job_id">6 : Job ID a174973f9948426da05771d993816487</span></button></div></a><div aria-labelledby="job_list___sub_heading_6_1" data-parent="#job_list___sub_accordion_6" class="collapse job_list___sub_multi_collapse" id="job_list___sub_collapse_6_1"><div class="card-body"><div class="work-item"><div class="alert alert-success test-outcome" role="alert"><p>worker outcome: normal</p><p>test outcome: killed</p></div></div><pre class="location"><a href="pycharm://open?file=source/most_freq.py&amp;line=68" class="text-secondary"><button class="btn btn-outline-dark">source/most_freq.py, start pos: (68, 23), end pos: (68, 24)</button></a></pre><pre>operator: core/ReplaceBinaryOperator_Add_Pow, occurrence: 0</pre><div class="alert alert-secondary"><pre class="diff">--- mutation diff ---
--- asource/most_freq.py
+++ bsource/most_freq.py
@@ -65,7 +65,7 @@
       Output SOp of sort program.
     """
     keys = rasp.SequenceMap(
-        lambda x, i: x + min_key * i / max_seq_len, keys, rasp.indices
+        lambda x, i: x ** min_key * i / max_seq_len, keys, rasp.indices
     )
     return make_sort_unique(vals, keys)
 </pre></div><div class="alert alert-secondary"><pre class="diff">============================= test session starts ==============================
platform linux -- Python 3.10.12, pytest-8.3.4, pluggy-1.5.0
rootdir: /home/andre-silva/RASPing
configfile: pyproject.toml
plugins: anyio-4.8.0
collected 3 items

tests/test_most_freq.py ssAccuracy:  0.0
F

=================================== FAILURES ===================================
___________________________ TestMostFreq.test_model ____________________________

self = &lt;tests.test_most_freq.TestMostFreq object at 0x7f1566f7d510&gt;

    def test_model(self):
&gt;       self.test()

tests/test_most_freq.py:21: 
_ _ _ _ _ _ _ _ _ _ _ _ _ _ _ _ _ _ _ _ _ _ _ _ _ _ _ _ _ _ _ _ _ _ _ _ _ _ _ _ 

self = &lt;tests.test_most_freq.TestMostFreq object at 0x7f1566f7d510&gt;

    @pytest.mark.skip(reason="This is not a test")
    def test(self):
        try:
            model = Model(self.model, self.inputs, self.maxLength, self.name)
        except Exception as e:
            # Survive if the model is not compilable (we want to kill the buggy ones)
            print(str(e))
            # Print message for post-processing
            print("UNCOMPILABLE MODEL")
            return
    
        accuracy = model.evaluateModel(
            self.testing_data, doPrint=False, outputArray=False, useAssert=False
        )
        # Print the accuracy for post-processing
        print("Accuracy: ", accuracy)
&gt;       assert accuracy == 1.0
E       AssertionError

tests/test.py:47: AssertionError
=========================== short test summary info ============================
FAILED tests/test_most_freq.py::TestMostFreq::test_model - AssertionError
======================== 1 failed, 2 skipped in 21.18s =========================
</pre></div></div></div></div></div><div class="mb-1" id="job_list___sub_accordion_7"><div class="card"><a data-toggle="collapse" data-target="#job_list___sub_collapse_7_1" aria-expanded="false" aria-controls="job_list___sub_collapse_7_1" href="#" class="job_list___sub_multi_heading"><div role="alert" class="card-header alert-danger" id="job_list___sub_heading_7_1"><button class="btn btn-outline-danger"><span class="job_id">7 : Job ID e098cd523acd480e81fcf91ef112ff1c</span></button></div></a><div aria-labelledby="job_list___sub_heading_7_1" data-parent="#job_list___sub_accordion_7" class="collapse job_list___sub_multi_collapse" id="job_list___sub_collapse_7_1"><div class="card-body"><div class="work-item"><div class="alert alert-danger test-outcome" role="alert"><p>SURVIVED</p><p>worker outcome: normal</p><p>test outcome: survived</p></div></div><pre class="location"><a href="pycharm://open?file=source/most_freq.py&amp;line=68" class="text-secondary"><button class="btn btn-outline-dark">source/most_freq.py, start pos: (68, 23), end pos: (68, 24)</button></a></pre><pre>operator: core/ReplaceBinaryOperator_Add_RShift, occurrence: 0</pre><div class="alert alert-secondary"><pre class="diff">--- mutation diff ---
--- asource/most_freq.py
+++ bsource/most_freq.py
@@ -65,7 +65,7 @@
       Output SOp of sort program.
     """
     keys = rasp.SequenceMap(
-        lambda x, i: x + min_key * i / max_seq_len, keys, rasp.indices
+        lambda x, i: x &gt;&gt; min_key * i / max_seq_len, keys, rasp.indices
     )
     return make_sort_unique(vals, keys)
 </pre></div><div class="alert alert-secondary"><pre class="diff">============================= test session starts ==============================
platform linux -- Python 3.10.12, pytest-8.3.4, pluggy-1.5.0
rootdir: /home/andre-silva/RASPing
configfile: pyproject.toml
plugins: anyio-4.8.0
collected 3 items

tests/test_most_freq.py ssunsupported operand type(s) for &gt;&gt;: 'int' and 'float'
UNCOMPILABLE MODEL
.

========================= 1 passed, 2 skipped in 1.94s =========================
</pre></div></div></div></div></div><div class="mb-1" id="job_list___sub_accordion_8"><div class="card"><a data-toggle="collapse" data-target="#job_list___sub_collapse_8_1" aria-expanded="false" aria-controls="job_list___sub_collapse_8_1" href="#" class="job_list___sub_multi_heading"><div role="alert" class="card-header alert-danger" id="job_list___sub_heading_8_1"><button class="btn btn-outline-danger"><span class="job_id">8 : Job ID a95d8bf1083e488ba0fe29800314323e</span></button></div></a><div aria-labelledby="job_list___sub_heading_8_1" data-parent="#job_list___sub_accordion_8" class="collapse job_list___sub_multi_collapse" id="job_list___sub_collapse_8_1"><div class="card-body"><div class="work-item"><div class="alert alert-danger test-outcome" role="alert"><p>SURVIVED</p><p>worker outcome: normal</p><p>test outcome: survived</p></div></div><pre class="location"><a href="pycharm://open?file=source/most_freq.py&amp;line=68" class="text-secondary"><button class="btn btn-outline-dark">source/most_freq.py, start pos: (68, 23), end pos: (68, 24)</button></a></pre><pre>operator: core/ReplaceBinaryOperator_Add_LShift, occurrence: 0</pre><div class="alert alert-secondary"><pre class="diff">--- mutation diff ---
--- asource/most_freq.py
+++ bsource/most_freq.py
@@ -65,7 +65,7 @@
       Output SOp of sort program.
     """
     keys = rasp.SequenceMap(
-        lambda x, i: x + min_key * i / max_seq_len, keys, rasp.indices
+        lambda x, i: x &lt;&lt; min_key * i / max_seq_len, keys, rasp.indices
     )
     return make_sort_unique(vals, keys)
 </pre></div><div class="alert alert-secondary"><pre class="diff">============================= test session starts ==============================
platform linux -- Python 3.10.12, pytest-8.3.4, pluggy-1.5.0
rootdir: /home/andre-silva/RASPing
configfile: pyproject.toml
plugins: anyio-4.8.0
collected 3 items

tests/test_most_freq.py ssunsupported operand type(s) for &lt;&lt;: 'int' and 'float'
UNCOMPILABLE MODEL
.

========================= 1 passed, 2 skipped in 1.89s =========================
</pre></div></div></div></div></div><div class="mb-1" id="job_list___sub_accordion_9"><div class="card"><a data-toggle="collapse" data-target="#job_list___sub_collapse_9_1" aria-expanded="false" aria-controls="job_list___sub_collapse_9_1" href="#" class="job_list___sub_multi_heading"><div role="alert" class="card-header alert-danger" id="job_list___sub_heading_9_1"><button class="btn btn-outline-danger"><span class="job_id">9 : Job ID 2083494da59b4682a5384fb7888f38d8</span></button></div></a><div aria-labelledby="job_list___sub_heading_9_1" data-parent="#job_list___sub_accordion_9" class="collapse job_list___sub_multi_collapse" id="job_list___sub_collapse_9_1"><div class="card-body"><div class="work-item"><div class="alert alert-danger test-outcome" role="alert"><p>SURVIVED</p><p>worker outcome: normal</p><p>test outcome: survived</p></div></div><pre class="location"><a href="pycharm://open?file=source/most_freq.py&amp;line=68" class="text-secondary"><button class="btn btn-outline-dark">source/most_freq.py, start pos: (68, 23), end pos: (68, 24)</button></a></pre><pre>operator: core/ReplaceBinaryOperator_Add_BitOr, occurrence: 0</pre><div class="alert alert-secondary"><pre class="diff">--- mutation diff ---
--- asource/most_freq.py
+++ bsource/most_freq.py
@@ -65,7 +65,7 @@
       Output SOp of sort program.
     """
     keys = rasp.SequenceMap(
-        lambda x, i: x + min_key * i / max_seq_len, keys, rasp.indices
+        lambda x, i: x | min_key * i / max_seq_len, keys, rasp.indices
     )
     return make_sort_unique(vals, keys)
 </pre></div><div class="alert alert-secondary"><pre class="diff">============================= test session starts ==============================
platform linux -- Python 3.10.12, pytest-8.3.4, pluggy-1.5.0
rootdir: /home/andre-silva/RASPing
configfile: pyproject.toml
plugins: anyio-4.8.0
collected 3 items

tests/test_most_freq.py ssunsupported operand type(s) for |: 'int' and 'float'
UNCOMPILABLE MODEL
.

========================= 1 passed, 2 skipped in 1.90s =========================
</pre></div></div></div></div></div><div class="mb-1" id="job_list___sub_accordion_10"><div class="card"><a data-toggle="collapse" data-target="#job_list___sub_collapse_10_1" aria-expanded="false" aria-controls="job_list___sub_collapse_10_1" href="#" class="job_list___sub_multi_heading"><div role="alert" class="card-header alert-danger" id="job_list___sub_heading_10_1"><button class="btn btn-outline-danger"><span class="job_id">10 : Job ID e4a0bb883a0e43a7a123e080811b1741</span></button></div></a><div aria-labelledby="job_list___sub_heading_10_1" data-parent="#job_list___sub_accordion_10" class="collapse job_list___sub_multi_collapse" id="job_list___sub_collapse_10_1"><div class="card-body"><div class="work-item"><div class="alert alert-danger test-outcome" role="alert"><p>SURVIVED</p><p>worker outcome: normal</p><p>test outcome: survived</p></div></div><pre class="location"><a href="pycharm://open?file=source/most_freq.py&amp;line=68" class="text-secondary"><button class="btn btn-outline-dark">source/most_freq.py, start pos: (68, 23), end pos: (68, 24)</button></a></pre><pre>operator: core/ReplaceBinaryOperator_Add_BitAnd, occurrence: 0</pre><div class="alert alert-secondary"><pre class="diff">--- mutation diff ---
--- asource/most_freq.py
+++ bsource/most_freq.py
@@ -65,7 +65,7 @@
       Output SOp of sort program.
     """
     keys = rasp.SequenceMap(
-        lambda x, i: x + min_key * i / max_seq_len, keys, rasp.indices
+        lambda x, i: x &amp; min_key * i / max_seq_len, keys, rasp.indices
     )
     return make_sort_unique(vals, keys)
 </pre></div><div class="alert alert-secondary"><pre class="diff">============================= test session starts ==============================
platform linux -- Python 3.10.12, pytest-8.3.4, pluggy-1.5.0
rootdir: /home/andre-silva/RASPing
configfile: pyproject.toml
plugins: anyio-4.8.0
collected 3 items

tests/test_most_freq.py ssunsupported operand type(s) for &amp;: 'int' and 'float'
UNCOMPILABLE MODEL
.

========================= 1 passed, 2 skipped in 1.89s =========================
</pre></div></div></div></div></div><div class="mb-1" id="job_list___sub_accordion_11"><div class="card"><a data-toggle="collapse" data-target="#job_list___sub_collapse_11_1" aria-expanded="false" aria-controls="job_list___sub_collapse_11_1" href="#" class="job_list___sub_multi_heading"><div role="alert" class="card-header alert-danger" id="job_list___sub_heading_11_1"><button class="btn btn-outline-danger"><span class="job_id">11 : Job ID d76267d6a2d5475798d80833ad022070</span></button></div></a><div aria-labelledby="job_list___sub_heading_11_1" data-parent="#job_list___sub_accordion_11" class="collapse job_list___sub_multi_collapse" id="job_list___sub_collapse_11_1"><div class="card-body"><div class="work-item"><div class="alert alert-danger test-outcome" role="alert"><p>SURVIVED</p><p>worker outcome: normal</p><p>test outcome: survived</p></div></div><pre class="location"><a href="pycharm://open?file=source/most_freq.py&amp;line=68" class="text-secondary"><button class="btn btn-outline-dark">source/most_freq.py, start pos: (68, 23), end pos: (68, 24)</button></a></pre><pre>operator: core/ReplaceBinaryOperator_Add_BitXor, occurrence: 0</pre><div class="alert alert-secondary"><pre class="diff">--- mutation diff ---
--- asource/most_freq.py
+++ bsource/most_freq.py
@@ -65,7 +65,7 @@
       Output SOp of sort program.
     """
     keys = rasp.SequenceMap(
-        lambda x, i: x + min_key * i / max_seq_len, keys, rasp.indices
+        lambda x, i: x ^ min_key * i / max_seq_len, keys, rasp.indices
     )
     return make_sort_unique(vals, keys)
 </pre></div><div class="alert alert-secondary"><pre class="diff">============================= test session starts ==============================
platform linux -- Python 3.10.12, pytest-8.3.4, pluggy-1.5.0
rootdir: /home/andre-silva/RASPing
configfile: pyproject.toml
plugins: anyio-4.8.0
collected 3 items

tests/test_most_freq.py ssunsupported operand type(s) for ^: 'int' and 'float'
UNCOMPILABLE MODEL
.

========================= 1 passed, 2 skipped in 1.88s =========================
</pre></div></div></div></div></div><div class="mb-1" id="job_list___sub_accordion_12"><div class="card"><a data-toggle="collapse" data-target="#job_list___sub_collapse_12_1" aria-expanded="false" aria-controls="job_list___sub_collapse_12_1" href="#" class="job_list___sub_multi_heading"><div role="alert" class="card-header alert-danger" id="job_list___sub_heading_12_1"><button class="btn btn-outline-danger"><span class="job_id">12 : Job ID 0cdf8780b03a4331a0e2b7a8e2c1a0fc</span></button></div></a><div aria-labelledby="job_list___sub_heading_12_1" data-parent="#job_list___sub_accordion_12" class="collapse job_list___sub_multi_collapse" id="job_list___sub_collapse_12_1"><div class="card-body"><div class="work-item"><div class="alert alert-danger test-outcome" role="alert"><p>SURVIVED</p><p>worker outcome: normal</p><p>test outcome: survived</p></div></div><pre class="location"><a href="pycharm://open?file=source/most_freq.py&amp;line=68" class="text-secondary"><button class="btn btn-outline-dark">source/most_freq.py, start pos: (68, 33), end pos: (68, 34)</button></a></pre><pre>operator: core/ReplaceBinaryOperator_Mul_Add, occurrence: 0</pre><div class="alert alert-secondary"><pre class="diff">--- mutation diff ---
--- asource/most_freq.py
+++ bsource/most_freq.py
@@ -65,7 +65,7 @@
       Output SOp of sort program.
     """
     keys = rasp.SequenceMap(
-        lambda x, i: x + min_key * i / max_seq_len, keys, rasp.indices
+        lambda x, i: x + min_key + i / max_seq_len, keys, rasp.indices
     )
     return make_sort_unique(vals, keys)
 </pre></div><div class="alert alert-secondary"><pre class="diff">============================= test session starts ==============================
platform linux -- Python 3.10.12, pytest-8.3.4, pluggy-1.5.0
rootdir: /home/andre-silva/RASPing
configfile: pyproject.toml
plugins: anyio-4.8.0
collected 3 items

tests/test_most_freq.py ssAccuracy:  1.0
MODEL IS NOT BUGGY
.

======================== 1 passed, 2 skipped in 33.20s =========================
</pre></div></div></div></div></div><div class="mb-1" id="job_list___sub_accordion_13"><div class="card"><a data-toggle="collapse" data-target="#job_list___sub_collapse_13_1" aria-expanded="false" aria-controls="job_list___sub_collapse_13_1" href="#" class="job_list___sub_multi_heading"><div role="alert" class="card-header alert-success" id="job_list___sub_heading_13_1"><button class="btn btn-outline-success"><span class="job_id">13 : Job ID 487d635848a74df88a5a7ca02efc39df</span></button></div></a><div aria-labelledby="job_list___sub_heading_13_1" data-parent="#job_list___sub_accordion_13" class="collapse job_list___sub_multi_collapse" id="job_list___sub_collapse_13_1"><div class="card-body"><div class="work-item"><div class="alert alert-success test-outcome" role="alert"><p>worker outcome: normal</p><p>test outcome: killed</p></div></div><pre class="location"><a href="pycharm://open?file=source/most_freq.py&amp;line=87" class="text-secondary"><button class="btn btn-outline-dark">source/most_freq.py, start pos: (87, 14), end pos: (87, 15)</button></a></pre><pre>operator: core/ReplaceBinaryOperator_Mul_Add, occurrence: 1</pre><div class="alert alert-secondary"><pre class="diff">--- mutation diff ---
--- asource/most_freq.py
+++ bsource/most_freq.py
@@ -84,7 +84,7 @@
     Args:
       max_seq_len: Maximum sequence length (used to ensure keys are unique)
     """
-    hist = -1 * make_hist().named("hist")
+    hist = -1 + make_hist().named("hist")
     return make_sort(rasp.tokens, hist, max_seq_len=max_seq_len, min_key=1).named(
         "sort_freq"
     )</pre></div><div class="alert alert-secondary"><pre class="diff">============================= test session starts ==============================
platform linux -- Python 3.10.12, pytest-8.3.4, pluggy-1.5.0
rootdir: /home/andre-silva/RASPing
configfile: pyproject.toml
plugins: anyio-4.8.0
collected 3 items

tests/test_most_freq.py ssAccuracy:  0.04
F

=================================== FAILURES ===================================
___________________________ TestMostFreq.test_model ____________________________

self = &lt;tests.test_most_freq.TestMostFreq object at 0x7fb627455780&gt;

    def test_model(self):
&gt;       self.test()

tests/test_most_freq.py:21: 
_ _ _ _ _ _ _ _ _ _ _ _ _ _ _ _ _ _ _ _ _ _ _ _ _ _ _ _ _ _ _ _ _ _ _ _ _ _ _ _ 

self = &lt;tests.test_most_freq.TestMostFreq object at 0x7fb627455780&gt;

    @pytest.mark.skip(reason="This is not a test")
    def test(self):
        try:
            model = Model(self.model, self.inputs, self.maxLength, self.name)
        except Exception as e:
            # Survive if the model is not compilable (we want to kill the buggy ones)
            print(str(e))
            # Print message for post-processing
            print("UNCOMPILABLE MODEL")
            return
    
        accuracy = model.evaluateModel(
            self.testing_data, doPrint=False, outputArray=False, useAssert=False
        )
        # Print the accuracy for post-processing
        print("Accuracy: ", accuracy)
&gt;       assert accuracy == 1.0
E       AssertionError

tests/test.py:47: AssertionError
=========================== short test summary info ============================
FAILED tests/test_most_freq.py::TestMostFreq::test_model - AssertionError
======================== 1 failed, 2 skipped in 33.29s =========================
</pre></div></div></div></div></div><div class="mb-1" id="job_list___sub_accordion_14"><div class="card"><a data-toggle="collapse" data-target="#job_list___sub_collapse_14_1" aria-expanded="false" aria-controls="job_list___sub_collapse_14_1" href="#" class="job_list___sub_multi_heading"><div role="alert" class="card-header alert-success" id="job_list___sub_heading_14_1"><button class="btn btn-outline-success"><span class="job_id">14 : Job ID 03a0ef656c0e420c919d416fba860f0c</span></button></div></a><div aria-labelledby="job_list___sub_heading_14_1" data-parent="#job_list___sub_accordion_14" class="collapse job_list___sub_multi_collapse" id="job_list___sub_collapse_14_1"><div class="card-body"><div class="work-item"><div class="alert alert-success test-outcome" role="alert"><p>worker outcome: normal</p><p>test outcome: killed</p></div></div><pre class="location"><a href="pycharm://open?file=source/most_freq.py&amp;line=68" class="text-secondary"><button class="btn btn-outline-dark">source/most_freq.py, start pos: (68, 33), end pos: (68, 34)</button></a></pre><pre>operator: core/ReplaceBinaryOperator_Mul_Sub, occurrence: 0</pre><div class="alert alert-secondary"><pre class="diff">--- mutation diff ---
--- asource/most_freq.py
+++ bsource/most_freq.py
@@ -65,7 +65,7 @@
       Output SOp of sort program.
     """
     keys = rasp.SequenceMap(
-        lambda x, i: x + min_key * i / max_seq_len, keys, rasp.indices
+        lambda x, i: x + min_key - i / max_seq_len, keys, rasp.indices
     )
     return make_sort_unique(vals, keys)
 </pre></div><div class="alert alert-secondary"><pre class="diff">============================= test session starts ==============================
platform linux -- Python 3.10.12, pytest-8.3.4, pluggy-1.5.0
rootdir: /home/andre-silva/RASPing
configfile: pyproject.toml
plugins: anyio-4.8.0
collected 3 items

tests/test_most_freq.py ssAccuracy:  0.18
F

=================================== FAILURES ===================================
___________________________ TestMostFreq.test_model ____________________________

self = &lt;tests.test_most_freq.TestMostFreq object at 0x7fa42de596c0&gt;

    def test_model(self):
&gt;       self.test()

tests/test_most_freq.py:21: 
_ _ _ _ _ _ _ _ _ _ _ _ _ _ _ _ _ _ _ _ _ _ _ _ _ _ _ _ _ _ _ _ _ _ _ _ _ _ _ _ 

self = &lt;tests.test_most_freq.TestMostFreq object at 0x7fa42de596c0&gt;

    @pytest.mark.skip(reason="This is not a test")
    def test(self):
        try:
            model = Model(self.model, self.inputs, self.maxLength, self.name)
        except Exception as e:
            # Survive if the model is not compilable (we want to kill the buggy ones)
            print(str(e))
            # Print message for post-processing
            print("UNCOMPILABLE MODEL")
            return
    
        accuracy = model.evaluateModel(
            self.testing_data, doPrint=False, outputArray=False, useAssert=False
        )
        # Print the accuracy for post-processing
        print("Accuracy: ", accuracy)
&gt;       assert accuracy == 1.0
E       AssertionError

tests/test.py:47: AssertionError
=========================== short test summary info ============================
FAILED tests/test_most_freq.py::TestMostFreq::test_model - AssertionError
======================== 1 failed, 2 skipped in 33.98s =========================
</pre></div></div></div></div></div><div class="mb-1" id="job_list___sub_accordion_15"><div class="card"><a data-toggle="collapse" data-target="#job_list___sub_collapse_15_1" aria-expanded="false" aria-controls="job_list___sub_collapse_15_1" href="#" class="job_list___sub_multi_heading"><div role="alert" class="card-header alert-danger" id="job_list___sub_heading_15_1"><button class="btn btn-outline-danger"><span class="job_id">15 : Job ID 2092e44e7627417891dc8a8c2882eb31</span></button></div></a><div aria-labelledby="job_list___sub_heading_15_1" data-parent="#job_list___sub_accordion_15" class="collapse job_list___sub_multi_collapse" id="job_list___sub_collapse_15_1"><div class="card-body"><div class="work-item"><div class="alert alert-danger test-outcome" role="alert"><p>SURVIVED</p><p>worker outcome: normal</p><p>test outcome: survived</p></div></div><pre class="location"><a href="pycharm://open?file=source/most_freq.py&amp;line=87" class="text-secondary"><button class="btn btn-outline-dark">source/most_freq.py, start pos: (87, 14), end pos: (87, 15)</button></a></pre><pre>operator: core/ReplaceBinaryOperator_Mul_Sub, occurrence: 1</pre><div class="alert alert-secondary"><pre class="diff">--- mutation diff ---
--- asource/most_freq.py
+++ bsource/most_freq.py
@@ -84,7 +84,7 @@
     Args:
       max_seq_len: Maximum sequence length (used to ensure keys are unique)
     """
-    hist = -1 * make_hist().named("hist")
+    hist = -1 - make_hist().named("hist")
     return make_sort(rasp.tokens, hist, max_seq_len=max_seq_len, min_key=1).named(
         "sort_freq"
     )</pre></div><div class="alert alert-secondary"><pre class="diff">============================= test session starts ==============================
platform linux -- Python 3.10.12, pytest-8.3.4, pluggy-1.5.0
rootdir: /home/andre-silva/RASPing
configfile: pyproject.toml
plugins: anyio-4.8.0
collected 3 items

tests/test_most_freq.py ssAccuracy:  1.0
MODEL IS NOT BUGGY
.

======================== 1 passed, 2 skipped in 33.80s =========================
</pre></div></div></div></div></div><div class="mb-1" id="job_list___sub_accordion_16"><div class="card"><a data-toggle="collapse" data-target="#job_list___sub_collapse_16_1" aria-expanded="false" aria-controls="job_list___sub_collapse_16_1" href="#" class="job_list___sub_multi_heading"><div role="alert" class="card-header alert-danger" id="job_list___sub_heading_16_1"><button class="btn btn-outline-danger"><span class="job_id">16 : Job ID 5bb43798a2cf428991306030a80c0c5c</span></button></div></a><div aria-labelledby="job_list___sub_heading_16_1" data-parent="#job_list___sub_accordion_16" class="collapse job_list___sub_multi_collapse" id="job_list___sub_collapse_16_1"><div class="card-body"><div class="work-item"><div class="alert alert-danger test-outcome" role="alert"><p>SURVIVED</p><p>worker outcome: normal</p><p>test outcome: survived</p></div></div><pre class="location"><a href="pycharm://open?file=source/most_freq.py&amp;line=68" class="text-secondary"><button class="btn btn-outline-dark">source/most_freq.py, start pos: (68, 33), end pos: (68, 34)</button></a></pre><pre>operator: core/ReplaceBinaryOperator_Mul_Div, occurrence: 0</pre><div class="alert alert-secondary"><pre class="diff">--- mutation diff ---
--- asource/most_freq.py
+++ bsource/most_freq.py
@@ -65,7 +65,7 @@
       Output SOp of sort program.
     """
     keys = rasp.SequenceMap(
-        lambda x, i: x + min_key * i / max_seq_len, keys, rasp.indices
+        lambda x, i: x + min_key / i / max_seq_len, keys, rasp.indices
     )
     return make_sort_unique(vals, keys)
 </pre></div><div class="alert alert-secondary"><pre class="diff">============================= test session starts ==============================
platform linux -- Python 3.10.12, pytest-8.3.4, pluggy-1.5.0
rootdir: /home/andre-silva/RASPing
configfile: pyproject.toml
plugins: anyio-4.8.0
collected 3 items

tests/test_most_freq.py ssdivision by zero
UNCOMPILABLE MODEL
.

========================= 1 passed, 2 skipped in 1.92s =========================
</pre></div></div></div></div></div><div class="mb-1" id="job_list___sub_accordion_17"><div class="card"><a data-toggle="collapse" data-target="#job_list___sub_collapse_17_1" aria-expanded="false" aria-controls="job_list___sub_collapse_17_1" href="#" class="job_list___sub_multi_heading"><div role="alert" class="card-header alert-danger" id="job_list___sub_heading_17_1"><button class="btn btn-outline-danger"><span class="job_id">17 : Job ID 64934e5717ac4936ba6e5e2fc9963a5d</span></button></div></a><div aria-labelledby="job_list___sub_heading_17_1" data-parent="#job_list___sub_accordion_17" class="collapse job_list___sub_multi_collapse" id="job_list___sub_collapse_17_1"><div class="card-body"><div class="work-item"><div class="alert alert-danger test-outcome" role="alert"><p>SURVIVED</p><p>worker outcome: normal</p><p>test outcome: survived</p></div></div><pre class="location"><a href="pycharm://open?file=source/most_freq.py&amp;line=87" class="text-secondary"><button class="btn btn-outline-dark">source/most_freq.py, start pos: (87, 14), end pos: (87, 15)</button></a></pre><pre>operator: core/ReplaceBinaryOperator_Mul_Div, occurrence: 1</pre><div class="alert alert-secondary"><pre class="diff">--- mutation diff ---
--- asource/most_freq.py
+++ bsource/most_freq.py
@@ -84,7 +84,7 @@
     Args:
       max_seq_len: Maximum sequence length (used to ensure keys are unique)
     """
-    hist = -1 * make_hist().named("hist")
+    hist = -1 / make_hist().named("hist")
     return make_sort(rasp.tokens, hist, max_seq_len=max_seq_len, min_key=1).named(
         "sort_freq"
     )</pre></div><div class="alert alert-secondary"><pre class="diff">============================= test session starts ==============================
platform linux -- Python 3.10.12, pytest-8.3.4, pluggy-1.5.0
rootdir: /home/andre-silva/RASPing
configfile: pyproject.toml
plugins: anyio-4.8.0
collected 3 items

tests/test_most_freq.py ssdivision by zero
UNCOMPILABLE MODEL
.

========================= 1 passed, 2 skipped in 2.02s =========================
</pre></div></div></div></div></div><div class="mb-1" id="job_list___sub_accordion_18"><div class="card"><a data-toggle="collapse" data-target="#job_list___sub_collapse_18_1" aria-expanded="false" aria-controls="job_list___sub_collapse_18_1" href="#" class="job_list___sub_multi_heading"><div role="alert" class="card-header alert-danger" id="job_list___sub_heading_18_1"><button class="btn btn-outline-danger"><span class="job_id">18 : Job ID ed5fd320fb8747a9bca6a000cd942a2b</span></button></div></a><div aria-labelledby="job_list___sub_heading_18_1" data-parent="#job_list___sub_accordion_18" class="collapse job_list___sub_multi_collapse" id="job_list___sub_collapse_18_1"><div class="card-body"><div class="work-item"><div class="alert alert-danger test-outcome" role="alert"><p>SURVIVED</p><p>worker outcome: normal</p><p>test outcome: survived</p></div></div><pre class="location"><a href="pycharm://open?file=source/most_freq.py&amp;line=68" class="text-secondary"><button class="btn btn-outline-dark">source/most_freq.py, start pos: (68, 33), end pos: (68, 34)</button></a></pre><pre>operator: core/ReplaceBinaryOperator_Mul_FloorDiv, occurrence: 0</pre><div class="alert alert-secondary"><pre class="diff">--- mutation diff ---
--- asource/most_freq.py
+++ bsource/most_freq.py
@@ -65,7 +65,7 @@
       Output SOp of sort program.
     """
     keys = rasp.SequenceMap(
-        lambda x, i: x + min_key * i / max_seq_len, keys, rasp.indices
+        lambda x, i: x + min_key // i / max_seq_len, keys, rasp.indices
     )
     return make_sort_unique(vals, keys)
 </pre></div><div class="alert alert-secondary"><pre class="diff">============================= test session starts ==============================
platform linux -- Python 3.10.12, pytest-8.3.4, pluggy-1.5.0
rootdir: /home/andre-silva/RASPing
configfile: pyproject.toml
plugins: anyio-4.8.0
collected 3 items

tests/test_most_freq.py ssinteger division or modulo by zero
UNCOMPILABLE MODEL
.

========================= 1 passed, 2 skipped in 1.89s =========================
</pre></div></div></div></div></div><div class="mb-1" id="job_list___sub_accordion_19"><div class="card"><a data-toggle="collapse" data-target="#job_list___sub_collapse_19_1" aria-expanded="false" aria-controls="job_list___sub_collapse_19_1" href="#" class="job_list___sub_multi_heading"><div role="alert" class="card-header alert-success" id="job_list___sub_heading_19_1"><button class="btn btn-outline-success"><span class="job_id">19 : Job ID 78daed87a5a54bc38fe7d1ad9a94718f</span></button></div></a><div aria-labelledby="job_list___sub_heading_19_1" data-parent="#job_list___sub_accordion_19" class="collapse job_list___sub_multi_collapse" id="job_list___sub_collapse_19_1"><div class="card-body"><div class="work-item"><div class="alert alert-success test-outcome" role="alert"><p>worker outcome: normal</p><p>test outcome: killed</p></div></div><pre class="location"><a href="pycharm://open?file=source/most_freq.py&amp;line=87" class="text-secondary"><button class="btn btn-outline-dark">source/most_freq.py, start pos: (87, 14), end pos: (87, 15)</button></a></pre><pre>operator: core/ReplaceBinaryOperator_Mul_FloorDiv, occurrence: 1</pre><div class="alert alert-secondary"><pre class="diff">--- mutation diff ---
--- asource/most_freq.py
+++ bsource/most_freq.py
@@ -84,7 +84,7 @@
     Args:
       max_seq_len: Maximum sequence length (used to ensure keys are unique)
     """
-    hist = -1 * make_hist().named("hist")
+    hist = -1 // make_hist().named("hist")
     return make_sort(rasp.tokens, hist, max_seq_len=max_seq_len, min_key=1).named(
         "sort_freq"
     )</pre></div><div class="alert alert-secondary"><pre class="diff">============================= test session starts ==============================
platform linux -- Python 3.10.12, pytest-8.3.4, pluggy-1.5.0
rootdir: /home/andre-silva/RASPing
configfile: pyproject.toml
plugins: anyio-4.8.0
collected 3 items

tests/test_most_freq.py ssE

==================================== ERRORS ====================================
__________________ ERROR at setup of TestMostFreq.test_model ___________________

self = &lt;tests.test_most_freq.TestMostFreq object at 0x7f6011779720&gt;
method = &lt;bound method TestMostFreq.test_model of &lt;tests.test_most_freq.TestMostFreq object at 0x7f6011779720&gt;&gt;

    def setup_method(self, method):
&gt;       self.__setup__(make_sort_freq(self.maxLength), "most-freq")

tests/test_most_freq.py:18: 
_ _ _ _ _ _ _ _ _ _ _ _ _ _ _ _ _ _ _ _ _ _ _ _ _ _ _ _ _ _ _ _ _ _ _ _ _ _ _ _ 

max_seq_len = 10

    def make_sort_freq(max_seq_len: int) -&gt; rasp.SOp:
        """Returns tokens sorted by the frequency they appear in the input.
    
        Tokens the appear the same amount of times are output in the same order as in
        the input.
    
        Example usage:
          sort = make_sort_freq(rasp.tokens, rasp.tokens, 5)
          sort([2, 4, 2, 1])
          &gt;&gt; [2, 2, 4, 1]
    
        Args:
          max_seq_len: Maximum sequence length (used to ensure keys are unique)
        """
&gt;       hist = -1 // make_hist().named("hist")
E       TypeError: unsupported operand type(s) for //: 'int' and 'SelectorWidth'

source/most_freq.py:87: TypeError
=========================== short test summary info ============================
ERROR tests/test_most_freq.py::TestMostFreq::test_model - TypeError: unsuppor...
========================= 2 skipped, 1 error in 1.97s ==========================
</pre></div></div></div></div></div><div class="mb-1" id="job_list___sub_accordion_20"><div class="card"><a data-toggle="collapse" data-target="#job_list___sub_collapse_20_1" aria-expanded="false" aria-controls="job_list___sub_collapse_20_1" href="#" class="job_list___sub_multi_heading"><div role="alert" class="card-header alert-danger" id="job_list___sub_heading_20_1"><button class="btn btn-outline-danger"><span class="job_id">20 : Job ID 46e685d0a7374ec286aa20677d6c469e</span></button></div></a><div aria-labelledby="job_list___sub_heading_20_1" data-parent="#job_list___sub_accordion_20" class="collapse job_list___sub_multi_collapse" id="job_list___sub_collapse_20_1"><div class="card-body"><div class="work-item"><div class="alert alert-danger test-outcome" role="alert"><p>SURVIVED</p><p>worker outcome: normal</p><p>test outcome: survived</p></div></div><pre class="location"><a href="pycharm://open?file=source/most_freq.py&amp;line=68" class="text-secondary"><button class="btn btn-outline-dark">source/most_freq.py, start pos: (68, 33), end pos: (68, 34)</button></a></pre><pre>operator: core/ReplaceBinaryOperator_Mul_Mod, occurrence: 0</pre><div class="alert alert-secondary"><pre class="diff">--- mutation diff ---
--- asource/most_freq.py
+++ bsource/most_freq.py
@@ -65,7 +65,7 @@
       Output SOp of sort program.
     """
     keys = rasp.SequenceMap(
-        lambda x, i: x + min_key * i / max_seq_len, keys, rasp.indices
+        lambda x, i: x + min_key % i / max_seq_len, keys, rasp.indices
     )
     return make_sort_unique(vals, keys)
 </pre></div><div class="alert alert-secondary"><pre class="diff">============================= test session starts ==============================
platform linux -- Python 3.10.12, pytest-8.3.4, pluggy-1.5.0
rootdir: /home/andre-silva/RASPing
configfile: pyproject.toml
plugins: anyio-4.8.0
collected 3 items

tests/test_most_freq.py ssinteger division or modulo by zero
UNCOMPILABLE MODEL
.

========================= 1 passed, 2 skipped in 1.90s =========================
</pre></div></div></div></div></div><div class="mb-1" id="job_list___sub_accordion_21"><div class="card"><a data-toggle="collapse" data-target="#job_list___sub_collapse_21_1" aria-expanded="false" aria-controls="job_list___sub_collapse_21_1" href="#" class="job_list___sub_multi_heading"><div role="alert" class="card-header alert-success" id="job_list___sub_heading_21_1"><button class="btn btn-outline-success"><span class="job_id">21 : Job ID 9b9d2a97f61247b197d9bcd65483ba01</span></button></div></a><div aria-labelledby="job_list___sub_heading_21_1" data-parent="#job_list___sub_accordion_21" class="collapse job_list___sub_multi_collapse" id="job_list___sub_collapse_21_1"><div class="card-body"><div class="work-item"><div class="alert alert-success test-outcome" role="alert"><p>worker outcome: normal</p><p>test outcome: killed</p></div></div><pre class="location"><a href="pycharm://open?file=source/most_freq.py&amp;line=87" class="text-secondary"><button class="btn btn-outline-dark">source/most_freq.py, start pos: (87, 14), end pos: (87, 15)</button></a></pre><pre>operator: core/ReplaceBinaryOperator_Mul_Mod, occurrence: 1</pre><div class="alert alert-secondary"><pre class="diff">--- mutation diff ---
--- asource/most_freq.py
+++ bsource/most_freq.py
@@ -84,7 +84,7 @@
     Args:
       max_seq_len: Maximum sequence length (used to ensure keys are unique)
     """
-    hist = -1 * make_hist().named("hist")
+    hist = -1 % make_hist().named("hist")
     return make_sort(rasp.tokens, hist, max_seq_len=max_seq_len, min_key=1).named(
         "sort_freq"
     )</pre></div><div class="alert alert-secondary"><pre class="diff">============================= test session starts ==============================
platform linux -- Python 3.10.12, pytest-8.3.4, pluggy-1.5.0
rootdir: /home/andre-silva/RASPing
configfile: pyproject.toml
plugins: anyio-4.8.0
collected 3 items

tests/test_most_freq.py ssE

==================================== ERRORS ====================================
__________________ ERROR at setup of TestMostFreq.test_model ___________________

self = &lt;tests.test_most_freq.TestMostFreq object at 0x7f77811857e0&gt;
method = &lt;bound method TestMostFreq.test_model of &lt;tests.test_most_freq.TestMostFreq object at 0x7f77811857e0&gt;&gt;

    def setup_method(self, method):
&gt;       self.__setup__(make_sort_freq(self.maxLength), "most-freq")

tests/test_most_freq.py:18: 
_ _ _ _ _ _ _ _ _ _ _ _ _ _ _ _ _ _ _ _ _ _ _ _ _ _ _ _ _ _ _ _ _ _ _ _ _ _ _ _ 

max_seq_len = 10

    def make_sort_freq(max_seq_len: int) -&gt; rasp.SOp:
        """Returns tokens sorted by the frequency they appear in the input.
    
        Tokens the appear the same amount of times are output in the same order as in
        the input.
    
        Example usage:
          sort = make_sort_freq(rasp.tokens, rasp.tokens, 5)
          sort([2, 4, 2, 1])
          &gt;&gt; [2, 2, 4, 1]
    
        Args:
          max_seq_len: Maximum sequence length (used to ensure keys are unique)
        """
&gt;       hist = -1 % make_hist().named("hist")
E       TypeError: unsupported operand type(s) for %: 'int' and 'SelectorWidth'

source/most_freq.py:87: TypeError
=========================== short test summary info ============================
ERROR tests/test_most_freq.py::TestMostFreq::test_model - TypeError: unsuppor...
========================= 2 skipped, 1 error in 1.98s ==========================
</pre></div></div></div></div></div><div class="mb-1" id="job_list___sub_accordion_22"><div class="card"><a data-toggle="collapse" data-target="#job_list___sub_collapse_22_1" aria-expanded="false" aria-controls="job_list___sub_collapse_22_1" href="#" class="job_list___sub_multi_heading"><div role="alert" class="card-header alert-success" id="job_list___sub_heading_22_1"><button class="btn btn-outline-success"><span class="job_id">22 : Job ID 24bbfc502b31441e9f7b3fdb6a465ec1</span></button></div></a><div aria-labelledby="job_list___sub_heading_22_1" data-parent="#job_list___sub_accordion_22" class="collapse job_list___sub_multi_collapse" id="job_list___sub_collapse_22_1"><div class="card-body"><div class="work-item"><div class="alert alert-success test-outcome" role="alert"><p>worker outcome: normal</p><p>test outcome: killed</p></div></div><pre class="location"><a href="pycharm://open?file=source/most_freq.py&amp;line=68" class="text-secondary"><button class="btn btn-outline-dark">source/most_freq.py, start pos: (68, 33), end pos: (68, 34)</button></a></pre><pre>operator: core/ReplaceBinaryOperator_Mul_Pow, occurrence: 0</pre><div class="alert alert-secondary"><pre class="diff">--- mutation diff ---
--- asource/most_freq.py
+++ bsource/most_freq.py
@@ -65,7 +65,7 @@
       Output SOp of sort program.
     """
     keys = rasp.SequenceMap(
-        lambda x, i: x + min_key * i / max_seq_len, keys, rasp.indices
+        lambda x, i: x + min_key ** i / max_seq_len, keys, rasp.indices
     )
     return make_sort_unique(vals, keys)
 </pre></div><div class="alert alert-secondary"><pre class="diff">============================= test session starts ==============================
platform linux -- Python 3.10.12, pytest-8.3.4, pluggy-1.5.0
rootdir: /home/andre-silva/RASPing
configfile: pyproject.toml
plugins: anyio-4.8.0
collected 3 items

tests/test_most_freq.py ssAccuracy:  0.0
F

=================================== FAILURES ===================================
___________________________ TestMostFreq.test_model ____________________________

self = &lt;tests.test_most_freq.TestMostFreq object at 0x7f644838d630&gt;

    def test_model(self):
&gt;       self.test()

tests/test_most_freq.py:21: 
_ _ _ _ _ _ _ _ _ _ _ _ _ _ _ _ _ _ _ _ _ _ _ _ _ _ _ _ _ _ _ _ _ _ _ _ _ _ _ _ 

self = &lt;tests.test_most_freq.TestMostFreq object at 0x7f644838d630&gt;

    @pytest.mark.skip(reason="This is not a test")
    def test(self):
        try:
            model = Model(self.model, self.inputs, self.maxLength, self.name)
        except Exception as e:
            # Survive if the model is not compilable (we want to kill the buggy ones)
            print(str(e))
            # Print message for post-processing
            print("UNCOMPILABLE MODEL")
            return
    
        accuracy = model.evaluateModel(
            self.testing_data, doPrint=False, outputArray=False, useAssert=False
        )
        # Print the accuracy for post-processing
        print("Accuracy: ", accuracy)
&gt;       assert accuracy == 1.0
E       AssertionError

tests/test.py:47: AssertionError
=========================== short test summary info ============================
FAILED tests/test_most_freq.py::TestMostFreq::test_model - AssertionError
======================== 1 failed, 2 skipped in 21.45s =========================
</pre></div></div></div></div></div><div class="mb-1" id="job_list___sub_accordion_23"><div class="card"><a data-toggle="collapse" data-target="#job_list___sub_collapse_23_1" aria-expanded="false" aria-controls="job_list___sub_collapse_23_1" href="#" class="job_list___sub_multi_heading"><div role="alert" class="card-header alert-success" id="job_list___sub_heading_23_1"><button class="btn btn-outline-success"><span class="job_id">23 : Job ID 9162989cae214860b6386c681961994b</span></button></div></a><div aria-labelledby="job_list___sub_heading_23_1" data-parent="#job_list___sub_accordion_23" class="collapse job_list___sub_multi_collapse" id="job_list___sub_collapse_23_1"><div class="card-body"><div class="work-item"><div class="alert alert-success test-outcome" role="alert"><p>worker outcome: normal</p><p>test outcome: killed</p></div></div><pre class="location"><a href="pycharm://open?file=source/most_freq.py&amp;line=87" class="text-secondary"><button class="btn btn-outline-dark">source/most_freq.py, start pos: (87, 14), end pos: (87, 15)</button></a></pre><pre>operator: core/ReplaceBinaryOperator_Mul_Pow, occurrence: 1</pre><div class="alert alert-secondary"><pre class="diff">--- mutation diff ---
--- asource/most_freq.py
+++ bsource/most_freq.py
@@ -84,7 +84,7 @@
     Args:
       max_seq_len: Maximum sequence length (used to ensure keys are unique)
     """
-    hist = -1 * make_hist().named("hist")
+    hist = -1 ** make_hist().named("hist")
     return make_sort(rasp.tokens, hist, max_seq_len=max_seq_len, min_key=1).named(
         "sort_freq"
     )</pre></div><div class="alert alert-secondary"><pre class="diff">============================= test session starts ==============================
platform linux -- Python 3.10.12, pytest-8.3.4, pluggy-1.5.0
rootdir: /home/andre-silva/RASPing
configfile: pyproject.toml
plugins: anyio-4.8.0
collected 3 items

tests/test_most_freq.py ssE

==================================== ERRORS ====================================
__________________ ERROR at setup of TestMostFreq.test_model ___________________

self = &lt;tests.test_most_freq.TestMostFreq object at 0x7f75c23656c0&gt;
method = &lt;bound method TestMostFreq.test_model of &lt;tests.test_most_freq.TestMostFreq object at 0x7f75c23656c0&gt;&gt;

    def setup_method(self, method):
&gt;       self.__setup__(make_sort_freq(self.maxLength), "most-freq")

tests/test_most_freq.py:18: 
_ _ _ _ _ _ _ _ _ _ _ _ _ _ _ _ _ _ _ _ _ _ _ _ _ _ _ _ _ _ _ _ _ _ _ _ _ _ _ _ 

max_seq_len = 10

    def make_sort_freq(max_seq_len: int) -&gt; rasp.SOp:
        """Returns tokens sorted by the frequency they appear in the input.
    
        Tokens the appear the same amount of times are output in the same order as in
        the input.
    
        Example usage:
          sort = make_sort_freq(rasp.tokens, rasp.tokens, 5)
          sort([2, 4, 2, 1])
          &gt;&gt; [2, 2, 4, 1]
    
        Args:
          max_seq_len: Maximum sequence length (used to ensure keys are unique)
        """
&gt;       hist = -1 ** make_hist().named("hist")
E       TypeError: unsupported operand type(s) for ** or pow(): 'int' and 'SelectorWidth'

source/most_freq.py:87: TypeError
=========================== short test summary info ============================
ERROR tests/test_most_freq.py::TestMostFreq::test_model - TypeError: unsuppor...
========================= 2 skipped, 1 error in 1.98s ==========================
</pre></div></div></div></div></div><div class="mb-1" id="job_list___sub_accordion_24"><div class="card"><a data-toggle="collapse" data-target="#job_list___sub_collapse_24_1" aria-expanded="false" aria-controls="job_list___sub_collapse_24_1" href="#" class="job_list___sub_multi_heading"><div role="alert" class="card-header alert-danger" id="job_list___sub_heading_24_1"><button class="btn btn-outline-danger"><span class="job_id">24 : Job ID c9fb1fe918684f509b516ebaf15207e9</span></button></div></a><div aria-labelledby="job_list___sub_heading_24_1" data-parent="#job_list___sub_accordion_24" class="collapse job_list___sub_multi_collapse" id="job_list___sub_collapse_24_1"><div class="card-body"><div class="work-item"><div class="alert alert-danger test-outcome" role="alert"><p>SURVIVED</p><p>worker outcome: normal</p><p>test outcome: survived</p></div></div><pre class="location"><a href="pycharm://open?file=source/most_freq.py&amp;line=68" class="text-secondary"><button class="btn btn-outline-dark">source/most_freq.py, start pos: (68, 33), end pos: (68, 34)</button></a></pre><pre>operator: core/ReplaceBinaryOperator_Mul_RShift, occurrence: 0</pre><div class="alert alert-secondary"><pre class="diff">--- mutation diff ---
--- asource/most_freq.py
+++ bsource/most_freq.py
@@ -65,7 +65,7 @@
       Output SOp of sort program.
     """
     keys = rasp.SequenceMap(
-        lambda x, i: x + min_key * i / max_seq_len, keys, rasp.indices
+        lambda x, i: x + min_key &gt;&gt; i / max_seq_len, keys, rasp.indices
     )
     return make_sort_unique(vals, keys)
 </pre></div><div class="alert alert-secondary"><pre class="diff">============================= test session starts ==============================
platform linux -- Python 3.10.12, pytest-8.3.4, pluggy-1.5.0
rootdir: /home/andre-silva/RASPing
configfile: pyproject.toml
plugins: anyio-4.8.0
collected 3 items

tests/test_most_freq.py ssunsupported operand type(s) for &gt;&gt;: 'int' and 'float'
UNCOMPILABLE MODEL
.

========================= 1 passed, 2 skipped in 1.86s =========================
</pre></div></div></div></div></div><div class="mb-1" id="job_list___sub_accordion_25"><div class="card"><a data-toggle="collapse" data-target="#job_list___sub_collapse_25_1" aria-expanded="false" aria-controls="job_list___sub_collapse_25_1" href="#" class="job_list___sub_multi_heading"><div role="alert" class="card-header alert-success" id="job_list___sub_heading_25_1"><button class="btn btn-outline-success"><span class="job_id">25 : Job ID 5d53f5b8d8de48b99ba2d04980b4e7ca</span></button></div></a><div aria-labelledby="job_list___sub_heading_25_1" data-parent="#job_list___sub_accordion_25" class="collapse job_list___sub_multi_collapse" id="job_list___sub_collapse_25_1"><div class="card-body"><div class="work-item"><div class="alert alert-success test-outcome" role="alert"><p>worker outcome: normal</p><p>test outcome: killed</p></div></div><pre class="location"><a href="pycharm://open?file=source/most_freq.py&amp;line=87" class="text-secondary"><button class="btn btn-outline-dark">source/most_freq.py, start pos: (87, 14), end pos: (87, 15)</button></a></pre><pre>operator: core/ReplaceBinaryOperator_Mul_RShift, occurrence: 1</pre><div class="alert alert-secondary"><pre class="diff">--- mutation diff ---
--- asource/most_freq.py
+++ bsource/most_freq.py
@@ -84,7 +84,7 @@
     Args:
       max_seq_len: Maximum sequence length (used to ensure keys are unique)
     """
-    hist = -1 * make_hist().named("hist")
+    hist = -1 &gt;&gt; make_hist().named("hist")
     return make_sort(rasp.tokens, hist, max_seq_len=max_seq_len, min_key=1).named(
         "sort_freq"
     )</pre></div><div class="alert alert-secondary"><pre class="diff">============================= test session starts ==============================
platform linux -- Python 3.10.12, pytest-8.3.4, pluggy-1.5.0
rootdir: /home/andre-silva/RASPing
configfile: pyproject.toml
plugins: anyio-4.8.0
collected 3 items

tests/test_most_freq.py ssE

==================================== ERRORS ====================================
__________________ ERROR at setup of TestMostFreq.test_model ___________________

self = &lt;tests.test_most_freq.TestMostFreq object at 0x7fd4ff985690&gt;
method = &lt;bound method TestMostFreq.test_model of &lt;tests.test_most_freq.TestMostFreq object at 0x7fd4ff985690&gt;&gt;

    def setup_method(self, method):
&gt;       self.__setup__(make_sort_freq(self.maxLength), "most-freq")

tests/test_most_freq.py:18: 
_ _ _ _ _ _ _ _ _ _ _ _ _ _ _ _ _ _ _ _ _ _ _ _ _ _ _ _ _ _ _ _ _ _ _ _ _ _ _ _ 

max_seq_len = 10

    def make_sort_freq(max_seq_len: int) -&gt; rasp.SOp:
        """Returns tokens sorted by the frequency they appear in the input.
    
        Tokens the appear the same amount of times are output in the same order as in
        the input.
    
        Example usage:
          sort = make_sort_freq(rasp.tokens, rasp.tokens, 5)
          sort([2, 4, 2, 1])
          &gt;&gt; [2, 2, 4, 1]
    
        Args:
          max_seq_len: Maximum sequence length (used to ensure keys are unique)
        """
&gt;       hist = -1 &gt;&gt; make_hist().named("hist")
E       TypeError: unsupported operand type(s) for &gt;&gt;: 'int' and 'SelectorWidth'

source/most_freq.py:87: TypeError
=========================== short test summary info ============================
ERROR tests/test_most_freq.py::TestMostFreq::test_model - TypeError: unsuppor...
========================= 2 skipped, 1 error in 1.97s ==========================
</pre></div></div></div></div></div><div class="mb-1" id="job_list___sub_accordion_26"><div class="card"><a data-toggle="collapse" data-target="#job_list___sub_collapse_26_1" aria-expanded="false" aria-controls="job_list___sub_collapse_26_1" href="#" class="job_list___sub_multi_heading"><div role="alert" class="card-header alert-danger" id="job_list___sub_heading_26_1"><button class="btn btn-outline-danger"><span class="job_id">26 : Job ID 764cdb48c9cf4585acd146620c6500d2</span></button></div></a><div aria-labelledby="job_list___sub_heading_26_1" data-parent="#job_list___sub_accordion_26" class="collapse job_list___sub_multi_collapse" id="job_list___sub_collapse_26_1"><div class="card-body"><div class="work-item"><div class="alert alert-danger test-outcome" role="alert"><p>SURVIVED</p><p>worker outcome: normal</p><p>test outcome: survived</p></div></div><pre class="location"><a href="pycharm://open?file=source/most_freq.py&amp;line=68" class="text-secondary"><button class="btn btn-outline-dark">source/most_freq.py, start pos: (68, 33), end pos: (68, 34)</button></a></pre><pre>operator: core/ReplaceBinaryOperator_Mul_LShift, occurrence: 0</pre><div class="alert alert-secondary"><pre class="diff">--- mutation diff ---
--- asource/most_freq.py
+++ bsource/most_freq.py
@@ -65,7 +65,7 @@
       Output SOp of sort program.
     """
     keys = rasp.SequenceMap(
-        lambda x, i: x + min_key * i / max_seq_len, keys, rasp.indices
+        lambda x, i: x + min_key &lt;&lt; i / max_seq_len, keys, rasp.indices
     )
     return make_sort_unique(vals, keys)
 </pre></div><div class="alert alert-secondary"><pre class="diff">============================= test session starts ==============================
platform linux -- Python 3.10.12, pytest-8.3.4, pluggy-1.5.0
rootdir: /home/andre-silva/RASPing
configfile: pyproject.toml
plugins: anyio-4.8.0
collected 3 items

tests/test_most_freq.py ssunsupported operand type(s) for &lt;&lt;: 'int' and 'float'
UNCOMPILABLE MODEL
.

========================= 1 passed, 2 skipped in 1.90s =========================
</pre></div></div></div></div></div><div class="mb-1" id="job_list___sub_accordion_27"><div class="card"><a data-toggle="collapse" data-target="#job_list___sub_collapse_27_1" aria-expanded="false" aria-controls="job_list___sub_collapse_27_1" href="#" class="job_list___sub_multi_heading"><div role="alert" class="card-header alert-success" id="job_list___sub_heading_27_1"><button class="btn btn-outline-success"><span class="job_id">27 : Job ID d7b23dbfe8c54a8da9562dc60af6c59e</span></button></div></a><div aria-labelledby="job_list___sub_heading_27_1" data-parent="#job_list___sub_accordion_27" class="collapse job_list___sub_multi_collapse" id="job_list___sub_collapse_27_1"><div class="card-body"><div class="work-item"><div class="alert alert-success test-outcome" role="alert"><p>worker outcome: normal</p><p>test outcome: killed</p></div></div><pre class="location"><a href="pycharm://open?file=source/most_freq.py&amp;line=87" class="text-secondary"><button class="btn btn-outline-dark">source/most_freq.py, start pos: (87, 14), end pos: (87, 15)</button></a></pre><pre>operator: core/ReplaceBinaryOperator_Mul_LShift, occurrence: 1</pre><div class="alert alert-secondary"><pre class="diff">--- mutation diff ---
--- asource/most_freq.py
+++ bsource/most_freq.py
@@ -84,7 +84,7 @@
     Args:
       max_seq_len: Maximum sequence length (used to ensure keys are unique)
     """
-    hist = -1 * make_hist().named("hist")
+    hist = -1 &lt;&lt; make_hist().named("hist")
     return make_sort(rasp.tokens, hist, max_seq_len=max_seq_len, min_key=1).named(
         "sort_freq"
     )</pre></div><div class="alert alert-secondary"><pre class="diff">============================= test session starts ==============================
platform linux -- Python 3.10.12, pytest-8.3.4, pluggy-1.5.0
rootdir: /home/andre-silva/RASPing
configfile: pyproject.toml
plugins: anyio-4.8.0
collected 3 items

tests/test_most_freq.py ssE

==================================== ERRORS ====================================
__________________ ERROR at setup of TestMostFreq.test_model ___________________

self = &lt;tests.test_most_freq.TestMostFreq object at 0x7fd6cee756f0&gt;
method = &lt;bound method TestMostFreq.test_model of &lt;tests.test_most_freq.TestMostFreq object at 0x7fd6cee756f0&gt;&gt;

    def setup_method(self, method):
&gt;       self.__setup__(make_sort_freq(self.maxLength), "most-freq")

tests/test_most_freq.py:18: 
_ _ _ _ _ _ _ _ _ _ _ _ _ _ _ _ _ _ _ _ _ _ _ _ _ _ _ _ _ _ _ _ _ _ _ _ _ _ _ _ 

max_seq_len = 10

    def make_sort_freq(max_seq_len: int) -&gt; rasp.SOp:
        """Returns tokens sorted by the frequency they appear in the input.
    
        Tokens the appear the same amount of times are output in the same order as in
        the input.
    
        Example usage:
          sort = make_sort_freq(rasp.tokens, rasp.tokens, 5)
          sort([2, 4, 2, 1])
          &gt;&gt; [2, 2, 4, 1]
    
        Args:
          max_seq_len: Maximum sequence length (used to ensure keys are unique)
        """
&gt;       hist = -1 &lt;&lt; make_hist().named("hist")
E       TypeError: unsupported operand type(s) for &lt;&lt;: 'int' and 'SelectorWidth'

source/most_freq.py:87: TypeError
=========================== short test summary info ============================
ERROR tests/test_most_freq.py::TestMostFreq::test_model - TypeError: unsuppor...
========================= 2 skipped, 1 error in 1.98s ==========================
</pre></div></div></div></div></div><div class="mb-1" id="job_list___sub_accordion_28"><div class="card"><a data-toggle="collapse" data-target="#job_list___sub_collapse_28_1" aria-expanded="false" aria-controls="job_list___sub_collapse_28_1" href="#" class="job_list___sub_multi_heading"><div role="alert" class="card-header alert-danger" id="job_list___sub_heading_28_1"><button class="btn btn-outline-danger"><span class="job_id">28 : Job ID e60ce08c0bf540b58491cc5aae9f7604</span></button></div></a><div aria-labelledby="job_list___sub_heading_28_1" data-parent="#job_list___sub_accordion_28" class="collapse job_list___sub_multi_collapse" id="job_list___sub_collapse_28_1"><div class="card-body"><div class="work-item"><div class="alert alert-danger test-outcome" role="alert"><p>SURVIVED</p><p>worker outcome: normal</p><p>test outcome: survived</p></div></div><pre class="location"><a href="pycharm://open?file=source/most_freq.py&amp;line=68" class="text-secondary"><button class="btn btn-outline-dark">source/most_freq.py, start pos: (68, 33), end pos: (68, 34)</button></a></pre><pre>operator: core/ReplaceBinaryOperator_Mul_BitOr, occurrence: 0</pre><div class="alert alert-secondary"><pre class="diff">--- mutation diff ---
--- asource/most_freq.py
+++ bsource/most_freq.py
@@ -65,7 +65,7 @@
       Output SOp of sort program.
     """
     keys = rasp.SequenceMap(
-        lambda x, i: x + min_key * i / max_seq_len, keys, rasp.indices
+        lambda x, i: x + min_key | i / max_seq_len, keys, rasp.indices
     )
     return make_sort_unique(vals, keys)
 </pre></div><div class="alert alert-secondary"><pre class="diff">============================= test session starts ==============================
platform linux -- Python 3.10.12, pytest-8.3.4, pluggy-1.5.0
rootdir: /home/andre-silva/RASPing
configfile: pyproject.toml
plugins: anyio-4.8.0
collected 3 items

tests/test_most_freq.py ssunsupported operand type(s) for |: 'int' and 'float'
UNCOMPILABLE MODEL
.

========================= 1 passed, 2 skipped in 1.88s =========================
</pre></div></div></div></div></div><div class="mb-1" id="job_list___sub_accordion_29"><div class="card"><a data-toggle="collapse" data-target="#job_list___sub_collapse_29_1" aria-expanded="false" aria-controls="job_list___sub_collapse_29_1" href="#" class="job_list___sub_multi_heading"><div role="alert" class="card-header alert-success" id="job_list___sub_heading_29_1"><button class="btn btn-outline-success"><span class="job_id">29 : Job ID 4eba9b2631c64cdf9b88cb18e91ca532</span></button></div></a><div aria-labelledby="job_list___sub_heading_29_1" data-parent="#job_list___sub_accordion_29" class="collapse job_list___sub_multi_collapse" id="job_list___sub_collapse_29_1"><div class="card-body"><div class="work-item"><div class="alert alert-success test-outcome" role="alert"><p>worker outcome: normal</p><p>test outcome: killed</p></div></div><pre class="location"><a href="pycharm://open?file=source/most_freq.py&amp;line=87" class="text-secondary"><button class="btn btn-outline-dark">source/most_freq.py, start pos: (87, 14), end pos: (87, 15)</button></a></pre><pre>operator: core/ReplaceBinaryOperator_Mul_BitOr, occurrence: 1</pre><div class="alert alert-secondary"><pre class="diff">--- mutation diff ---
--- asource/most_freq.py
+++ bsource/most_freq.py
@@ -84,7 +84,7 @@
     Args:
       max_seq_len: Maximum sequence length (used to ensure keys are unique)
     """
-    hist = -1 * make_hist().named("hist")
+    hist = -1 | make_hist().named("hist")
     return make_sort(rasp.tokens, hist, max_seq_len=max_seq_len, min_key=1).named(
         "sort_freq"
     )</pre></div><div class="alert alert-secondary"><pre class="diff">============================= test session starts ==============================
platform linux -- Python 3.10.12, pytest-8.3.4, pluggy-1.5.0
rootdir: /home/andre-silva/RASPing
configfile: pyproject.toml
plugins: anyio-4.8.0
collected 3 items

tests/test_most_freq.py ssAccuracy:  0.04
F

=================================== FAILURES ===================================
___________________________ TestMostFreq.test_model ____________________________

self = &lt;tests.test_most_freq.TestMostFreq object at 0x7f84089995a0&gt;

    def test_model(self):
&gt;       self.test()

tests/test_most_freq.py:21: 
_ _ _ _ _ _ _ _ _ _ _ _ _ _ _ _ _ _ _ _ _ _ _ _ _ _ _ _ _ _ _ _ _ _ _ _ _ _ _ _ 

self = &lt;tests.test_most_freq.TestMostFreq object at 0x7f84089995a0&gt;

    @pytest.mark.skip(reason="This is not a test")
    def test(self):
        try:
            model = Model(self.model, self.inputs, self.maxLength, self.name)
        except Exception as e:
            # Survive if the model is not compilable (we want to kill the buggy ones)
            print(str(e))
            # Print message for post-processing
            print("UNCOMPILABLE MODEL")
            return
    
        accuracy = model.evaluateModel(
            self.testing_data, doPrint=False, outputArray=False, useAssert=False
        )
        # Print the accuracy for post-processing
        print("Accuracy: ", accuracy)
&gt;       assert accuracy == 1.0
E       AssertionError

tests/test.py:47: AssertionError
=========================== short test summary info ============================
FAILED tests/test_most_freq.py::TestMostFreq::test_model - AssertionError
======================== 1 failed, 2 skipped in 34.50s =========================
</pre></div></div></div></div></div><div class="mb-1" id="job_list___sub_accordion_30"><div class="card"><a data-toggle="collapse" data-target="#job_list___sub_collapse_30_1" aria-expanded="false" aria-controls="job_list___sub_collapse_30_1" href="#" class="job_list___sub_multi_heading"><div role="alert" class="card-header alert-danger" id="job_list___sub_heading_30_1"><button class="btn btn-outline-danger"><span class="job_id">30 : Job ID 358917f5093d49438eab83df946ad341</span></button></div></a><div aria-labelledby="job_list___sub_heading_30_1" data-parent="#job_list___sub_accordion_30" class="collapse job_list___sub_multi_collapse" id="job_list___sub_collapse_30_1"><div class="card-body"><div class="work-item"><div class="alert alert-danger test-outcome" role="alert"><p>SURVIVED</p><p>worker outcome: normal</p><p>test outcome: survived</p></div></div><pre class="location"><a href="pycharm://open?file=source/most_freq.py&amp;line=68" class="text-secondary"><button class="btn btn-outline-dark">source/most_freq.py, start pos: (68, 33), end pos: (68, 34)</button></a></pre><pre>operator: core/ReplaceBinaryOperator_Mul_BitAnd, occurrence: 0</pre><div class="alert alert-secondary"><pre class="diff">--- mutation diff ---
--- asource/most_freq.py
+++ bsource/most_freq.py
@@ -65,7 +65,7 @@
       Output SOp of sort program.
     """
     keys = rasp.SequenceMap(
-        lambda x, i: x + min_key * i / max_seq_len, keys, rasp.indices
+        lambda x, i: x + min_key &amp; i / max_seq_len, keys, rasp.indices
     )
     return make_sort_unique(vals, keys)
 </pre></div><div class="alert alert-secondary"><pre class="diff">============================= test session starts ==============================
platform linux -- Python 3.10.12, pytest-8.3.4, pluggy-1.5.0
rootdir: /home/andre-silva/RASPing
configfile: pyproject.toml
plugins: anyio-4.8.0
collected 3 items

tests/test_most_freq.py ssunsupported operand type(s) for &amp;: 'int' and 'float'
UNCOMPILABLE MODEL
.

========================= 1 passed, 2 skipped in 1.89s =========================
</pre></div></div></div></div></div><div class="mb-1" id="job_list___sub_accordion_31"><div class="card"><a data-toggle="collapse" data-target="#job_list___sub_collapse_31_1" aria-expanded="false" aria-controls="job_list___sub_collapse_31_1" href="#" class="job_list___sub_multi_heading"><div role="alert" class="card-header alert-success" id="job_list___sub_heading_31_1"><button class="btn btn-outline-success"><span class="job_id">31 : Job ID 1c62721cf1e541a28bd19170c14c1c95</span></button></div></a><div aria-labelledby="job_list___sub_heading_31_1" data-parent="#job_list___sub_accordion_31" class="collapse job_list___sub_multi_collapse" id="job_list___sub_collapse_31_1"><div class="card-body"><div class="work-item"><div class="alert alert-success test-outcome" role="alert"><p>worker outcome: normal</p><p>test outcome: killed</p></div></div><pre class="location"><a href="pycharm://open?file=source/most_freq.py&amp;line=87" class="text-secondary"><button class="btn btn-outline-dark">source/most_freq.py, start pos: (87, 14), end pos: (87, 15)</button></a></pre><pre>operator: core/ReplaceBinaryOperator_Mul_BitAnd, occurrence: 1</pre><div class="alert alert-secondary"><pre class="diff">--- mutation diff ---
--- asource/most_freq.py
+++ bsource/most_freq.py
@@ -84,7 +84,7 @@
     Args:
       max_seq_len: Maximum sequence length (used to ensure keys are unique)
     """
-    hist = -1 * make_hist().named("hist")
+    hist = -1 &amp; make_hist().named("hist")
     return make_sort(rasp.tokens, hist, max_seq_len=max_seq_len, min_key=1).named(
         "sort_freq"
     )</pre></div><div class="alert alert-secondary"><pre class="diff">============================= test session starts ==============================
platform linux -- Python 3.10.12, pytest-8.3.4, pluggy-1.5.0
rootdir: /home/andre-silva/RASPing
configfile: pyproject.toml
plugins: anyio-4.8.0
collected 3 items

tests/test_most_freq.py ssAccuracy:  0.04
F

=================================== FAILURES ===================================
___________________________ TestMostFreq.test_model ____________________________

self = &lt;tests.test_most_freq.TestMostFreq object at 0x7fe040291750&gt;

    def test_model(self):
&gt;       self.test()

tests/test_most_freq.py:21: 
_ _ _ _ _ _ _ _ _ _ _ _ _ _ _ _ _ _ _ _ _ _ _ _ _ _ _ _ _ _ _ _ _ _ _ _ _ _ _ _ 

self = &lt;tests.test_most_freq.TestMostFreq object at 0x7fe040291750&gt;

    @pytest.mark.skip(reason="This is not a test")
    def test(self):
        try:
            model = Model(self.model, self.inputs, self.maxLength, self.name)
        except Exception as e:
            # Survive if the model is not compilable (we want to kill the buggy ones)
            print(str(e))
            # Print message for post-processing
            print("UNCOMPILABLE MODEL")
            return
    
        accuracy = model.evaluateModel(
            self.testing_data, doPrint=False, outputArray=False, useAssert=False
        )
        # Print the accuracy for post-processing
        print("Accuracy: ", accuracy)
&gt;       assert accuracy == 1.0
E       AssertionError

tests/test.py:47: AssertionError
=========================== short test summary info ============================
FAILED tests/test_most_freq.py::TestMostFreq::test_model - AssertionError
======================== 1 failed, 2 skipped in 30.91s =========================
</pre></div></div></div></div></div><div class="mb-1" id="job_list___sub_accordion_32"><div class="card"><a data-toggle="collapse" data-target="#job_list___sub_collapse_32_1" aria-expanded="false" aria-controls="job_list___sub_collapse_32_1" href="#" class="job_list___sub_multi_heading"><div role="alert" class="card-header alert-danger" id="job_list___sub_heading_32_1"><button class="btn btn-outline-danger"><span class="job_id">32 : Job ID 82d7f1af2542452b98db68c0ed7bc420</span></button></div></a><div aria-labelledby="job_list___sub_heading_32_1" data-parent="#job_list___sub_accordion_32" class="collapse job_list___sub_multi_collapse" id="job_list___sub_collapse_32_1"><div class="card-body"><div class="work-item"><div class="alert alert-danger test-outcome" role="alert"><p>SURVIVED</p><p>worker outcome: normal</p><p>test outcome: survived</p></div></div><pre class="location"><a href="pycharm://open?file=source/most_freq.py&amp;line=68" class="text-secondary"><button class="btn btn-outline-dark">source/most_freq.py, start pos: (68, 33), end pos: (68, 34)</button></a></pre><pre>operator: core/ReplaceBinaryOperator_Mul_BitXor, occurrence: 0</pre><div class="alert alert-secondary"><pre class="diff">--- mutation diff ---
--- asource/most_freq.py
+++ bsource/most_freq.py
@@ -65,7 +65,7 @@
       Output SOp of sort program.
     """
     keys = rasp.SequenceMap(
-        lambda x, i: x + min_key * i / max_seq_len, keys, rasp.indices
+        lambda x, i: x + min_key ^ i / max_seq_len, keys, rasp.indices
     )
     return make_sort_unique(vals, keys)
 </pre></div><div class="alert alert-secondary"><pre class="diff">============================= test session starts ==============================
platform linux -- Python 3.10.12, pytest-8.3.4, pluggy-1.5.0
rootdir: /home/andre-silva/RASPing
configfile: pyproject.toml
plugins: anyio-4.8.0
collected 3 items

tests/test_most_freq.py ssunsupported operand type(s) for ^: 'int' and 'float'
UNCOMPILABLE MODEL
.

========================= 1 passed, 2 skipped in 1.89s =========================
</pre></div></div></div></div></div><div class="mb-1" id="job_list___sub_accordion_33"><div class="card"><a data-toggle="collapse" data-target="#job_list___sub_collapse_33_1" aria-expanded="false" aria-controls="job_list___sub_collapse_33_1" href="#" class="job_list___sub_multi_heading"><div role="alert" class="card-header alert-success" id="job_list___sub_heading_33_1"><button class="btn btn-outline-success"><span class="job_id">33 : Job ID 8583bc3ee27f4fc49a575dd6a9494113</span></button></div></a><div aria-labelledby="job_list___sub_heading_33_1" data-parent="#job_list___sub_accordion_33" class="collapse job_list___sub_multi_collapse" id="job_list___sub_collapse_33_1"><div class="card-body"><div class="work-item"><div class="alert alert-success test-outcome" role="alert"><p>worker outcome: normal</p><p>test outcome: killed</p></div></div><pre class="location"><a href="pycharm://open?file=source/most_freq.py&amp;line=87" class="text-secondary"><button class="btn btn-outline-dark">source/most_freq.py, start pos: (87, 14), end pos: (87, 15)</button></a></pre><pre>operator: core/ReplaceBinaryOperator_Mul_BitXor, occurrence: 1</pre><div class="alert alert-secondary"><pre class="diff">--- mutation diff ---
--- asource/most_freq.py
+++ bsource/most_freq.py
@@ -84,7 +84,7 @@
     Args:
       max_seq_len: Maximum sequence length (used to ensure keys are unique)
     """
-    hist = -1 * make_hist().named("hist")
+    hist = -1 ^ make_hist().named("hist")
     return make_sort(rasp.tokens, hist, max_seq_len=max_seq_len, min_key=1).named(
         "sort_freq"
     )</pre></div><div class="alert alert-secondary"><pre class="diff">============================= test session starts ==============================
platform linux -- Python 3.10.12, pytest-8.3.4, pluggy-1.5.0
rootdir: /home/andre-silva/RASPing
configfile: pyproject.toml
plugins: anyio-4.8.0
collected 3 items

tests/test_most_freq.py ssE

==================================== ERRORS ====================================
__________________ ERROR at setup of TestMostFreq.test_model ___________________

self = &lt;tests.test_most_freq.TestMostFreq object at 0x7fd90dd5d780&gt;
method = &lt;bound method TestMostFreq.test_model of &lt;tests.test_most_freq.TestMostFreq object at 0x7fd90dd5d780&gt;&gt;

    def setup_method(self, method):
&gt;       self.__setup__(make_sort_freq(self.maxLength), "most-freq")

tests/test_most_freq.py:18: 
_ _ _ _ _ _ _ _ _ _ _ _ _ _ _ _ _ _ _ _ _ _ _ _ _ _ _ _ _ _ _ _ _ _ _ _ _ _ _ _ 

max_seq_len = 10

    def make_sort_freq(max_seq_len: int) -&gt; rasp.SOp:
        """Returns tokens sorted by the frequency they appear in the input.
    
        Tokens the appear the same amount of times are output in the same order as in
        the input.
    
        Example usage:
          sort = make_sort_freq(rasp.tokens, rasp.tokens, 5)
          sort([2, 4, 2, 1])
          &gt;&gt; [2, 2, 4, 1]
    
        Args:
          max_seq_len: Maximum sequence length (used to ensure keys are unique)
        """
&gt;       hist = -1 ^ make_hist().named("hist")
E       TypeError: unsupported operand type(s) for ^: 'int' and 'SelectorWidth'

source/most_freq.py:87: TypeError
=========================== short test summary info ============================
ERROR tests/test_most_freq.py::TestMostFreq::test_model - TypeError: unsuppor...
========================= 2 skipped, 1 error in 1.98s ==========================
</pre></div></div></div></div></div><div class="mb-1" id="job_list___sub_accordion_34"><div class="card"><a data-toggle="collapse" data-target="#job_list___sub_collapse_34_1" aria-expanded="false" aria-controls="job_list___sub_collapse_34_1" href="#" class="job_list___sub_multi_heading"><div role="alert" class="card-header alert-success" id="job_list___sub_heading_34_1"><button class="btn btn-outline-success"><span class="job_id">34 : Job ID 00075af27cee462bbde49ddd4923e1b3</span></button></div></a><div aria-labelledby="job_list___sub_heading_34_1" data-parent="#job_list___sub_accordion_34" class="collapse job_list___sub_multi_collapse" id="job_list___sub_collapse_34_1"><div class="card-body"><div class="work-item"><div class="alert alert-success test-outcome" role="alert"><p>worker outcome: normal</p><p>test outcome: killed</p></div></div><pre class="location"><a href="pycharm://open?file=source/most_freq.py&amp;line=41" class="text-secondary"><button class="btn btn-outline-dark">source/most_freq.py, start pos: (41, 36), end pos: (41, 37)</button></a></pre><pre>operator: core/ReplaceBinaryOperator_Div_Add, occurrence: 0</pre><div class="alert alert-secondary"><pre class="diff">--- mutation diff ---
--- asource/most_freq.py
+++ bsource/most_freq.py
@@ -38,7 +38,7 @@
 
 
 def make_sort(
-    vals: rasp.SOp, keys: rasp.SOp, /, max_seq_len: int, min_key: float
+    vals: rasp.SOp, keys: rasp.SOp, +, max_seq_len: int, min_key: float
 ) -&gt; rasp.SOp:
     """Returns vals sorted by &lt; relation on keys, which don't need to be unique.
 </pre></div><div class="alert alert-secondary"><pre class="diff">============================= test session starts ==============================
platform linux -- Python 3.10.12, pytest-8.3.4, pluggy-1.5.0
rootdir: /home/andre-silva/RASPing
configfile: pyproject.toml
plugins: anyio-4.8.0
collected 0 items / 1 error

==================================== ERRORS ====================================
________ ERROR collecting experiments/mutation/tests/test_most_freq.py _________
../../.venv/lib/python3.10/site-packages/_pytest/python.py:493: in importtestmodule
    mod = import_path(
../../.venv/lib/python3.10/site-packages/_pytest/pathlib.py:587: in import_path
    importlib.import_module(module_name)
/usr/lib/python3.10/importlib/__init__.py:126: in import_module
    return _bootstrap._gcd_import(name[level:], package, level)
&lt;frozen importlib._bootstrap&gt;:1050: in _gcd_import
    ???
&lt;frozen importlib._bootstrap&gt;:1027: in _find_and_load
    ???
&lt;frozen importlib._bootstrap&gt;:1006: in _find_and_load_unlocked
    ???
&lt;frozen importlib._bootstrap&gt;:688: in _load_unlocked
    ???
../../.venv/lib/python3.10/site-packages/_pytest/assertion/rewrite.py:184: in exec_module
    exec(co, module.__dict__)
tests/test_most_freq.py:11: in &lt;module&gt;
    from experiments.mutation.source.most_freq import make_sort_freq
E     File "/home/andre-silva/RASPing/experiments/mutation/source/most_freq.py", line 41
E       vals: rasp.SOp, keys: rasp.SOp, +, max_seq_len: int, min_key: float
E                                       ^
E   SyntaxError: invalid syntax
=========================== short test summary info ============================
ERROR tests/test_most_freq.py
!!!!!!!!!!!!!!!!!!!! Interrupted: 1 error during collection !!!!!!!!!!!!!!!!!!!!
=============================== 1 error in 0.24s ===============================
</pre></div></div></div></div></div><div class="mb-1" id="job_list___sub_accordion_35"><div class="card"><a data-toggle="collapse" data-target="#job_list___sub_collapse_35_1" aria-expanded="false" aria-controls="job_list___sub_collapse_35_1" href="#" class="job_list___sub_multi_heading"><div role="alert" class="card-header alert-success" id="job_list___sub_heading_35_1"><button class="btn btn-outline-success"><span class="job_id">35 : Job ID 66888dcad9c345c68ed60330d321d293</span></button></div></a><div aria-labelledby="job_list___sub_heading_35_1" data-parent="#job_list___sub_accordion_35" class="collapse job_list___sub_multi_collapse" id="job_list___sub_collapse_35_1"><div class="card-body"><div class="work-item"><div class="alert alert-success test-outcome" role="alert"><p>worker outcome: normal</p><p>test outcome: killed</p></div></div><pre class="location"><a href="pycharm://open?file=source/most_freq.py&amp;line=68" class="text-secondary"><button class="btn btn-outline-dark">source/most_freq.py, start pos: (68, 37), end pos: (68, 38)</button></a></pre><pre>operator: core/ReplaceBinaryOperator_Div_Add, occurrence: 1</pre><div class="alert alert-secondary"><pre class="diff">--- mutation diff ---
--- asource/most_freq.py
+++ bsource/most_freq.py
@@ -65,7 +65,7 @@
       Output SOp of sort program.
     """
     keys = rasp.SequenceMap(
-        lambda x, i: x + min_key * i / max_seq_len, keys, rasp.indices
+        lambda x, i: x + min_key * i + max_seq_len, keys, rasp.indices
     )
     return make_sort_unique(vals, keys)
 </pre></div><div class="alert alert-secondary"><pre class="diff">============================= test session starts ==============================
platform linux -- Python 3.10.12, pytest-8.3.4, pluggy-1.5.0
rootdir: /home/andre-silva/RASPing
configfile: pyproject.toml
plugins: anyio-4.8.0
collected 3 items

tests/test_most_freq.py ssAccuracy:  0.08
F

=================================== FAILURES ===================================
___________________________ TestMostFreq.test_model ____________________________

self = &lt;tests.test_most_freq.TestMostFreq object at 0x7f04e48755d0&gt;

    def test_model(self):
&gt;       self.test()

tests/test_most_freq.py:21: 
_ _ _ _ _ _ _ _ _ _ _ _ _ _ _ _ _ _ _ _ _ _ _ _ _ _ _ _ _ _ _ _ _ _ _ _ _ _ _ _ 

self = &lt;tests.test_most_freq.TestMostFreq object at 0x7f04e48755d0&gt;

    @pytest.mark.skip(reason="This is not a test")
    def test(self):
        try:
            model = Model(self.model, self.inputs, self.maxLength, self.name)
        except Exception as e:
            # Survive if the model is not compilable (we want to kill the buggy ones)
            print(str(e))
            # Print message for post-processing
            print("UNCOMPILABLE MODEL")
            return
    
        accuracy = model.evaluateModel(
            self.testing_data, doPrint=False, outputArray=False, useAssert=False
        )
        # Print the accuracy for post-processing
        print("Accuracy: ", accuracy)
&gt;       assert accuracy == 1.0
E       AssertionError

tests/test.py:47: AssertionError
=========================== short test summary info ============================
FAILED tests/test_most_freq.py::TestMostFreq::test_model - AssertionError
======================== 1 failed, 2 skipped in 20.45s =========================
</pre></div></div></div></div></div><div class="mb-1" id="job_list___sub_accordion_36"><div class="card"><a data-toggle="collapse" data-target="#job_list___sub_collapse_36_1" aria-expanded="false" aria-controls="job_list___sub_collapse_36_1" href="#" class="job_list___sub_multi_heading"><div role="alert" class="card-header alert-success" id="job_list___sub_heading_36_1"><button class="btn btn-outline-success"><span class="job_id">36 : Job ID 0d1969ee50f34be9ba5d4af44dce9174</span></button></div></a><div aria-labelledby="job_list___sub_heading_36_1" data-parent="#job_list___sub_accordion_36" class="collapse job_list___sub_multi_collapse" id="job_list___sub_collapse_36_1"><div class="card-body"><div class="work-item"><div class="alert alert-success test-outcome" role="alert"><p>worker outcome: normal</p><p>test outcome: killed</p></div></div><pre class="location"><a href="pycharm://open?file=source/most_freq.py&amp;line=41" class="text-secondary"><button class="btn btn-outline-dark">source/most_freq.py, start pos: (41, 36), end pos: (41, 37)</button></a></pre><pre>operator: core/ReplaceBinaryOperator_Div_Sub, occurrence: 0</pre><div class="alert alert-secondary"><pre class="diff">--- mutation diff ---
--- asource/most_freq.py
+++ bsource/most_freq.py
@@ -38,7 +38,7 @@
 
 
 def make_sort(
-    vals: rasp.SOp, keys: rasp.SOp, /, max_seq_len: int, min_key: float
+    vals: rasp.SOp, keys: rasp.SOp, -, max_seq_len: int, min_key: float
 ) -&gt; rasp.SOp:
     """Returns vals sorted by &lt; relation on keys, which don't need to be unique.
 </pre></div><div class="alert alert-secondary"><pre class="diff">============================= test session starts ==============================
platform linux -- Python 3.10.12, pytest-8.3.4, pluggy-1.5.0
rootdir: /home/andre-silva/RASPing
configfile: pyproject.toml
plugins: anyio-4.8.0
collected 0 items / 1 error

==================================== ERRORS ====================================
________ ERROR collecting experiments/mutation/tests/test_most_freq.py _________
../../.venv/lib/python3.10/site-packages/_pytest/python.py:493: in importtestmodule
    mod = import_path(
../../.venv/lib/python3.10/site-packages/_pytest/pathlib.py:587: in import_path
    importlib.import_module(module_name)
/usr/lib/python3.10/importlib/__init__.py:126: in import_module
    return _bootstrap._gcd_import(name[level:], package, level)
&lt;frozen importlib._bootstrap&gt;:1050: in _gcd_import
    ???
&lt;frozen importlib._bootstrap&gt;:1027: in _find_and_load
    ???
&lt;frozen importlib._bootstrap&gt;:1006: in _find_and_load_unlocked
    ???
&lt;frozen importlib._bootstrap&gt;:688: in _load_unlocked
    ???
../../.venv/lib/python3.10/site-packages/_pytest/assertion/rewrite.py:184: in exec_module
    exec(co, module.__dict__)
tests/test_most_freq.py:11: in &lt;module&gt;
    from experiments.mutation.source.most_freq import make_sort_freq
E     File "/home/andre-silva/RASPing/experiments/mutation/source/most_freq.py", line 41
E       vals: rasp.SOp, keys: rasp.SOp, -, max_seq_len: int, min_key: float
E                                       ^
E   SyntaxError: invalid syntax
=========================== short test summary info ============================
ERROR tests/test_most_freq.py
!!!!!!!!!!!!!!!!!!!! Interrupted: 1 error during collection !!!!!!!!!!!!!!!!!!!!
=============================== 1 error in 0.24s ===============================
</pre></div></div></div></div></div><div class="mb-1" id="job_list___sub_accordion_37"><div class="card"><a data-toggle="collapse" data-target="#job_list___sub_collapse_37_1" aria-expanded="false" aria-controls="job_list___sub_collapse_37_1" href="#" class="job_list___sub_multi_heading"><div role="alert" class="card-header alert-success" id="job_list___sub_heading_37_1"><button class="btn btn-outline-success"><span class="job_id">37 : Job ID 3033c4d9754c446484e8ee409bfc7508</span></button></div></a><div aria-labelledby="job_list___sub_heading_37_1" data-parent="#job_list___sub_accordion_37" class="collapse job_list___sub_multi_collapse" id="job_list___sub_collapse_37_1"><div class="card-body"><div class="work-item"><div class="alert alert-success test-outcome" role="alert"><p>worker outcome: normal</p><p>test outcome: killed</p></div></div><pre class="location"><a href="pycharm://open?file=source/most_freq.py&amp;line=68" class="text-secondary"><button class="btn btn-outline-dark">source/most_freq.py, start pos: (68, 37), end pos: (68, 38)</button></a></pre><pre>operator: core/ReplaceBinaryOperator_Div_Sub, occurrence: 1</pre><div class="alert alert-secondary"><pre class="diff">--- mutation diff ---
--- asource/most_freq.py
+++ bsource/most_freq.py
@@ -65,7 +65,7 @@
       Output SOp of sort program.
     """
     keys = rasp.SequenceMap(
-        lambda x, i: x + min_key * i / max_seq_len, keys, rasp.indices
+        lambda x, i: x + min_key * i - max_seq_len, keys, rasp.indices
     )
     return make_sort_unique(vals, keys)
 </pre></div><div class="alert alert-secondary"><pre class="diff">============================= test session starts ==============================
platform linux -- Python 3.10.12, pytest-8.3.4, pluggy-1.5.0
rootdir: /home/andre-silva/RASPing
configfile: pyproject.toml
plugins: anyio-4.8.0
collected 3 items

tests/test_most_freq.py ssAccuracy:  0.08
F

=================================== FAILURES ===================================
___________________________ TestMostFreq.test_model ____________________________

self = &lt;tests.test_most_freq.TestMostFreq object at 0x7fd258f496f0&gt;

    def test_model(self):
&gt;       self.test()

tests/test_most_freq.py:21: 
_ _ _ _ _ _ _ _ _ _ _ _ _ _ _ _ _ _ _ _ _ _ _ _ _ _ _ _ _ _ _ _ _ _ _ _ _ _ _ _ 

self = &lt;tests.test_most_freq.TestMostFreq object at 0x7fd258f496f0&gt;

    @pytest.mark.skip(reason="This is not a test")
    def test(self):
        try:
            model = Model(self.model, self.inputs, self.maxLength, self.name)
        except Exception as e:
            # Survive if the model is not compilable (we want to kill the buggy ones)
            print(str(e))
            # Print message for post-processing
            print("UNCOMPILABLE MODEL")
            return
    
        accuracy = model.evaluateModel(
            self.testing_data, doPrint=False, outputArray=False, useAssert=False
        )
        # Print the accuracy for post-processing
        print("Accuracy: ", accuracy)
&gt;       assert accuracy == 1.0
E       AssertionError

tests/test.py:47: AssertionError
=========================== short test summary info ============================
FAILED tests/test_most_freq.py::TestMostFreq::test_model - AssertionError
======================== 1 failed, 2 skipped in 21.44s =========================
</pre></div></div></div></div></div><div class="mb-1" id="job_list___sub_accordion_38"><div class="card"><a data-toggle="collapse" data-target="#job_list___sub_collapse_38_1" aria-expanded="false" aria-controls="job_list___sub_collapse_38_1" href="#" class="job_list___sub_multi_heading"><div role="alert" class="card-header alert-danger" id="job_list___sub_heading_38_1"><button class="btn btn-outline-danger"><span class="job_id">38 : Job ID 4c0425a857f8455c9d9cf080a1ffc04d</span></button></div></a><div aria-labelledby="job_list___sub_heading_38_1" data-parent="#job_list___sub_accordion_38" class="collapse job_list___sub_multi_collapse" id="job_list___sub_collapse_38_1"><div class="card-body"><div class="work-item"><div class="alert alert-danger test-outcome" role="alert"><p>SURVIVED</p><p>worker outcome: normal</p><p>test outcome: survived</p></div></div><pre class="location"><a href="pycharm://open?file=source/most_freq.py&amp;line=41" class="text-secondary"><button class="btn btn-outline-dark">source/most_freq.py, start pos: (41, 36), end pos: (41, 37)</button></a></pre><pre>operator: core/ReplaceBinaryOperator_Div_Mul, occurrence: 0</pre><div class="alert alert-secondary"><pre class="diff">--- mutation diff ---
--- asource/most_freq.py
+++ bsource/most_freq.py
@@ -38,7 +38,7 @@
 
 
 def make_sort(
-    vals: rasp.SOp, keys: rasp.SOp, /, max_seq_len: int, min_key: float
+    vals: rasp.SOp, keys: rasp.SOp, *, max_seq_len: int, min_key: float
 ) -&gt; rasp.SOp:
     """Returns vals sorted by &lt; relation on keys, which don't need to be unique.
 </pre></div><div class="alert alert-secondary"><pre class="diff">============================= test session starts ==============================
platform linux -- Python 3.10.12, pytest-8.3.4, pluggy-1.5.0
rootdir: /home/andre-silva/RASPing
configfile: pyproject.toml
plugins: anyio-4.8.0
collected 3 items

tests/test_most_freq.py ssAccuracy:  1.0
MODEL IS NOT BUGGY
.

======================== 1 passed, 2 skipped in 36.90s =========================
</pre></div></div></div></div></div><div class="mb-1" id="job_list___sub_accordion_39"><div class="card"><a data-toggle="collapse" data-target="#job_list___sub_collapse_39_1" aria-expanded="false" aria-controls="job_list___sub_collapse_39_1" href="#" class="job_list___sub_multi_heading"><div role="alert" class="card-header alert-success" id="job_list___sub_heading_39_1"><button class="btn btn-outline-success"><span class="job_id">39 : Job ID 7cf7f653f1c641799735ff1e1f51e6e0</span></button></div></a><div aria-labelledby="job_list___sub_heading_39_1" data-parent="#job_list___sub_accordion_39" class="collapse job_list___sub_multi_collapse" id="job_list___sub_collapse_39_1"><div class="card-body"><div class="work-item"><div class="alert alert-success test-outcome" role="alert"><p>worker outcome: normal</p><p>test outcome: killed</p></div></div><pre class="location"><a href="pycharm://open?file=source/most_freq.py&amp;line=68" class="text-secondary"><button class="btn btn-outline-dark">source/most_freq.py, start pos: (68, 37), end pos: (68, 38)</button></a></pre><pre>operator: core/ReplaceBinaryOperator_Div_Mul, occurrence: 1</pre><div class="alert alert-secondary"><pre class="diff">--- mutation diff ---
--- asource/most_freq.py
+++ bsource/most_freq.py
@@ -65,7 +65,7 @@
       Output SOp of sort program.
     """
     keys = rasp.SequenceMap(
-        lambda x, i: x + min_key * i / max_seq_len, keys, rasp.indices
+        lambda x, i: x + min_key * i * max_seq_len, keys, rasp.indices
     )
     return make_sort_unique(vals, keys)
 </pre></div><div class="alert alert-secondary"><pre class="diff">============================= test session starts ==============================
platform linux -- Python 3.10.12, pytest-8.3.4, pluggy-1.5.0
rootdir: /home/andre-silva/RASPing
configfile: pyproject.toml
plugins: anyio-4.8.0
collected 3 items

tests/test_most_freq.py ssAccuracy:  0.08
F

=================================== FAILURES ===================================
___________________________ TestMostFreq.test_model ____________________________

self = &lt;tests.test_most_freq.TestMostFreq object at 0x7f959c6417b0&gt;

    def test_model(self):
&gt;       self.test()

tests/test_most_freq.py:21: 
_ _ _ _ _ _ _ _ _ _ _ _ _ _ _ _ _ _ _ _ _ _ _ _ _ _ _ _ _ _ _ _ _ _ _ _ _ _ _ _ 

self = &lt;tests.test_most_freq.TestMostFreq object at 0x7f959c6417b0&gt;

    @pytest.mark.skip(reason="This is not a test")
    def test(self):
        try:
            model = Model(self.model, self.inputs, self.maxLength, self.name)
        except Exception as e:
            # Survive if the model is not compilable (we want to kill the buggy ones)
            print(str(e))
            # Print message for post-processing
            print("UNCOMPILABLE MODEL")
            return
    
        accuracy = model.evaluateModel(
            self.testing_data, doPrint=False, outputArray=False, useAssert=False
        )
        # Print the accuracy for post-processing
        print("Accuracy: ", accuracy)
&gt;       assert accuracy == 1.0
E       AssertionError

tests/test.py:47: AssertionError
=========================== short test summary info ============================
FAILED tests/test_most_freq.py::TestMostFreq::test_model - AssertionError
======================== 1 failed, 2 skipped in 31.01s =========================
</pre></div></div></div></div></div><div class="mb-1" id="job_list___sub_accordion_40"><div class="card"><a data-toggle="collapse" data-target="#job_list___sub_collapse_40_1" aria-expanded="false" aria-controls="job_list___sub_collapse_40_1" href="#" class="job_list___sub_multi_heading"><div role="alert" class="card-header alert-success" id="job_list___sub_heading_40_1"><button class="btn btn-outline-success"><span class="job_id">40 : Job ID 7ac6de6c11584220850b307d71e251a3</span></button></div></a><div aria-labelledby="job_list___sub_heading_40_1" data-parent="#job_list___sub_accordion_40" class="collapse job_list___sub_multi_collapse" id="job_list___sub_collapse_40_1"><div class="card-body"><div class="work-item"><div class="alert alert-success test-outcome" role="alert"><p>worker outcome: normal</p><p>test outcome: killed</p></div></div><pre class="location"><a href="pycharm://open?file=source/most_freq.py&amp;line=41" class="text-secondary"><button class="btn btn-outline-dark">source/most_freq.py, start pos: (41, 36), end pos: (41, 37)</button></a></pre><pre>operator: core/ReplaceBinaryOperator_Div_FloorDiv, occurrence: 0</pre><div class="alert alert-secondary"><pre class="diff">--- mutation diff ---
--- asource/most_freq.py
+++ bsource/most_freq.py
@@ -38,7 +38,7 @@
 
 
 def make_sort(
-    vals: rasp.SOp, keys: rasp.SOp, /, max_seq_len: int, min_key: float
+    vals: rasp.SOp, keys: rasp.SOp, //, max_seq_len: int, min_key: float
 ) -&gt; rasp.SOp:
     """Returns vals sorted by &lt; relation on keys, which don't need to be unique.
 </pre></div><div class="alert alert-secondary"><pre class="diff">============================= test session starts ==============================
platform linux -- Python 3.10.12, pytest-8.3.4, pluggy-1.5.0
rootdir: /home/andre-silva/RASPing
configfile: pyproject.toml
plugins: anyio-4.8.0
collected 0 items / 1 error

==================================== ERRORS ====================================
________ ERROR collecting experiments/mutation/tests/test_most_freq.py _________
../../.venv/lib/python3.10/site-packages/_pytest/python.py:493: in importtestmodule
    mod = import_path(
../../.venv/lib/python3.10/site-packages/_pytest/pathlib.py:587: in import_path
    importlib.import_module(module_name)
/usr/lib/python3.10/importlib/__init__.py:126: in import_module
    return _bootstrap._gcd_import(name[level:], package, level)
&lt;frozen importlib._bootstrap&gt;:1050: in _gcd_import
    ???
&lt;frozen importlib._bootstrap&gt;:1027: in _find_and_load
    ???
&lt;frozen importlib._bootstrap&gt;:1006: in _find_and_load_unlocked
    ???
&lt;frozen importlib._bootstrap&gt;:688: in _load_unlocked
    ???
../../.venv/lib/python3.10/site-packages/_pytest/assertion/rewrite.py:184: in exec_module
    exec(co, module.__dict__)
tests/test_most_freq.py:11: in &lt;module&gt;
    from experiments.mutation.source.most_freq import make_sort_freq
E     File "/home/andre-silva/RASPing/experiments/mutation/source/most_freq.py", line 41
E       vals: rasp.SOp, keys: rasp.SOp, //, max_seq_len: int, min_key: float
E                                       ^^
E   SyntaxError: invalid syntax
=========================== short test summary info ============================
ERROR tests/test_most_freq.py
!!!!!!!!!!!!!!!!!!!! Interrupted: 1 error during collection !!!!!!!!!!!!!!!!!!!!
=============================== 1 error in 0.25s ===============================
</pre></div></div></div></div></div><div class="mb-1" id="job_list___sub_accordion_41"><div class="card"><a data-toggle="collapse" data-target="#job_list___sub_collapse_41_1" aria-expanded="false" aria-controls="job_list___sub_collapse_41_1" href="#" class="job_list___sub_multi_heading"><div role="alert" class="card-header alert-success" id="job_list___sub_heading_41_1"><button class="btn btn-outline-success"><span class="job_id">41 : Job ID 1f1b0c55ffb14cfba6417959773c8921</span></button></div></a><div aria-labelledby="job_list___sub_heading_41_1" data-parent="#job_list___sub_accordion_41" class="collapse job_list___sub_multi_collapse" id="job_list___sub_collapse_41_1"><div class="card-body"><div class="work-item"><div class="alert alert-success test-outcome" role="alert"><p>worker outcome: normal</p><p>test outcome: killed</p></div></div><pre class="location"><a href="pycharm://open?file=source/most_freq.py&amp;line=68" class="text-secondary"><button class="btn btn-outline-dark">source/most_freq.py, start pos: (68, 37), end pos: (68, 38)</button></a></pre><pre>operator: core/ReplaceBinaryOperator_Div_FloorDiv, occurrence: 1</pre><div class="alert alert-secondary"><pre class="diff">--- mutation diff ---
--- asource/most_freq.py
+++ bsource/most_freq.py
@@ -65,7 +65,7 @@
       Output SOp of sort program.
     """
     keys = rasp.SequenceMap(
-        lambda x, i: x + min_key * i / max_seq_len, keys, rasp.indices
+        lambda x, i: x + min_key * i // max_seq_len, keys, rasp.indices
     )
     return make_sort_unique(vals, keys)
 </pre></div><div class="alert alert-secondary"><pre class="diff">============================= test session starts ==============================
platform linux -- Python 3.10.12, pytest-8.3.4, pluggy-1.5.0
rootdir: /home/andre-silva/RASPing
configfile: pyproject.toml
plugins: anyio-4.8.0
collected 3 items

tests/test_most_freq.py ssAccuracy:  0.0
F

=================================== FAILURES ===================================
___________________________ TestMostFreq.test_model ____________________________

self = &lt;tests.test_most_freq.TestMostFreq object at 0x7f325fc3d750&gt;

    def test_model(self):
&gt;       self.test()

tests/test_most_freq.py:21: 
_ _ _ _ _ _ _ _ _ _ _ _ _ _ _ _ _ _ _ _ _ _ _ _ _ _ _ _ _ _ _ _ _ _ _ _ _ _ _ _ 

self = &lt;tests.test_most_freq.TestMostFreq object at 0x7f325fc3d750&gt;

    @pytest.mark.skip(reason="This is not a test")
    def test(self):
        try:
            model = Model(self.model, self.inputs, self.maxLength, self.name)
        except Exception as e:
            # Survive if the model is not compilable (we want to kill the buggy ones)
            print(str(e))
            # Print message for post-processing
            print("UNCOMPILABLE MODEL")
            return
    
        accuracy = model.evaluateModel(
            self.testing_data, doPrint=False, outputArray=False, useAssert=False
        )
        # Print the accuracy for post-processing
        print("Accuracy: ", accuracy)
&gt;       assert accuracy == 1.0
E       AssertionError

tests/test.py:47: AssertionError
=========================== short test summary info ============================
FAILED tests/test_most_freq.py::TestMostFreq::test_model - AssertionError
======================== 1 failed, 2 skipped in 19.63s =========================
</pre></div></div></div></div></div><div class="mb-1" id="job_list___sub_accordion_42"><div class="card"><a data-toggle="collapse" data-target="#job_list___sub_collapse_42_1" aria-expanded="false" aria-controls="job_list___sub_collapse_42_1" href="#" class="job_list___sub_multi_heading"><div role="alert" class="card-header alert-success" id="job_list___sub_heading_42_1"><button class="btn btn-outline-success"><span class="job_id">42 : Job ID d513906df28a44e3a286890dc12edf10</span></button></div></a><div aria-labelledby="job_list___sub_heading_42_1" data-parent="#job_list___sub_accordion_42" class="collapse job_list___sub_multi_collapse" id="job_list___sub_collapse_42_1"><div class="card-body"><div class="work-item"><div class="alert alert-success test-outcome" role="alert"><p>worker outcome: normal</p><p>test outcome: killed</p></div></div><pre class="location"><a href="pycharm://open?file=source/most_freq.py&amp;line=41" class="text-secondary"><button class="btn btn-outline-dark">source/most_freq.py, start pos: (41, 36), end pos: (41, 37)</button></a></pre><pre>operator: core/ReplaceBinaryOperator_Div_Mod, occurrence: 0</pre><div class="alert alert-secondary"><pre class="diff">--- mutation diff ---
--- asource/most_freq.py
+++ bsource/most_freq.py
@@ -38,7 +38,7 @@
 
 
 def make_sort(
-    vals: rasp.SOp, keys: rasp.SOp, /, max_seq_len: int, min_key: float
+    vals: rasp.SOp, keys: rasp.SOp, %, max_seq_len: int, min_key: float
 ) -&gt; rasp.SOp:
     """Returns vals sorted by &lt; relation on keys, which don't need to be unique.
 </pre></div><div class="alert alert-secondary"><pre class="diff">============================= test session starts ==============================
platform linux -- Python 3.10.12, pytest-8.3.4, pluggy-1.5.0
rootdir: /home/andre-silva/RASPing
configfile: pyproject.toml
plugins: anyio-4.8.0
collected 0 items / 1 error

==================================== ERRORS ====================================
________ ERROR collecting experiments/mutation/tests/test_most_freq.py _________
../../.venv/lib/python3.10/site-packages/_pytest/python.py:493: in importtestmodule
    mod = import_path(
../../.venv/lib/python3.10/site-packages/_pytest/pathlib.py:587: in import_path
    importlib.import_module(module_name)
/usr/lib/python3.10/importlib/__init__.py:126: in import_module
    return _bootstrap._gcd_import(name[level:], package, level)
&lt;frozen importlib._bootstrap&gt;:1050: in _gcd_import
    ???
&lt;frozen importlib._bootstrap&gt;:1027: in _find_and_load
    ???
&lt;frozen importlib._bootstrap&gt;:1006: in _find_and_load_unlocked
    ???
&lt;frozen importlib._bootstrap&gt;:688: in _load_unlocked
    ???
../../.venv/lib/python3.10/site-packages/_pytest/assertion/rewrite.py:184: in exec_module
    exec(co, module.__dict__)
tests/test_most_freq.py:11: in &lt;module&gt;
    from experiments.mutation.source.most_freq import make_sort_freq
E     File "/home/andre-silva/RASPing/experiments/mutation/source/most_freq.py", line 41
E       vals: rasp.SOp, keys: rasp.SOp, %, max_seq_len: int, min_key: float
E                                       ^
E   SyntaxError: invalid syntax
=========================== short test summary info ============================
ERROR tests/test_most_freq.py
!!!!!!!!!!!!!!!!!!!! Interrupted: 1 error during collection !!!!!!!!!!!!!!!!!!!!
=============================== 1 error in 0.24s ===============================
</pre></div></div></div></div></div><div class="mb-1" id="job_list___sub_accordion_43"><div class="card"><a data-toggle="collapse" data-target="#job_list___sub_collapse_43_1" aria-expanded="false" aria-controls="job_list___sub_collapse_43_1" href="#" class="job_list___sub_multi_heading"><div role="alert" class="card-header alert-success" id="job_list___sub_heading_43_1"><button class="btn btn-outline-success"><span class="job_id">43 : Job ID 6b6f8946fd004c1abb42f56fe3c7b41a</span></button></div></a><div aria-labelledby="job_list___sub_heading_43_1" data-parent="#job_list___sub_accordion_43" class="collapse job_list___sub_multi_collapse" id="job_list___sub_collapse_43_1"><div class="card-body"><div class="work-item"><div class="alert alert-success test-outcome" role="alert"><p>worker outcome: normal</p><p>test outcome: killed</p></div></div><pre class="location"><a href="pycharm://open?file=source/most_freq.py&amp;line=68" class="text-secondary"><button class="btn btn-outline-dark">source/most_freq.py, start pos: (68, 37), end pos: (68, 38)</button></a></pre><pre>operator: core/ReplaceBinaryOperator_Div_Mod, occurrence: 1</pre><div class="alert alert-secondary"><pre class="diff">--- mutation diff ---
--- asource/most_freq.py
+++ bsource/most_freq.py
@@ -65,7 +65,7 @@
       Output SOp of sort program.
     """
     keys = rasp.SequenceMap(
-        lambda x, i: x + min_key * i / max_seq_len, keys, rasp.indices
+        lambda x, i: x + min_key * i % max_seq_len, keys, rasp.indices
     )
     return make_sort_unique(vals, keys)
 </pre></div><div class="alert alert-secondary"><pre class="diff">============================= test session starts ==============================
platform linux -- Python 3.10.12, pytest-8.3.4, pluggy-1.5.0
rootdir: /home/andre-silva/RASPing
configfile: pyproject.toml
plugins: anyio-4.8.0
collected 3 items

tests/test_most_freq.py ssAccuracy:  0.08
F

=================================== FAILURES ===================================
___________________________ TestMostFreq.test_model ____________________________

self = &lt;tests.test_most_freq.TestMostFreq object at 0x7f794b2656f0&gt;

    def test_model(self):
&gt;       self.test()

tests/test_most_freq.py:21: 
_ _ _ _ _ _ _ _ _ _ _ _ _ _ _ _ _ _ _ _ _ _ _ _ _ _ _ _ _ _ _ _ _ _ _ _ _ _ _ _ 

self = &lt;tests.test_most_freq.TestMostFreq object at 0x7f794b2656f0&gt;

    @pytest.mark.skip(reason="This is not a test")
    def test(self):
        try:
            model = Model(self.model, self.inputs, self.maxLength, self.name)
        except Exception as e:
            # Survive if the model is not compilable (we want to kill the buggy ones)
            print(str(e))
            # Print message for post-processing
            print("UNCOMPILABLE MODEL")
            return
    
        accuracy = model.evaluateModel(
            self.testing_data, doPrint=False, outputArray=False, useAssert=False
        )
        # Print the accuracy for post-processing
        print("Accuracy: ", accuracy)
&gt;       assert accuracy == 1.0
E       AssertionError

tests/test.py:47: AssertionError
=========================== short test summary info ============================
FAILED tests/test_most_freq.py::TestMostFreq::test_model - AssertionError
======================== 1 failed, 2 skipped in 20.54s =========================
</pre></div></div></div></div></div><div class="mb-1" id="job_list___sub_accordion_44"><div class="card"><a data-toggle="collapse" data-target="#job_list___sub_collapse_44_1" aria-expanded="false" aria-controls="job_list___sub_collapse_44_1" href="#" class="job_list___sub_multi_heading"><div role="alert" class="card-header alert-success" id="job_list___sub_heading_44_1"><button class="btn btn-outline-success"><span class="job_id">44 : Job ID ae61c686fc0b4ab0999d771f7775b5db</span></button></div></a><div aria-labelledby="job_list___sub_heading_44_1" data-parent="#job_list___sub_accordion_44" class="collapse job_list___sub_multi_collapse" id="job_list___sub_collapse_44_1"><div class="card-body"><div class="work-item"><div class="alert alert-success test-outcome" role="alert"><p>worker outcome: normal</p><p>test outcome: killed</p></div></div><pre class="location"><a href="pycharm://open?file=source/most_freq.py&amp;line=41" class="text-secondary"><button class="btn btn-outline-dark">source/most_freq.py, start pos: (41, 36), end pos: (41, 37)</button></a></pre><pre>operator: core/ReplaceBinaryOperator_Div_Pow, occurrence: 0</pre><div class="alert alert-secondary"><pre class="diff">--- mutation diff ---
--- asource/most_freq.py
+++ bsource/most_freq.py
@@ -38,7 +38,7 @@
 
 
 def make_sort(
-    vals: rasp.SOp, keys: rasp.SOp, /, max_seq_len: int, min_key: float
+    vals: rasp.SOp, keys: rasp.SOp, **, max_seq_len: int, min_key: float
 ) -&gt; rasp.SOp:
     """Returns vals sorted by &lt; relation on keys, which don't need to be unique.
 </pre></div><div class="alert alert-secondary"><pre class="diff">============================= test session starts ==============================
platform linux -- Python 3.10.12, pytest-8.3.4, pluggy-1.5.0
rootdir: /home/andre-silva/RASPing
configfile: pyproject.toml
plugins: anyio-4.8.0
collected 0 items / 1 error

==================================== ERRORS ====================================
________ ERROR collecting experiments/mutation/tests/test_most_freq.py _________
../../.venv/lib/python3.10/site-packages/_pytest/python.py:493: in importtestmodule
    mod = import_path(
../../.venv/lib/python3.10/site-packages/_pytest/pathlib.py:587: in import_path
    importlib.import_module(module_name)
/usr/lib/python3.10/importlib/__init__.py:126: in import_module
    return _bootstrap._gcd_import(name[level:], package, level)
&lt;frozen importlib._bootstrap&gt;:1050: in _gcd_import
    ???
&lt;frozen importlib._bootstrap&gt;:1027: in _find_and_load
    ???
&lt;frozen importlib._bootstrap&gt;:1006: in _find_and_load_unlocked
    ???
&lt;frozen importlib._bootstrap&gt;:688: in _load_unlocked
    ???
../../.venv/lib/python3.10/site-packages/_pytest/assertion/rewrite.py:184: in exec_module
    exec(co, module.__dict__)
tests/test_most_freq.py:11: in &lt;module&gt;
    from experiments.mutation.source.most_freq import make_sort_freq
E     File "/home/andre-silva/RASPing/experiments/mutation/source/most_freq.py", line 41
E       vals: rasp.SOp, keys: rasp.SOp, **, max_seq_len: int, min_key: float
E                                         ^
E   SyntaxError: invalid syntax
=========================== short test summary info ============================
ERROR tests/test_most_freq.py
!!!!!!!!!!!!!!!!!!!! Interrupted: 1 error during collection !!!!!!!!!!!!!!!!!!!!
=============================== 1 error in 0.24s ===============================
</pre></div></div></div></div></div><div class="mb-1" id="job_list___sub_accordion_45"><div class="card"><a data-toggle="collapse" data-target="#job_list___sub_collapse_45_1" aria-expanded="false" aria-controls="job_list___sub_collapse_45_1" href="#" class="job_list___sub_multi_heading"><div role="alert" class="card-header alert-success" id="job_list___sub_heading_45_1"><button class="btn btn-outline-success"><span class="job_id">45 : Job ID 7a4a132b26d5423ba1cea853eafac8db</span></button></div></a><div aria-labelledby="job_list___sub_heading_45_1" data-parent="#job_list___sub_accordion_45" class="collapse job_list___sub_multi_collapse" id="job_list___sub_collapse_45_1"><div class="card-body"><div class="work-item"><div class="alert alert-success test-outcome" role="alert"><p>worker outcome: normal</p><p>test outcome: killed</p></div></div><pre class="location"><a href="pycharm://open?file=source/most_freq.py&amp;line=68" class="text-secondary"><button class="btn btn-outline-dark">source/most_freq.py, start pos: (68, 37), end pos: (68, 38)</button></a></pre><pre>operator: core/ReplaceBinaryOperator_Div_Pow, occurrence: 1</pre><div class="alert alert-secondary"><pre class="diff">--- mutation diff ---
--- asource/most_freq.py
+++ bsource/most_freq.py
@@ -65,7 +65,7 @@
       Output SOp of sort program.
     """
     keys = rasp.SequenceMap(
-        lambda x, i: x + min_key * i / max_seq_len, keys, rasp.indices
+        lambda x, i: x + min_key * i ** max_seq_len, keys, rasp.indices
     )
     return make_sort_unique(vals, keys)
 </pre></div><div class="alert alert-secondary"><pre class="diff">============================= test session starts ==============================
platform linux -- Python 3.10.12, pytest-8.3.4, pluggy-1.5.0
rootdir: /home/andre-silva/RASPing
configfile: pyproject.toml
plugins: anyio-4.8.0
collected 3 items

tests/test_most_freq.py ssAccuracy:  0.08
F

=================================== FAILURES ===================================
___________________________ TestMostFreq.test_model ____________________________

self = &lt;tests.test_most_freq.TestMostFreq object at 0x7f3a00c61690&gt;

    def test_model(self):
&gt;       self.test()

tests/test_most_freq.py:21: 
_ _ _ _ _ _ _ _ _ _ _ _ _ _ _ _ _ _ _ _ _ _ _ _ _ _ _ _ _ _ _ _ _ _ _ _ _ _ _ _ 

self = &lt;tests.test_most_freq.TestMostFreq object at 0x7f3a00c61690&gt;

    @pytest.mark.skip(reason="This is not a test")
    def test(self):
        try:
            model = Model(self.model, self.inputs, self.maxLength, self.name)
        except Exception as e:
            # Survive if the model is not compilable (we want to kill the buggy ones)
            print(str(e))
            # Print message for post-processing
            print("UNCOMPILABLE MODEL")
            return
    
        accuracy = model.evaluateModel(
            self.testing_data, doPrint=False, outputArray=False, useAssert=False
        )
        # Print the accuracy for post-processing
        print("Accuracy: ", accuracy)
&gt;       assert accuracy == 1.0
E       AssertionError

tests/test.py:47: AssertionError
=========================== short test summary info ============================
FAILED tests/test_most_freq.py::TestMostFreq::test_model - AssertionError
======================== 1 failed, 2 skipped in 34.96s =========================
</pre></div></div></div></div></div><div class="mb-1" id="job_list___sub_accordion_46"><div class="card"><a data-toggle="collapse" data-target="#job_list___sub_collapse_46_1" aria-expanded="false" aria-controls="job_list___sub_collapse_46_1" href="#" class="job_list___sub_multi_heading"><div role="alert" class="card-header alert-success" id="job_list___sub_heading_46_1"><button class="btn btn-outline-success"><span class="job_id">46 : Job ID ae87fef4c1c94fee84983031df3df683</span></button></div></a><div aria-labelledby="job_list___sub_heading_46_1" data-parent="#job_list___sub_accordion_46" class="collapse job_list___sub_multi_collapse" id="job_list___sub_collapse_46_1"><div class="card-body"><div class="work-item"><div class="alert alert-success test-outcome" role="alert"><p>worker outcome: normal</p><p>test outcome: killed</p></div></div><pre class="location"><a href="pycharm://open?file=source/most_freq.py&amp;line=41" class="text-secondary"><button class="btn btn-outline-dark">source/most_freq.py, start pos: (41, 36), end pos: (41, 37)</button></a></pre><pre>operator: core/ReplaceBinaryOperator_Div_RShift, occurrence: 0</pre><div class="alert alert-secondary"><pre class="diff">--- mutation diff ---
--- asource/most_freq.py
+++ bsource/most_freq.py
@@ -38,7 +38,7 @@
 
 
 def make_sort(
-    vals: rasp.SOp, keys: rasp.SOp, /, max_seq_len: int, min_key: float
+    vals: rasp.SOp, keys: rasp.SOp, &gt;&gt;, max_seq_len: int, min_key: float
 ) -&gt; rasp.SOp:
     """Returns vals sorted by &lt; relation on keys, which don't need to be unique.
 </pre></div><div class="alert alert-secondary"><pre class="diff">============================= test session starts ==============================
platform linux -- Python 3.10.12, pytest-8.3.4, pluggy-1.5.0
rootdir: /home/andre-silva/RASPing
configfile: pyproject.toml
plugins: anyio-4.8.0
collected 0 items / 1 error

==================================== ERRORS ====================================
________ ERROR collecting experiments/mutation/tests/test_most_freq.py _________
../../.venv/lib/python3.10/site-packages/_pytest/python.py:493: in importtestmodule
    mod = import_path(
../../.venv/lib/python3.10/site-packages/_pytest/pathlib.py:587: in import_path
    importlib.import_module(module_name)
/usr/lib/python3.10/importlib/__init__.py:126: in import_module
    return _bootstrap._gcd_import(name[level:], package, level)
&lt;frozen importlib._bootstrap&gt;:1050: in _gcd_import
    ???
&lt;frozen importlib._bootstrap&gt;:1027: in _find_and_load
    ???
&lt;frozen importlib._bootstrap&gt;:1006: in _find_and_load_unlocked
    ???
&lt;frozen importlib._bootstrap&gt;:688: in _load_unlocked
    ???
../../.venv/lib/python3.10/site-packages/_pytest/assertion/rewrite.py:184: in exec_module
    exec(co, module.__dict__)
tests/test_most_freq.py:11: in &lt;module&gt;
    from experiments.mutation.source.most_freq import make_sort_freq
E     File "/home/andre-silva/RASPing/experiments/mutation/source/most_freq.py", line 41
E       vals: rasp.SOp, keys: rasp.SOp, &gt;&gt;, max_seq_len: int, min_key: float
E                                       ^^
E   SyntaxError: invalid syntax
=========================== short test summary info ============================
ERROR tests/test_most_freq.py
!!!!!!!!!!!!!!!!!!!! Interrupted: 1 error during collection !!!!!!!!!!!!!!!!!!!!
=============================== 1 error in 0.24s ===============================
</pre></div></div></div></div></div><div class="mb-1" id="job_list___sub_accordion_47"><div class="card"><a data-toggle="collapse" data-target="#job_list___sub_collapse_47_1" aria-expanded="false" aria-controls="job_list___sub_collapse_47_1" href="#" class="job_list___sub_multi_heading"><div role="alert" class="card-header alert-success" id="job_list___sub_heading_47_1"><button class="btn btn-outline-success"><span class="job_id">47 : Job ID 4aa675dc964148d69feae07c4b40cba9</span></button></div></a><div aria-labelledby="job_list___sub_heading_47_1" data-parent="#job_list___sub_accordion_47" class="collapse job_list___sub_multi_collapse" id="job_list___sub_collapse_47_1"><div class="card-body"><div class="work-item"><div class="alert alert-success test-outcome" role="alert"><p>worker outcome: normal</p><p>test outcome: killed</p></div></div><pre class="location"><a href="pycharm://open?file=source/most_freq.py&amp;line=68" class="text-secondary"><button class="btn btn-outline-dark">source/most_freq.py, start pos: (68, 37), end pos: (68, 38)</button></a></pre><pre>operator: core/ReplaceBinaryOperator_Div_RShift, occurrence: 1</pre><div class="alert alert-secondary"><pre class="diff">--- mutation diff ---
--- asource/most_freq.py
+++ bsource/most_freq.py
@@ -65,7 +65,7 @@
       Output SOp of sort program.
     """
     keys = rasp.SequenceMap(
-        lambda x, i: x + min_key * i / max_seq_len, keys, rasp.indices
+        lambda x, i: x + min_key * i &gt;&gt; max_seq_len, keys, rasp.indices
     )
     return make_sort_unique(vals, keys)
 </pre></div><div class="alert alert-secondary"><pre class="diff">============================= test session starts ==============================
platform linux -- Python 3.10.12, pytest-8.3.4, pluggy-1.5.0
rootdir: /home/andre-silva/RASPing
configfile: pyproject.toml
plugins: anyio-4.8.0
collected 3 items

tests/test_most_freq.py ssAccuracy:  0.0
F

=================================== FAILURES ===================================
___________________________ TestMostFreq.test_model ____________________________

self = &lt;tests.test_most_freq.TestMostFreq object at 0x7fdeb5759750&gt;

    def test_model(self):
&gt;       self.test()

tests/test_most_freq.py:21: 
_ _ _ _ _ _ _ _ _ _ _ _ _ _ _ _ _ _ _ _ _ _ _ _ _ _ _ _ _ _ _ _ _ _ _ _ _ _ _ _ 

self = &lt;tests.test_most_freq.TestMostFreq object at 0x7fdeb5759750&gt;

    @pytest.mark.skip(reason="This is not a test")
    def test(self):
        try:
            model = Model(self.model, self.inputs, self.maxLength, self.name)
        except Exception as e:
            # Survive if the model is not compilable (we want to kill the buggy ones)
            print(str(e))
            # Print message for post-processing
            print("UNCOMPILABLE MODEL")
            return
    
        accuracy = model.evaluateModel(
            self.testing_data, doPrint=False, outputArray=False, useAssert=False
        )
        # Print the accuracy for post-processing
        print("Accuracy: ", accuracy)
&gt;       assert accuracy == 1.0
E       AssertionError

tests/test.py:47: AssertionError
=========================== short test summary info ============================
FAILED tests/test_most_freq.py::TestMostFreq::test_model - AssertionError
======================== 1 failed, 2 skipped in 18.37s =========================
</pre></div></div></div></div></div><div class="mb-1" id="job_list___sub_accordion_48"><div class="card"><a data-toggle="collapse" data-target="#job_list___sub_collapse_48_1" aria-expanded="false" aria-controls="job_list___sub_collapse_48_1" href="#" class="job_list___sub_multi_heading"><div role="alert" class="card-header alert-success" id="job_list___sub_heading_48_1"><button class="btn btn-outline-success"><span class="job_id">48 : Job ID d1e814ae1ed24babadb6e6e8146adf3a</span></button></div></a><div aria-labelledby="job_list___sub_heading_48_1" data-parent="#job_list___sub_accordion_48" class="collapse job_list___sub_multi_collapse" id="job_list___sub_collapse_48_1"><div class="card-body"><div class="work-item"><div class="alert alert-success test-outcome" role="alert"><p>worker outcome: normal</p><p>test outcome: killed</p></div></div><pre class="location"><a href="pycharm://open?file=source/most_freq.py&amp;line=41" class="text-secondary"><button class="btn btn-outline-dark">source/most_freq.py, start pos: (41, 36), end pos: (41, 37)</button></a></pre><pre>operator: core/ReplaceBinaryOperator_Div_LShift, occurrence: 0</pre><div class="alert alert-secondary"><pre class="diff">--- mutation diff ---
--- asource/most_freq.py
+++ bsource/most_freq.py
@@ -38,7 +38,7 @@
 
 
 def make_sort(
-    vals: rasp.SOp, keys: rasp.SOp, /, max_seq_len: int, min_key: float
+    vals: rasp.SOp, keys: rasp.SOp, &lt;&lt;, max_seq_len: int, min_key: float
 ) -&gt; rasp.SOp:
     """Returns vals sorted by &lt; relation on keys, which don't need to be unique.
 </pre></div><div class="alert alert-secondary"><pre class="diff">============================= test session starts ==============================
platform linux -- Python 3.10.12, pytest-8.3.4, pluggy-1.5.0
rootdir: /home/andre-silva/RASPing
configfile: pyproject.toml
plugins: anyio-4.8.0
collected 0 items / 1 error

==================================== ERRORS ====================================
________ ERROR collecting experiments/mutation/tests/test_most_freq.py _________
../../.venv/lib/python3.10/site-packages/_pytest/python.py:493: in importtestmodule
    mod = import_path(
../../.venv/lib/python3.10/site-packages/_pytest/pathlib.py:587: in import_path
    importlib.import_module(module_name)
/usr/lib/python3.10/importlib/__init__.py:126: in import_module
    return _bootstrap._gcd_import(name[level:], package, level)
&lt;frozen importlib._bootstrap&gt;:1050: in _gcd_import
    ???
&lt;frozen importlib._bootstrap&gt;:1027: in _find_and_load
    ???
&lt;frozen importlib._bootstrap&gt;:1006: in _find_and_load_unlocked
    ???
&lt;frozen importlib._bootstrap&gt;:688: in _load_unlocked
    ???
../../.venv/lib/python3.10/site-packages/_pytest/assertion/rewrite.py:184: in exec_module
    exec(co, module.__dict__)
tests/test_most_freq.py:11: in &lt;module&gt;
    from experiments.mutation.source.most_freq import make_sort_freq
E     File "/home/andre-silva/RASPing/experiments/mutation/source/most_freq.py", line 41
E       vals: rasp.SOp, keys: rasp.SOp, &lt;&lt;, max_seq_len: int, min_key: float
E                                       ^^
E   SyntaxError: invalid syntax
=========================== short test summary info ============================
ERROR tests/test_most_freq.py
!!!!!!!!!!!!!!!!!!!! Interrupted: 1 error during collection !!!!!!!!!!!!!!!!!!!!
=============================== 1 error in 0.24s ===============================
</pre></div></div></div></div></div><div class="mb-1" id="job_list___sub_accordion_49"><div class="card"><a data-toggle="collapse" data-target="#job_list___sub_collapse_49_1" aria-expanded="false" aria-controls="job_list___sub_collapse_49_1" href="#" class="job_list___sub_multi_heading"><div role="alert" class="card-header alert-success" id="job_list___sub_heading_49_1"><button class="btn btn-outline-success"><span class="job_id">49 : Job ID 2594257ea684440c9d018f4d8741917a</span></button></div></a><div aria-labelledby="job_list___sub_heading_49_1" data-parent="#job_list___sub_accordion_49" class="collapse job_list___sub_multi_collapse" id="job_list___sub_collapse_49_1"><div class="card-body"><div class="work-item"><div class="alert alert-success test-outcome" role="alert"><p>worker outcome: normal</p><p>test outcome: killed</p></div></div><pre class="location"><a href="pycharm://open?file=source/most_freq.py&amp;line=68" class="text-secondary"><button class="btn btn-outline-dark">source/most_freq.py, start pos: (68, 37), end pos: (68, 38)</button></a></pre><pre>operator: core/ReplaceBinaryOperator_Div_LShift, occurrence: 1</pre><div class="alert alert-secondary"><pre class="diff">--- mutation diff ---
--- asource/most_freq.py
+++ bsource/most_freq.py
@@ -65,7 +65,7 @@
       Output SOp of sort program.
     """
     keys = rasp.SequenceMap(
-        lambda x, i: x + min_key * i / max_seq_len, keys, rasp.indices
+        lambda x, i: x + min_key * i &lt;&lt; max_seq_len, keys, rasp.indices
     )
     return make_sort_unique(vals, keys)
 </pre></div><div class="alert alert-secondary"><pre class="diff">============================= test session starts ==============================
platform linux -- Python 3.10.12, pytest-8.3.4, pluggy-1.5.0
rootdir: /home/andre-silva/RASPing
configfile: pyproject.toml
plugins: anyio-4.8.0
collected 3 items

tests/test_most_freq.py ssAccuracy:  0.08
F

=================================== FAILURES ===================================
___________________________ TestMostFreq.test_model ____________________________

self = &lt;tests.test_most_freq.TestMostFreq object at 0x7f57ac45d810&gt;

    def test_model(self):
&gt;       self.test()

tests/test_most_freq.py:21: 
_ _ _ _ _ _ _ _ _ _ _ _ _ _ _ _ _ _ _ _ _ _ _ _ _ _ _ _ _ _ _ _ _ _ _ _ _ _ _ _ 

self = &lt;tests.test_most_freq.TestMostFreq object at 0x7f57ac45d810&gt;

    @pytest.mark.skip(reason="This is not a test")
    def test(self):
        try:
            model = Model(self.model, self.inputs, self.maxLength, self.name)
        except Exception as e:
            # Survive if the model is not compilable (we want to kill the buggy ones)
            print(str(e))
            # Print message for post-processing
            print("UNCOMPILABLE MODEL")
            return
    
        accuracy = model.evaluateModel(
            self.testing_data, doPrint=False, outputArray=False, useAssert=False
        )
        # Print the accuracy for post-processing
        print("Accuracy: ", accuracy)
&gt;       assert accuracy == 1.0
E       AssertionError

tests/test.py:47: AssertionError
=========================== short test summary info ============================
FAILED tests/test_most_freq.py::TestMostFreq::test_model - AssertionError
======================== 1 failed, 2 skipped in 22.50s =========================
</pre></div></div></div></div></div><div class="mb-1" id="job_list___sub_accordion_50"><div class="card"><a data-toggle="collapse" data-target="#job_list___sub_collapse_50_1" aria-expanded="false" aria-controls="job_list___sub_collapse_50_1" href="#" class="job_list___sub_multi_heading"><div role="alert" class="card-header alert-success" id="job_list___sub_heading_50_1"><button class="btn btn-outline-success"><span class="job_id">50 : Job ID d0818acd4c044238a5d855eaba82ed7f</span></button></div></a><div aria-labelledby="job_list___sub_heading_50_1" data-parent="#job_list___sub_accordion_50" class="collapse job_list___sub_multi_collapse" id="job_list___sub_collapse_50_1"><div class="card-body"><div class="work-item"><div class="alert alert-success test-outcome" role="alert"><p>worker outcome: normal</p><p>test outcome: killed</p></div></div><pre class="location"><a href="pycharm://open?file=source/most_freq.py&amp;line=41" class="text-secondary"><button class="btn btn-outline-dark">source/most_freq.py, start pos: (41, 36), end pos: (41, 37)</button></a></pre><pre>operator: core/ReplaceBinaryOperator_Div_BitOr, occurrence: 0</pre><div class="alert alert-secondary"><pre class="diff">--- mutation diff ---
--- asource/most_freq.py
+++ bsource/most_freq.py
@@ -38,7 +38,7 @@
 
 
 def make_sort(
-    vals: rasp.SOp, keys: rasp.SOp, /, max_seq_len: int, min_key: float
+    vals: rasp.SOp, keys: rasp.SOp, |, max_seq_len: int, min_key: float
 ) -&gt; rasp.SOp:
     """Returns vals sorted by &lt; relation on keys, which don't need to be unique.
 </pre></div><div class="alert alert-secondary"><pre class="diff">============================= test session starts ==============================
platform linux -- Python 3.10.12, pytest-8.3.4, pluggy-1.5.0
rootdir: /home/andre-silva/RASPing
configfile: pyproject.toml
plugins: anyio-4.8.0
collected 0 items / 1 error

==================================== ERRORS ====================================
________ ERROR collecting experiments/mutation/tests/test_most_freq.py _________
../../.venv/lib/python3.10/site-packages/_pytest/python.py:493: in importtestmodule
    mod = import_path(
../../.venv/lib/python3.10/site-packages/_pytest/pathlib.py:587: in import_path
    importlib.import_module(module_name)
/usr/lib/python3.10/importlib/__init__.py:126: in import_module
    return _bootstrap._gcd_import(name[level:], package, level)
&lt;frozen importlib._bootstrap&gt;:1050: in _gcd_import
    ???
&lt;frozen importlib._bootstrap&gt;:1027: in _find_and_load
    ???
&lt;frozen importlib._bootstrap&gt;:1006: in _find_and_load_unlocked
    ???
&lt;frozen importlib._bootstrap&gt;:688: in _load_unlocked
    ???
../../.venv/lib/python3.10/site-packages/_pytest/assertion/rewrite.py:184: in exec_module
    exec(co, module.__dict__)
tests/test_most_freq.py:11: in &lt;module&gt;
    from experiments.mutation.source.most_freq import make_sort_freq
E     File "/home/andre-silva/RASPing/experiments/mutation/source/most_freq.py", line 41
E       vals: rasp.SOp, keys: rasp.SOp, |, max_seq_len: int, min_key: float
E                                       ^
E   SyntaxError: invalid syntax
=========================== short test summary info ============================
ERROR tests/test_most_freq.py
!!!!!!!!!!!!!!!!!!!! Interrupted: 1 error during collection !!!!!!!!!!!!!!!!!!!!
=============================== 1 error in 0.25s ===============================
</pre></div></div></div></div></div><div class="mb-1" id="job_list___sub_accordion_51"><div class="card"><a data-toggle="collapse" data-target="#job_list___sub_collapse_51_1" aria-expanded="false" aria-controls="job_list___sub_collapse_51_1" href="#" class="job_list___sub_multi_heading"><div role="alert" class="card-header alert-success" id="job_list___sub_heading_51_1"><button class="btn btn-outline-success"><span class="job_id">51 : Job ID 5186e1ba942d41cfa8193454fb3974d5</span></button></div></a><div aria-labelledby="job_list___sub_heading_51_1" data-parent="#job_list___sub_accordion_51" class="collapse job_list___sub_multi_collapse" id="job_list___sub_collapse_51_1"><div class="card-body"><div class="work-item"><div class="alert alert-success test-outcome" role="alert"><p>worker outcome: normal</p><p>test outcome: killed</p></div></div><pre class="location"><a href="pycharm://open?file=source/most_freq.py&amp;line=68" class="text-secondary"><button class="btn btn-outline-dark">source/most_freq.py, start pos: (68, 37), end pos: (68, 38)</button></a></pre><pre>operator: core/ReplaceBinaryOperator_Div_BitOr, occurrence: 1</pre><div class="alert alert-secondary"><pre class="diff">--- mutation diff ---
--- asource/most_freq.py
+++ bsource/most_freq.py
@@ -65,7 +65,7 @@
       Output SOp of sort program.
     """
     keys = rasp.SequenceMap(
-        lambda x, i: x + min_key * i / max_seq_len, keys, rasp.indices
+        lambda x, i: x + min_key * i | max_seq_len, keys, rasp.indices
     )
     return make_sort_unique(vals, keys)
 </pre></div><div class="alert alert-secondary"><pre class="diff">============================= test session starts ==============================
platform linux -- Python 3.10.12, pytest-8.3.4, pluggy-1.5.0
rootdir: /home/andre-silva/RASPing
configfile: pyproject.toml
plugins: anyio-4.8.0
collected 3 items

tests/test_most_freq.py ssAccuracy:  0.02
F

=================================== FAILURES ===================================
___________________________ TestMostFreq.test_model ____________________________

self = &lt;tests.test_most_freq.TestMostFreq object at 0x7efeb66517b0&gt;

    def test_model(self):
&gt;       self.test()

tests/test_most_freq.py:21: 
_ _ _ _ _ _ _ _ _ _ _ _ _ _ _ _ _ _ _ _ _ _ _ _ _ _ _ _ _ _ _ _ _ _ _ _ _ _ _ _ 

self = &lt;tests.test_most_freq.TestMostFreq object at 0x7efeb66517b0&gt;

    @pytest.mark.skip(reason="This is not a test")
    def test(self):
        try:
            model = Model(self.model, self.inputs, self.maxLength, self.name)
        except Exception as e:
            # Survive if the model is not compilable (we want to kill the buggy ones)
            print(str(e))
            # Print message for post-processing
            print("UNCOMPILABLE MODEL")
            return
    
        accuracy = model.evaluateModel(
            self.testing_data, doPrint=False, outputArray=False, useAssert=False
        )
        # Print the accuracy for post-processing
        print("Accuracy: ", accuracy)
&gt;       assert accuracy == 1.0
E       AssertionError

tests/test.py:47: AssertionError
=========================== short test summary info ============================
FAILED tests/test_most_freq.py::TestMostFreq::test_model - AssertionError
======================== 1 failed, 2 skipped in 19.35s =========================
</pre></div></div></div></div></div><div class="mb-1" id="job_list___sub_accordion_52"><div class="card"><a data-toggle="collapse" data-target="#job_list___sub_collapse_52_1" aria-expanded="false" aria-controls="job_list___sub_collapse_52_1" href="#" class="job_list___sub_multi_heading"><div role="alert" class="card-header alert-success" id="job_list___sub_heading_52_1"><button class="btn btn-outline-success"><span class="job_id">52 : Job ID 0ad2e953a35f4e86b1ca65e0741f6b3d</span></button></div></a><div aria-labelledby="job_list___sub_heading_52_1" data-parent="#job_list___sub_accordion_52" class="collapse job_list___sub_multi_collapse" id="job_list___sub_collapse_52_1"><div class="card-body"><div class="work-item"><div class="alert alert-success test-outcome" role="alert"><p>worker outcome: normal</p><p>test outcome: killed</p></div></div><pre class="location"><a href="pycharm://open?file=source/most_freq.py&amp;line=41" class="text-secondary"><button class="btn btn-outline-dark">source/most_freq.py, start pos: (41, 36), end pos: (41, 37)</button></a></pre><pre>operator: core/ReplaceBinaryOperator_Div_BitAnd, occurrence: 0</pre><div class="alert alert-secondary"><pre class="diff">--- mutation diff ---
--- asource/most_freq.py
+++ bsource/most_freq.py
@@ -38,7 +38,7 @@
 
 
 def make_sort(
-    vals: rasp.SOp, keys: rasp.SOp, /, max_seq_len: int, min_key: float
+    vals: rasp.SOp, keys: rasp.SOp, &amp;, max_seq_len: int, min_key: float
 ) -&gt; rasp.SOp:
     """Returns vals sorted by &lt; relation on keys, which don't need to be unique.
 </pre></div><div class="alert alert-secondary"><pre class="diff">============================= test session starts ==============================
platform linux -- Python 3.10.12, pytest-8.3.4, pluggy-1.5.0
rootdir: /home/andre-silva/RASPing
configfile: pyproject.toml
plugins: anyio-4.8.0
collected 0 items / 1 error

==================================== ERRORS ====================================
________ ERROR collecting experiments/mutation/tests/test_most_freq.py _________
../../.venv/lib/python3.10/site-packages/_pytest/python.py:493: in importtestmodule
    mod = import_path(
../../.venv/lib/python3.10/site-packages/_pytest/pathlib.py:587: in import_path
    importlib.import_module(module_name)
/usr/lib/python3.10/importlib/__init__.py:126: in import_module
    return _bootstrap._gcd_import(name[level:], package, level)
&lt;frozen importlib._bootstrap&gt;:1050: in _gcd_import
    ???
&lt;frozen importlib._bootstrap&gt;:1027: in _find_and_load
    ???
&lt;frozen importlib._bootstrap&gt;:1006: in _find_and_load_unlocked
    ???
&lt;frozen importlib._bootstrap&gt;:688: in _load_unlocked
    ???
../../.venv/lib/python3.10/site-packages/_pytest/assertion/rewrite.py:184: in exec_module
    exec(co, module.__dict__)
tests/test_most_freq.py:11: in &lt;module&gt;
    from experiments.mutation.source.most_freq import make_sort_freq
E     File "/home/andre-silva/RASPing/experiments/mutation/source/most_freq.py", line 41
E       vals: rasp.SOp, keys: rasp.SOp, &amp;, max_seq_len: int, min_key: float
E                                       ^
E   SyntaxError: invalid syntax
=========================== short test summary info ============================
ERROR tests/test_most_freq.py
!!!!!!!!!!!!!!!!!!!! Interrupted: 1 error during collection !!!!!!!!!!!!!!!!!!!!
=============================== 1 error in 0.24s ===============================
</pre></div></div></div></div></div><div class="mb-1" id="job_list___sub_accordion_53"><div class="card"><a data-toggle="collapse" data-target="#job_list___sub_collapse_53_1" aria-expanded="false" aria-controls="job_list___sub_collapse_53_1" href="#" class="job_list___sub_multi_heading"><div role="alert" class="card-header alert-success" id="job_list___sub_heading_53_1"><button class="btn btn-outline-success"><span class="job_id">53 : Job ID c07430331fbd48e89806497f9d0d495f</span></button></div></a><div aria-labelledby="job_list___sub_heading_53_1" data-parent="#job_list___sub_accordion_53" class="collapse job_list___sub_multi_collapse" id="job_list___sub_collapse_53_1"><div class="card-body"><div class="work-item"><div class="alert alert-success test-outcome" role="alert"><p>worker outcome: normal</p><p>test outcome: killed</p></div></div><pre class="location"><a href="pycharm://open?file=source/most_freq.py&amp;line=68" class="text-secondary"><button class="btn btn-outline-dark">source/most_freq.py, start pos: (68, 37), end pos: (68, 38)</button></a></pre><pre>operator: core/ReplaceBinaryOperator_Div_BitAnd, occurrence: 1</pre><div class="alert alert-secondary"><pre class="diff">--- mutation diff ---
--- asource/most_freq.py
+++ bsource/most_freq.py
@@ -65,7 +65,7 @@
       Output SOp of sort program.
     """
     keys = rasp.SequenceMap(
-        lambda x, i: x + min_key * i / max_seq_len, keys, rasp.indices
+        lambda x, i: x + min_key * i &amp; max_seq_len, keys, rasp.indices
     )
     return make_sort_unique(vals, keys)
 </pre></div><div class="alert alert-secondary"><pre class="diff">============================= test session starts ==============================
platform linux -- Python 3.10.12, pytest-8.3.4, pluggy-1.5.0
rootdir: /home/andre-silva/RASPing
configfile: pyproject.toml
plugins: anyio-4.8.0
collected 3 items

tests/test_most_freq.py ssAccuracy:  0.0
F

=================================== FAILURES ===================================
___________________________ TestMostFreq.test_model ____________________________

self = &lt;tests.test_most_freq.TestMostFreq object at 0x7f778c665810&gt;

    def test_model(self):
&gt;       self.test()

tests/test_most_freq.py:21: 
_ _ _ _ _ _ _ _ _ _ _ _ _ _ _ _ _ _ _ _ _ _ _ _ _ _ _ _ _ _ _ _ _ _ _ _ _ _ _ _ 

self = &lt;tests.test_most_freq.TestMostFreq object at 0x7f778c665810&gt;

    @pytest.mark.skip(reason="This is not a test")
    def test(self):
        try:
            model = Model(self.model, self.inputs, self.maxLength, self.name)
        except Exception as e:
            # Survive if the model is not compilable (we want to kill the buggy ones)
            print(str(e))
            # Print message for post-processing
            print("UNCOMPILABLE MODEL")
            return
    
        accuracy = model.evaluateModel(
            self.testing_data, doPrint=False, outputArray=False, useAssert=False
        )
        # Print the accuracy for post-processing
        print("Accuracy: ", accuracy)
&gt;       assert accuracy == 1.0
E       AssertionError

tests/test.py:47: AssertionError
=========================== short test summary info ============================
FAILED tests/test_most_freq.py::TestMostFreq::test_model - AssertionError
======================== 1 failed, 2 skipped in 21.32s =========================
</pre></div></div></div></div></div><div class="mb-1" id="job_list___sub_accordion_54"><div class="card"><a data-toggle="collapse" data-target="#job_list___sub_collapse_54_1" aria-expanded="false" aria-controls="job_list___sub_collapse_54_1" href="#" class="job_list___sub_multi_heading"><div role="alert" class="card-header alert-success" id="job_list___sub_heading_54_1"><button class="btn btn-outline-success"><span class="job_id">54 : Job ID 445de81b47494c26ba562ebbd327f5d6</span></button></div></a><div aria-labelledby="job_list___sub_heading_54_1" data-parent="#job_list___sub_accordion_54" class="collapse job_list___sub_multi_collapse" id="job_list___sub_collapse_54_1"><div class="card-body"><div class="work-item"><div class="alert alert-success test-outcome" role="alert"><p>worker outcome: normal</p><p>test outcome: killed</p></div></div><pre class="location"><a href="pycharm://open?file=source/most_freq.py&amp;line=41" class="text-secondary"><button class="btn btn-outline-dark">source/most_freq.py, start pos: (41, 36), end pos: (41, 37)</button></a></pre><pre>operator: core/ReplaceBinaryOperator_Div_BitXor, occurrence: 0</pre><div class="alert alert-secondary"><pre class="diff">--- mutation diff ---
--- asource/most_freq.py
+++ bsource/most_freq.py
@@ -38,7 +38,7 @@
 
 
 def make_sort(
-    vals: rasp.SOp, keys: rasp.SOp, /, max_seq_len: int, min_key: float
+    vals: rasp.SOp, keys: rasp.SOp, ^, max_seq_len: int, min_key: float
 ) -&gt; rasp.SOp:
     """Returns vals sorted by &lt; relation on keys, which don't need to be unique.
 </pre></div><div class="alert alert-secondary"><pre class="diff">============================= test session starts ==============================
platform linux -- Python 3.10.12, pytest-8.3.4, pluggy-1.5.0
rootdir: /home/andre-silva/RASPing
configfile: pyproject.toml
plugins: anyio-4.8.0
collected 0 items / 1 error

==================================== ERRORS ====================================
________ ERROR collecting experiments/mutation/tests/test_most_freq.py _________
../../.venv/lib/python3.10/site-packages/_pytest/python.py:493: in importtestmodule
    mod = import_path(
../../.venv/lib/python3.10/site-packages/_pytest/pathlib.py:587: in import_path
    importlib.import_module(module_name)
/usr/lib/python3.10/importlib/__init__.py:126: in import_module
    return _bootstrap._gcd_import(name[level:], package, level)
&lt;frozen importlib._bootstrap&gt;:1050: in _gcd_import
    ???
&lt;frozen importlib._bootstrap&gt;:1027: in _find_and_load
    ???
&lt;frozen importlib._bootstrap&gt;:1006: in _find_and_load_unlocked
    ???
&lt;frozen importlib._bootstrap&gt;:688: in _load_unlocked
    ???
../../.venv/lib/python3.10/site-packages/_pytest/assertion/rewrite.py:184: in exec_module
    exec(co, module.__dict__)
tests/test_most_freq.py:11: in &lt;module&gt;
    from experiments.mutation.source.most_freq import make_sort_freq
E     File "/home/andre-silva/RASPing/experiments/mutation/source/most_freq.py", line 41
E       vals: rasp.SOp, keys: rasp.SOp, ^, max_seq_len: int, min_key: float
E                                       ^
E   SyntaxError: invalid syntax
=========================== short test summary info ============================
ERROR tests/test_most_freq.py
!!!!!!!!!!!!!!!!!!!! Interrupted: 1 error during collection !!!!!!!!!!!!!!!!!!!!
=============================== 1 error in 0.24s ===============================
</pre></div></div></div></div></div><div class="mb-1" id="job_list___sub_accordion_55"><div class="card"><a data-toggle="collapse" data-target="#job_list___sub_collapse_55_1" aria-expanded="false" aria-controls="job_list___sub_collapse_55_1" href="#" class="job_list___sub_multi_heading"><div role="alert" class="card-header alert-success" id="job_list___sub_heading_55_1"><button class="btn btn-outline-success"><span class="job_id">55 : Job ID 8a7c83c7b8784c80ab7f72242f3fbbfe</span></button></div></a><div aria-labelledby="job_list___sub_heading_55_1" data-parent="#job_list___sub_accordion_55" class="collapse job_list___sub_multi_collapse" id="job_list___sub_collapse_55_1"><div class="card-body"><div class="work-item"><div class="alert alert-success test-outcome" role="alert"><p>worker outcome: normal</p><p>test outcome: killed</p></div></div><pre class="location"><a href="pycharm://open?file=source/most_freq.py&amp;line=68" class="text-secondary"><button class="btn btn-outline-dark">source/most_freq.py, start pos: (68, 37), end pos: (68, 38)</button></a></pre><pre>operator: core/ReplaceBinaryOperator_Div_BitXor, occurrence: 1</pre><div class="alert alert-secondary"><pre class="diff">--- mutation diff ---
--- asource/most_freq.py
+++ bsource/most_freq.py
@@ -65,7 +65,7 @@
       Output SOp of sort program.
     """
     keys = rasp.SequenceMap(
-        lambda x, i: x + min_key * i / max_seq_len, keys, rasp.indices
+        lambda x, i: x + min_key * i ^ max_seq_len, keys, rasp.indices
     )
     return make_sort_unique(vals, keys)
 </pre></div><div class="alert alert-secondary"><pre class="diff">============================= test session starts ==============================
platform linux -- Python 3.10.12, pytest-8.3.4, pluggy-1.5.0
rootdir: /home/andre-silva/RASPing
configfile: pyproject.toml
plugins: anyio-4.8.0
collected 3 items

tests/test_most_freq.py ssAccuracy:  0.02
F

=================================== FAILURES ===================================
___________________________ TestMostFreq.test_model ____________________________

self = &lt;tests.test_most_freq.TestMostFreq object at 0x7fe0f166d750&gt;

    def test_model(self):
&gt;       self.test()

tests/test_most_freq.py:21: 
_ _ _ _ _ _ _ _ _ _ _ _ _ _ _ _ _ _ _ _ _ _ _ _ _ _ _ _ _ _ _ _ _ _ _ _ _ _ _ _ 

self = &lt;tests.test_most_freq.TestMostFreq object at 0x7fe0f166d750&gt;

    @pytest.mark.skip(reason="This is not a test")
    def test(self):
        try:
            model = Model(self.model, self.inputs, self.maxLength, self.name)
        except Exception as e:
            # Survive if the model is not compilable (we want to kill the buggy ones)
            print(str(e))
            # Print message for post-processing
            print("UNCOMPILABLE MODEL")
            return
    
        accuracy = model.evaluateModel(
            self.testing_data, doPrint=False, outputArray=False, useAssert=False
        )
        # Print the accuracy for post-processing
        print("Accuracy: ", accuracy)
&gt;       assert accuracy == 1.0
E       AssertionError

tests/test.py:47: AssertionError
=========================== short test summary info ============================
FAILED tests/test_most_freq.py::TestMostFreq::test_model - AssertionError
======================== 1 failed, 2 skipped in 20.54s =========================
</pre></div></div></div></div></div><div class="mb-1" id="job_list___sub_accordion_56"><div class="card"><a data-toggle="collapse" data-target="#job_list___sub_collapse_56_1" aria-expanded="false" aria-controls="job_list___sub_collapse_56_1" href="#" class="job_list___sub_multi_heading"><div role="alert" class="card-header alert-success" id="job_list___sub_heading_56_1"><button class="btn btn-outline-success"><span class="job_id">56 : Job ID 97b5708475f54b97a6500b01bd5df3b7</span></button></div></a><div aria-labelledby="job_list___sub_heading_56_1" data-parent="#job_list___sub_accordion_56" class="collapse job_list___sub_multi_collapse" id="job_list___sub_collapse_56_1"><div class="card-body"><div class="work-item"><div class="alert alert-success test-outcome" role="alert"><p>worker outcome: normal</p><p>test outcome: killed</p></div></div><pre class="location"><a href="pycharm://open?file=source/most_freq.py&amp;line=87" class="text-secondary"><button class="btn btn-outline-dark">source/most_freq.py, start pos: (87, 11), end pos: (87, 12)</button></a></pre><pre>operator: core/ReplaceUnaryOperator_USub_UAdd, occurrence: 0</pre><div class="alert alert-secondary"><pre class="diff">--- mutation diff ---
--- asource/most_freq.py
+++ bsource/most_freq.py
@@ -84,7 +84,7 @@
     Args:
       max_seq_len: Maximum sequence length (used to ensure keys are unique)
     """
-    hist = -1 * make_hist().named("hist")
+    hist = +1 * make_hist().named("hist")
     return make_sort(rasp.tokens, hist, max_seq_len=max_seq_len, min_key=1).named(
         "sort_freq"
     )</pre></div><div class="alert alert-secondary"><pre class="diff">============================= test session starts ==============================
platform linux -- Python 3.10.12, pytest-8.3.4, pluggy-1.5.0
rootdir: /home/andre-silva/RASPing
configfile: pyproject.toml
plugins: anyio-4.8.0
collected 3 items

tests/test_most_freq.py ssAccuracy:  0.04
F

=================================== FAILURES ===================================
___________________________ TestMostFreq.test_model ____________________________

self = &lt;tests.test_most_freq.TestMostFreq object at 0x7ff7a4e596f0&gt;

    def test_model(self):
&gt;       self.test()

tests/test_most_freq.py:21: 
_ _ _ _ _ _ _ _ _ _ _ _ _ _ _ _ _ _ _ _ _ _ _ _ _ _ _ _ _ _ _ _ _ _ _ _ _ _ _ _ 

self = &lt;tests.test_most_freq.TestMostFreq object at 0x7ff7a4e596f0&gt;

    @pytest.mark.skip(reason="This is not a test")
    def test(self):
        try:
            model = Model(self.model, self.inputs, self.maxLength, self.name)
        except Exception as e:
            # Survive if the model is not compilable (we want to kill the buggy ones)
            print(str(e))
            # Print message for post-processing
            print("UNCOMPILABLE MODEL")
            return
    
        accuracy = model.evaluateModel(
            self.testing_data, doPrint=False, outputArray=False, useAssert=False
        )
        # Print the accuracy for post-processing
        print("Accuracy: ", accuracy)
&gt;       assert accuracy == 1.0
E       AssertionError

tests/test.py:47: AssertionError
=========================== short test summary info ============================
FAILED tests/test_most_freq.py::TestMostFreq::test_model - AssertionError
======================== 1 failed, 2 skipped in 32.18s =========================
</pre></div></div></div></div></div><div class="mb-1" id="job_list___sub_accordion_57"><div class="card"><a data-toggle="collapse" data-target="#job_list___sub_collapse_57_1" aria-expanded="false" aria-controls="job_list___sub_collapse_57_1" href="#" class="job_list___sub_multi_heading"><div role="alert" class="card-header alert-danger" id="job_list___sub_heading_57_1"><button class="btn btn-outline-danger"><span class="job_id">57 : Job ID bf240eadf9ee46da9e8f2f54e85227a0</span></button></div></a><div aria-labelledby="job_list___sub_heading_57_1" data-parent="#job_list___sub_accordion_57" class="collapse job_list___sub_multi_collapse" id="job_list___sub_collapse_57_1"><div class="card-body"><div class="work-item"><div class="alert alert-danger test-outcome" role="alert"><p>SURVIVED</p><p>worker outcome: normal</p><p>test outcome: survived</p></div></div><pre class="location"><a href="pycharm://open?file=source/most_freq.py&amp;line=87" class="text-secondary"><button class="btn btn-outline-dark">source/most_freq.py, start pos: (87, 11), end pos: (87, 12)</button></a></pre><pre>operator: core/ReplaceUnaryOperator_USub_Invert, occurrence: 0</pre><div class="alert alert-secondary"><pre class="diff">--- mutation diff ---
--- asource/most_freq.py
+++ bsource/most_freq.py
@@ -84,7 +84,7 @@
     Args:
       max_seq_len: Maximum sequence length (used to ensure keys are unique)
     """
-    hist = -1 * make_hist().named("hist")
+    hist = ~1 * make_hist().named("hist")
     return make_sort(rasp.tokens, hist, max_seq_len=max_seq_len, min_key=1).named(
         "sort_freq"
     )</pre></div><div class="alert alert-secondary"><pre class="diff">============================= test session starts ==============================
platform linux -- Python 3.10.12, pytest-8.3.4, pluggy-1.5.0
rootdir: /home/andre-silva/RASPing
configfile: pyproject.toml
plugins: anyio-4.8.0
collected 3 items

tests/test_most_freq.py ssAccuracy:  1.0
MODEL IS NOT BUGGY
.

======================== 1 passed, 2 skipped in 31.95s =========================
</pre></div></div></div></div></div><div class="mb-1" id="job_list___sub_accordion_58"><div class="card"><a data-toggle="collapse" data-target="#job_list___sub_collapse_58_1" aria-expanded="false" aria-controls="job_list___sub_collapse_58_1" href="#" class="job_list___sub_multi_heading"><div role="alert" class="card-header alert-success" id="job_list___sub_heading_58_1"><button class="btn btn-outline-success"><span class="job_id">58 : Job ID 9ceb948235b94765bb2350ffc07dee26</span></button></div></a><div aria-labelledby="job_list___sub_heading_58_1" data-parent="#job_list___sub_accordion_58" class="collapse job_list___sub_multi_collapse" id="job_list___sub_collapse_58_1"><div class="card-body"><div class="work-item"><div class="alert alert-success test-outcome" role="alert"><p>worker outcome: normal</p><p>test outcome: killed</p></div></div><pre class="location"><a href="pycharm://open?file=source/most_freq.py&amp;line=87" class="text-secondary"><button class="btn btn-outline-dark">source/most_freq.py, start pos: (87, 11), end pos: (87, 12)</button></a></pre><pre>operator: core/ReplaceUnaryOperator_USub_Not, occurrence: 0</pre><div class="alert alert-secondary"><pre class="diff">--- mutation diff ---
--- asource/most_freq.py
+++ bsource/most_freq.py
@@ -84,7 +84,7 @@
     Args:
       max_seq_len: Maximum sequence length (used to ensure keys are unique)
     """
-    hist = -1 * make_hist().named("hist")
+    hist = not 1 * make_hist().named("hist")
     return make_sort(rasp.tokens, hist, max_seq_len=max_seq_len, min_key=1).named(
         "sort_freq"
     )</pre></div><div class="alert alert-secondary"><pre class="diff">============================= test session starts ==============================
platform linux -- Python 3.10.12, pytest-8.3.4, pluggy-1.5.0
rootdir: /home/andre-silva/RASPing
configfile: pyproject.toml
plugins: anyio-4.8.0
collected 3 items

tests/test_most_freq.py ssE

==================================== ERRORS ====================================
__________________ ERROR at setup of TestMostFreq.test_model ___________________

self = &lt;tests.test_most_freq.TestMostFreq object at 0x7fd92e03d750&gt;
method = &lt;bound method TestMostFreq.test_model of &lt;tests.test_most_freq.TestMostFreq object at 0x7fd92e03d750&gt;&gt;

    def setup_method(self, method):
&gt;       self.__setup__(make_sort_freq(self.maxLength), "most-freq")

tests/test_most_freq.py:18: 
_ _ _ _ _ _ _ _ _ _ _ _ _ _ _ _ _ _ _ _ _ _ _ _ _ _ _ _ _ _ _ _ _ _ _ _ _ _ _ _ 
source/most_freq.py:88: in make_sort_freq
    return make_sort(rasp.tokens, hist, max_seq_len=max_seq_len, min_key=1).named(
source/most_freq.py:67: in make_sort
    keys = rasp.SequenceMap(
_ _ _ _ _ _ _ _ _ _ _ _ _ _ _ _ _ _ _ _ _ _ _ _ _ _ _ _ _ _ _ _ _ _ _ _ _ _ _ _ 

self = &lt;tracr.rasp.rasp.SequenceMap object at 0x7fd92e03e200&gt;
f = &lt;function make_sort.&lt;locals&gt;.&lt;lambda&gt; at 0x7fd9e64db640&gt;, fst = False
snd = indices

    def __init__(
        self,
        f: Callable[[Value, Value], Value],
        fst: SOp,
        snd: SOp,
    ):
      super().__init__()
    
      if fst is snd:
        logging.warning("Creating a SequenceMap with both inputs being the same "
                        "SOp is discouraged. You should use a Map instead.")
    
      self.f = f
      self.fst = fst
      self.snd = snd
&gt;     assert isinstance(self.fst, SOp)
E     AssertionError

../../.venv/lib/python3.10/site-packages/tracr/rasp/rasp.py:388: AssertionError
=========================== short test summary info ============================
ERROR tests/test_most_freq.py::TestMostFreq::test_model - AssertionError
========================= 2 skipped, 1 error in 2.01s ==========================
</pre></div></div></div></div></div><div class="mb-1" id="job_list___sub_accordion_59"><div class="card"><a data-toggle="collapse" data-target="#job_list___sub_collapse_59_1" aria-expanded="false" aria-controls="job_list___sub_collapse_59_1" href="#" class="job_list___sub_multi_heading"><div role="alert" class="card-header alert-success" id="job_list___sub_heading_59_1"><button class="btn btn-outline-success"><span class="job_id">59 : Job ID 8c6290a7ae7b4c0ab6f07a4cc617935d</span></button></div></a><div aria-labelledby="job_list___sub_heading_59_1" data-parent="#job_list___sub_accordion_59" class="collapse job_list___sub_multi_collapse" id="job_list___sub_collapse_59_1"><div class="card-body"><div class="work-item"><div class="alert alert-success test-outcome" role="alert"><p>worker outcome: normal</p><p>test outcome: killed</p></div></div><pre class="location"><a href="pycharm://open?file=source/most_freq.py&amp;line=87" class="text-secondary"><button class="btn btn-outline-dark">source/most_freq.py, start pos: (87, 11), end pos: (87, 12)</button></a></pre><pre>operator: core/ReplaceUnaryOperator_Delete_USub, occurrence: 0</pre><div class="alert alert-secondary"><pre class="diff">--- mutation diff ---
--- asource/most_freq.py
+++ bsource/most_freq.py
@@ -84,7 +84,7 @@
     Args:
       max_seq_len: Maximum sequence length (used to ensure keys are unique)
     """
-    hist = -1 * make_hist().named("hist")
+    hist = 1 * make_hist().named("hist")
     return make_sort(rasp.tokens, hist, max_seq_len=max_seq_len, min_key=1).named(
         "sort_freq"
     )</pre></div><div class="alert alert-secondary"><pre class="diff">============================= test session starts ==============================
platform linux -- Python 3.10.12, pytest-8.3.4, pluggy-1.5.0
rootdir: /home/andre-silva/RASPing
configfile: pyproject.toml
plugins: anyio-4.8.0
collected 3 items

tests/test_most_freq.py ssAccuracy:  0.04
F

=================================== FAILURES ===================================
___________________________ TestMostFreq.test_model ____________________________

self = &lt;tests.test_most_freq.TestMostFreq object at 0x7f1236c556c0&gt;

    def test_model(self):
&gt;       self.test()

tests/test_most_freq.py:21: 
_ _ _ _ _ _ _ _ _ _ _ _ _ _ _ _ _ _ _ _ _ _ _ _ _ _ _ _ _ _ _ _ _ _ _ _ _ _ _ _ 

self = &lt;tests.test_most_freq.TestMostFreq object at 0x7f1236c556c0&gt;

    @pytest.mark.skip(reason="This is not a test")
    def test(self):
        try:
            model = Model(self.model, self.inputs, self.maxLength, self.name)
        except Exception as e:
            # Survive if the model is not compilable (we want to kill the buggy ones)
            print(str(e))
            # Print message for post-processing
            print("UNCOMPILABLE MODEL")
            return
    
        accuracy = model.evaluateModel(
            self.testing_data, doPrint=False, outputArray=False, useAssert=False
        )
        # Print the accuracy for post-processing
        print("Accuracy: ", accuracy)
&gt;       assert accuracy == 1.0
E       AssertionError

tests/test.py:47: AssertionError
=========================== short test summary info ============================
FAILED tests/test_most_freq.py::TestMostFreq::test_model - AssertionError
======================== 1 failed, 2 skipped in 36.70s =========================
</pre></div></div></div></div></div><div class="mb-1" id="job_list___sub_accordion_60"><div class="card"><a data-toggle="collapse" data-target="#job_list___sub_collapse_60_1" aria-expanded="false" aria-controls="job_list___sub_collapse_60_1" href="#" class="job_list___sub_multi_heading"><div role="alert" class="card-header alert-danger" id="job_list___sub_heading_60_1"><button class="btn btn-outline-danger"><span class="job_id">60 : Job ID 9c8cca80c25c47a6b66ea08f41367098</span></button></div></a><div aria-labelledby="job_list___sub_heading_60_1" data-parent="#job_list___sub_accordion_60" class="collapse job_list___sub_multi_collapse" id="job_list___sub_collapse_60_1"><div class="card-body"><div class="work-item"><div class="alert alert-danger test-outcome" role="alert"><p>SURVIVED</p><p>worker outcome: normal</p><p>test outcome: survived</p></div></div><pre class="location"><a href="pycharm://open?file=source/most_freq.py&amp;line=87" class="text-secondary"><button class="btn btn-outline-dark">source/most_freq.py, start pos: (87, 12), end pos: (87, 13)</button></a></pre><pre>operator: core/NumberReplacer, occurrence: 0</pre><div class="alert alert-secondary"><pre class="diff">--- mutation diff ---
--- asource/most_freq.py
+++ bsource/most_freq.py
@@ -84,7 +84,7 @@
     Args:
       max_seq_len: Maximum sequence length (used to ensure keys are unique)
     """
-    hist = -1 * make_hist().named("hist")
+    hist = - 2 * make_hist().named("hist")
     return make_sort(rasp.tokens, hist, max_seq_len=max_seq_len, min_key=1).named(
         "sort_freq"
     )</pre></div><div class="alert alert-secondary"><pre class="diff">============================= test session starts ==============================
platform linux -- Python 3.10.12, pytest-8.3.4, pluggy-1.5.0
rootdir: /home/andre-silva/RASPing
configfile: pyproject.toml
plugins: anyio-4.8.0
collected 3 items

tests/test_most_freq.py ssAccuracy:  1.0
MODEL IS NOT BUGGY
.

======================== 1 passed, 2 skipped in 31.47s =========================
</pre></div></div></div></div></div><div class="mb-1" id="job_list___sub_accordion_61"><div class="card"><a data-toggle="collapse" data-target="#job_list___sub_collapse_61_1" aria-expanded="false" aria-controls="job_list___sub_collapse_61_1" href="#" class="job_list___sub_multi_heading"><div role="alert" class="card-header alert-success" id="job_list___sub_heading_61_1"><button class="btn btn-outline-success"><span class="job_id">61 : Job ID 2f99fb4f5e4843d2947756ea991aeb7e</span></button></div></a><div aria-labelledby="job_list___sub_heading_61_1" data-parent="#job_list___sub_accordion_61" class="collapse job_list___sub_multi_collapse" id="job_list___sub_collapse_61_1"><div class="card-body"><div class="work-item"><div class="alert alert-success test-outcome" role="alert"><p>worker outcome: normal</p><p>test outcome: killed</p></div></div><pre class="location"><a href="pycharm://open?file=source/most_freq.py&amp;line=87" class="text-secondary"><button class="btn btn-outline-dark">source/most_freq.py, start pos: (87, 12), end pos: (87, 13)</button></a></pre><pre>operator: core/NumberReplacer, occurrence: 1</pre><div class="alert alert-secondary"><pre class="diff">--- mutation diff ---
--- asource/most_freq.py
+++ bsource/most_freq.py
@@ -84,7 +84,7 @@
     Args:
       max_seq_len: Maximum sequence length (used to ensure keys are unique)
     """
-    hist = -1 * make_hist().named("hist")
+    hist = - 0 * make_hist().named("hist")
     return make_sort(rasp.tokens, hist, max_seq_len=max_seq_len, min_key=1).named(
         "sort_freq"
     )</pre></div><div class="alert alert-secondary"><pre class="diff">============================= test session starts ==============================
platform linux -- Python 3.10.12, pytest-8.3.4, pluggy-1.5.0
rootdir: /home/andre-silva/RASPing
configfile: pyproject.toml
plugins: anyio-4.8.0
collected 3 items

tests/test_most_freq.py ssAccuracy:  0.08
F

=================================== FAILURES ===================================
___________________________ TestMostFreq.test_model ____________________________

self = &lt;tests.test_most_freq.TestMostFreq object at 0x7fefbb979660&gt;

    def test_model(self):
&gt;       self.test()

tests/test_most_freq.py:21: 
_ _ _ _ _ _ _ _ _ _ _ _ _ _ _ _ _ _ _ _ _ _ _ _ _ _ _ _ _ _ _ _ _ _ _ _ _ _ _ _ 

self = &lt;tests.test_most_freq.TestMostFreq object at 0x7fefbb979660&gt;

    @pytest.mark.skip(reason="This is not a test")
    def test(self):
        try:
            model = Model(self.model, self.inputs, self.maxLength, self.name)
        except Exception as e:
            # Survive if the model is not compilable (we want to kill the buggy ones)
            print(str(e))
            # Print message for post-processing
            print("UNCOMPILABLE MODEL")
            return
    
        accuracy = model.evaluateModel(
            self.testing_data, doPrint=False, outputArray=False, useAssert=False
        )
        # Print the accuracy for post-processing
        print("Accuracy: ", accuracy)
&gt;       assert accuracy == 1.0
E       AssertionError

tests/test.py:47: AssertionError
=========================== short test summary info ============================
FAILED tests/test_most_freq.py::TestMostFreq::test_model - AssertionError
======================== 1 failed, 2 skipped in 17.78s =========================
</pre></div></div></div></div></div><div class="mb-1" id="job_list___sub_accordion_62"><div class="card"><a data-toggle="collapse" data-target="#job_list___sub_collapse_62_1" aria-expanded="false" aria-controls="job_list___sub_collapse_62_1" href="#" class="job_list___sub_multi_heading"><div role="alert" class="card-header alert-success" id="job_list___sub_heading_62_1"><button class="btn btn-outline-success"><span class="job_id">62 : Job ID 21c6414cf18646fbbd7eeb9cfcc1a6cb</span></button></div></a><div aria-labelledby="job_list___sub_heading_62_1" data-parent="#job_list___sub_accordion_62" class="collapse job_list___sub_multi_collapse" id="job_list___sub_collapse_62_1"><div class="card-body"><div class="work-item"><div class="alert alert-success test-outcome" role="alert"><p>worker outcome: normal</p><p>test outcome: killed</p></div></div><pre class="location"><a href="pycharm://open?file=source/most_freq.py&amp;line=88" class="text-secondary"><button class="btn btn-outline-dark">source/most_freq.py, start pos: (88, 73), end pos: (88, 74)</button></a></pre><pre>operator: core/NumberReplacer, occurrence: 2</pre><div class="alert alert-secondary"><pre class="diff">--- mutation diff ---
--- asource/most_freq.py
+++ bsource/most_freq.py
@@ -85,7 +85,7 @@
       max_seq_len: Maximum sequence length (used to ensure keys are unique)
     """
     hist = -1 * make_hist().named("hist")
-    return make_sort(rasp.tokens, hist, max_seq_len=max_seq_len, min_key=1).named(
+    return make_sort(rasp.tokens, hist, max_seq_len=max_seq_len, min_key= 2).named(
         "sort_freq"
     )
 </pre></div><div class="alert alert-secondary"><pre class="diff">============================= test session starts ==============================
platform linux -- Python 3.10.12, pytest-8.3.4, pluggy-1.5.0
rootdir: /home/andre-silva/RASPing
configfile: pyproject.toml
plugins: anyio-4.8.0
collected 3 items

tests/test_most_freq.py ssAccuracy:  0.74
F

=================================== FAILURES ===================================
___________________________ TestMostFreq.test_model ____________________________

self = &lt;tests.test_most_freq.TestMostFreq object at 0x7f76e9e6d720&gt;

    def test_model(self):
&gt;       self.test()

tests/test_most_freq.py:21: 
_ _ _ _ _ _ _ _ _ _ _ _ _ _ _ _ _ _ _ _ _ _ _ _ _ _ _ _ _ _ _ _ _ _ _ _ _ _ _ _ 

self = &lt;tests.test_most_freq.TestMostFreq object at 0x7f76e9e6d720&gt;

    @pytest.mark.skip(reason="This is not a test")
    def test(self):
        try:
            model = Model(self.model, self.inputs, self.maxLength, self.name)
        except Exception as e:
            # Survive if the model is not compilable (we want to kill the buggy ones)
            print(str(e))
            # Print message for post-processing
            print("UNCOMPILABLE MODEL")
            return
    
        accuracy = model.evaluateModel(
            self.testing_data, doPrint=False, outputArray=False, useAssert=False
        )
        # Print the accuracy for post-processing
        print("Accuracy: ", accuracy)
&gt;       assert accuracy == 1.0
E       AssertionError

tests/test.py:47: AssertionError
=========================== short test summary info ============================
FAILED tests/test_most_freq.py::TestMostFreq::test_model - AssertionError
======================== 1 failed, 2 skipped in 26.85s =========================
</pre></div></div></div></div></div><div class="mb-1" id="job_list___sub_accordion_63"><div class="card"><a data-toggle="collapse" data-target="#job_list___sub_collapse_63_1" aria-expanded="false" aria-controls="job_list___sub_collapse_63_1" href="#" class="job_list___sub_multi_heading"><div role="alert" class="card-header alert-success" id="job_list___sub_heading_63_1"><button class="btn btn-outline-success"><span class="job_id">63 : Job ID b6cac5fd301e4ddd9ee416cd25d94f99</span></button></div></a><div aria-labelledby="job_list___sub_heading_63_1" data-parent="#job_list___sub_accordion_63" class="collapse job_list___sub_multi_collapse" id="job_list___sub_collapse_63_1"><div class="card-body"><div class="work-item"><div class="alert alert-success test-outcome" role="alert"><p>worker outcome: normal</p><p>test outcome: killed</p></div></div><pre class="location"><a href="pycharm://open?file=source/most_freq.py&amp;line=88" class="text-secondary"><button class="btn btn-outline-dark">source/most_freq.py, start pos: (88, 73), end pos: (88, 74)</button></a></pre><pre>operator: core/NumberReplacer, occurrence: 3</pre><div class="alert alert-secondary"><pre class="diff">--- mutation diff ---
--- asource/most_freq.py
+++ bsource/most_freq.py
@@ -85,7 +85,7 @@
       max_seq_len: Maximum sequence length (used to ensure keys are unique)
     """
     hist = -1 * make_hist().named("hist")
-    return make_sort(rasp.tokens, hist, max_seq_len=max_seq_len, min_key=1).named(
+    return make_sort(rasp.tokens, hist, max_seq_len=max_seq_len, min_key= 0).named(
         "sort_freq"
     )
 </pre></div><div class="alert alert-secondary"><pre class="diff">============================= test session starts ==============================
platform linux -- Python 3.10.12, pytest-8.3.4, pluggy-1.5.0
rootdir: /home/andre-silva/RASPing
configfile: pyproject.toml
plugins: anyio-4.8.0
collected 3 items

tests/test_most_freq.py ssAccuracy:  0.0
F

=================================== FAILURES ===================================
___________________________ TestMostFreq.test_model ____________________________

self = &lt;tests.test_most_freq.TestMostFreq object at 0x7fb48fa45780&gt;

    def test_model(self):
&gt;       self.test()

tests/test_most_freq.py:21: 
_ _ _ _ _ _ _ _ _ _ _ _ _ _ _ _ _ _ _ _ _ _ _ _ _ _ _ _ _ _ _ _ _ _ _ _ _ _ _ _ 

self = &lt;tests.test_most_freq.TestMostFreq object at 0x7fb48fa45780&gt;

    @pytest.mark.skip(reason="This is not a test")
    def test(self):
        try:
            model = Model(self.model, self.inputs, self.maxLength, self.name)
        except Exception as e:
            # Survive if the model is not compilable (we want to kill the buggy ones)
            print(str(e))
            # Print message for post-processing
            print("UNCOMPILABLE MODEL")
            return
    
        accuracy = model.evaluateModel(
            self.testing_data, doPrint=False, outputArray=False, useAssert=False
        )
        # Print the accuracy for post-processing
        print("Accuracy: ", accuracy)
&gt;       assert accuracy == 1.0
E       AssertionError

tests/test.py:47: AssertionError
=========================== short test summary info ============================
FAILED tests/test_most_freq.py::TestMostFreq::test_model - AssertionError
======================== 1 failed, 2 skipped in 20.09s =========================
</pre></div></div></div></div></div></div></div></div></div></div><script src="https://code.jquery.com/jquery-3.3.1.slim.min.js" integrity="sha384-q8i/X+965DzO0rT7abK41JStQIAqVgRVzpbzo5smXKp4YfRvH+8abtTE1Pi6jizo" crossorigin="anonymous"></script><script src="https://cdnjs.cloudflare.com/ajax/libs/popper.js/1.14.7/umd/popper.min.js" integrity="sha384-UO2eT0CpHqdSJQ6hJty5KVphtPhzWj9WO1clHTMGa3JDZwrnQq4sF86dIHNDz0W1" crossorigin="anonymous"></script><script src="https://stackpath.bootstrapcdn.com/bootstrap/4.3.1/js/bootstrap.min.js" integrity="sha384-JjSmVgyd0p3pXB1rRibZUAYoIIy6OrQ6VrjIEaFf/nJGzIxFDsf4x0xIM+B07jRM" crossorigin="anonymous"></script><script type="text/javascript">$('div.job_list___sub_multi_collapse').on('shown.bs.collapse',  function () {    correct_behavior_functional_buttons();  });$('div.job_list___sub_multi_collapse').on('hidden.bs.collapse',  function () {    correct_behavior_functional_buttons();  });function correct_behavior_functional_buttons() {    var expand = false;    var collapse = false;    $('a.job_list___sub_multi_heading').each(function(index) {      if ($(this).attr('aria-expanded') == 'false') {        expand = true;        return false;      };    });    $('a.job_list___sub_multi_heading').each(function(index) {      if ($(this).attr('aria-expanded') == 'true') {        collapse = true;        return false;      };    });    if (expand) {      $('div#job_item_expand_all').css('display', 'inline-block');    } else {      $('div#job_item_expand_all').css('display', 'none');    };    if (collapse) {      $('div#job_item_collapse_all').css('display', 'inline-block');    } else {      $('div#job_item_collapse_all').css('display', 'none');    };  };correct_behavior_functional_buttons();</script></body></html>
