<!DOCTYPE html><html lang="en"><head><meta charset="utf-8" /><meta name="viewport" content="width=device-width, initial-scale=1, shrink-to-fit=no" /><link rel="stylesheet" href="https://stackpath.bootstrapcdn.com/bootstrap/4.3.1/css/bootstrap.min.css" integrity="sha384-ggOyR0iXCbMQv3Xipma34MD+dH/1fQ784/j6cY/iJTQUOhcWr7x9JvoRxT2MZw1T" crossorigin="anonymous" /><title>Cosmic Ray Report</title></head><body><div class="container"><h1><p class="text-dark">Cosmic Ray Report</p></h1></div><div class="container"><div class="mb-1" id="summary_info___accordion"><div class="card"><a data-toggle="collapse" data-target="#summary_info___collapse_1" aria-expanded="true" aria-controls="summary_info___collapse_1" href="#"><div class="card-header" id="summary_info___heading_1"><button class="btn btn-outline-dark"><h4 class="m-0">Summary info</h4></button></div></a><div aria-labelledby="summary_info___heading_1" data-parent="#summary_info___accordion" class="collapse show" id="summary_info___collapse_1"><div class="card-body"><p>Date time: 07/03/2025 10:10:24</p><p>Total jobs: 37</p><p>Complete: 37 (100.00%)</p><p>Surviving mutants: 0 (0.00%)</p></div></div></div></div><div class="mb-1" id="job_list___accordion"><div class="card"><a data-toggle="collapse" data-target="#job_list___collapse_1" aria-expanded="false" aria-controls="job_list___collapse_1" href="#"><div class="card-header" id="job_list___heading_1"><button class="btn btn-outline-dark"><h4 class="m-0">Job list</h4></button></div></a><div aria-labelledby="job_list___heading_1" data-parent="#job_list___accordion" class="collapse" id="job_list___collapse_1"><div class="card-body"><div class="text-right mb-1"><div class="mx-1" id="job_item_expand_all"><a href="#" onclick="$('div.job_list___sub_multi_collapse').collapse('show');"><button class="btn btn-outline-dark"><span>Expand All</span></button></a></div><div class="mx-1" id="job_item_collapse_all"><a href="#" onclick="$('div.job_list___sub_multi_collapse').collapse('hide');"><button class="btn btn-outline-dark"><span>Collapse All</span></button></a></div></div><div class="mb-1" id="job_list___sub_accordion_1"><div class="card"><a data-toggle="collapse" data-target="#job_list___sub_collapse_1_1" aria-expanded="false" aria-controls="job_list___sub_collapse_1_1" href="#" class="job_list___sub_multi_heading"><div role="alert" class="card-header alert-success" id="job_list___sub_heading_1_1"><button class="btn btn-outline-success"><span class="job_id">1 : Job ID 2ae926cf8d7e4181a277827a4603ab0b</span></button></div></a><div aria-labelledby="job_list___sub_heading_1_1" data-parent="#job_list___sub_accordion_1" class="collapse job_list___sub_multi_collapse" id="job_list___sub_collapse_1_1"><div class="card-body"><div class="work-item"><div class="alert alert-success test-outcome" role="alert"><p>worker outcome: normal</p><p>test outcome: killed</p></div></div><pre class="location"><a href="pycharm://open?file=source/hist.py&amp;line=14" class="text-secondary"><button class="btn btn-outline-dark">source/hist.py, start pos: (14, 53), end pos: (14, 71)</button></a></pre><pre>operator: operators/replace-rasp-comparison, occurrence: 0</pre><pre class="location"><a href="pycharm://open?file=source/hist.py&amp;line=17" class="text-secondary"><button class="btn btn-outline-dark">source/hist.py, start pos: (17, 4), end pos: (17, 53)</button></a></pre><pre>operator: operators/negate-rasp-sop-return-stmt, occurrence: 0</pre><pre class="location"><a href="pycharm://open?file=source/hist.py&amp;line=14" class="text-secondary"><button class="btn btn-outline-dark">source/hist.py, start pos: (14, 15), end pos: (16, 5)</button></a></pre><pre>operator: operators/negate-rasp-sop-select, occurrence: 0</pre><div class="alert alert-secondary"><pre class="diff">--- mutation diff ---
--- asource/hist.py
+++ bsource/hist.py
@@ -11,8 +11,8 @@
       hist("abac")
       &gt;&gt; [2, 1, 2, 1]
     """
-    same_tok = rasp.Select(rasp.tokens, rasp.tokens, rasp.Comparison.EQ).named(
+    same_tok = rasp.Select(rasp.tokens * -1, rasp.tokens, rasp.Comparison.LT).named(
         "same_tok"
     )
-    return rasp.SelectorWidth(same_tok).named("hist")
+    return rasp.SelectorWidth(same_tok).named("hist") * -1
 </pre></div><div class="alert alert-secondary"><pre class="diff">============================= test session starts ==============================
platform linux -- Python 3.10.12, pytest-8.3.4, pluggy-1.5.0
rootdir: /home/andre-silva/RASPing
configfile: pyproject.toml
plugins: anyio-4.8.0
collected 3 items

tests/test_hist.py ssAccuracy:  0.0
F

=================================== FAILURES ===================================
_____________________________ TestHist.test_model ______________________________

self = &lt;tests.test_hist.TestHist object at 0x7f9958f3fac0&gt;

    def test_model(self):
&gt;       self.test()

tests/test_hist.py:21: 
_ _ _ _ _ _ _ _ _ _ _ _ _ _ _ _ _ _ _ _ _ _ _ _ _ _ _ _ _ _ _ _ _ _ _ _ _ _ _ _ 

self = &lt;tests.test_hist.TestHist object at 0x7f9958f3fac0&gt;

    @pytest.mark.skip(reason="This is not a test")
    def test(self):
        try:
            model = Model(self.model, self.inputs, self.maxLength, self.name)
        except Exception as e:
            # Survive if the model is not compilable (we want to kill the buggy ones)
            print(str(e))
            # Print message for post-processing
            print("UNCOMPILABLE MODEL")
            return
    
        accuracy = model.evaluateModel(
            self.testing_data, doPrint=False, outputArray=False, useAssert=False
        )
        # Print the accuracy for post-processing
        print("Accuracy: ", accuracy)
&gt;       assert accuracy == 1.0
E       AssertionError

tests/test.py:47: AssertionError
=============================== warnings summary ===============================
../../.venv/lib/python3.10/site-packages/dockerpycreds/utils.py:1
  /home/andre-silva/RASPing/.venv/lib/python3.10/site-packages/dockerpycreds/utils.py:1: DeprecationWarning: The distutils package is deprecated and slated for removal in Python 3.12. Use setuptools or check PEP 632 for potential alternatives
    import distutils.spawn

-- Docs: https://docs.pytest.org/en/stable/how-to/capture-warnings.html
=========================== short test summary info ============================
FAILED tests/test_hist.py::TestHist::test_model - AssertionError
=================== 1 failed, 2 skipped, 1 warning in 17.92s ===================
</pre></div></div></div></div></div><div class="mb-1" id="job_list___sub_accordion_2"><div class="card"><a data-toggle="collapse" data-target="#job_list___sub_collapse_2_1" aria-expanded="false" aria-controls="job_list___sub_collapse_2_1" href="#" class="job_list___sub_multi_heading"><div role="alert" class="card-header alert-success" id="job_list___sub_heading_2_1"><button class="btn btn-outline-success"><span class="job_id">2 : Job ID 15c39dc892514d2f820f9dd984bae1ce</span></button></div></a><div aria-labelledby="job_list___sub_heading_2_1" data-parent="#job_list___sub_accordion_2" class="collapse job_list___sub_multi_collapse" id="job_list___sub_collapse_2_1"><div class="card-body"><div class="work-item"><div class="alert alert-success test-outcome" role="alert"><p>worker outcome: normal</p><p>test outcome: killed</p></div></div><pre class="location"><a href="pycharm://open?file=source/hist.py&amp;line=14" class="text-secondary"><button class="btn btn-outline-dark">source/hist.py, start pos: (14, 53), end pos: (14, 71)</button></a></pre><pre>operator: operators/replace-rasp-comparison, occurrence: 0</pre><pre class="location"><a href="pycharm://open?file=source/hist.py&amp;line=17" class="text-secondary"><button class="btn btn-outline-dark">source/hist.py, start pos: (17, 4), end pos: (17, 53)</button></a></pre><pre>operator: operators/negate-rasp-sop-return-stmt, occurrence: 0</pre><pre class="location"><a href="pycharm://open?file=source/hist.py&amp;line=14" class="text-secondary"><button class="btn btn-outline-dark">source/hist.py, start pos: (14, 15), end pos: (16, 5)</button></a></pre><pre>operator: operators/negate-rasp-sop-select, occurrence: 1</pre><div class="alert alert-secondary"><pre class="diff">--- mutation diff ---
--- asource/hist.py
+++ bsource/hist.py
@@ -11,8 +11,8 @@
       hist("abac")
       &gt;&gt; [2, 1, 2, 1]
     """
-    same_tok = rasp.Select(rasp.tokens, rasp.tokens, rasp.Comparison.EQ).named(
+    same_tok = rasp.Select(rasp.tokens, rasp.tokens * -1, rasp.Comparison.LT).named(
         "same_tok"
     )
-    return rasp.SelectorWidth(same_tok).named("hist")
+    return rasp.SelectorWidth(same_tok).named("hist") * -1
 </pre></div><div class="alert alert-secondary"><pre class="diff">============================= test session starts ==============================
platform linux -- Python 3.10.12, pytest-8.3.4, pluggy-1.5.0
rootdir: /home/andre-silva/RASPing
configfile: pyproject.toml
plugins: anyio-4.8.0
collected 3 items

tests/test_hist.py ssAccuracy:  0.0
F

=================================== FAILURES ===================================
_____________________________ TestHist.test_model ______________________________

self = &lt;tests.test_hist.TestHist object at 0x7f6c07317a60&gt;

    def test_model(self):
&gt;       self.test()

tests/test_hist.py:21: 
_ _ _ _ _ _ _ _ _ _ _ _ _ _ _ _ _ _ _ _ _ _ _ _ _ _ _ _ _ _ _ _ _ _ _ _ _ _ _ _ 

self = &lt;tests.test_hist.TestHist object at 0x7f6c07317a60&gt;

    @pytest.mark.skip(reason="This is not a test")
    def test(self):
        try:
            model = Model(self.model, self.inputs, self.maxLength, self.name)
        except Exception as e:
            # Survive if the model is not compilable (we want to kill the buggy ones)
            print(str(e))
            # Print message for post-processing
            print("UNCOMPILABLE MODEL")
            return
    
        accuracy = model.evaluateModel(
            self.testing_data, doPrint=False, outputArray=False, useAssert=False
        )
        # Print the accuracy for post-processing
        print("Accuracy: ", accuracy)
&gt;       assert accuracy == 1.0
E       AssertionError

tests/test.py:47: AssertionError
=============================== warnings summary ===============================
../../.venv/lib/python3.10/site-packages/dockerpycreds/utils.py:1
  /home/andre-silva/RASPing/.venv/lib/python3.10/site-packages/dockerpycreds/utils.py:1: DeprecationWarning: The distutils package is deprecated and slated for removal in Python 3.12. Use setuptools or check PEP 632 for potential alternatives
    import distutils.spawn

-- Docs: https://docs.pytest.org/en/stable/how-to/capture-warnings.html
=========================== short test summary info ============================
FAILED tests/test_hist.py::TestHist::test_model - AssertionError
=================== 1 failed, 2 skipped, 1 warning in 16.68s ===================
</pre></div></div></div></div></div><div class="mb-1" id="job_list___sub_accordion_3"><div class="card"><a data-toggle="collapse" data-target="#job_list___sub_collapse_3_1" aria-expanded="false" aria-controls="job_list___sub_collapse_3_1" href="#" class="job_list___sub_multi_heading"><div role="alert" class="card-header alert-success" id="job_list___sub_heading_3_1"><button class="btn btn-outline-success"><span class="job_id">3 : Job ID 6c17f8237cb8470ca86e1fab7ecfb582</span></button></div></a><div aria-labelledby="job_list___sub_heading_3_1" data-parent="#job_list___sub_accordion_3" class="collapse job_list___sub_multi_collapse" id="job_list___sub_collapse_3_1"><div class="card-body"><div class="work-item"><div class="alert alert-success test-outcome" role="alert"><p>worker outcome: normal</p><p>test outcome: killed</p></div></div><pre class="location"><a href="pycharm://open?file=source/hist.py&amp;line=14" class="text-secondary"><button class="btn btn-outline-dark">source/hist.py, start pos: (14, 53), end pos: (14, 71)</button></a></pre><pre>operator: operators/replace-rasp-comparison, occurrence: 0</pre><pre class="location"><a href="pycharm://open?file=source/hist.py&amp;line=17" class="text-secondary"><button class="btn btn-outline-dark">source/hist.py, start pos: (17, 4), end pos: (17, 53)</button></a></pre><pre>operator: operators/negate-rasp-sop-return-stmt, occurrence: 0</pre><pre class="location"><a href="pycharm://open?file=source/hist.py&amp;line=17" class="text-secondary"><button class="btn btn-outline-dark">source/hist.py, start pos: (17, 11), end pos: (17, 53)</button></a></pre><pre>operator: operators/negate-rasp-sop-constructor, occurrence: 0</pre><div class="alert alert-secondary"><pre class="diff">--- mutation diff ---
--- asource/hist.py
+++ bsource/hist.py
@@ -11,8 +11,8 @@
       hist("abac")
       &gt;&gt; [2, 1, 2, 1]
     """
-    same_tok = rasp.Select(rasp.tokens, rasp.tokens, rasp.Comparison.EQ).named(
+    same_tok = rasp.Select(rasp.tokens, rasp.tokens, rasp.Comparison.LT).named(
         "same_tok"
     )
-    return rasp.SelectorWidth(same_tok).named("hist")
+    return rasp.SelectorWidth(same_tok).named("hist") * -1 * -1
 </pre></div><div class="alert alert-secondary"><pre class="diff">============================= test session starts ==============================
platform linux -- Python 3.10.12, pytest-8.3.4, pluggy-1.5.0
rootdir: /home/andre-silva/RASPing
configfile: pyproject.toml
plugins: anyio-4.8.0
collected 3 items

tests/test_hist.py ssAccuracy:  0.0
F

=================================== FAILURES ===================================
_____________________________ TestHist.test_model ______________________________

self = &lt;tests.test_hist.TestHist object at 0x7fb992d0fa90&gt;

    def test_model(self):
&gt;       self.test()

tests/test_hist.py:21: 
_ _ _ _ _ _ _ _ _ _ _ _ _ _ _ _ _ _ _ _ _ _ _ _ _ _ _ _ _ _ _ _ _ _ _ _ _ _ _ _ 

self = &lt;tests.test_hist.TestHist object at 0x7fb992d0fa90&gt;

    @pytest.mark.skip(reason="This is not a test")
    def test(self):
        try:
            model = Model(self.model, self.inputs, self.maxLength, self.name)
        except Exception as e:
            # Survive if the model is not compilable (we want to kill the buggy ones)
            print(str(e))
            # Print message for post-processing
            print("UNCOMPILABLE MODEL")
            return
    
        accuracy = model.evaluateModel(
            self.testing_data, doPrint=False, outputArray=False, useAssert=False
        )
        # Print the accuracy for post-processing
        print("Accuracy: ", accuracy)
&gt;       assert accuracy == 1.0
E       AssertionError

tests/test.py:47: AssertionError
=============================== warnings summary ===============================
../../.venv/lib/python3.10/site-packages/dockerpycreds/utils.py:1
  /home/andre-silva/RASPing/.venv/lib/python3.10/site-packages/dockerpycreds/utils.py:1: DeprecationWarning: The distutils package is deprecated and slated for removal in Python 3.12. Use setuptools or check PEP 632 for potential alternatives
    import distutils.spawn

-- Docs: https://docs.pytest.org/en/stable/how-to/capture-warnings.html
=========================== short test summary info ============================
FAILED tests/test_hist.py::TestHist::test_model - AssertionError
=================== 1 failed, 2 skipped, 1 warning in 16.51s ===================
</pre></div></div></div></div></div><div class="mb-1" id="job_list___sub_accordion_4"><div class="card"><a data-toggle="collapse" data-target="#job_list___sub_collapse_4_1" aria-expanded="false" aria-controls="job_list___sub_collapse_4_1" href="#" class="job_list___sub_multi_heading"><div role="alert" class="card-header alert-success" id="job_list___sub_heading_4_1"><button class="btn btn-outline-success"><span class="job_id">4 : Job ID b45ea9b0155a4b09ba4be684c6ccbf67</span></button></div></a><div aria-labelledby="job_list___sub_heading_4_1" data-parent="#job_list___sub_accordion_4" class="collapse job_list___sub_multi_collapse" id="job_list___sub_collapse_4_1"><div class="card-body"><div class="work-item"><div class="alert alert-success test-outcome" role="alert"><p>worker outcome: normal</p><p>test outcome: killed</p></div></div><pre class="location"><a href="pycharm://open?file=source/hist.py&amp;line=14" class="text-secondary"><button class="btn btn-outline-dark">source/hist.py, start pos: (14, 53), end pos: (14, 71)</button></a></pre><pre>operator: operators/replace-rasp-comparison, occurrence: 0</pre><pre class="location"><a href="pycharm://open?file=source/hist.py&amp;line=14" class="text-secondary"><button class="btn btn-outline-dark">source/hist.py, start pos: (14, 15), end pos: (16, 5)</button></a></pre><pre>operator: operators/negate-rasp-sop-select, occurrence: 0</pre><pre class="location"><a href="pycharm://open?file=source/hist.py&amp;line=17" class="text-secondary"><button class="btn btn-outline-dark">source/hist.py, start pos: (17, 11), end pos: (17, 53)</button></a></pre><pre>operator: operators/negate-rasp-sop-constructor, occurrence: 0</pre><div class="alert alert-secondary"><pre class="diff">--- mutation diff ---
--- asource/hist.py
+++ bsource/hist.py
@@ -11,8 +11,8 @@
       hist("abac")
       &gt;&gt; [2, 1, 2, 1]
     """
-    same_tok = rasp.Select(rasp.tokens, rasp.tokens, rasp.Comparison.EQ).named(
+    same_tok = rasp.Select(rasp.tokens * -1, rasp.tokens, rasp.Comparison.LT).named(
         "same_tok"
     )
-    return rasp.SelectorWidth(same_tok).named("hist")
+    return rasp.SelectorWidth(same_tok).named("hist") * -1
 </pre></div><div class="alert alert-secondary"><pre class="diff">============================= test session starts ==============================
platform linux -- Python 3.10.12, pytest-8.3.4, pluggy-1.5.0
rootdir: /home/andre-silva/RASPing
configfile: pyproject.toml
plugins: anyio-4.8.0
collected 3 items

tests/test_hist.py ssAccuracy:  0.0
F

=================================== FAILURES ===================================
_____________________________ TestHist.test_model ______________________________

self = &lt;tests.test_hist.TestHist object at 0x7ff0be11ba30&gt;

    def test_model(self):
&gt;       self.test()

tests/test_hist.py:21: 
_ _ _ _ _ _ _ _ _ _ _ _ _ _ _ _ _ _ _ _ _ _ _ _ _ _ _ _ _ _ _ _ _ _ _ _ _ _ _ _ 

self = &lt;tests.test_hist.TestHist object at 0x7ff0be11ba30&gt;

    @pytest.mark.skip(reason="This is not a test")
    def test(self):
        try:
            model = Model(self.model, self.inputs, self.maxLength, self.name)
        except Exception as e:
            # Survive if the model is not compilable (we want to kill the buggy ones)
            print(str(e))
            # Print message for post-processing
            print("UNCOMPILABLE MODEL")
            return
    
        accuracy = model.evaluateModel(
            self.testing_data, doPrint=False, outputArray=False, useAssert=False
        )
        # Print the accuracy for post-processing
        print("Accuracy: ", accuracy)
&gt;       assert accuracy == 1.0
E       AssertionError

tests/test.py:47: AssertionError
=============================== warnings summary ===============================
../../.venv/lib/python3.10/site-packages/dockerpycreds/utils.py:1
  /home/andre-silva/RASPing/.venv/lib/python3.10/site-packages/dockerpycreds/utils.py:1: DeprecationWarning: The distutils package is deprecated and slated for removal in Python 3.12. Use setuptools or check PEP 632 for potential alternatives
    import distutils.spawn

-- Docs: https://docs.pytest.org/en/stable/how-to/capture-warnings.html
=========================== short test summary info ============================
FAILED tests/test_hist.py::TestHist::test_model - AssertionError
=================== 1 failed, 2 skipped, 1 warning in 18.55s ===================
</pre></div></div></div></div></div><div class="mb-1" id="job_list___sub_accordion_5"><div class="card"><a data-toggle="collapse" data-target="#job_list___sub_collapse_5_1" aria-expanded="false" aria-controls="job_list___sub_collapse_5_1" href="#" class="job_list___sub_multi_heading"><div role="alert" class="card-header alert-success" id="job_list___sub_heading_5_1"><button class="btn btn-outline-success"><span class="job_id">5 : Job ID 20f3c7bdc905493e9e341bd9ef073ca8</span></button></div></a><div aria-labelledby="job_list___sub_heading_5_1" data-parent="#job_list___sub_accordion_5" class="collapse job_list___sub_multi_collapse" id="job_list___sub_collapse_5_1"><div class="card-body"><div class="work-item"><div class="alert alert-success test-outcome" role="alert"><p>worker outcome: normal</p><p>test outcome: killed</p></div></div><pre class="location"><a href="pycharm://open?file=source/hist.py&amp;line=14" class="text-secondary"><button class="btn btn-outline-dark">source/hist.py, start pos: (14, 53), end pos: (14, 71)</button></a></pre><pre>operator: operators/replace-rasp-comparison, occurrence: 0</pre><pre class="location"><a href="pycharm://open?file=source/hist.py&amp;line=14" class="text-secondary"><button class="btn btn-outline-dark">source/hist.py, start pos: (14, 15), end pos: (16, 5)</button></a></pre><pre>operator: operators/negate-rasp-sop-select, occurrence: 1</pre><pre class="location"><a href="pycharm://open?file=source/hist.py&amp;line=17" class="text-secondary"><button class="btn btn-outline-dark">source/hist.py, start pos: (17, 11), end pos: (17, 53)</button></a></pre><pre>operator: operators/negate-rasp-sop-constructor, occurrence: 0</pre><div class="alert alert-secondary"><pre class="diff">--- mutation diff ---
--- asource/hist.py
+++ bsource/hist.py
@@ -11,8 +11,8 @@
       hist("abac")
       &gt;&gt; [2, 1, 2, 1]
     """
-    same_tok = rasp.Select(rasp.tokens, rasp.tokens, rasp.Comparison.EQ).named(
+    same_tok = rasp.Select(rasp.tokens, rasp.tokens * -1, rasp.Comparison.LT).named(
         "same_tok"
     )
-    return rasp.SelectorWidth(same_tok).named("hist")
+    return rasp.SelectorWidth(same_tok).named("hist") * -1
 </pre></div><div class="alert alert-secondary"><pre class="diff">============================= test session starts ==============================
platform linux -- Python 3.10.12, pytest-8.3.4, pluggy-1.5.0
rootdir: /home/andre-silva/RASPing
configfile: pyproject.toml
plugins: anyio-4.8.0
collected 3 items

tests/test_hist.py ssAccuracy:  0.0
F

=================================== FAILURES ===================================
_____________________________ TestHist.test_model ______________________________

self = &lt;tests.test_hist.TestHist object at 0x7f50410fba00&gt;

    def test_model(self):
&gt;       self.test()

tests/test_hist.py:21: 
_ _ _ _ _ _ _ _ _ _ _ _ _ _ _ _ _ _ _ _ _ _ _ _ _ _ _ _ _ _ _ _ _ _ _ _ _ _ _ _ 

self = &lt;tests.test_hist.TestHist object at 0x7f50410fba00&gt;

    @pytest.mark.skip(reason="This is not a test")
    def test(self):
        try:
            model = Model(self.model, self.inputs, self.maxLength, self.name)
        except Exception as e:
            # Survive if the model is not compilable (we want to kill the buggy ones)
            print(str(e))
            # Print message for post-processing
            print("UNCOMPILABLE MODEL")
            return
    
        accuracy = model.evaluateModel(
            self.testing_data, doPrint=False, outputArray=False, useAssert=False
        )
        # Print the accuracy for post-processing
        print("Accuracy: ", accuracy)
&gt;       assert accuracy == 1.0
E       AssertionError

tests/test.py:47: AssertionError
=============================== warnings summary ===============================
../../.venv/lib/python3.10/site-packages/dockerpycreds/utils.py:1
  /home/andre-silva/RASPing/.venv/lib/python3.10/site-packages/dockerpycreds/utils.py:1: DeprecationWarning: The distutils package is deprecated and slated for removal in Python 3.12. Use setuptools or check PEP 632 for potential alternatives
    import distutils.spawn

-- Docs: https://docs.pytest.org/en/stable/how-to/capture-warnings.html
=========================== short test summary info ============================
FAILED tests/test_hist.py::TestHist::test_model - AssertionError
=================== 1 failed, 2 skipped, 1 warning in 17.46s ===================
</pre></div></div></div></div></div><div class="mb-1" id="job_list___sub_accordion_6"><div class="card"><a data-toggle="collapse" data-target="#job_list___sub_collapse_6_1" aria-expanded="false" aria-controls="job_list___sub_collapse_6_1" href="#" class="job_list___sub_multi_heading"><div role="alert" class="card-header alert-success" id="job_list___sub_heading_6_1"><button class="btn btn-outline-success"><span class="job_id">6 : Job ID 5521332100464410a345a0319f7ba243</span></button></div></a><div aria-labelledby="job_list___sub_heading_6_1" data-parent="#job_list___sub_accordion_6" class="collapse job_list___sub_multi_collapse" id="job_list___sub_collapse_6_1"><div class="card-body"><div class="work-item"><div class="alert alert-success test-outcome" role="alert"><p>worker outcome: normal</p><p>test outcome: killed</p></div></div><pre class="location"><a href="pycharm://open?file=source/hist.py&amp;line=14" class="text-secondary"><button class="btn btn-outline-dark">source/hist.py, start pos: (14, 53), end pos: (14, 71)</button></a></pre><pre>operator: operators/replace-rasp-comparison, occurrence: 1</pre><pre class="location"><a href="pycharm://open?file=source/hist.py&amp;line=17" class="text-secondary"><button class="btn btn-outline-dark">source/hist.py, start pos: (17, 4), end pos: (17, 53)</button></a></pre><pre>operator: operators/negate-rasp-sop-return-stmt, occurrence: 0</pre><pre class="location"><a href="pycharm://open?file=source/hist.py&amp;line=14" class="text-secondary"><button class="btn btn-outline-dark">source/hist.py, start pos: (14, 15), end pos: (16, 5)</button></a></pre><pre>operator: operators/negate-rasp-sop-select, occurrence: 0</pre><div class="alert alert-secondary"><pre class="diff">--- mutation diff ---
--- asource/hist.py
+++ bsource/hist.py
@@ -11,8 +11,8 @@
       hist("abac")
       &gt;&gt; [2, 1, 2, 1]
     """
-    same_tok = rasp.Select(rasp.tokens, rasp.tokens, rasp.Comparison.EQ).named(
+    same_tok = rasp.Select(rasp.tokens * -1, rasp.tokens, rasp.Comparison.LT).named(
         "same_tok"
     )
-    return rasp.SelectorWidth(same_tok).named("hist")
+    return rasp.SelectorWidth(same_tok).named("hist") * -1
 </pre></div><div class="alert alert-secondary"><pre class="diff">============================= test session starts ==============================
platform linux -- Python 3.10.12, pytest-8.3.4, pluggy-1.5.0
rootdir: /home/andre-silva/RASPing
configfile: pyproject.toml
plugins: anyio-4.8.0
collected 3 items

tests/test_hist.py ssAccuracy:  0.0
F

=================================== FAILURES ===================================
_____________________________ TestHist.test_model ______________________________

self = &lt;tests.test_hist.TestHist object at 0x7f8e1f83fb20&gt;

    def test_model(self):
&gt;       self.test()

tests/test_hist.py:21: 
_ _ _ _ _ _ _ _ _ _ _ _ _ _ _ _ _ _ _ _ _ _ _ _ _ _ _ _ _ _ _ _ _ _ _ _ _ _ _ _ 

self = &lt;tests.test_hist.TestHist object at 0x7f8e1f83fb20&gt;

    @pytest.mark.skip(reason="This is not a test")
    def test(self):
        try:
            model = Model(self.model, self.inputs, self.maxLength, self.name)
        except Exception as e:
            # Survive if the model is not compilable (we want to kill the buggy ones)
            print(str(e))
            # Print message for post-processing
            print("UNCOMPILABLE MODEL")
            return
    
        accuracy = model.evaluateModel(
            self.testing_data, doPrint=False, outputArray=False, useAssert=False
        )
        # Print the accuracy for post-processing
        print("Accuracy: ", accuracy)
&gt;       assert accuracy == 1.0
E       AssertionError

tests/test.py:47: AssertionError
=============================== warnings summary ===============================
../../.venv/lib/python3.10/site-packages/dockerpycreds/utils.py:1
  /home/andre-silva/RASPing/.venv/lib/python3.10/site-packages/dockerpycreds/utils.py:1: DeprecationWarning: The distutils package is deprecated and slated for removal in Python 3.12. Use setuptools or check PEP 632 for potential alternatives
    import distutils.spawn

-- Docs: https://docs.pytest.org/en/stable/how-to/capture-warnings.html
=========================== short test summary info ============================
FAILED tests/test_hist.py::TestHist::test_model - AssertionError
=================== 1 failed, 2 skipped, 1 warning in 17.65s ===================
</pre></div></div></div></div></div><div class="mb-1" id="job_list___sub_accordion_7"><div class="card"><a data-toggle="collapse" data-target="#job_list___sub_collapse_7_1" aria-expanded="false" aria-controls="job_list___sub_collapse_7_1" href="#" class="job_list___sub_multi_heading"><div role="alert" class="card-header alert-success" id="job_list___sub_heading_7_1"><button class="btn btn-outline-success"><span class="job_id">7 : Job ID 32897d6061aa4da68e2d79b3dae56016</span></button></div></a><div aria-labelledby="job_list___sub_heading_7_1" data-parent="#job_list___sub_accordion_7" class="collapse job_list___sub_multi_collapse" id="job_list___sub_collapse_7_1"><div class="card-body"><div class="work-item"><div class="alert alert-success test-outcome" role="alert"><p>worker outcome: normal</p><p>test outcome: killed</p></div></div><pre class="location"><a href="pycharm://open?file=source/hist.py&amp;line=14" class="text-secondary"><button class="btn btn-outline-dark">source/hist.py, start pos: (14, 53), end pos: (14, 71)</button></a></pre><pre>operator: operators/replace-rasp-comparison, occurrence: 1</pre><pre class="location"><a href="pycharm://open?file=source/hist.py&amp;line=17" class="text-secondary"><button class="btn btn-outline-dark">source/hist.py, start pos: (17, 4), end pos: (17, 53)</button></a></pre><pre>operator: operators/negate-rasp-sop-return-stmt, occurrence: 0</pre><pre class="location"><a href="pycharm://open?file=source/hist.py&amp;line=14" class="text-secondary"><button class="btn btn-outline-dark">source/hist.py, start pos: (14, 15), end pos: (16, 5)</button></a></pre><pre>operator: operators/negate-rasp-sop-select, occurrence: 1</pre><div class="alert alert-secondary"><pre class="diff">--- mutation diff ---
--- asource/hist.py
+++ bsource/hist.py
@@ -11,8 +11,8 @@
       hist("abac")
       &gt;&gt; [2, 1, 2, 1]
     """
-    same_tok = rasp.Select(rasp.tokens, rasp.tokens, rasp.Comparison.EQ).named(
+    same_tok = rasp.Select(rasp.tokens, rasp.tokens * -1, rasp.Comparison.LT).named(
         "same_tok"
     )
-    return rasp.SelectorWidth(same_tok).named("hist")
+    return rasp.SelectorWidth(same_tok).named("hist") * -1
 </pre></div><div class="alert alert-secondary"><pre class="diff">============================= test session starts ==============================
platform linux -- Python 3.10.12, pytest-8.3.4, pluggy-1.5.0
rootdir: /home/andre-silva/RASPing
configfile: pyproject.toml
plugins: anyio-4.8.0
collected 3 items

tests/test_hist.py ssAccuracy:  0.0
F

=================================== FAILURES ===================================
_____________________________ TestHist.test_model ______________________________

self = &lt;tests.test_hist.TestHist object at 0x7ff1219eba60&gt;

    def test_model(self):
&gt;       self.test()

tests/test_hist.py:21: 
_ _ _ _ _ _ _ _ _ _ _ _ _ _ _ _ _ _ _ _ _ _ _ _ _ _ _ _ _ _ _ _ _ _ _ _ _ _ _ _ 

self = &lt;tests.test_hist.TestHist object at 0x7ff1219eba60&gt;

    @pytest.mark.skip(reason="This is not a test")
    def test(self):
        try:
            model = Model(self.model, self.inputs, self.maxLength, self.name)
        except Exception as e:
            # Survive if the model is not compilable (we want to kill the buggy ones)
            print(str(e))
            # Print message for post-processing
            print("UNCOMPILABLE MODEL")
            return
    
        accuracy = model.evaluateModel(
            self.testing_data, doPrint=False, outputArray=False, useAssert=False
        )
        # Print the accuracy for post-processing
        print("Accuracy: ", accuracy)
&gt;       assert accuracy == 1.0
E       AssertionError

tests/test.py:47: AssertionError
=============================== warnings summary ===============================
../../.venv/lib/python3.10/site-packages/dockerpycreds/utils.py:1
  /home/andre-silva/RASPing/.venv/lib/python3.10/site-packages/dockerpycreds/utils.py:1: DeprecationWarning: The distutils package is deprecated and slated for removal in Python 3.12. Use setuptools or check PEP 632 for potential alternatives
    import distutils.spawn

-- Docs: https://docs.pytest.org/en/stable/how-to/capture-warnings.html
=========================== short test summary info ============================
FAILED tests/test_hist.py::TestHist::test_model - AssertionError
=================== 1 failed, 2 skipped, 1 warning in 18.10s ===================
</pre></div></div></div></div></div><div class="mb-1" id="job_list___sub_accordion_8"><div class="card"><a data-toggle="collapse" data-target="#job_list___sub_collapse_8_1" aria-expanded="false" aria-controls="job_list___sub_collapse_8_1" href="#" class="job_list___sub_multi_heading"><div role="alert" class="card-header alert-success" id="job_list___sub_heading_8_1"><button class="btn btn-outline-success"><span class="job_id">8 : Job ID 8b677fead5704f11a4ef2ba17c421fe3</span></button></div></a><div aria-labelledby="job_list___sub_heading_8_1" data-parent="#job_list___sub_accordion_8" class="collapse job_list___sub_multi_collapse" id="job_list___sub_collapse_8_1"><div class="card-body"><div class="work-item"><div class="alert alert-success test-outcome" role="alert"><p>worker outcome: normal</p><p>test outcome: killed</p></div></div><pre class="location"><a href="pycharm://open?file=source/hist.py&amp;line=14" class="text-secondary"><button class="btn btn-outline-dark">source/hist.py, start pos: (14, 53), end pos: (14, 71)</button></a></pre><pre>operator: operators/replace-rasp-comparison, occurrence: 1</pre><pre class="location"><a href="pycharm://open?file=source/hist.py&amp;line=17" class="text-secondary"><button class="btn btn-outline-dark">source/hist.py, start pos: (17, 4), end pos: (17, 53)</button></a></pre><pre>operator: operators/negate-rasp-sop-return-stmt, occurrence: 0</pre><pre class="location"><a href="pycharm://open?file=source/hist.py&amp;line=17" class="text-secondary"><button class="btn btn-outline-dark">source/hist.py, start pos: (17, 11), end pos: (17, 53)</button></a></pre><pre>operator: operators/negate-rasp-sop-constructor, occurrence: 0</pre><div class="alert alert-secondary"><pre class="diff">--- mutation diff ---
--- asource/hist.py
+++ bsource/hist.py
@@ -11,8 +11,8 @@
       hist("abac")
       &gt;&gt; [2, 1, 2, 1]
     """
-    same_tok = rasp.Select(rasp.tokens, rasp.tokens, rasp.Comparison.EQ).named(
+    same_tok = rasp.Select(rasp.tokens, rasp.tokens, rasp.Comparison.LT).named(
         "same_tok"
     )
-    return rasp.SelectorWidth(same_tok).named("hist")
+    return rasp.SelectorWidth(same_tok).named("hist") * -1 * -1
 </pre></div><div class="alert alert-secondary"><pre class="diff">============================= test session starts ==============================
platform linux -- Python 3.10.12, pytest-8.3.4, pluggy-1.5.0
rootdir: /home/andre-silva/RASPing
configfile: pyproject.toml
plugins: anyio-4.8.0
collected 3 items

tests/test_hist.py ssAccuracy:  0.0
F

=================================== FAILURES ===================================
_____________________________ TestHist.test_model ______________________________

self = &lt;tests.test_hist.TestHist object at 0x7f99edd27a60&gt;

    def test_model(self):
&gt;       self.test()

tests/test_hist.py:21: 
_ _ _ _ _ _ _ _ _ _ _ _ _ _ _ _ _ _ _ _ _ _ _ _ _ _ _ _ _ _ _ _ _ _ _ _ _ _ _ _ 

self = &lt;tests.test_hist.TestHist object at 0x7f99edd27a60&gt;

    @pytest.mark.skip(reason="This is not a test")
    def test(self):
        try:
            model = Model(self.model, self.inputs, self.maxLength, self.name)
        except Exception as e:
            # Survive if the model is not compilable (we want to kill the buggy ones)
            print(str(e))
            # Print message for post-processing
            print("UNCOMPILABLE MODEL")
            return
    
        accuracy = model.evaluateModel(
            self.testing_data, doPrint=False, outputArray=False, useAssert=False
        )
        # Print the accuracy for post-processing
        print("Accuracy: ", accuracy)
&gt;       assert accuracy == 1.0
E       AssertionError

tests/test.py:47: AssertionError
=============================== warnings summary ===============================
../../.venv/lib/python3.10/site-packages/dockerpycreds/utils.py:1
  /home/andre-silva/RASPing/.venv/lib/python3.10/site-packages/dockerpycreds/utils.py:1: DeprecationWarning: The distutils package is deprecated and slated for removal in Python 3.12. Use setuptools or check PEP 632 for potential alternatives
    import distutils.spawn

-- Docs: https://docs.pytest.org/en/stable/how-to/capture-warnings.html
=========================== short test summary info ============================
FAILED tests/test_hist.py::TestHist::test_model - AssertionError
=================== 1 failed, 2 skipped, 1 warning in 16.90s ===================
</pre></div></div></div></div></div><div class="mb-1" id="job_list___sub_accordion_9"><div class="card"><a data-toggle="collapse" data-target="#job_list___sub_collapse_9_1" aria-expanded="false" aria-controls="job_list___sub_collapse_9_1" href="#" class="job_list___sub_multi_heading"><div role="alert" class="card-header alert-success" id="job_list___sub_heading_9_1"><button class="btn btn-outline-success"><span class="job_id">9 : Job ID 407dfba8f315451c8705a4b18730fe22</span></button></div></a><div aria-labelledby="job_list___sub_heading_9_1" data-parent="#job_list___sub_accordion_9" class="collapse job_list___sub_multi_collapse" id="job_list___sub_collapse_9_1"><div class="card-body"><div class="work-item"><div class="alert alert-success test-outcome" role="alert"><p>worker outcome: normal</p><p>test outcome: killed</p></div></div><pre class="location"><a href="pycharm://open?file=source/hist.py&amp;line=14" class="text-secondary"><button class="btn btn-outline-dark">source/hist.py, start pos: (14, 53), end pos: (14, 71)</button></a></pre><pre>operator: operators/replace-rasp-comparison, occurrence: 1</pre><pre class="location"><a href="pycharm://open?file=source/hist.py&amp;line=14" class="text-secondary"><button class="btn btn-outline-dark">source/hist.py, start pos: (14, 15), end pos: (16, 5)</button></a></pre><pre>operator: operators/negate-rasp-sop-select, occurrence: 0</pre><pre class="location"><a href="pycharm://open?file=source/hist.py&amp;line=17" class="text-secondary"><button class="btn btn-outline-dark">source/hist.py, start pos: (17, 11), end pos: (17, 53)</button></a></pre><pre>operator: operators/negate-rasp-sop-constructor, occurrence: 0</pre><div class="alert alert-secondary"><pre class="diff">--- mutation diff ---
--- asource/hist.py
+++ bsource/hist.py
@@ -11,8 +11,8 @@
       hist("abac")
       &gt;&gt; [2, 1, 2, 1]
     """
-    same_tok = rasp.Select(rasp.tokens, rasp.tokens, rasp.Comparison.EQ).named(
+    same_tok = rasp.Select(rasp.tokens * -1, rasp.tokens, rasp.Comparison.LT).named(
         "same_tok"
     )
-    return rasp.SelectorWidth(same_tok).named("hist")
+    return rasp.SelectorWidth(same_tok).named("hist") * -1
 </pre></div><div class="alert alert-secondary"><pre class="diff">============================= test session starts ==============================
platform linux -- Python 3.10.12, pytest-8.3.4, pluggy-1.5.0
rootdir: /home/andre-silva/RASPing
configfile: pyproject.toml
plugins: anyio-4.8.0
collected 3 items

tests/test_hist.py ssAccuracy:  0.0
F

=================================== FAILURES ===================================
_____________________________ TestHist.test_model ______________________________

self = &lt;tests.test_hist.TestHist object at 0x7f715f81fa30&gt;

    def test_model(self):
&gt;       self.test()

tests/test_hist.py:21: 
_ _ _ _ _ _ _ _ _ _ _ _ _ _ _ _ _ _ _ _ _ _ _ _ _ _ _ _ _ _ _ _ _ _ _ _ _ _ _ _ 

self = &lt;tests.test_hist.TestHist object at 0x7f715f81fa30&gt;

    @pytest.mark.skip(reason="This is not a test")
    def test(self):
        try:
            model = Model(self.model, self.inputs, self.maxLength, self.name)
        except Exception as e:
            # Survive if the model is not compilable (we want to kill the buggy ones)
            print(str(e))
            # Print message for post-processing
            print("UNCOMPILABLE MODEL")
            return
    
        accuracy = model.evaluateModel(
            self.testing_data, doPrint=False, outputArray=False, useAssert=False
        )
        # Print the accuracy for post-processing
        print("Accuracy: ", accuracy)
&gt;       assert accuracy == 1.0
E       AssertionError

tests/test.py:47: AssertionError
=============================== warnings summary ===============================
../../.venv/lib/python3.10/site-packages/dockerpycreds/utils.py:1
  /home/andre-silva/RASPing/.venv/lib/python3.10/site-packages/dockerpycreds/utils.py:1: DeprecationWarning: The distutils package is deprecated and slated for removal in Python 3.12. Use setuptools or check PEP 632 for potential alternatives
    import distutils.spawn

-- Docs: https://docs.pytest.org/en/stable/how-to/capture-warnings.html
=========================== short test summary info ============================
FAILED tests/test_hist.py::TestHist::test_model - AssertionError
=================== 1 failed, 2 skipped, 1 warning in 17.62s ===================
</pre></div></div></div></div></div><div class="mb-1" id="job_list___sub_accordion_10"><div class="card"><a data-toggle="collapse" data-target="#job_list___sub_collapse_10_1" aria-expanded="false" aria-controls="job_list___sub_collapse_10_1" href="#" class="job_list___sub_multi_heading"><div role="alert" class="card-header alert-success" id="job_list___sub_heading_10_1"><button class="btn btn-outline-success"><span class="job_id">10 : Job ID 34655deaa9ca4fbc975fd9393e5673a0</span></button></div></a><div aria-labelledby="job_list___sub_heading_10_1" data-parent="#job_list___sub_accordion_10" class="collapse job_list___sub_multi_collapse" id="job_list___sub_collapse_10_1"><div class="card-body"><div class="work-item"><div class="alert alert-success test-outcome" role="alert"><p>worker outcome: normal</p><p>test outcome: killed</p></div></div><pre class="location"><a href="pycharm://open?file=source/hist.py&amp;line=14" class="text-secondary"><button class="btn btn-outline-dark">source/hist.py, start pos: (14, 53), end pos: (14, 71)</button></a></pre><pre>operator: operators/replace-rasp-comparison, occurrence: 1</pre><pre class="location"><a href="pycharm://open?file=source/hist.py&amp;line=14" class="text-secondary"><button class="btn btn-outline-dark">source/hist.py, start pos: (14, 15), end pos: (16, 5)</button></a></pre><pre>operator: operators/negate-rasp-sop-select, occurrence: 1</pre><pre class="location"><a href="pycharm://open?file=source/hist.py&amp;line=17" class="text-secondary"><button class="btn btn-outline-dark">source/hist.py, start pos: (17, 11), end pos: (17, 53)</button></a></pre><pre>operator: operators/negate-rasp-sop-constructor, occurrence: 0</pre><div class="alert alert-secondary"><pre class="diff">--- mutation diff ---
--- asource/hist.py
+++ bsource/hist.py
@@ -11,8 +11,8 @@
       hist("abac")
       &gt;&gt; [2, 1, 2, 1]
     """
-    same_tok = rasp.Select(rasp.tokens, rasp.tokens, rasp.Comparison.EQ).named(
+    same_tok = rasp.Select(rasp.tokens, rasp.tokens * -1, rasp.Comparison.LT).named(
         "same_tok"
     )
-    return rasp.SelectorWidth(same_tok).named("hist")
+    return rasp.SelectorWidth(same_tok).named("hist") * -1
 </pre></div><div class="alert alert-secondary"><pre class="diff">============================= test session starts ==============================
platform linux -- Python 3.10.12, pytest-8.3.4, pluggy-1.5.0
rootdir: /home/andre-silva/RASPing
configfile: pyproject.toml
plugins: anyio-4.8.0
collected 3 items

tests/test_hist.py ssAccuracy:  0.0
F

=================================== FAILURES ===================================
_____________________________ TestHist.test_model ______________________________

self = &lt;tests.test_hist.TestHist object at 0x7f4c4ed3ba30&gt;

    def test_model(self):
&gt;       self.test()

tests/test_hist.py:21: 
_ _ _ _ _ _ _ _ _ _ _ _ _ _ _ _ _ _ _ _ _ _ _ _ _ _ _ _ _ _ _ _ _ _ _ _ _ _ _ _ 

self = &lt;tests.test_hist.TestHist object at 0x7f4c4ed3ba30&gt;

    @pytest.mark.skip(reason="This is not a test")
    def test(self):
        try:
            model = Model(self.model, self.inputs, self.maxLength, self.name)
        except Exception as e:
            # Survive if the model is not compilable (we want to kill the buggy ones)
            print(str(e))
            # Print message for post-processing
            print("UNCOMPILABLE MODEL")
            return
    
        accuracy = model.evaluateModel(
            self.testing_data, doPrint=False, outputArray=False, useAssert=False
        )
        # Print the accuracy for post-processing
        print("Accuracy: ", accuracy)
&gt;       assert accuracy == 1.0
E       AssertionError

tests/test.py:47: AssertionError
=============================== warnings summary ===============================
../../.venv/lib/python3.10/site-packages/dockerpycreds/utils.py:1
  /home/andre-silva/RASPing/.venv/lib/python3.10/site-packages/dockerpycreds/utils.py:1: DeprecationWarning: The distutils package is deprecated and slated for removal in Python 3.12. Use setuptools or check PEP 632 for potential alternatives
    import distutils.spawn

-- Docs: https://docs.pytest.org/en/stable/how-to/capture-warnings.html
=========================== short test summary info ============================
FAILED tests/test_hist.py::TestHist::test_model - AssertionError
=================== 1 failed, 2 skipped, 1 warning in 16.93s ===================
</pre></div></div></div></div></div><div class="mb-1" id="job_list___sub_accordion_11"><div class="card"><a data-toggle="collapse" data-target="#job_list___sub_collapse_11_1" aria-expanded="false" aria-controls="job_list___sub_collapse_11_1" href="#" class="job_list___sub_multi_heading"><div role="alert" class="card-header alert-success" id="job_list___sub_heading_11_1"><button class="btn btn-outline-success"><span class="job_id">11 : Job ID cdec0dbfe3c14439bad9556565c0ebfd</span></button></div></a><div aria-labelledby="job_list___sub_heading_11_1" data-parent="#job_list___sub_accordion_11" class="collapse job_list___sub_multi_collapse" id="job_list___sub_collapse_11_1"><div class="card-body"><div class="work-item"><div class="alert alert-success test-outcome" role="alert"><p>worker outcome: normal</p><p>test outcome: killed</p></div></div><pre class="location"><a href="pycharm://open?file=source/hist.py&amp;line=14" class="text-secondary"><button class="btn btn-outline-dark">source/hist.py, start pos: (14, 53), end pos: (14, 71)</button></a></pre><pre>operator: operators/replace-rasp-comparison, occurrence: 2</pre><pre class="location"><a href="pycharm://open?file=source/hist.py&amp;line=17" class="text-secondary"><button class="btn btn-outline-dark">source/hist.py, start pos: (17, 4), end pos: (17, 53)</button></a></pre><pre>operator: operators/negate-rasp-sop-return-stmt, occurrence: 0</pre><pre class="location"><a href="pycharm://open?file=source/hist.py&amp;line=14" class="text-secondary"><button class="btn btn-outline-dark">source/hist.py, start pos: (14, 15), end pos: (16, 5)</button></a></pre><pre>operator: operators/negate-rasp-sop-select, occurrence: 0</pre><div class="alert alert-secondary"><pre class="diff">--- mutation diff ---
--- asource/hist.py
+++ bsource/hist.py
@@ -11,8 +11,8 @@
       hist("abac")
       &gt;&gt; [2, 1, 2, 1]
     """
-    same_tok = rasp.Select(rasp.tokens, rasp.tokens, rasp.Comparison.EQ).named(
+    same_tok = rasp.Select(rasp.tokens * -1, rasp.tokens, rasp.Comparison.LEQ).named(
         "same_tok"
     )
-    return rasp.SelectorWidth(same_tok).named("hist")
+    return rasp.SelectorWidth(same_tok).named("hist") * -1
 </pre></div><div class="alert alert-secondary"><pre class="diff">============================= test session starts ==============================
platform linux -- Python 3.10.12, pytest-8.3.4, pluggy-1.5.0
rootdir: /home/andre-silva/RASPing
configfile: pyproject.toml
plugins: anyio-4.8.0
collected 3 items

tests/test_hist.py ssAccuracy:  0.0
F

=================================== FAILURES ===================================
_____________________________ TestHist.test_model ______________________________

self = &lt;tests.test_hist.TestHist object at 0x7f5af7317a00&gt;

    def test_model(self):
&gt;       self.test()

tests/test_hist.py:21: 
_ _ _ _ _ _ _ _ _ _ _ _ _ _ _ _ _ _ _ _ _ _ _ _ _ _ _ _ _ _ _ _ _ _ _ _ _ _ _ _ 

self = &lt;tests.test_hist.TestHist object at 0x7f5af7317a00&gt;

    @pytest.mark.skip(reason="This is not a test")
    def test(self):
        try:
            model = Model(self.model, self.inputs, self.maxLength, self.name)
        except Exception as e:
            # Survive if the model is not compilable (we want to kill the buggy ones)
            print(str(e))
            # Print message for post-processing
            print("UNCOMPILABLE MODEL")
            return
    
        accuracy = model.evaluateModel(
            self.testing_data, doPrint=False, outputArray=False, useAssert=False
        )
        # Print the accuracy for post-processing
        print("Accuracy: ", accuracy)
&gt;       assert accuracy == 1.0
E       AssertionError

tests/test.py:47: AssertionError
=============================== warnings summary ===============================
../../.venv/lib/python3.10/site-packages/dockerpycreds/utils.py:1
  /home/andre-silva/RASPing/.venv/lib/python3.10/site-packages/dockerpycreds/utils.py:1: DeprecationWarning: The distutils package is deprecated and slated for removal in Python 3.12. Use setuptools or check PEP 632 for potential alternatives
    import distutils.spawn

-- Docs: https://docs.pytest.org/en/stable/how-to/capture-warnings.html
=========================== short test summary info ============================
FAILED tests/test_hist.py::TestHist::test_model - AssertionError
=================== 1 failed, 2 skipped, 1 warning in 17.30s ===================
</pre></div></div></div></div></div><div class="mb-1" id="job_list___sub_accordion_12"><div class="card"><a data-toggle="collapse" data-target="#job_list___sub_collapse_12_1" aria-expanded="false" aria-controls="job_list___sub_collapse_12_1" href="#" class="job_list___sub_multi_heading"><div role="alert" class="card-header alert-success" id="job_list___sub_heading_12_1"><button class="btn btn-outline-success"><span class="job_id">12 : Job ID b52942ccb55d4bb8bf047f492c57aa8a</span></button></div></a><div aria-labelledby="job_list___sub_heading_12_1" data-parent="#job_list___sub_accordion_12" class="collapse job_list___sub_multi_collapse" id="job_list___sub_collapse_12_1"><div class="card-body"><div class="work-item"><div class="alert alert-success test-outcome" role="alert"><p>worker outcome: normal</p><p>test outcome: killed</p></div></div><pre class="location"><a href="pycharm://open?file=source/hist.py&amp;line=14" class="text-secondary"><button class="btn btn-outline-dark">source/hist.py, start pos: (14, 53), end pos: (14, 71)</button></a></pre><pre>operator: operators/replace-rasp-comparison, occurrence: 2</pre><pre class="location"><a href="pycharm://open?file=source/hist.py&amp;line=17" class="text-secondary"><button class="btn btn-outline-dark">source/hist.py, start pos: (17, 4), end pos: (17, 53)</button></a></pre><pre>operator: operators/negate-rasp-sop-return-stmt, occurrence: 0</pre><pre class="location"><a href="pycharm://open?file=source/hist.py&amp;line=14" class="text-secondary"><button class="btn btn-outline-dark">source/hist.py, start pos: (14, 15), end pos: (16, 5)</button></a></pre><pre>operator: operators/negate-rasp-sop-select, occurrence: 1</pre><div class="alert alert-secondary"><pre class="diff">--- mutation diff ---
--- asource/hist.py
+++ bsource/hist.py
@@ -11,8 +11,8 @@
       hist("abac")
       &gt;&gt; [2, 1, 2, 1]
     """
-    same_tok = rasp.Select(rasp.tokens, rasp.tokens, rasp.Comparison.EQ).named(
+    same_tok = rasp.Select(rasp.tokens, rasp.tokens * -1, rasp.Comparison.LEQ).named(
         "same_tok"
     )
-    return rasp.SelectorWidth(same_tok).named("hist")
+    return rasp.SelectorWidth(same_tok).named("hist") * -1
 </pre></div><div class="alert alert-secondary"><pre class="diff">============================= test session starts ==============================
platform linux -- Python 3.10.12, pytest-8.3.4, pluggy-1.5.0
rootdir: /home/andre-silva/RASPing
configfile: pyproject.toml
plugins: anyio-4.8.0
collected 3 items

tests/test_hist.py ssAccuracy:  0.0
F

=================================== FAILURES ===================================
_____________________________ TestHist.test_model ______________________________

self = &lt;tests.test_hist.TestHist object at 0x7f6868aff8e0&gt;

    def test_model(self):
&gt;       self.test()

tests/test_hist.py:21: 
_ _ _ _ _ _ _ _ _ _ _ _ _ _ _ _ _ _ _ _ _ _ _ _ _ _ _ _ _ _ _ _ _ _ _ _ _ _ _ _ 

self = &lt;tests.test_hist.TestHist object at 0x7f6868aff8e0&gt;

    @pytest.mark.skip(reason="This is not a test")
    def test(self):
        try:
            model = Model(self.model, self.inputs, self.maxLength, self.name)
        except Exception as e:
            # Survive if the model is not compilable (we want to kill the buggy ones)
            print(str(e))
            # Print message for post-processing
            print("UNCOMPILABLE MODEL")
            return
    
        accuracy = model.evaluateModel(
            self.testing_data, doPrint=False, outputArray=False, useAssert=False
        )
        # Print the accuracy for post-processing
        print("Accuracy: ", accuracy)
&gt;       assert accuracy == 1.0
E       AssertionError

tests/test.py:47: AssertionError
=============================== warnings summary ===============================
../../.venv/lib/python3.10/site-packages/dockerpycreds/utils.py:1
  /home/andre-silva/RASPing/.venv/lib/python3.10/site-packages/dockerpycreds/utils.py:1: DeprecationWarning: The distutils package is deprecated and slated for removal in Python 3.12. Use setuptools or check PEP 632 for potential alternatives
    import distutils.spawn

-- Docs: https://docs.pytest.org/en/stable/how-to/capture-warnings.html
=========================== short test summary info ============================
FAILED tests/test_hist.py::TestHist::test_model - AssertionError
=================== 1 failed, 2 skipped, 1 warning in 17.37s ===================
</pre></div></div></div></div></div><div class="mb-1" id="job_list___sub_accordion_13"><div class="card"><a data-toggle="collapse" data-target="#job_list___sub_collapse_13_1" aria-expanded="false" aria-controls="job_list___sub_collapse_13_1" href="#" class="job_list___sub_multi_heading"><div role="alert" class="card-header alert-success" id="job_list___sub_heading_13_1"><button class="btn btn-outline-success"><span class="job_id">13 : Job ID 2a09c0e4cde84692a0e763a5a85bd4a2</span></button></div></a><div aria-labelledby="job_list___sub_heading_13_1" data-parent="#job_list___sub_accordion_13" class="collapse job_list___sub_multi_collapse" id="job_list___sub_collapse_13_1"><div class="card-body"><div class="work-item"><div class="alert alert-success test-outcome" role="alert"><p>worker outcome: normal</p><p>test outcome: killed</p></div></div><pre class="location"><a href="pycharm://open?file=source/hist.py&amp;line=14" class="text-secondary"><button class="btn btn-outline-dark">source/hist.py, start pos: (14, 53), end pos: (14, 71)</button></a></pre><pre>operator: operators/replace-rasp-comparison, occurrence: 2</pre><pre class="location"><a href="pycharm://open?file=source/hist.py&amp;line=17" class="text-secondary"><button class="btn btn-outline-dark">source/hist.py, start pos: (17, 4), end pos: (17, 53)</button></a></pre><pre>operator: operators/negate-rasp-sop-return-stmt, occurrence: 0</pre><pre class="location"><a href="pycharm://open?file=source/hist.py&amp;line=17" class="text-secondary"><button class="btn btn-outline-dark">source/hist.py, start pos: (17, 11), end pos: (17, 53)</button></a></pre><pre>operator: operators/negate-rasp-sop-constructor, occurrence: 0</pre><div class="alert alert-secondary"><pre class="diff">--- mutation diff ---
--- asource/hist.py
+++ bsource/hist.py
@@ -11,8 +11,8 @@
       hist("abac")
       &gt;&gt; [2, 1, 2, 1]
     """
-    same_tok = rasp.Select(rasp.tokens, rasp.tokens, rasp.Comparison.EQ).named(
+    same_tok = rasp.Select(rasp.tokens, rasp.tokens, rasp.Comparison.LEQ).named(
         "same_tok"
     )
-    return rasp.SelectorWidth(same_tok).named("hist")
+    return rasp.SelectorWidth(same_tok).named("hist") * -1 * -1
 </pre></div><div class="alert alert-secondary"><pre class="diff">============================= test session starts ==============================
platform linux -- Python 3.10.12, pytest-8.3.4, pluggy-1.5.0
rootdir: /home/andre-silva/RASPing
configfile: pyproject.toml
plugins: anyio-4.8.0
collected 3 items

tests/test_hist.py ssAccuracy:  0.0
F

=================================== FAILURES ===================================
_____________________________ TestHist.test_model ______________________________

self = &lt;tests.test_hist.TestHist object at 0x7f5793e1ba60&gt;

    def test_model(self):
&gt;       self.test()

tests/test_hist.py:21: 
_ _ _ _ _ _ _ _ _ _ _ _ _ _ _ _ _ _ _ _ _ _ _ _ _ _ _ _ _ _ _ _ _ _ _ _ _ _ _ _ 

self = &lt;tests.test_hist.TestHist object at 0x7f5793e1ba60&gt;

    @pytest.mark.skip(reason="This is not a test")
    def test(self):
        try:
            model = Model(self.model, self.inputs, self.maxLength, self.name)
        except Exception as e:
            # Survive if the model is not compilable (we want to kill the buggy ones)
            print(str(e))
            # Print message for post-processing
            print("UNCOMPILABLE MODEL")
            return
    
        accuracy = model.evaluateModel(
            self.testing_data, doPrint=False, outputArray=False, useAssert=False
        )
        # Print the accuracy for post-processing
        print("Accuracy: ", accuracy)
&gt;       assert accuracy == 1.0
E       AssertionError

tests/test.py:47: AssertionError
=============================== warnings summary ===============================
../../.venv/lib/python3.10/site-packages/dockerpycreds/utils.py:1
  /home/andre-silva/RASPing/.venv/lib/python3.10/site-packages/dockerpycreds/utils.py:1: DeprecationWarning: The distutils package is deprecated and slated for removal in Python 3.12. Use setuptools or check PEP 632 for potential alternatives
    import distutils.spawn

-- Docs: https://docs.pytest.org/en/stable/how-to/capture-warnings.html
=========================== short test summary info ============================
FAILED tests/test_hist.py::TestHist::test_model - AssertionError
=================== 1 failed, 2 skipped, 1 warning in 16.63s ===================
</pre></div></div></div></div></div><div class="mb-1" id="job_list___sub_accordion_14"><div class="card"><a data-toggle="collapse" data-target="#job_list___sub_collapse_14_1" aria-expanded="false" aria-controls="job_list___sub_collapse_14_1" href="#" class="job_list___sub_multi_heading"><div role="alert" class="card-header alert-success" id="job_list___sub_heading_14_1"><button class="btn btn-outline-success"><span class="job_id">14 : Job ID c4f192654d9d47eb8006488b47721e74</span></button></div></a><div aria-labelledby="job_list___sub_heading_14_1" data-parent="#job_list___sub_accordion_14" class="collapse job_list___sub_multi_collapse" id="job_list___sub_collapse_14_1"><div class="card-body"><div class="work-item"><div class="alert alert-success test-outcome" role="alert"><p>worker outcome: normal</p><p>test outcome: killed</p></div></div><pre class="location"><a href="pycharm://open?file=source/hist.py&amp;line=14" class="text-secondary"><button class="btn btn-outline-dark">source/hist.py, start pos: (14, 53), end pos: (14, 71)</button></a></pre><pre>operator: operators/replace-rasp-comparison, occurrence: 2</pre><pre class="location"><a href="pycharm://open?file=source/hist.py&amp;line=14" class="text-secondary"><button class="btn btn-outline-dark">source/hist.py, start pos: (14, 15), end pos: (16, 5)</button></a></pre><pre>operator: operators/negate-rasp-sop-select, occurrence: 0</pre><pre class="location"><a href="pycharm://open?file=source/hist.py&amp;line=17" class="text-secondary"><button class="btn btn-outline-dark">source/hist.py, start pos: (17, 11), end pos: (17, 53)</button></a></pre><pre>operator: operators/negate-rasp-sop-constructor, occurrence: 0</pre><div class="alert alert-secondary"><pre class="diff">--- mutation diff ---
--- asource/hist.py
+++ bsource/hist.py
@@ -11,8 +11,8 @@
       hist("abac")
       &gt;&gt; [2, 1, 2, 1]
     """
-    same_tok = rasp.Select(rasp.tokens, rasp.tokens, rasp.Comparison.EQ).named(
+    same_tok = rasp.Select(rasp.tokens * -1, rasp.tokens, rasp.Comparison.LEQ).named(
         "same_tok"
     )
-    return rasp.SelectorWidth(same_tok).named("hist")
+    return rasp.SelectorWidth(same_tok).named("hist") * -1
 </pre></div><div class="alert alert-secondary"><pre class="diff">============================= test session starts ==============================
platform linux -- Python 3.10.12, pytest-8.3.4, pluggy-1.5.0
rootdir: /home/andre-silva/RASPing
configfile: pyproject.toml
plugins: anyio-4.8.0
collected 3 items

tests/test_hist.py ssAccuracy:  0.0
F

=================================== FAILURES ===================================
_____________________________ TestHist.test_model ______________________________

self = &lt;tests.test_hist.TestHist object at 0x7f8fe8743ac0&gt;

    def test_model(self):
&gt;       self.test()

tests/test_hist.py:21: 
_ _ _ _ _ _ _ _ _ _ _ _ _ _ _ _ _ _ _ _ _ _ _ _ _ _ _ _ _ _ _ _ _ _ _ _ _ _ _ _ 

self = &lt;tests.test_hist.TestHist object at 0x7f8fe8743ac0&gt;

    @pytest.mark.skip(reason="This is not a test")
    def test(self):
        try:
            model = Model(self.model, self.inputs, self.maxLength, self.name)
        except Exception as e:
            # Survive if the model is not compilable (we want to kill the buggy ones)
            print(str(e))
            # Print message for post-processing
            print("UNCOMPILABLE MODEL")
            return
    
        accuracy = model.evaluateModel(
            self.testing_data, doPrint=False, outputArray=False, useAssert=False
        )
        # Print the accuracy for post-processing
        print("Accuracy: ", accuracy)
&gt;       assert accuracy == 1.0
E       AssertionError

tests/test.py:47: AssertionError
=============================== warnings summary ===============================
../../.venv/lib/python3.10/site-packages/dockerpycreds/utils.py:1
  /home/andre-silva/RASPing/.venv/lib/python3.10/site-packages/dockerpycreds/utils.py:1: DeprecationWarning: The distutils package is deprecated and slated for removal in Python 3.12. Use setuptools or check PEP 632 for potential alternatives
    import distutils.spawn

-- Docs: https://docs.pytest.org/en/stable/how-to/capture-warnings.html
=========================== short test summary info ============================
FAILED tests/test_hist.py::TestHist::test_model - AssertionError
=================== 1 failed, 2 skipped, 1 warning in 17.69s ===================
</pre></div></div></div></div></div><div class="mb-1" id="job_list___sub_accordion_15"><div class="card"><a data-toggle="collapse" data-target="#job_list___sub_collapse_15_1" aria-expanded="false" aria-controls="job_list___sub_collapse_15_1" href="#" class="job_list___sub_multi_heading"><div role="alert" class="card-header alert-success" id="job_list___sub_heading_15_1"><button class="btn btn-outline-success"><span class="job_id">15 : Job ID 5d56b381385f40bba2a0d2f25c046041</span></button></div></a><div aria-labelledby="job_list___sub_heading_15_1" data-parent="#job_list___sub_accordion_15" class="collapse job_list___sub_multi_collapse" id="job_list___sub_collapse_15_1"><div class="card-body"><div class="work-item"><div class="alert alert-success test-outcome" role="alert"><p>worker outcome: normal</p><p>test outcome: killed</p></div></div><pre class="location"><a href="pycharm://open?file=source/hist.py&amp;line=14" class="text-secondary"><button class="btn btn-outline-dark">source/hist.py, start pos: (14, 53), end pos: (14, 71)</button></a></pre><pre>operator: operators/replace-rasp-comparison, occurrence: 2</pre><pre class="location"><a href="pycharm://open?file=source/hist.py&amp;line=14" class="text-secondary"><button class="btn btn-outline-dark">source/hist.py, start pos: (14, 15), end pos: (16, 5)</button></a></pre><pre>operator: operators/negate-rasp-sop-select, occurrence: 1</pre><pre class="location"><a href="pycharm://open?file=source/hist.py&amp;line=17" class="text-secondary"><button class="btn btn-outline-dark">source/hist.py, start pos: (17, 11), end pos: (17, 53)</button></a></pre><pre>operator: operators/negate-rasp-sop-constructor, occurrence: 0</pre><div class="alert alert-secondary"><pre class="diff">--- mutation diff ---
--- asource/hist.py
+++ bsource/hist.py
@@ -11,8 +11,8 @@
       hist("abac")
       &gt;&gt; [2, 1, 2, 1]
     """
-    same_tok = rasp.Select(rasp.tokens, rasp.tokens, rasp.Comparison.EQ).named(
+    same_tok = rasp.Select(rasp.tokens, rasp.tokens * -1, rasp.Comparison.LEQ).named(
         "same_tok"
     )
-    return rasp.SelectorWidth(same_tok).named("hist")
+    return rasp.SelectorWidth(same_tok).named("hist") * -1
 </pre></div><div class="alert alert-secondary"><pre class="diff">============================= test session starts ==============================
platform linux -- Python 3.10.12, pytest-8.3.4, pluggy-1.5.0
rootdir: /home/andre-silva/RASPing
configfile: pyproject.toml
plugins: anyio-4.8.0
collected 3 items

tests/test_hist.py ssAccuracy:  0.0
F

=================================== FAILURES ===================================
_____________________________ TestHist.test_model ______________________________

self = &lt;tests.test_hist.TestHist object at 0x7f64d6f57760&gt;

    def test_model(self):
&gt;       self.test()

tests/test_hist.py:21: 
_ _ _ _ _ _ _ _ _ _ _ _ _ _ _ _ _ _ _ _ _ _ _ _ _ _ _ _ _ _ _ _ _ _ _ _ _ _ _ _ 

self = &lt;tests.test_hist.TestHist object at 0x7f64d6f57760&gt;

    @pytest.mark.skip(reason="This is not a test")
    def test(self):
        try:
            model = Model(self.model, self.inputs, self.maxLength, self.name)
        except Exception as e:
            # Survive if the model is not compilable (we want to kill the buggy ones)
            print(str(e))
            # Print message for post-processing
            print("UNCOMPILABLE MODEL")
            return
    
        accuracy = model.evaluateModel(
            self.testing_data, doPrint=False, outputArray=False, useAssert=False
        )
        # Print the accuracy for post-processing
        print("Accuracy: ", accuracy)
&gt;       assert accuracy == 1.0
E       AssertionError

tests/test.py:47: AssertionError
=============================== warnings summary ===============================
../../.venv/lib/python3.10/site-packages/dockerpycreds/utils.py:1
  /home/andre-silva/RASPing/.venv/lib/python3.10/site-packages/dockerpycreds/utils.py:1: DeprecationWarning: The distutils package is deprecated and slated for removal in Python 3.12. Use setuptools or check PEP 632 for potential alternatives
    import distutils.spawn

-- Docs: https://docs.pytest.org/en/stable/how-to/capture-warnings.html
=========================== short test summary info ============================
FAILED tests/test_hist.py::TestHist::test_model - AssertionError
=================== 1 failed, 2 skipped, 1 warning in 17.83s ===================
</pre></div></div></div></div></div><div class="mb-1" id="job_list___sub_accordion_16"><div class="card"><a data-toggle="collapse" data-target="#job_list___sub_collapse_16_1" aria-expanded="false" aria-controls="job_list___sub_collapse_16_1" href="#" class="job_list___sub_multi_heading"><div role="alert" class="card-header alert-success" id="job_list___sub_heading_16_1"><button class="btn btn-outline-success"><span class="job_id">16 : Job ID c20d2a433b5d463e9520fdb34951c73f</span></button></div></a><div aria-labelledby="job_list___sub_heading_16_1" data-parent="#job_list___sub_accordion_16" class="collapse job_list___sub_multi_collapse" id="job_list___sub_collapse_16_1"><div class="card-body"><div class="work-item"><div class="alert alert-success test-outcome" role="alert"><p>worker outcome: normal</p><p>test outcome: killed</p></div></div><pre class="location"><a href="pycharm://open?file=source/hist.py&amp;line=14" class="text-secondary"><button class="btn btn-outline-dark">source/hist.py, start pos: (14, 53), end pos: (14, 71)</button></a></pre><pre>operator: operators/replace-rasp-comparison, occurrence: 3</pre><pre class="location"><a href="pycharm://open?file=source/hist.py&amp;line=17" class="text-secondary"><button class="btn btn-outline-dark">source/hist.py, start pos: (17, 4), end pos: (17, 53)</button></a></pre><pre>operator: operators/negate-rasp-sop-return-stmt, occurrence: 0</pre><pre class="location"><a href="pycharm://open?file=source/hist.py&amp;line=14" class="text-secondary"><button class="btn btn-outline-dark">source/hist.py, start pos: (14, 15), end pos: (16, 5)</button></a></pre><pre>operator: operators/negate-rasp-sop-select, occurrence: 0</pre><div class="alert alert-secondary"><pre class="diff">--- mutation diff ---
--- asource/hist.py
+++ bsource/hist.py
@@ -11,8 +11,8 @@
       hist("abac")
       &gt;&gt; [2, 1, 2, 1]
     """
-    same_tok = rasp.Select(rasp.tokens, rasp.tokens, rasp.Comparison.EQ).named(
+    same_tok = rasp.Select(rasp.tokens * -1, rasp.tokens, rasp.Comparison.GT).named(
         "same_tok"
     )
-    return rasp.SelectorWidth(same_tok).named("hist")
+    return rasp.SelectorWidth(same_tok).named("hist") * -1
 </pre></div><div class="alert alert-secondary"><pre class="diff">============================= test session starts ==============================
platform linux -- Python 3.10.12, pytest-8.3.4, pluggy-1.5.0
rootdir: /home/andre-silva/RASPing
configfile: pyproject.toml
plugins: anyio-4.8.0
collected 3 items

tests/test_hist.py ssAccuracy:  0.0
F

=================================== FAILURES ===================================
_____________________________ TestHist.test_model ______________________________

self = &lt;tests.test_hist.TestHist object at 0x7f87c602f7c0&gt;

    def test_model(self):
&gt;       self.test()

tests/test_hist.py:21: 
_ _ _ _ _ _ _ _ _ _ _ _ _ _ _ _ _ _ _ _ _ _ _ _ _ _ _ _ _ _ _ _ _ _ _ _ _ _ _ _ 

self = &lt;tests.test_hist.TestHist object at 0x7f87c602f7c0&gt;

    @pytest.mark.skip(reason="This is not a test")
    def test(self):
        try:
            model = Model(self.model, self.inputs, self.maxLength, self.name)
        except Exception as e:
            # Survive if the model is not compilable (we want to kill the buggy ones)
            print(str(e))
            # Print message for post-processing
            print("UNCOMPILABLE MODEL")
            return
    
        accuracy = model.evaluateModel(
            self.testing_data, doPrint=False, outputArray=False, useAssert=False
        )
        # Print the accuracy for post-processing
        print("Accuracy: ", accuracy)
&gt;       assert accuracy == 1.0
E       AssertionError

tests/test.py:47: AssertionError
=============================== warnings summary ===============================
../../.venv/lib/python3.10/site-packages/dockerpycreds/utils.py:1
  /home/andre-silva/RASPing/.venv/lib/python3.10/site-packages/dockerpycreds/utils.py:1: DeprecationWarning: The distutils package is deprecated and slated for removal in Python 3.12. Use setuptools or check PEP 632 for potential alternatives
    import distutils.spawn

-- Docs: https://docs.pytest.org/en/stable/how-to/capture-warnings.html
=========================== short test summary info ============================
FAILED tests/test_hist.py::TestHist::test_model - AssertionError
=================== 1 failed, 2 skipped, 1 warning in 16.68s ===================
</pre></div></div></div></div></div><div class="mb-1" id="job_list___sub_accordion_17"><div class="card"><a data-toggle="collapse" data-target="#job_list___sub_collapse_17_1" aria-expanded="false" aria-controls="job_list___sub_collapse_17_1" href="#" class="job_list___sub_multi_heading"><div role="alert" class="card-header alert-success" id="job_list___sub_heading_17_1"><button class="btn btn-outline-success"><span class="job_id">17 : Job ID 1022039751de465f953069420f8a9a40</span></button></div></a><div aria-labelledby="job_list___sub_heading_17_1" data-parent="#job_list___sub_accordion_17" class="collapse job_list___sub_multi_collapse" id="job_list___sub_collapse_17_1"><div class="card-body"><div class="work-item"><div class="alert alert-success test-outcome" role="alert"><p>worker outcome: normal</p><p>test outcome: killed</p></div></div><pre class="location"><a href="pycharm://open?file=source/hist.py&amp;line=14" class="text-secondary"><button class="btn btn-outline-dark">source/hist.py, start pos: (14, 53), end pos: (14, 71)</button></a></pre><pre>operator: operators/replace-rasp-comparison, occurrence: 3</pre><pre class="location"><a href="pycharm://open?file=source/hist.py&amp;line=17" class="text-secondary"><button class="btn btn-outline-dark">source/hist.py, start pos: (17, 4), end pos: (17, 53)</button></a></pre><pre>operator: operators/negate-rasp-sop-return-stmt, occurrence: 0</pre><pre class="location"><a href="pycharm://open?file=source/hist.py&amp;line=14" class="text-secondary"><button class="btn btn-outline-dark">source/hist.py, start pos: (14, 15), end pos: (16, 5)</button></a></pre><pre>operator: operators/negate-rasp-sop-select, occurrence: 1</pre><div class="alert alert-secondary"><pre class="diff">--- mutation diff ---
--- asource/hist.py
+++ bsource/hist.py
@@ -11,8 +11,8 @@
       hist("abac")
       &gt;&gt; [2, 1, 2, 1]
     """
-    same_tok = rasp.Select(rasp.tokens, rasp.tokens, rasp.Comparison.EQ).named(
+    same_tok = rasp.Select(rasp.tokens, rasp.tokens * -1, rasp.Comparison.GT).named(
         "same_tok"
     )
-    return rasp.SelectorWidth(same_tok).named("hist")
+    return rasp.SelectorWidth(same_tok).named("hist") * -1
 </pre></div><div class="alert alert-secondary"><pre class="diff">============================= test session starts ==============================
platform linux -- Python 3.10.12, pytest-8.3.4, pluggy-1.5.0
rootdir: /home/andre-silva/RASPing
configfile: pyproject.toml
plugins: anyio-4.8.0
collected 3 items

tests/test_hist.py ssAccuracy:  0.0
F

=================================== FAILURES ===================================
_____________________________ TestHist.test_model ______________________________

self = &lt;tests.test_hist.TestHist object at 0x7f3bf553fa00&gt;

    def test_model(self):
&gt;       self.test()

tests/test_hist.py:21: 
_ _ _ _ _ _ _ _ _ _ _ _ _ _ _ _ _ _ _ _ _ _ _ _ _ _ _ _ _ _ _ _ _ _ _ _ _ _ _ _ 

self = &lt;tests.test_hist.TestHist object at 0x7f3bf553fa00&gt;

    @pytest.mark.skip(reason="This is not a test")
    def test(self):
        try:
            model = Model(self.model, self.inputs, self.maxLength, self.name)
        except Exception as e:
            # Survive if the model is not compilable (we want to kill the buggy ones)
            print(str(e))
            # Print message for post-processing
            print("UNCOMPILABLE MODEL")
            return
    
        accuracy = model.evaluateModel(
            self.testing_data, doPrint=False, outputArray=False, useAssert=False
        )
        # Print the accuracy for post-processing
        print("Accuracy: ", accuracy)
&gt;       assert accuracy == 1.0
E       AssertionError

tests/test.py:47: AssertionError
=============================== warnings summary ===============================
../../.venv/lib/python3.10/site-packages/dockerpycreds/utils.py:1
  /home/andre-silva/RASPing/.venv/lib/python3.10/site-packages/dockerpycreds/utils.py:1: DeprecationWarning: The distutils package is deprecated and slated for removal in Python 3.12. Use setuptools or check PEP 632 for potential alternatives
    import distutils.spawn

-- Docs: https://docs.pytest.org/en/stable/how-to/capture-warnings.html
=========================== short test summary info ============================
FAILED tests/test_hist.py::TestHist::test_model - AssertionError
=================== 1 failed, 2 skipped, 1 warning in 18.13s ===================
</pre></div></div></div></div></div><div class="mb-1" id="job_list___sub_accordion_18"><div class="card"><a data-toggle="collapse" data-target="#job_list___sub_collapse_18_1" aria-expanded="false" aria-controls="job_list___sub_collapse_18_1" href="#" class="job_list___sub_multi_heading"><div role="alert" class="card-header alert-success" id="job_list___sub_heading_18_1"><button class="btn btn-outline-success"><span class="job_id">18 : Job ID 5e97a01613c94d99b311b3a8e2ae613c</span></button></div></a><div aria-labelledby="job_list___sub_heading_18_1" data-parent="#job_list___sub_accordion_18" class="collapse job_list___sub_multi_collapse" id="job_list___sub_collapse_18_1"><div class="card-body"><div class="work-item"><div class="alert alert-success test-outcome" role="alert"><p>worker outcome: normal</p><p>test outcome: killed</p></div></div><pre class="location"><a href="pycharm://open?file=source/hist.py&amp;line=14" class="text-secondary"><button class="btn btn-outline-dark">source/hist.py, start pos: (14, 53), end pos: (14, 71)</button></a></pre><pre>operator: operators/replace-rasp-comparison, occurrence: 3</pre><pre class="location"><a href="pycharm://open?file=source/hist.py&amp;line=17" class="text-secondary"><button class="btn btn-outline-dark">source/hist.py, start pos: (17, 4), end pos: (17, 53)</button></a></pre><pre>operator: operators/negate-rasp-sop-return-stmt, occurrence: 0</pre><pre class="location"><a href="pycharm://open?file=source/hist.py&amp;line=17" class="text-secondary"><button class="btn btn-outline-dark">source/hist.py, start pos: (17, 11), end pos: (17, 53)</button></a></pre><pre>operator: operators/negate-rasp-sop-constructor, occurrence: 0</pre><div class="alert alert-secondary"><pre class="diff">--- mutation diff ---
--- asource/hist.py
+++ bsource/hist.py
@@ -11,8 +11,8 @@
       hist("abac")
       &gt;&gt; [2, 1, 2, 1]
     """
-    same_tok = rasp.Select(rasp.tokens, rasp.tokens, rasp.Comparison.EQ).named(
+    same_tok = rasp.Select(rasp.tokens, rasp.tokens, rasp.Comparison.GT).named(
         "same_tok"
     )
-    return rasp.SelectorWidth(same_tok).named("hist")
+    return rasp.SelectorWidth(same_tok).named("hist") * -1 * -1
 </pre></div><div class="alert alert-secondary"><pre class="diff">============================= test session starts ==============================
platform linux -- Python 3.10.12, pytest-8.3.4, pluggy-1.5.0
rootdir: /home/andre-silva/RASPing
configfile: pyproject.toml
plugins: anyio-4.8.0
collected 3 items

tests/test_hist.py ssAccuracy:  0.0
F

=================================== FAILURES ===================================
_____________________________ TestHist.test_model ______________________________

self = &lt;tests.test_hist.TestHist object at 0x7fe9f1607a60&gt;

    def test_model(self):
&gt;       self.test()

tests/test_hist.py:21: 
_ _ _ _ _ _ _ _ _ _ _ _ _ _ _ _ _ _ _ _ _ _ _ _ _ _ _ _ _ _ _ _ _ _ _ _ _ _ _ _ 

self = &lt;tests.test_hist.TestHist object at 0x7fe9f1607a60&gt;

    @pytest.mark.skip(reason="This is not a test")
    def test(self):
        try:
            model = Model(self.model, self.inputs, self.maxLength, self.name)
        except Exception as e:
            # Survive if the model is not compilable (we want to kill the buggy ones)
            print(str(e))
            # Print message for post-processing
            print("UNCOMPILABLE MODEL")
            return
    
        accuracy = model.evaluateModel(
            self.testing_data, doPrint=False, outputArray=False, useAssert=False
        )
        # Print the accuracy for post-processing
        print("Accuracy: ", accuracy)
&gt;       assert accuracy == 1.0
E       AssertionError

tests/test.py:47: AssertionError
=============================== warnings summary ===============================
../../.venv/lib/python3.10/site-packages/dockerpycreds/utils.py:1
  /home/andre-silva/RASPing/.venv/lib/python3.10/site-packages/dockerpycreds/utils.py:1: DeprecationWarning: The distutils package is deprecated and slated for removal in Python 3.12. Use setuptools or check PEP 632 for potential alternatives
    import distutils.spawn

-- Docs: https://docs.pytest.org/en/stable/how-to/capture-warnings.html
=========================== short test summary info ============================
FAILED tests/test_hist.py::TestHist::test_model - AssertionError
=================== 1 failed, 2 skipped, 1 warning in 16.78s ===================
</pre></div></div></div></div></div><div class="mb-1" id="job_list___sub_accordion_19"><div class="card"><a data-toggle="collapse" data-target="#job_list___sub_collapse_19_1" aria-expanded="false" aria-controls="job_list___sub_collapse_19_1" href="#" class="job_list___sub_multi_heading"><div role="alert" class="card-header alert-success" id="job_list___sub_heading_19_1"><button class="btn btn-outline-success"><span class="job_id">19 : Job ID 7a1ede9ed12d42c0b33da84a6efab00f</span></button></div></a><div aria-labelledby="job_list___sub_heading_19_1" data-parent="#job_list___sub_accordion_19" class="collapse job_list___sub_multi_collapse" id="job_list___sub_collapse_19_1"><div class="card-body"><div class="work-item"><div class="alert alert-success test-outcome" role="alert"><p>worker outcome: normal</p><p>test outcome: killed</p></div></div><pre class="location"><a href="pycharm://open?file=source/hist.py&amp;line=14" class="text-secondary"><button class="btn btn-outline-dark">source/hist.py, start pos: (14, 53), end pos: (14, 71)</button></a></pre><pre>operator: operators/replace-rasp-comparison, occurrence: 3</pre><pre class="location"><a href="pycharm://open?file=source/hist.py&amp;line=14" class="text-secondary"><button class="btn btn-outline-dark">source/hist.py, start pos: (14, 15), end pos: (16, 5)</button></a></pre><pre>operator: operators/negate-rasp-sop-select, occurrence: 0</pre><pre class="location"><a href="pycharm://open?file=source/hist.py&amp;line=17" class="text-secondary"><button class="btn btn-outline-dark">source/hist.py, start pos: (17, 11), end pos: (17, 53)</button></a></pre><pre>operator: operators/negate-rasp-sop-constructor, occurrence: 0</pre><div class="alert alert-secondary"><pre class="diff">--- mutation diff ---
--- asource/hist.py
+++ bsource/hist.py
@@ -11,8 +11,8 @@
       hist("abac")
       &gt;&gt; [2, 1, 2, 1]
     """
-    same_tok = rasp.Select(rasp.tokens, rasp.tokens, rasp.Comparison.EQ).named(
+    same_tok = rasp.Select(rasp.tokens * -1, rasp.tokens, rasp.Comparison.GT).named(
         "same_tok"
     )
-    return rasp.SelectorWidth(same_tok).named("hist")
+    return rasp.SelectorWidth(same_tok).named("hist") * -1
 </pre></div><div class="alert alert-secondary"><pre class="diff">============================= test session starts ==============================
platform linux -- Python 3.10.12, pytest-8.3.4, pluggy-1.5.0
rootdir: /home/andre-silva/RASPing
configfile: pyproject.toml
plugins: anyio-4.8.0
collected 3 items

tests/test_hist.py ssAccuracy:  0.0
F

=================================== FAILURES ===================================
_____________________________ TestHist.test_model ______________________________

self = &lt;tests.test_hist.TestHist object at 0x7fa2d9d1fb20&gt;

    def test_model(self):
&gt;       self.test()

tests/test_hist.py:21: 
_ _ _ _ _ _ _ _ _ _ _ _ _ _ _ _ _ _ _ _ _ _ _ _ _ _ _ _ _ _ _ _ _ _ _ _ _ _ _ _ 

self = &lt;tests.test_hist.TestHist object at 0x7fa2d9d1fb20&gt;

    @pytest.mark.skip(reason="This is not a test")
    def test(self):
        try:
            model = Model(self.model, self.inputs, self.maxLength, self.name)
        except Exception as e:
            # Survive if the model is not compilable (we want to kill the buggy ones)
            print(str(e))
            # Print message for post-processing
            print("UNCOMPILABLE MODEL")
            return
    
        accuracy = model.evaluateModel(
            self.testing_data, doPrint=False, outputArray=False, useAssert=False
        )
        # Print the accuracy for post-processing
        print("Accuracy: ", accuracy)
&gt;       assert accuracy == 1.0
E       AssertionError

tests/test.py:47: AssertionError
=============================== warnings summary ===============================
../../.venv/lib/python3.10/site-packages/dockerpycreds/utils.py:1
  /home/andre-silva/RASPing/.venv/lib/python3.10/site-packages/dockerpycreds/utils.py:1: DeprecationWarning: The distutils package is deprecated and slated for removal in Python 3.12. Use setuptools or check PEP 632 for potential alternatives
    import distutils.spawn

-- Docs: https://docs.pytest.org/en/stable/how-to/capture-warnings.html
=========================== short test summary info ============================
FAILED tests/test_hist.py::TestHist::test_model - AssertionError
=================== 1 failed, 2 skipped, 1 warning in 17.28s ===================
</pre></div></div></div></div></div><div class="mb-1" id="job_list___sub_accordion_20"><div class="card"><a data-toggle="collapse" data-target="#job_list___sub_collapse_20_1" aria-expanded="false" aria-controls="job_list___sub_collapse_20_1" href="#" class="job_list___sub_multi_heading"><div role="alert" class="card-header alert-success" id="job_list___sub_heading_20_1"><button class="btn btn-outline-success"><span class="job_id">20 : Job ID ad168b85cfff4e7d85e4875cc6c715ff</span></button></div></a><div aria-labelledby="job_list___sub_heading_20_1" data-parent="#job_list___sub_accordion_20" class="collapse job_list___sub_multi_collapse" id="job_list___sub_collapse_20_1"><div class="card-body"><div class="work-item"><div class="alert alert-success test-outcome" role="alert"><p>worker outcome: normal</p><p>test outcome: killed</p></div></div><pre class="location"><a href="pycharm://open?file=source/hist.py&amp;line=14" class="text-secondary"><button class="btn btn-outline-dark">source/hist.py, start pos: (14, 53), end pos: (14, 71)</button></a></pre><pre>operator: operators/replace-rasp-comparison, occurrence: 3</pre><pre class="location"><a href="pycharm://open?file=source/hist.py&amp;line=14" class="text-secondary"><button class="btn btn-outline-dark">source/hist.py, start pos: (14, 15), end pos: (16, 5)</button></a></pre><pre>operator: operators/negate-rasp-sop-select, occurrence: 1</pre><pre class="location"><a href="pycharm://open?file=source/hist.py&amp;line=17" class="text-secondary"><button class="btn btn-outline-dark">source/hist.py, start pos: (17, 11), end pos: (17, 53)</button></a></pre><pre>operator: operators/negate-rasp-sop-constructor, occurrence: 0</pre><div class="alert alert-secondary"><pre class="diff">--- mutation diff ---
--- asource/hist.py
+++ bsource/hist.py
@@ -11,8 +11,8 @@
       hist("abac")
       &gt;&gt; [2, 1, 2, 1]
     """
-    same_tok = rasp.Select(rasp.tokens, rasp.tokens, rasp.Comparison.EQ).named(
+    same_tok = rasp.Select(rasp.tokens, rasp.tokens * -1, rasp.Comparison.GT).named(
         "same_tok"
     )
-    return rasp.SelectorWidth(same_tok).named("hist")
+    return rasp.SelectorWidth(same_tok).named("hist") * -1
 </pre></div><div class="alert alert-secondary"><pre class="diff">============================= test session starts ==============================
platform linux -- Python 3.10.12, pytest-8.3.4, pluggy-1.5.0
rootdir: /home/andre-silva/RASPing
configfile: pyproject.toml
plugins: anyio-4.8.0
collected 3 items

tests/test_hist.py ssAccuracy:  0.0
F

=================================== FAILURES ===================================
_____________________________ TestHist.test_model ______________________________

self = &lt;tests.test_hist.TestHist object at 0x7f52bc60f7c0&gt;

    def test_model(self):
&gt;       self.test()

tests/test_hist.py:21: 
_ _ _ _ _ _ _ _ _ _ _ _ _ _ _ _ _ _ _ _ _ _ _ _ _ _ _ _ _ _ _ _ _ _ _ _ _ _ _ _ 

self = &lt;tests.test_hist.TestHist object at 0x7f52bc60f7c0&gt;

    @pytest.mark.skip(reason="This is not a test")
    def test(self):
        try:
            model = Model(self.model, self.inputs, self.maxLength, self.name)
        except Exception as e:
            # Survive if the model is not compilable (we want to kill the buggy ones)
            print(str(e))
            # Print message for post-processing
            print("UNCOMPILABLE MODEL")
            return
    
        accuracy = model.evaluateModel(
            self.testing_data, doPrint=False, outputArray=False, useAssert=False
        )
        # Print the accuracy for post-processing
        print("Accuracy: ", accuracy)
&gt;       assert accuracy == 1.0
E       AssertionError

tests/test.py:47: AssertionError
=============================== warnings summary ===============================
../../.venv/lib/python3.10/site-packages/dockerpycreds/utils.py:1
  /home/andre-silva/RASPing/.venv/lib/python3.10/site-packages/dockerpycreds/utils.py:1: DeprecationWarning: The distutils package is deprecated and slated for removal in Python 3.12. Use setuptools or check PEP 632 for potential alternatives
    import distutils.spawn

-- Docs: https://docs.pytest.org/en/stable/how-to/capture-warnings.html
=========================== short test summary info ============================
FAILED tests/test_hist.py::TestHist::test_model - AssertionError
=================== 1 failed, 2 skipped, 1 warning in 15.41s ===================
</pre></div></div></div></div></div><div class="mb-1" id="job_list___sub_accordion_21"><div class="card"><a data-toggle="collapse" data-target="#job_list___sub_collapse_21_1" aria-expanded="false" aria-controls="job_list___sub_collapse_21_1" href="#" class="job_list___sub_multi_heading"><div role="alert" class="card-header alert-success" id="job_list___sub_heading_21_1"><button class="btn btn-outline-success"><span class="job_id">21 : Job ID f456762517584fd2b064b3cbb0774af9</span></button></div></a><div aria-labelledby="job_list___sub_heading_21_1" data-parent="#job_list___sub_accordion_21" class="collapse job_list___sub_multi_collapse" id="job_list___sub_collapse_21_1"><div class="card-body"><div class="work-item"><div class="alert alert-success test-outcome" role="alert"><p>worker outcome: normal</p><p>test outcome: killed</p></div></div><pre class="location"><a href="pycharm://open?file=source/hist.py&amp;line=14" class="text-secondary"><button class="btn btn-outline-dark">source/hist.py, start pos: (14, 53), end pos: (14, 71)</button></a></pre><pre>operator: operators/replace-rasp-comparison, occurrence: 4</pre><pre class="location"><a href="pycharm://open?file=source/hist.py&amp;line=17" class="text-secondary"><button class="btn btn-outline-dark">source/hist.py, start pos: (17, 4), end pos: (17, 53)</button></a></pre><pre>operator: operators/negate-rasp-sop-return-stmt, occurrence: 0</pre><pre class="location"><a href="pycharm://open?file=source/hist.py&amp;line=14" class="text-secondary"><button class="btn btn-outline-dark">source/hist.py, start pos: (14, 15), end pos: (16, 5)</button></a></pre><pre>operator: operators/negate-rasp-sop-select, occurrence: 0</pre><div class="alert alert-secondary"><pre class="diff">--- mutation diff ---
--- asource/hist.py
+++ bsource/hist.py
@@ -11,8 +11,8 @@
       hist("abac")
       &gt;&gt; [2, 1, 2, 1]
     """
-    same_tok = rasp.Select(rasp.tokens, rasp.tokens, rasp.Comparison.EQ).named(
+    same_tok = rasp.Select(rasp.tokens * -1, rasp.tokens, rasp.Comparison.GEQ).named(
         "same_tok"
     )
-    return rasp.SelectorWidth(same_tok).named("hist")
+    return rasp.SelectorWidth(same_tok).named("hist") * -1
 </pre></div><div class="alert alert-secondary"><pre class="diff">============================= test session starts ==============================
platform linux -- Python 3.10.12, pytest-8.3.4, pluggy-1.5.0
rootdir: /home/andre-silva/RASPing
configfile: pyproject.toml
plugins: anyio-4.8.0
collected 3 items

tests/test_hist.py ssAccuracy:  0.0
F

=================================== FAILURES ===================================
_____________________________ TestHist.test_model ______________________________

self = &lt;tests.test_hist.TestHist object at 0x7f8115bfb970&gt;

    def test_model(self):
&gt;       self.test()

tests/test_hist.py:21: 
_ _ _ _ _ _ _ _ _ _ _ _ _ _ _ _ _ _ _ _ _ _ _ _ _ _ _ _ _ _ _ _ _ _ _ _ _ _ _ _ 

self = &lt;tests.test_hist.TestHist object at 0x7f8115bfb970&gt;

    @pytest.mark.skip(reason="This is not a test")
    def test(self):
        try:
            model = Model(self.model, self.inputs, self.maxLength, self.name)
        except Exception as e:
            # Survive if the model is not compilable (we want to kill the buggy ones)
            print(str(e))
            # Print message for post-processing
            print("UNCOMPILABLE MODEL")
            return
    
        accuracy = model.evaluateModel(
            self.testing_data, doPrint=False, outputArray=False, useAssert=False
        )
        # Print the accuracy for post-processing
        print("Accuracy: ", accuracy)
&gt;       assert accuracy == 1.0
E       AssertionError

tests/test.py:47: AssertionError
=============================== warnings summary ===============================
../../.venv/lib/python3.10/site-packages/dockerpycreds/utils.py:1
  /home/andre-silva/RASPing/.venv/lib/python3.10/site-packages/dockerpycreds/utils.py:1: DeprecationWarning: The distutils package is deprecated and slated for removal in Python 3.12. Use setuptools or check PEP 632 for potential alternatives
    import distutils.spawn

-- Docs: https://docs.pytest.org/en/stable/how-to/capture-warnings.html
=========================== short test summary info ============================
FAILED tests/test_hist.py::TestHist::test_model - AssertionError
=================== 1 failed, 2 skipped, 1 warning in 17.53s ===================
</pre></div></div></div></div></div><div class="mb-1" id="job_list___sub_accordion_22"><div class="card"><a data-toggle="collapse" data-target="#job_list___sub_collapse_22_1" aria-expanded="false" aria-controls="job_list___sub_collapse_22_1" href="#" class="job_list___sub_multi_heading"><div role="alert" class="card-header alert-success" id="job_list___sub_heading_22_1"><button class="btn btn-outline-success"><span class="job_id">22 : Job ID bd535c7915564a548b70a7f24bd0b32a</span></button></div></a><div aria-labelledby="job_list___sub_heading_22_1" data-parent="#job_list___sub_accordion_22" class="collapse job_list___sub_multi_collapse" id="job_list___sub_collapse_22_1"><div class="card-body"><div class="work-item"><div class="alert alert-success test-outcome" role="alert"><p>worker outcome: normal</p><p>test outcome: killed</p></div></div><pre class="location"><a href="pycharm://open?file=source/hist.py&amp;line=14" class="text-secondary"><button class="btn btn-outline-dark">source/hist.py, start pos: (14, 53), end pos: (14, 71)</button></a></pre><pre>operator: operators/replace-rasp-comparison, occurrence: 4</pre><pre class="location"><a href="pycharm://open?file=source/hist.py&amp;line=17" class="text-secondary"><button class="btn btn-outline-dark">source/hist.py, start pos: (17, 4), end pos: (17, 53)</button></a></pre><pre>operator: operators/negate-rasp-sop-return-stmt, occurrence: 0</pre><pre class="location"><a href="pycharm://open?file=source/hist.py&amp;line=14" class="text-secondary"><button class="btn btn-outline-dark">source/hist.py, start pos: (14, 15), end pos: (16, 5)</button></a></pre><pre>operator: operators/negate-rasp-sop-select, occurrence: 1</pre><div class="alert alert-secondary"><pre class="diff">--- mutation diff ---
--- asource/hist.py
+++ bsource/hist.py
@@ -11,8 +11,8 @@
       hist("abac")
       &gt;&gt; [2, 1, 2, 1]
     """
-    same_tok = rasp.Select(rasp.tokens, rasp.tokens, rasp.Comparison.EQ).named(
+    same_tok = rasp.Select(rasp.tokens, rasp.tokens * -1, rasp.Comparison.GEQ).named(
         "same_tok"
     )
-    return rasp.SelectorWidth(same_tok).named("hist")
+    return rasp.SelectorWidth(same_tok).named("hist") * -1
 </pre></div><div class="alert alert-secondary"><pre class="diff">============================= test session starts ==============================
platform linux -- Python 3.10.12, pytest-8.3.4, pluggy-1.5.0
rootdir: /home/andre-silva/RASPing
configfile: pyproject.toml
plugins: anyio-4.8.0
collected 3 items

tests/test_hist.py ssAccuracy:  0.0
F

=================================== FAILURES ===================================
_____________________________ TestHist.test_model ______________________________

self = &lt;tests.test_hist.TestHist object at 0x7f346921f880&gt;

    def test_model(self):
&gt;       self.test()

tests/test_hist.py:21: 
_ _ _ _ _ _ _ _ _ _ _ _ _ _ _ _ _ _ _ _ _ _ _ _ _ _ _ _ _ _ _ _ _ _ _ _ _ _ _ _ 

self = &lt;tests.test_hist.TestHist object at 0x7f346921f880&gt;

    @pytest.mark.skip(reason="This is not a test")
    def test(self):
        try:
            model = Model(self.model, self.inputs, self.maxLength, self.name)
        except Exception as e:
            # Survive if the model is not compilable (we want to kill the buggy ones)
            print(str(e))
            # Print message for post-processing
            print("UNCOMPILABLE MODEL")
            return
    
        accuracy = model.evaluateModel(
            self.testing_data, doPrint=False, outputArray=False, useAssert=False
        )
        # Print the accuracy for post-processing
        print("Accuracy: ", accuracy)
&gt;       assert accuracy == 1.0
E       AssertionError

tests/test.py:47: AssertionError
=============================== warnings summary ===============================
../../.venv/lib/python3.10/site-packages/dockerpycreds/utils.py:1
  /home/andre-silva/RASPing/.venv/lib/python3.10/site-packages/dockerpycreds/utils.py:1: DeprecationWarning: The distutils package is deprecated and slated for removal in Python 3.12. Use setuptools or check PEP 632 for potential alternatives
    import distutils.spawn

-- Docs: https://docs.pytest.org/en/stable/how-to/capture-warnings.html
=========================== short test summary info ============================
FAILED tests/test_hist.py::TestHist::test_model - AssertionError
=================== 1 failed, 2 skipped, 1 warning in 18.01s ===================
</pre></div></div></div></div></div><div class="mb-1" id="job_list___sub_accordion_23"><div class="card"><a data-toggle="collapse" data-target="#job_list___sub_collapse_23_1" aria-expanded="false" aria-controls="job_list___sub_collapse_23_1" href="#" class="job_list___sub_multi_heading"><div role="alert" class="card-header alert-success" id="job_list___sub_heading_23_1"><button class="btn btn-outline-success"><span class="job_id">23 : Job ID 40fcab57860d42d2afa8bcfbe5680ee0</span></button></div></a><div aria-labelledby="job_list___sub_heading_23_1" data-parent="#job_list___sub_accordion_23" class="collapse job_list___sub_multi_collapse" id="job_list___sub_collapse_23_1"><div class="card-body"><div class="work-item"><div class="alert alert-success test-outcome" role="alert"><p>worker outcome: normal</p><p>test outcome: killed</p></div></div><pre class="location"><a href="pycharm://open?file=source/hist.py&amp;line=14" class="text-secondary"><button class="btn btn-outline-dark">source/hist.py, start pos: (14, 53), end pos: (14, 71)</button></a></pre><pre>operator: operators/replace-rasp-comparison, occurrence: 4</pre><pre class="location"><a href="pycharm://open?file=source/hist.py&amp;line=17" class="text-secondary"><button class="btn btn-outline-dark">source/hist.py, start pos: (17, 4), end pos: (17, 53)</button></a></pre><pre>operator: operators/negate-rasp-sop-return-stmt, occurrence: 0</pre><pre class="location"><a href="pycharm://open?file=source/hist.py&amp;line=17" class="text-secondary"><button class="btn btn-outline-dark">source/hist.py, start pos: (17, 11), end pos: (17, 53)</button></a></pre><pre>operator: operators/negate-rasp-sop-constructor, occurrence: 0</pre><div class="alert alert-secondary"><pre class="diff">--- mutation diff ---
--- asource/hist.py
+++ bsource/hist.py
@@ -11,8 +11,8 @@
       hist("abac")
       &gt;&gt; [2, 1, 2, 1]
     """
-    same_tok = rasp.Select(rasp.tokens, rasp.tokens, rasp.Comparison.EQ).named(
+    same_tok = rasp.Select(rasp.tokens, rasp.tokens, rasp.Comparison.GEQ).named(
         "same_tok"
     )
-    return rasp.SelectorWidth(same_tok).named("hist")
+    return rasp.SelectorWidth(same_tok).named("hist") * -1 * -1
 </pre></div><div class="alert alert-secondary"><pre class="diff">============================= test session starts ==============================
platform linux -- Python 3.10.12, pytest-8.3.4, pluggy-1.5.0
rootdir: /home/andre-silva/RASPing
configfile: pyproject.toml
plugins: anyio-4.8.0
collected 3 items

tests/test_hist.py ssAccuracy:  0.0
F

=================================== FAILURES ===================================
_____________________________ TestHist.test_model ______________________________

self = &lt;tests.test_hist.TestHist object at 0x7f820141fa60&gt;

    def test_model(self):
&gt;       self.test()

tests/test_hist.py:21: 
_ _ _ _ _ _ _ _ _ _ _ _ _ _ _ _ _ _ _ _ _ _ _ _ _ _ _ _ _ _ _ _ _ _ _ _ _ _ _ _ 

self = &lt;tests.test_hist.TestHist object at 0x7f820141fa60&gt;

    @pytest.mark.skip(reason="This is not a test")
    def test(self):
        try:
            model = Model(self.model, self.inputs, self.maxLength, self.name)
        except Exception as e:
            # Survive if the model is not compilable (we want to kill the buggy ones)
            print(str(e))
            # Print message for post-processing
            print("UNCOMPILABLE MODEL")
            return
    
        accuracy = model.evaluateModel(
            self.testing_data, doPrint=False, outputArray=False, useAssert=False
        )
        # Print the accuracy for post-processing
        print("Accuracy: ", accuracy)
&gt;       assert accuracy == 1.0
E       AssertionError

tests/test.py:47: AssertionError
=============================== warnings summary ===============================
../../.venv/lib/python3.10/site-packages/dockerpycreds/utils.py:1
  /home/andre-silva/RASPing/.venv/lib/python3.10/site-packages/dockerpycreds/utils.py:1: DeprecationWarning: The distutils package is deprecated and slated for removal in Python 3.12. Use setuptools or check PEP 632 for potential alternatives
    import distutils.spawn

-- Docs: https://docs.pytest.org/en/stable/how-to/capture-warnings.html
=========================== short test summary info ============================
FAILED tests/test_hist.py::TestHist::test_model - AssertionError
=================== 1 failed, 2 skipped, 1 warning in 16.49s ===================
</pre></div></div></div></div></div><div class="mb-1" id="job_list___sub_accordion_24"><div class="card"><a data-toggle="collapse" data-target="#job_list___sub_collapse_24_1" aria-expanded="false" aria-controls="job_list___sub_collapse_24_1" href="#" class="job_list___sub_multi_heading"><div role="alert" class="card-header alert-success" id="job_list___sub_heading_24_1"><button class="btn btn-outline-success"><span class="job_id">24 : Job ID 40b281b91ad142bba830cd87112132cc</span></button></div></a><div aria-labelledby="job_list___sub_heading_24_1" data-parent="#job_list___sub_accordion_24" class="collapse job_list___sub_multi_collapse" id="job_list___sub_collapse_24_1"><div class="card-body"><div class="work-item"><div class="alert alert-success test-outcome" role="alert"><p>worker outcome: normal</p><p>test outcome: killed</p></div></div><pre class="location"><a href="pycharm://open?file=source/hist.py&amp;line=14" class="text-secondary"><button class="btn btn-outline-dark">source/hist.py, start pos: (14, 53), end pos: (14, 71)</button></a></pre><pre>operator: operators/replace-rasp-comparison, occurrence: 4</pre><pre class="location"><a href="pycharm://open?file=source/hist.py&amp;line=14" class="text-secondary"><button class="btn btn-outline-dark">source/hist.py, start pos: (14, 15), end pos: (16, 5)</button></a></pre><pre>operator: operators/negate-rasp-sop-select, occurrence: 0</pre><pre class="location"><a href="pycharm://open?file=source/hist.py&amp;line=17" class="text-secondary"><button class="btn btn-outline-dark">source/hist.py, start pos: (17, 11), end pos: (17, 53)</button></a></pre><pre>operator: operators/negate-rasp-sop-constructor, occurrence: 0</pre><div class="alert alert-secondary"><pre class="diff">--- mutation diff ---
--- asource/hist.py
+++ bsource/hist.py
@@ -11,8 +11,8 @@
       hist("abac")
       &gt;&gt; [2, 1, 2, 1]
     """
-    same_tok = rasp.Select(rasp.tokens, rasp.tokens, rasp.Comparison.EQ).named(
+    same_tok = rasp.Select(rasp.tokens * -1, rasp.tokens, rasp.Comparison.GEQ).named(
         "same_tok"
     )
-    return rasp.SelectorWidth(same_tok).named("hist")
+    return rasp.SelectorWidth(same_tok).named("hist") * -1
 </pre></div><div class="alert alert-secondary"><pre class="diff">============================= test session starts ==============================
platform linux -- Python 3.10.12, pytest-8.3.4, pluggy-1.5.0
rootdir: /home/andre-silva/RASPing
configfile: pyproject.toml
plugins: anyio-4.8.0
collected 3 items

tests/test_hist.py ssAccuracy:  0.0
F

=================================== FAILURES ===================================
_____________________________ TestHist.test_model ______________________________

self = &lt;tests.test_hist.TestHist object at 0x7fe9a7f4bac0&gt;

    def test_model(self):
&gt;       self.test()

tests/test_hist.py:21: 
_ _ _ _ _ _ _ _ _ _ _ _ _ _ _ _ _ _ _ _ _ _ _ _ _ _ _ _ _ _ _ _ _ _ _ _ _ _ _ _ 

self = &lt;tests.test_hist.TestHist object at 0x7fe9a7f4bac0&gt;

    @pytest.mark.skip(reason="This is not a test")
    def test(self):
        try:
            model = Model(self.model, self.inputs, self.maxLength, self.name)
        except Exception as e:
            # Survive if the model is not compilable (we want to kill the buggy ones)
            print(str(e))
            # Print message for post-processing
            print("UNCOMPILABLE MODEL")
            return
    
        accuracy = model.evaluateModel(
            self.testing_data, doPrint=False, outputArray=False, useAssert=False
        )
        # Print the accuracy for post-processing
        print("Accuracy: ", accuracy)
&gt;       assert accuracy == 1.0
E       AssertionError

tests/test.py:47: AssertionError
=============================== warnings summary ===============================
../../.venv/lib/python3.10/site-packages/dockerpycreds/utils.py:1
  /home/andre-silva/RASPing/.venv/lib/python3.10/site-packages/dockerpycreds/utils.py:1: DeprecationWarning: The distutils package is deprecated and slated for removal in Python 3.12. Use setuptools or check PEP 632 for potential alternatives
    import distutils.spawn

-- Docs: https://docs.pytest.org/en/stable/how-to/capture-warnings.html
=========================== short test summary info ============================
FAILED tests/test_hist.py::TestHist::test_model - AssertionError
=================== 1 failed, 2 skipped, 1 warning in 16.84s ===================
</pre></div></div></div></div></div><div class="mb-1" id="job_list___sub_accordion_25"><div class="card"><a data-toggle="collapse" data-target="#job_list___sub_collapse_25_1" aria-expanded="false" aria-controls="job_list___sub_collapse_25_1" href="#" class="job_list___sub_multi_heading"><div role="alert" class="card-header alert-success" id="job_list___sub_heading_25_1"><button class="btn btn-outline-success"><span class="job_id">25 : Job ID 408fbe3e65634acab7a1c34d2cd94e4b</span></button></div></a><div aria-labelledby="job_list___sub_heading_25_1" data-parent="#job_list___sub_accordion_25" class="collapse job_list___sub_multi_collapse" id="job_list___sub_collapse_25_1"><div class="card-body"><div class="work-item"><div class="alert alert-success test-outcome" role="alert"><p>worker outcome: normal</p><p>test outcome: killed</p></div></div><pre class="location"><a href="pycharm://open?file=source/hist.py&amp;line=14" class="text-secondary"><button class="btn btn-outline-dark">source/hist.py, start pos: (14, 53), end pos: (14, 71)</button></a></pre><pre>operator: operators/replace-rasp-comparison, occurrence: 4</pre><pre class="location"><a href="pycharm://open?file=source/hist.py&amp;line=14" class="text-secondary"><button class="btn btn-outline-dark">source/hist.py, start pos: (14, 15), end pos: (16, 5)</button></a></pre><pre>operator: operators/negate-rasp-sop-select, occurrence: 1</pre><pre class="location"><a href="pycharm://open?file=source/hist.py&amp;line=17" class="text-secondary"><button class="btn btn-outline-dark">source/hist.py, start pos: (17, 11), end pos: (17, 53)</button></a></pre><pre>operator: operators/negate-rasp-sop-constructor, occurrence: 0</pre><div class="alert alert-secondary"><pre class="diff">--- mutation diff ---
--- asource/hist.py
+++ bsource/hist.py
@@ -11,8 +11,8 @@
       hist("abac")
       &gt;&gt; [2, 1, 2, 1]
     """
-    same_tok = rasp.Select(rasp.tokens, rasp.tokens, rasp.Comparison.EQ).named(
+    same_tok = rasp.Select(rasp.tokens, rasp.tokens * -1, rasp.Comparison.GEQ).named(
         "same_tok"
     )
-    return rasp.SelectorWidth(same_tok).named("hist")
+    return rasp.SelectorWidth(same_tok).named("hist") * -1
 </pre></div><div class="alert alert-secondary"><pre class="diff">============================= test session starts ==============================
platform linux -- Python 3.10.12, pytest-8.3.4, pluggy-1.5.0
rootdir: /home/andre-silva/RASPing
configfile: pyproject.toml
plugins: anyio-4.8.0
collected 3 items

tests/test_hist.py ssAccuracy:  0.0
F

=================================== FAILURES ===================================
_____________________________ TestHist.test_model ______________________________

self = &lt;tests.test_hist.TestHist object at 0x7fa632123a00&gt;

    def test_model(self):
&gt;       self.test()

tests/test_hist.py:21: 
_ _ _ _ _ _ _ _ _ _ _ _ _ _ _ _ _ _ _ _ _ _ _ _ _ _ _ _ _ _ _ _ _ _ _ _ _ _ _ _ 

self = &lt;tests.test_hist.TestHist object at 0x7fa632123a00&gt;

    @pytest.mark.skip(reason="This is not a test")
    def test(self):
        try:
            model = Model(self.model, self.inputs, self.maxLength, self.name)
        except Exception as e:
            # Survive if the model is not compilable (we want to kill the buggy ones)
            print(str(e))
            # Print message for post-processing
            print("UNCOMPILABLE MODEL")
            return
    
        accuracy = model.evaluateModel(
            self.testing_data, doPrint=False, outputArray=False, useAssert=False
        )
        # Print the accuracy for post-processing
        print("Accuracy: ", accuracy)
&gt;       assert accuracy == 1.0
E       AssertionError

tests/test.py:47: AssertionError
=============================== warnings summary ===============================
../../.venv/lib/python3.10/site-packages/dockerpycreds/utils.py:1
  /home/andre-silva/RASPing/.venv/lib/python3.10/site-packages/dockerpycreds/utils.py:1: DeprecationWarning: The distutils package is deprecated and slated for removal in Python 3.12. Use setuptools or check PEP 632 for potential alternatives
    import distutils.spawn

-- Docs: https://docs.pytest.org/en/stable/how-to/capture-warnings.html
=========================== short test summary info ============================
FAILED tests/test_hist.py::TestHist::test_model - AssertionError
=================== 1 failed, 2 skipped, 1 warning in 18.19s ===================
</pre></div></div></div></div></div><div class="mb-1" id="job_list___sub_accordion_26"><div class="card"><a data-toggle="collapse" data-target="#job_list___sub_collapse_26_1" aria-expanded="false" aria-controls="job_list___sub_collapse_26_1" href="#" class="job_list___sub_multi_heading"><div role="alert" class="card-header alert-success" id="job_list___sub_heading_26_1"><button class="btn btn-outline-success"><span class="job_id">26 : Job ID 478eac1738a147808b024ee1bc4a25d0</span></button></div></a><div aria-labelledby="job_list___sub_heading_26_1" data-parent="#job_list___sub_accordion_26" class="collapse job_list___sub_multi_collapse" id="job_list___sub_collapse_26_1"><div class="card-body"><div class="work-item"><div class="alert alert-success test-outcome" role="alert"><p>worker outcome: normal</p><p>test outcome: killed</p></div></div><pre class="location"><a href="pycharm://open?file=source/hist.py&amp;line=14" class="text-secondary"><button class="btn btn-outline-dark">source/hist.py, start pos: (14, 53), end pos: (14, 71)</button></a></pre><pre>operator: operators/replace-rasp-comparison, occurrence: 5</pre><pre class="location"><a href="pycharm://open?file=source/hist.py&amp;line=17" class="text-secondary"><button class="btn btn-outline-dark">source/hist.py, start pos: (17, 4), end pos: (17, 53)</button></a></pre><pre>operator: operators/negate-rasp-sop-return-stmt, occurrence: 0</pre><pre class="location"><a href="pycharm://open?file=source/hist.py&amp;line=14" class="text-secondary"><button class="btn btn-outline-dark">source/hist.py, start pos: (14, 15), end pos: (16, 5)</button></a></pre><pre>operator: operators/negate-rasp-sop-select, occurrence: 0</pre><div class="alert alert-secondary"><pre class="diff">--- mutation diff ---
--- asource/hist.py
+++ bsource/hist.py
@@ -11,8 +11,8 @@
       hist("abac")
       &gt;&gt; [2, 1, 2, 1]
     """
-    same_tok = rasp.Select(rasp.tokens, rasp.tokens, rasp.Comparison.EQ).named(
+    same_tok = rasp.Select(rasp.tokens * -1, rasp.tokens, rasp.Comparison.NEQ).named(
         "same_tok"
     )
-    return rasp.SelectorWidth(same_tok).named("hist")
+    return rasp.SelectorWidth(same_tok).named("hist") * -1
 </pre></div><div class="alert alert-secondary"><pre class="diff">============================= test session starts ==============================
platform linux -- Python 3.10.12, pytest-8.3.4, pluggy-1.5.0
rootdir: /home/andre-silva/RASPing
configfile: pyproject.toml
plugins: anyio-4.8.0
collected 3 items

tests/test_hist.py ssAccuracy:  0.0
F

=================================== FAILURES ===================================
_____________________________ TestHist.test_model ______________________________

self = &lt;tests.test_hist.TestHist object at 0x7f72f3dffa90&gt;

    def test_model(self):
&gt;       self.test()

tests/test_hist.py:21: 
_ _ _ _ _ _ _ _ _ _ _ _ _ _ _ _ _ _ _ _ _ _ _ _ _ _ _ _ _ _ _ _ _ _ _ _ _ _ _ _ 

self = &lt;tests.test_hist.TestHist object at 0x7f72f3dffa90&gt;

    @pytest.mark.skip(reason="This is not a test")
    def test(self):
        try:
            model = Model(self.model, self.inputs, self.maxLength, self.name)
        except Exception as e:
            # Survive if the model is not compilable (we want to kill the buggy ones)
            print(str(e))
            # Print message for post-processing
            print("UNCOMPILABLE MODEL")
            return
    
        accuracy = model.evaluateModel(
            self.testing_data, doPrint=False, outputArray=False, useAssert=False
        )
        # Print the accuracy for post-processing
        print("Accuracy: ", accuracy)
&gt;       assert accuracy == 1.0
E       AssertionError

tests/test.py:47: AssertionError
=============================== warnings summary ===============================
../../.venv/lib/python3.10/site-packages/dockerpycreds/utils.py:1
  /home/andre-silva/RASPing/.venv/lib/python3.10/site-packages/dockerpycreds/utils.py:1: DeprecationWarning: The distutils package is deprecated and slated for removal in Python 3.12. Use setuptools or check PEP 632 for potential alternatives
    import distutils.spawn

-- Docs: https://docs.pytest.org/en/stable/how-to/capture-warnings.html
=========================== short test summary info ============================
FAILED tests/test_hist.py::TestHist::test_model - AssertionError
=================== 1 failed, 2 skipped, 1 warning in 17.85s ===================
</pre></div></div></div></div></div><div class="mb-1" id="job_list___sub_accordion_27"><div class="card"><a data-toggle="collapse" data-target="#job_list___sub_collapse_27_1" aria-expanded="false" aria-controls="job_list___sub_collapse_27_1" href="#" class="job_list___sub_multi_heading"><div role="alert" class="card-header alert-success" id="job_list___sub_heading_27_1"><button class="btn btn-outline-success"><span class="job_id">27 : Job ID 9944a4cabf03457b87b8fe1c39a1e3cf</span></button></div></a><div aria-labelledby="job_list___sub_heading_27_1" data-parent="#job_list___sub_accordion_27" class="collapse job_list___sub_multi_collapse" id="job_list___sub_collapse_27_1"><div class="card-body"><div class="work-item"><div class="alert alert-success test-outcome" role="alert"><p>worker outcome: normal</p><p>test outcome: killed</p></div></div><pre class="location"><a href="pycharm://open?file=source/hist.py&amp;line=14" class="text-secondary"><button class="btn btn-outline-dark">source/hist.py, start pos: (14, 53), end pos: (14, 71)</button></a></pre><pre>operator: operators/replace-rasp-comparison, occurrence: 5</pre><pre class="location"><a href="pycharm://open?file=source/hist.py&amp;line=17" class="text-secondary"><button class="btn btn-outline-dark">source/hist.py, start pos: (17, 4), end pos: (17, 53)</button></a></pre><pre>operator: operators/negate-rasp-sop-return-stmt, occurrence: 0</pre><pre class="location"><a href="pycharm://open?file=source/hist.py&amp;line=14" class="text-secondary"><button class="btn btn-outline-dark">source/hist.py, start pos: (14, 15), end pos: (16, 5)</button></a></pre><pre>operator: operators/negate-rasp-sop-select, occurrence: 1</pre><div class="alert alert-secondary"><pre class="diff">--- mutation diff ---
--- asource/hist.py
+++ bsource/hist.py
@@ -11,8 +11,8 @@
       hist("abac")
       &gt;&gt; [2, 1, 2, 1]
     """
-    same_tok = rasp.Select(rasp.tokens, rasp.tokens, rasp.Comparison.EQ).named(
+    same_tok = rasp.Select(rasp.tokens, rasp.tokens * -1, rasp.Comparison.NEQ).named(
         "same_tok"
     )
-    return rasp.SelectorWidth(same_tok).named("hist")
+    return rasp.SelectorWidth(same_tok).named("hist") * -1
 </pre></div><div class="alert alert-secondary"><pre class="diff">============================= test session starts ==============================
platform linux -- Python 3.10.12, pytest-8.3.4, pluggy-1.5.0
rootdir: /home/andre-silva/RASPing
configfile: pyproject.toml
plugins: anyio-4.8.0
collected 3 items

tests/test_hist.py ssAccuracy:  0.0
F

=================================== FAILURES ===================================
_____________________________ TestHist.test_model ______________________________

self = &lt;tests.test_hist.TestHist object at 0x7fcd2ffe3af0&gt;

    def test_model(self):
&gt;       self.test()

tests/test_hist.py:21: 
_ _ _ _ _ _ _ _ _ _ _ _ _ _ _ _ _ _ _ _ _ _ _ _ _ _ _ _ _ _ _ _ _ _ _ _ _ _ _ _ 

self = &lt;tests.test_hist.TestHist object at 0x7fcd2ffe3af0&gt;

    @pytest.mark.skip(reason="This is not a test")
    def test(self):
        try:
            model = Model(self.model, self.inputs, self.maxLength, self.name)
        except Exception as e:
            # Survive if the model is not compilable (we want to kill the buggy ones)
            print(str(e))
            # Print message for post-processing
            print("UNCOMPILABLE MODEL")
            return
    
        accuracy = model.evaluateModel(
            self.testing_data, doPrint=False, outputArray=False, useAssert=False
        )
        # Print the accuracy for post-processing
        print("Accuracy: ", accuracy)
&gt;       assert accuracy == 1.0
E       AssertionError

tests/test.py:47: AssertionError
=============================== warnings summary ===============================
../../.venv/lib/python3.10/site-packages/dockerpycreds/utils.py:1
  /home/andre-silva/RASPing/.venv/lib/python3.10/site-packages/dockerpycreds/utils.py:1: DeprecationWarning: The distutils package is deprecated and slated for removal in Python 3.12. Use setuptools or check PEP 632 for potential alternatives
    import distutils.spawn

-- Docs: https://docs.pytest.org/en/stable/how-to/capture-warnings.html
=========================== short test summary info ============================
FAILED tests/test_hist.py::TestHist::test_model - AssertionError
=================== 1 failed, 2 skipped, 1 warning in 18.50s ===================
</pre></div></div></div></div></div><div class="mb-1" id="job_list___sub_accordion_28"><div class="card"><a data-toggle="collapse" data-target="#job_list___sub_collapse_28_1" aria-expanded="false" aria-controls="job_list___sub_collapse_28_1" href="#" class="job_list___sub_multi_heading"><div role="alert" class="card-header alert-success" id="job_list___sub_heading_28_1"><button class="btn btn-outline-success"><span class="job_id">28 : Job ID d2f0e74d5ca3470f823d385a0c821a73</span></button></div></a><div aria-labelledby="job_list___sub_heading_28_1" data-parent="#job_list___sub_accordion_28" class="collapse job_list___sub_multi_collapse" id="job_list___sub_collapse_28_1"><div class="card-body"><div class="work-item"><div class="alert alert-success test-outcome" role="alert"><p>worker outcome: normal</p><p>test outcome: killed</p></div></div><pre class="location"><a href="pycharm://open?file=source/hist.py&amp;line=14" class="text-secondary"><button class="btn btn-outline-dark">source/hist.py, start pos: (14, 53), end pos: (14, 71)</button></a></pre><pre>operator: operators/replace-rasp-comparison, occurrence: 5</pre><pre class="location"><a href="pycharm://open?file=source/hist.py&amp;line=17" class="text-secondary"><button class="btn btn-outline-dark">source/hist.py, start pos: (17, 4), end pos: (17, 53)</button></a></pre><pre>operator: operators/negate-rasp-sop-return-stmt, occurrence: 0</pre><pre class="location"><a href="pycharm://open?file=source/hist.py&amp;line=17" class="text-secondary"><button class="btn btn-outline-dark">source/hist.py, start pos: (17, 11), end pos: (17, 53)</button></a></pre><pre>operator: operators/negate-rasp-sop-constructor, occurrence: 0</pre><div class="alert alert-secondary"><pre class="diff">--- mutation diff ---
--- asource/hist.py
+++ bsource/hist.py
@@ -11,8 +11,8 @@
       hist("abac")
       &gt;&gt; [2, 1, 2, 1]
     """
-    same_tok = rasp.Select(rasp.tokens, rasp.tokens, rasp.Comparison.EQ).named(
+    same_tok = rasp.Select(rasp.tokens, rasp.tokens, rasp.Comparison.NEQ).named(
         "same_tok"
     )
-    return rasp.SelectorWidth(same_tok).named("hist")
+    return rasp.SelectorWidth(same_tok).named("hist") * -1 * -1
 </pre></div><div class="alert alert-secondary"><pre class="diff">============================= test session starts ==============================
platform linux -- Python 3.10.12, pytest-8.3.4, pluggy-1.5.0
rootdir: /home/andre-silva/RASPing
configfile: pyproject.toml
plugins: anyio-4.8.0
collected 3 items

tests/test_hist.py ssAccuracy:  0.0
F

=================================== FAILURES ===================================
_____________________________ TestHist.test_model ______________________________

self = &lt;tests.test_hist.TestHist object at 0x7f45c973ba00&gt;

    def test_model(self):
&gt;       self.test()

tests/test_hist.py:21: 
_ _ _ _ _ _ _ _ _ _ _ _ _ _ _ _ _ _ _ _ _ _ _ _ _ _ _ _ _ _ _ _ _ _ _ _ _ _ _ _ 

self = &lt;tests.test_hist.TestHist object at 0x7f45c973ba00&gt;

    @pytest.mark.skip(reason="This is not a test")
    def test(self):
        try:
            model = Model(self.model, self.inputs, self.maxLength, self.name)
        except Exception as e:
            # Survive if the model is not compilable (we want to kill the buggy ones)
            print(str(e))
            # Print message for post-processing
            print("UNCOMPILABLE MODEL")
            return
    
        accuracy = model.evaluateModel(
            self.testing_data, doPrint=False, outputArray=False, useAssert=False
        )
        # Print the accuracy for post-processing
        print("Accuracy: ", accuracy)
&gt;       assert accuracy == 1.0
E       AssertionError

tests/test.py:47: AssertionError
=============================== warnings summary ===============================
../../.venv/lib/python3.10/site-packages/dockerpycreds/utils.py:1
  /home/andre-silva/RASPing/.venv/lib/python3.10/site-packages/dockerpycreds/utils.py:1: DeprecationWarning: The distutils package is deprecated and slated for removal in Python 3.12. Use setuptools or check PEP 632 for potential alternatives
    import distutils.spawn

-- Docs: https://docs.pytest.org/en/stable/how-to/capture-warnings.html
=========================== short test summary info ============================
FAILED tests/test_hist.py::TestHist::test_model - AssertionError
=================== 1 failed, 2 skipped, 1 warning in 16.65s ===================
</pre></div></div></div></div></div><div class="mb-1" id="job_list___sub_accordion_29"><div class="card"><a data-toggle="collapse" data-target="#job_list___sub_collapse_29_1" aria-expanded="false" aria-controls="job_list___sub_collapse_29_1" href="#" class="job_list___sub_multi_heading"><div role="alert" class="card-header alert-success" id="job_list___sub_heading_29_1"><button class="btn btn-outline-success"><span class="job_id">29 : Job ID 19ca4dc4a23d4d8ead9c8fa4df966a46</span></button></div></a><div aria-labelledby="job_list___sub_heading_29_1" data-parent="#job_list___sub_accordion_29" class="collapse job_list___sub_multi_collapse" id="job_list___sub_collapse_29_1"><div class="card-body"><div class="work-item"><div class="alert alert-success test-outcome" role="alert"><p>worker outcome: normal</p><p>test outcome: killed</p></div></div><pre class="location"><a href="pycharm://open?file=source/hist.py&amp;line=14" class="text-secondary"><button class="btn btn-outline-dark">source/hist.py, start pos: (14, 53), end pos: (14, 71)</button></a></pre><pre>operator: operators/replace-rasp-comparison, occurrence: 5</pre><pre class="location"><a href="pycharm://open?file=source/hist.py&amp;line=14" class="text-secondary"><button class="btn btn-outline-dark">source/hist.py, start pos: (14, 15), end pos: (16, 5)</button></a></pre><pre>operator: operators/negate-rasp-sop-select, occurrence: 0</pre><pre class="location"><a href="pycharm://open?file=source/hist.py&amp;line=17" class="text-secondary"><button class="btn btn-outline-dark">source/hist.py, start pos: (17, 11), end pos: (17, 53)</button></a></pre><pre>operator: operators/negate-rasp-sop-constructor, occurrence: 0</pre><div class="alert alert-secondary"><pre class="diff">--- mutation diff ---
--- asource/hist.py
+++ bsource/hist.py
@@ -11,8 +11,8 @@
       hist("abac")
       &gt;&gt; [2, 1, 2, 1]
     """
-    same_tok = rasp.Select(rasp.tokens, rasp.tokens, rasp.Comparison.EQ).named(
+    same_tok = rasp.Select(rasp.tokens * -1, rasp.tokens, rasp.Comparison.NEQ).named(
         "same_tok"
     )
-    return rasp.SelectorWidth(same_tok).named("hist")
+    return rasp.SelectorWidth(same_tok).named("hist") * -1
 </pre></div><div class="alert alert-secondary"><pre class="diff">============================= test session starts ==============================
platform linux -- Python 3.10.12, pytest-8.3.4, pluggy-1.5.0
rootdir: /home/andre-silva/RASPing
configfile: pyproject.toml
plugins: anyio-4.8.0
collected 3 items

tests/test_hist.py ssAccuracy:  0.0
F

=================================== FAILURES ===================================
_____________________________ TestHist.test_model ______________________________

self = &lt;tests.test_hist.TestHist object at 0x7fd4397eba60&gt;

    def test_model(self):
&gt;       self.test()

tests/test_hist.py:21: 
_ _ _ _ _ _ _ _ _ _ _ _ _ _ _ _ _ _ _ _ _ _ _ _ _ _ _ _ _ _ _ _ _ _ _ _ _ _ _ _ 

self = &lt;tests.test_hist.TestHist object at 0x7fd4397eba60&gt;

    @pytest.mark.skip(reason="This is not a test")
    def test(self):
        try:
            model = Model(self.model, self.inputs, self.maxLength, self.name)
        except Exception as e:
            # Survive if the model is not compilable (we want to kill the buggy ones)
            print(str(e))
            # Print message for post-processing
            print("UNCOMPILABLE MODEL")
            return
    
        accuracy = model.evaluateModel(
            self.testing_data, doPrint=False, outputArray=False, useAssert=False
        )
        # Print the accuracy for post-processing
        print("Accuracy: ", accuracy)
&gt;       assert accuracy == 1.0
E       AssertionError

tests/test.py:47: AssertionError
=============================== warnings summary ===============================
../../.venv/lib/python3.10/site-packages/dockerpycreds/utils.py:1
  /home/andre-silva/RASPing/.venv/lib/python3.10/site-packages/dockerpycreds/utils.py:1: DeprecationWarning: The distutils package is deprecated and slated for removal in Python 3.12. Use setuptools or check PEP 632 for potential alternatives
    import distutils.spawn

-- Docs: https://docs.pytest.org/en/stable/how-to/capture-warnings.html
=========================== short test summary info ============================
FAILED tests/test_hist.py::TestHist::test_model - AssertionError
=================== 1 failed, 2 skipped, 1 warning in 18.16s ===================
</pre></div></div></div></div></div><div class="mb-1" id="job_list___sub_accordion_30"><div class="card"><a data-toggle="collapse" data-target="#job_list___sub_collapse_30_1" aria-expanded="false" aria-controls="job_list___sub_collapse_30_1" href="#" class="job_list___sub_multi_heading"><div role="alert" class="card-header alert-success" id="job_list___sub_heading_30_1"><button class="btn btn-outline-success"><span class="job_id">30 : Job ID e0baea980d6c41ad819ffd68d19389b6</span></button></div></a><div aria-labelledby="job_list___sub_heading_30_1" data-parent="#job_list___sub_accordion_30" class="collapse job_list___sub_multi_collapse" id="job_list___sub_collapse_30_1"><div class="card-body"><div class="work-item"><div class="alert alert-success test-outcome" role="alert"><p>worker outcome: normal</p><p>test outcome: killed</p></div></div><pre class="location"><a href="pycharm://open?file=source/hist.py&amp;line=14" class="text-secondary"><button class="btn btn-outline-dark">source/hist.py, start pos: (14, 53), end pos: (14, 71)</button></a></pre><pre>operator: operators/replace-rasp-comparison, occurrence: 5</pre><pre class="location"><a href="pycharm://open?file=source/hist.py&amp;line=14" class="text-secondary"><button class="btn btn-outline-dark">source/hist.py, start pos: (14, 15), end pos: (16, 5)</button></a></pre><pre>operator: operators/negate-rasp-sop-select, occurrence: 1</pre><pre class="location"><a href="pycharm://open?file=source/hist.py&amp;line=17" class="text-secondary"><button class="btn btn-outline-dark">source/hist.py, start pos: (17, 11), end pos: (17, 53)</button></a></pre><pre>operator: operators/negate-rasp-sop-constructor, occurrence: 0</pre><div class="alert alert-secondary"><pre class="diff">--- mutation diff ---
--- asource/hist.py
+++ bsource/hist.py
@@ -11,8 +11,8 @@
       hist("abac")
       &gt;&gt; [2, 1, 2, 1]
     """
-    same_tok = rasp.Select(rasp.tokens, rasp.tokens, rasp.Comparison.EQ).named(
+    same_tok = rasp.Select(rasp.tokens, rasp.tokens * -1, rasp.Comparison.NEQ).named(
         "same_tok"
     )
-    return rasp.SelectorWidth(same_tok).named("hist")
+    return rasp.SelectorWidth(same_tok).named("hist") * -1
 </pre></div><div class="alert alert-secondary"><pre class="diff">============================= test session starts ==============================
platform linux -- Python 3.10.12, pytest-8.3.4, pluggy-1.5.0
rootdir: /home/andre-silva/RASPing
configfile: pyproject.toml
plugins: anyio-4.8.0
collected 3 items

tests/test_hist.py ssAccuracy:  0.0
F

=================================== FAILURES ===================================
_____________________________ TestHist.test_model ______________________________

self = &lt;tests.test_hist.TestHist object at 0x7f675a003910&gt;

    def test_model(self):
&gt;       self.test()

tests/test_hist.py:21: 
_ _ _ _ _ _ _ _ _ _ _ _ _ _ _ _ _ _ _ _ _ _ _ _ _ _ _ _ _ _ _ _ _ _ _ _ _ _ _ _ 

self = &lt;tests.test_hist.TestHist object at 0x7f675a003910&gt;

    @pytest.mark.skip(reason="This is not a test")
    def test(self):
        try:
            model = Model(self.model, self.inputs, self.maxLength, self.name)
        except Exception as e:
            # Survive if the model is not compilable (we want to kill the buggy ones)
            print(str(e))
            # Print message for post-processing
            print("UNCOMPILABLE MODEL")
            return
    
        accuracy = model.evaluateModel(
            self.testing_data, doPrint=False, outputArray=False, useAssert=False
        )
        # Print the accuracy for post-processing
        print("Accuracy: ", accuracy)
&gt;       assert accuracy == 1.0
E       AssertionError

tests/test.py:47: AssertionError
=============================== warnings summary ===============================
../../.venv/lib/python3.10/site-packages/dockerpycreds/utils.py:1
  /home/andre-silva/RASPing/.venv/lib/python3.10/site-packages/dockerpycreds/utils.py:1: DeprecationWarning: The distutils package is deprecated and slated for removal in Python 3.12. Use setuptools or check PEP 632 for potential alternatives
    import distutils.spawn

-- Docs: https://docs.pytest.org/en/stable/how-to/capture-warnings.html
=========================== short test summary info ============================
FAILED tests/test_hist.py::TestHist::test_model - AssertionError
=================== 1 failed, 2 skipped, 1 warning in 17.94s ===================
</pre></div></div></div></div></div><div class="mb-1" id="job_list___sub_accordion_31"><div class="card"><a data-toggle="collapse" data-target="#job_list___sub_collapse_31_1" aria-expanded="false" aria-controls="job_list___sub_collapse_31_1" href="#" class="job_list___sub_multi_heading"><div role="alert" class="card-header alert-success" id="job_list___sub_heading_31_1"><button class="btn btn-outline-success"><span class="job_id">31 : Job ID e441b14b37d548e6966ad0427d06239a</span></button></div></a><div aria-labelledby="job_list___sub_heading_31_1" data-parent="#job_list___sub_accordion_31" class="collapse job_list___sub_multi_collapse" id="job_list___sub_collapse_31_1"><div class="card-body"><div class="work-item"><div class="alert alert-success test-outcome" role="alert"><p>worker outcome: normal</p><p>test outcome: killed</p></div></div><pre class="location"><a href="pycharm://open?file=source/hist.py&amp;line=14" class="text-secondary"><button class="btn btn-outline-dark">source/hist.py, start pos: (14, 53), end pos: (14, 71)</button></a></pre><pre>operator: operators/replace-rasp-comparison, occurrence: 6</pre><pre class="location"><a href="pycharm://open?file=source/hist.py&amp;line=17" class="text-secondary"><button class="btn btn-outline-dark">source/hist.py, start pos: (17, 4), end pos: (17, 53)</button></a></pre><pre>operator: operators/negate-rasp-sop-return-stmt, occurrence: 0</pre><pre class="location"><a href="pycharm://open?file=source/hist.py&amp;line=14" class="text-secondary"><button class="btn btn-outline-dark">source/hist.py, start pos: (14, 15), end pos: (16, 5)</button></a></pre><pre>operator: operators/negate-rasp-sop-select, occurrence: 0</pre><div class="alert alert-secondary"><pre class="diff">--- mutation diff ---
--- asource/hist.py
+++ bsource/hist.py
@@ -11,8 +11,8 @@
       hist("abac")
       &gt;&gt; [2, 1, 2, 1]
     """
-    same_tok = rasp.Select(rasp.tokens, rasp.tokens, rasp.Comparison.EQ).named(
+    same_tok = rasp.Select(rasp.tokens * -1, rasp.tokens, rasp.Comparison.TRUE).named(
         "same_tok"
     )
-    return rasp.SelectorWidth(same_tok).named("hist")
+    return rasp.SelectorWidth(same_tok).named("hist") * -1
 </pre></div><div class="alert alert-secondary"><pre class="diff">============================= test session starts ==============================
platform linux -- Python 3.10.12, pytest-8.3.4, pluggy-1.5.0
rootdir: /home/andre-silva/RASPing
configfile: pyproject.toml
plugins: anyio-4.8.0
collected 3 items

tests/test_hist.py ssAccuracy:  0.0
F

=================================== FAILURES ===================================
_____________________________ TestHist.test_model ______________________________

self = &lt;tests.test_hist.TestHist object at 0x7f1556e2ba00&gt;

    def test_model(self):
&gt;       self.test()

tests/test_hist.py:21: 
_ _ _ _ _ _ _ _ _ _ _ _ _ _ _ _ _ _ _ _ _ _ _ _ _ _ _ _ _ _ _ _ _ _ _ _ _ _ _ _ 

self = &lt;tests.test_hist.TestHist object at 0x7f1556e2ba00&gt;

    @pytest.mark.skip(reason="This is not a test")
    def test(self):
        try:
            model = Model(self.model, self.inputs, self.maxLength, self.name)
        except Exception as e:
            # Survive if the model is not compilable (we want to kill the buggy ones)
            print(str(e))
            # Print message for post-processing
            print("UNCOMPILABLE MODEL")
            return
    
        accuracy = model.evaluateModel(
            self.testing_data, doPrint=False, outputArray=False, useAssert=False
        )
        # Print the accuracy for post-processing
        print("Accuracy: ", accuracy)
&gt;       assert accuracy == 1.0
E       AssertionError

tests/test.py:47: AssertionError
=============================== warnings summary ===============================
../../.venv/lib/python3.10/site-packages/dockerpycreds/utils.py:1
  /home/andre-silva/RASPing/.venv/lib/python3.10/site-packages/dockerpycreds/utils.py:1: DeprecationWarning: The distutils package is deprecated and slated for removal in Python 3.12. Use setuptools or check PEP 632 for potential alternatives
    import distutils.spawn

-- Docs: https://docs.pytest.org/en/stable/how-to/capture-warnings.html
=========================== short test summary info ============================
FAILED tests/test_hist.py::TestHist::test_model - AssertionError
=================== 1 failed, 2 skipped, 1 warning in 17.10s ===================
</pre></div></div></div></div></div><div class="mb-1" id="job_list___sub_accordion_32"><div class="card"><a data-toggle="collapse" data-target="#job_list___sub_collapse_32_1" aria-expanded="false" aria-controls="job_list___sub_collapse_32_1" href="#" class="job_list___sub_multi_heading"><div role="alert" class="card-header alert-success" id="job_list___sub_heading_32_1"><button class="btn btn-outline-success"><span class="job_id">32 : Job ID 35782632cad04971ad8d5185d4bb0219</span></button></div></a><div aria-labelledby="job_list___sub_heading_32_1" data-parent="#job_list___sub_accordion_32" class="collapse job_list___sub_multi_collapse" id="job_list___sub_collapse_32_1"><div class="card-body"><div class="work-item"><div class="alert alert-success test-outcome" role="alert"><p>worker outcome: normal</p><p>test outcome: killed</p></div></div><pre class="location"><a href="pycharm://open?file=source/hist.py&amp;line=14" class="text-secondary"><button class="btn btn-outline-dark">source/hist.py, start pos: (14, 53), end pos: (14, 71)</button></a></pre><pre>operator: operators/replace-rasp-comparison, occurrence: 6</pre><pre class="location"><a href="pycharm://open?file=source/hist.py&amp;line=17" class="text-secondary"><button class="btn btn-outline-dark">source/hist.py, start pos: (17, 4), end pos: (17, 53)</button></a></pre><pre>operator: operators/negate-rasp-sop-return-stmt, occurrence: 0</pre><pre class="location"><a href="pycharm://open?file=source/hist.py&amp;line=14" class="text-secondary"><button class="btn btn-outline-dark">source/hist.py, start pos: (14, 15), end pos: (16, 5)</button></a></pre><pre>operator: operators/negate-rasp-sop-select, occurrence: 1</pre><div class="alert alert-secondary"><pre class="diff">--- mutation diff ---
--- asource/hist.py
+++ bsource/hist.py
@@ -11,8 +11,8 @@
       hist("abac")
       &gt;&gt; [2, 1, 2, 1]
     """
-    same_tok = rasp.Select(rasp.tokens, rasp.tokens, rasp.Comparison.EQ).named(
+    same_tok = rasp.Select(rasp.tokens, rasp.tokens * -1, rasp.Comparison.TRUE).named(
         "same_tok"
     )
-    return rasp.SelectorWidth(same_tok).named("hist")
+    return rasp.SelectorWidth(same_tok).named("hist") * -1
 </pre></div><div class="alert alert-secondary"><pre class="diff">============================= test session starts ==============================
platform linux -- Python 3.10.12, pytest-8.3.4, pluggy-1.5.0
rootdir: /home/andre-silva/RASPing
configfile: pyproject.toml
plugins: anyio-4.8.0
collected 3 items

tests/test_hist.py ssAccuracy:  0.0
F

=================================== FAILURES ===================================
_____________________________ TestHist.test_model ______________________________

self = &lt;tests.test_hist.TestHist object at 0x7fa918163a90&gt;

    def test_model(self):
&gt;       self.test()

tests/test_hist.py:21: 
_ _ _ _ _ _ _ _ _ _ _ _ _ _ _ _ _ _ _ _ _ _ _ _ _ _ _ _ _ _ _ _ _ _ _ _ _ _ _ _ 

self = &lt;tests.test_hist.TestHist object at 0x7fa918163a90&gt;

    @pytest.mark.skip(reason="This is not a test")
    def test(self):
        try:
            model = Model(self.model, self.inputs, self.maxLength, self.name)
        except Exception as e:
            # Survive if the model is not compilable (we want to kill the buggy ones)
            print(str(e))
            # Print message for post-processing
            print("UNCOMPILABLE MODEL")
            return
    
        accuracy = model.evaluateModel(
            self.testing_data, doPrint=False, outputArray=False, useAssert=False
        )
        # Print the accuracy for post-processing
        print("Accuracy: ", accuracy)
&gt;       assert accuracy == 1.0
E       AssertionError

tests/test.py:47: AssertionError
=============================== warnings summary ===============================
../../.venv/lib/python3.10/site-packages/dockerpycreds/utils.py:1
  /home/andre-silva/RASPing/.venv/lib/python3.10/site-packages/dockerpycreds/utils.py:1: DeprecationWarning: The distutils package is deprecated and slated for removal in Python 3.12. Use setuptools or check PEP 632 for potential alternatives
    import distutils.spawn

-- Docs: https://docs.pytest.org/en/stable/how-to/capture-warnings.html
=========================== short test summary info ============================
FAILED tests/test_hist.py::TestHist::test_model - AssertionError
=================== 1 failed, 2 skipped, 1 warning in 18.46s ===================
</pre></div></div></div></div></div><div class="mb-1" id="job_list___sub_accordion_33"><div class="card"><a data-toggle="collapse" data-target="#job_list___sub_collapse_33_1" aria-expanded="false" aria-controls="job_list___sub_collapse_33_1" href="#" class="job_list___sub_multi_heading"><div role="alert" class="card-header alert-success" id="job_list___sub_heading_33_1"><button class="btn btn-outline-success"><span class="job_id">33 : Job ID 84764891a70a48a597fb9bb010d275ac</span></button></div></a><div aria-labelledby="job_list___sub_heading_33_1" data-parent="#job_list___sub_accordion_33" class="collapse job_list___sub_multi_collapse" id="job_list___sub_collapse_33_1"><div class="card-body"><div class="work-item"><div class="alert alert-success test-outcome" role="alert"><p>worker outcome: normal</p><p>test outcome: killed</p></div></div><pre class="location"><a href="pycharm://open?file=source/hist.py&amp;line=14" class="text-secondary"><button class="btn btn-outline-dark">source/hist.py, start pos: (14, 53), end pos: (14, 71)</button></a></pre><pre>operator: operators/replace-rasp-comparison, occurrence: 6</pre><pre class="location"><a href="pycharm://open?file=source/hist.py&amp;line=17" class="text-secondary"><button class="btn btn-outline-dark">source/hist.py, start pos: (17, 4), end pos: (17, 53)</button></a></pre><pre>operator: operators/negate-rasp-sop-return-stmt, occurrence: 0</pre><pre class="location"><a href="pycharm://open?file=source/hist.py&amp;line=17" class="text-secondary"><button class="btn btn-outline-dark">source/hist.py, start pos: (17, 11), end pos: (17, 53)</button></a></pre><pre>operator: operators/negate-rasp-sop-constructor, occurrence: 0</pre><div class="alert alert-secondary"><pre class="diff">--- mutation diff ---
--- asource/hist.py
+++ bsource/hist.py
@@ -11,8 +11,8 @@
       hist("abac")
       &gt;&gt; [2, 1, 2, 1]
     """
-    same_tok = rasp.Select(rasp.tokens, rasp.tokens, rasp.Comparison.EQ).named(
+    same_tok = rasp.Select(rasp.tokens, rasp.tokens, rasp.Comparison.TRUE).named(
         "same_tok"
     )
-    return rasp.SelectorWidth(same_tok).named("hist")
+    return rasp.SelectorWidth(same_tok).named("hist") * -1 * -1
 </pre></div><div class="alert alert-secondary"><pre class="diff">============================= test session starts ==============================
platform linux -- Python 3.10.12, pytest-8.3.4, pluggy-1.5.0
rootdir: /home/andre-silva/RASPing
configfile: pyproject.toml
plugins: anyio-4.8.0
collected 3 items

tests/test_hist.py ssAccuracy:  0.0
F

=================================== FAILURES ===================================
_____________________________ TestHist.test_model ______________________________

self = &lt;tests.test_hist.TestHist object at 0x7f41e2353a90&gt;

    def test_model(self):
&gt;       self.test()

tests/test_hist.py:21: 
_ _ _ _ _ _ _ _ _ _ _ _ _ _ _ _ _ _ _ _ _ _ _ _ _ _ _ _ _ _ _ _ _ _ _ _ _ _ _ _ 

self = &lt;tests.test_hist.TestHist object at 0x7f41e2353a90&gt;

    @pytest.mark.skip(reason="This is not a test")
    def test(self):
        try:
            model = Model(self.model, self.inputs, self.maxLength, self.name)
        except Exception as e:
            # Survive if the model is not compilable (we want to kill the buggy ones)
            print(str(e))
            # Print message for post-processing
            print("UNCOMPILABLE MODEL")
            return
    
        accuracy = model.evaluateModel(
            self.testing_data, doPrint=False, outputArray=False, useAssert=False
        )
        # Print the accuracy for post-processing
        print("Accuracy: ", accuracy)
&gt;       assert accuracy == 1.0
E       AssertionError

tests/test.py:47: AssertionError
=============================== warnings summary ===============================
../../.venv/lib/python3.10/site-packages/dockerpycreds/utils.py:1
  /home/andre-silva/RASPing/.venv/lib/python3.10/site-packages/dockerpycreds/utils.py:1: DeprecationWarning: The distutils package is deprecated and slated for removal in Python 3.12. Use setuptools or check PEP 632 for potential alternatives
    import distutils.spawn

-- Docs: https://docs.pytest.org/en/stable/how-to/capture-warnings.html
=========================== short test summary info ============================
FAILED tests/test_hist.py::TestHist::test_model - AssertionError
=================== 1 failed, 2 skipped, 1 warning in 17.09s ===================
</pre></div></div></div></div></div><div class="mb-1" id="job_list___sub_accordion_34"><div class="card"><a data-toggle="collapse" data-target="#job_list___sub_collapse_34_1" aria-expanded="false" aria-controls="job_list___sub_collapse_34_1" href="#" class="job_list___sub_multi_heading"><div role="alert" class="card-header alert-success" id="job_list___sub_heading_34_1"><button class="btn btn-outline-success"><span class="job_id">34 : Job ID 79fc6166108e43289951a449cc5c4c52</span></button></div></a><div aria-labelledby="job_list___sub_heading_34_1" data-parent="#job_list___sub_accordion_34" class="collapse job_list___sub_multi_collapse" id="job_list___sub_collapse_34_1"><div class="card-body"><div class="work-item"><div class="alert alert-success test-outcome" role="alert"><p>worker outcome: normal</p><p>test outcome: killed</p></div></div><pre class="location"><a href="pycharm://open?file=source/hist.py&amp;line=14" class="text-secondary"><button class="btn btn-outline-dark">source/hist.py, start pos: (14, 53), end pos: (14, 71)</button></a></pre><pre>operator: operators/replace-rasp-comparison, occurrence: 6</pre><pre class="location"><a href="pycharm://open?file=source/hist.py&amp;line=14" class="text-secondary"><button class="btn btn-outline-dark">source/hist.py, start pos: (14, 15), end pos: (16, 5)</button></a></pre><pre>operator: operators/negate-rasp-sop-select, occurrence: 0</pre><pre class="location"><a href="pycharm://open?file=source/hist.py&amp;line=17" class="text-secondary"><button class="btn btn-outline-dark">source/hist.py, start pos: (17, 11), end pos: (17, 53)</button></a></pre><pre>operator: operators/negate-rasp-sop-constructor, occurrence: 0</pre><div class="alert alert-secondary"><pre class="diff">--- mutation diff ---
--- asource/hist.py
+++ bsource/hist.py
@@ -11,8 +11,8 @@
       hist("abac")
       &gt;&gt; [2, 1, 2, 1]
     """
-    same_tok = rasp.Select(rasp.tokens, rasp.tokens, rasp.Comparison.EQ).named(
+    same_tok = rasp.Select(rasp.tokens * -1, rasp.tokens, rasp.Comparison.TRUE).named(
         "same_tok"
     )
-    return rasp.SelectorWidth(same_tok).named("hist")
+    return rasp.SelectorWidth(same_tok).named("hist") * -1
 </pre></div><div class="alert alert-secondary"><pre class="diff">============================= test session starts ==============================
platform linux -- Python 3.10.12, pytest-8.3.4, pluggy-1.5.0
rootdir: /home/andre-silva/RASPing
configfile: pyproject.toml
plugins: anyio-4.8.0
collected 3 items

tests/test_hist.py ssAccuracy:  0.0
F

=================================== FAILURES ===================================
_____________________________ TestHist.test_model ______________________________

self = &lt;tests.test_hist.TestHist object at 0x7f5641f0b910&gt;

    def test_model(self):
&gt;       self.test()

tests/test_hist.py:21: 
_ _ _ _ _ _ _ _ _ _ _ _ _ _ _ _ _ _ _ _ _ _ _ _ _ _ _ _ _ _ _ _ _ _ _ _ _ _ _ _ 

self = &lt;tests.test_hist.TestHist object at 0x7f5641f0b910&gt;

    @pytest.mark.skip(reason="This is not a test")
    def test(self):
        try:
            model = Model(self.model, self.inputs, self.maxLength, self.name)
        except Exception as e:
            # Survive if the model is not compilable (we want to kill the buggy ones)
            print(str(e))
            # Print message for post-processing
            print("UNCOMPILABLE MODEL")
            return
    
        accuracy = model.evaluateModel(
            self.testing_data, doPrint=False, outputArray=False, useAssert=False
        )
        # Print the accuracy for post-processing
        print("Accuracy: ", accuracy)
&gt;       assert accuracy == 1.0
E       AssertionError

tests/test.py:47: AssertionError
=============================== warnings summary ===============================
../../.venv/lib/python3.10/site-packages/dockerpycreds/utils.py:1
  /home/andre-silva/RASPing/.venv/lib/python3.10/site-packages/dockerpycreds/utils.py:1: DeprecationWarning: The distutils package is deprecated and slated for removal in Python 3.12. Use setuptools or check PEP 632 for potential alternatives
    import distutils.spawn

-- Docs: https://docs.pytest.org/en/stable/how-to/capture-warnings.html
=========================== short test summary info ============================
FAILED tests/test_hist.py::TestHist::test_model - AssertionError
=================== 1 failed, 2 skipped, 1 warning in 17.29s ===================
</pre></div></div></div></div></div><div class="mb-1" id="job_list___sub_accordion_35"><div class="card"><a data-toggle="collapse" data-target="#job_list___sub_collapse_35_1" aria-expanded="false" aria-controls="job_list___sub_collapse_35_1" href="#" class="job_list___sub_multi_heading"><div role="alert" class="card-header alert-success" id="job_list___sub_heading_35_1"><button class="btn btn-outline-success"><span class="job_id">35 : Job ID 6dc0d493211c4aa4bbf941bee355c25e</span></button></div></a><div aria-labelledby="job_list___sub_heading_35_1" data-parent="#job_list___sub_accordion_35" class="collapse job_list___sub_multi_collapse" id="job_list___sub_collapse_35_1"><div class="card-body"><div class="work-item"><div class="alert alert-success test-outcome" role="alert"><p>worker outcome: normal</p><p>test outcome: killed</p></div></div><pre class="location"><a href="pycharm://open?file=source/hist.py&amp;line=14" class="text-secondary"><button class="btn btn-outline-dark">source/hist.py, start pos: (14, 53), end pos: (14, 71)</button></a></pre><pre>operator: operators/replace-rasp-comparison, occurrence: 6</pre><pre class="location"><a href="pycharm://open?file=source/hist.py&amp;line=14" class="text-secondary"><button class="btn btn-outline-dark">source/hist.py, start pos: (14, 15), end pos: (16, 5)</button></a></pre><pre>operator: operators/negate-rasp-sop-select, occurrence: 1</pre><pre class="location"><a href="pycharm://open?file=source/hist.py&amp;line=17" class="text-secondary"><button class="btn btn-outline-dark">source/hist.py, start pos: (17, 11), end pos: (17, 53)</button></a></pre><pre>operator: operators/negate-rasp-sop-constructor, occurrence: 0</pre><div class="alert alert-secondary"><pre class="diff">--- mutation diff ---
--- asource/hist.py
+++ bsource/hist.py
@@ -11,8 +11,8 @@
       hist("abac")
       &gt;&gt; [2, 1, 2, 1]
     """
-    same_tok = rasp.Select(rasp.tokens, rasp.tokens, rasp.Comparison.EQ).named(
+    same_tok = rasp.Select(rasp.tokens, rasp.tokens * -1, rasp.Comparison.TRUE).named(
         "same_tok"
     )
-    return rasp.SelectorWidth(same_tok).named("hist")
+    return rasp.SelectorWidth(same_tok).named("hist") * -1
 </pre></div><div class="alert alert-secondary"><pre class="diff">============================= test session starts ==============================
platform linux -- Python 3.10.12, pytest-8.3.4, pluggy-1.5.0
rootdir: /home/andre-silva/RASPing
configfile: pyproject.toml
plugins: anyio-4.8.0
collected 3 items

tests/test_hist.py ssAccuracy:  0.0
F

=================================== FAILURES ===================================
_____________________________ TestHist.test_model ______________________________

self = &lt;tests.test_hist.TestHist object at 0x7f13b093fa00&gt;

    def test_model(self):
&gt;       self.test()

tests/test_hist.py:21: 
_ _ _ _ _ _ _ _ _ _ _ _ _ _ _ _ _ _ _ _ _ _ _ _ _ _ _ _ _ _ _ _ _ _ _ _ _ _ _ _ 

self = &lt;tests.test_hist.TestHist object at 0x7f13b093fa00&gt;

    @pytest.mark.skip(reason="This is not a test")
    def test(self):
        try:
            model = Model(self.model, self.inputs, self.maxLength, self.name)
        except Exception as e:
            # Survive if the model is not compilable (we want to kill the buggy ones)
            print(str(e))
            # Print message for post-processing
            print("UNCOMPILABLE MODEL")
            return
    
        accuracy = model.evaluateModel(
            self.testing_data, doPrint=False, outputArray=False, useAssert=False
        )
        # Print the accuracy for post-processing
        print("Accuracy: ", accuracy)
&gt;       assert accuracy == 1.0
E       AssertionError

tests/test.py:47: AssertionError
=============================== warnings summary ===============================
../../.venv/lib/python3.10/site-packages/dockerpycreds/utils.py:1
  /home/andre-silva/RASPing/.venv/lib/python3.10/site-packages/dockerpycreds/utils.py:1: DeprecationWarning: The distutils package is deprecated and slated for removal in Python 3.12. Use setuptools or check PEP 632 for potential alternatives
    import distutils.spawn

-- Docs: https://docs.pytest.org/en/stable/how-to/capture-warnings.html
=========================== short test summary info ============================
FAILED tests/test_hist.py::TestHist::test_model - AssertionError
=================== 1 failed, 2 skipped, 1 warning in 17.65s ===================
</pre></div></div></div></div></div><div class="mb-1" id="job_list___sub_accordion_36"><div class="card"><a data-toggle="collapse" data-target="#job_list___sub_collapse_36_1" aria-expanded="false" aria-controls="job_list___sub_collapse_36_1" href="#" class="job_list___sub_multi_heading"><div role="alert" class="card-header alert-success" id="job_list___sub_heading_36_1"><button class="btn btn-outline-success"><span class="job_id">36 : Job ID 24c5f9d08ea2495e80a9f1fda797bc89</span></button></div></a><div aria-labelledby="job_list___sub_heading_36_1" data-parent="#job_list___sub_accordion_36" class="collapse job_list___sub_multi_collapse" id="job_list___sub_collapse_36_1"><div class="card-body"><div class="work-item"><div class="alert alert-success test-outcome" role="alert"><p>worker outcome: normal</p><p>test outcome: killed</p></div></div><pre class="location"><a href="pycharm://open?file=source/hist.py&amp;line=17" class="text-secondary"><button class="btn btn-outline-dark">source/hist.py, start pos: (17, 4), end pos: (17, 53)</button></a></pre><pre>operator: operators/negate-rasp-sop-return-stmt, occurrence: 0</pre><pre class="location"><a href="pycharm://open?file=source/hist.py&amp;line=14" class="text-secondary"><button class="btn btn-outline-dark">source/hist.py, start pos: (14, 15), end pos: (16, 5)</button></a></pre><pre>operator: operators/negate-rasp-sop-select, occurrence: 0</pre><pre class="location"><a href="pycharm://open?file=source/hist.py&amp;line=17" class="text-secondary"><button class="btn btn-outline-dark">source/hist.py, start pos: (17, 11), end pos: (17, 53)</button></a></pre><pre>operator: operators/negate-rasp-sop-constructor, occurrence: 0</pre><div class="alert alert-secondary"><pre class="diff">--- mutation diff ---
--- asource/hist.py
+++ bsource/hist.py
@@ -11,8 +11,8 @@
       hist("abac")
       &gt;&gt; [2, 1, 2, 1]
     """
-    same_tok = rasp.Select(rasp.tokens, rasp.tokens, rasp.Comparison.EQ).named(
+    same_tok = rasp.Select(rasp.tokens * -1, rasp.tokens, rasp.Comparison.EQ).named(
         "same_tok"
     )
-    return rasp.SelectorWidth(same_tok).named("hist")
+    return rasp.SelectorWidth(same_tok).named("hist") * -1 * -1
 </pre></div><div class="alert alert-secondary"><pre class="diff">============================= test session starts ==============================
platform linux -- Python 3.10.12, pytest-8.3.4, pluggy-1.5.0
rootdir: /home/andre-silva/RASPing
configfile: pyproject.toml
plugins: anyio-4.8.0
collected 3 items

tests/test_hist.py ssAccuracy:  0.0
F

=================================== FAILURES ===================================
_____________________________ TestHist.test_model ______________________________

self = &lt;tests.test_hist.TestHist object at 0x7f38b0bfb910&gt;

    def test_model(self):
&gt;       self.test()

tests/test_hist.py:21: 
_ _ _ _ _ _ _ _ _ _ _ _ _ _ _ _ _ _ _ _ _ _ _ _ _ _ _ _ _ _ _ _ _ _ _ _ _ _ _ _ 

self = &lt;tests.test_hist.TestHist object at 0x7f38b0bfb910&gt;

    @pytest.mark.skip(reason="This is not a test")
    def test(self):
        try:
            model = Model(self.model, self.inputs, self.maxLength, self.name)
        except Exception as e:
            # Survive if the model is not compilable (we want to kill the buggy ones)
            print(str(e))
            # Print message for post-processing
            print("UNCOMPILABLE MODEL")
            return
    
        accuracy = model.evaluateModel(
            self.testing_data, doPrint=False, outputArray=False, useAssert=False
        )
        # Print the accuracy for post-processing
        print("Accuracy: ", accuracy)
&gt;       assert accuracy == 1.0
E       AssertionError

tests/test.py:47: AssertionError
=============================== warnings summary ===============================
../../.venv/lib/python3.10/site-packages/dockerpycreds/utils.py:1
  /home/andre-silva/RASPing/.venv/lib/python3.10/site-packages/dockerpycreds/utils.py:1: DeprecationWarning: The distutils package is deprecated and slated for removal in Python 3.12. Use setuptools or check PEP 632 for potential alternatives
    import distutils.spawn

-- Docs: https://docs.pytest.org/en/stable/how-to/capture-warnings.html
=========================== short test summary info ============================
FAILED tests/test_hist.py::TestHist::test_model - AssertionError
=================== 1 failed, 2 skipped, 1 warning in 17.42s ===================
</pre></div></div></div></div></div><div class="mb-1" id="job_list___sub_accordion_37"><div class="card"><a data-toggle="collapse" data-target="#job_list___sub_collapse_37_1" aria-expanded="false" aria-controls="job_list___sub_collapse_37_1" href="#" class="job_list___sub_multi_heading"><div role="alert" class="card-header alert-success" id="job_list___sub_heading_37_1"><button class="btn btn-outline-success"><span class="job_id">37 : Job ID 939c336b9fd2493290e35f0cb9e85f1e</span></button></div></a><div aria-labelledby="job_list___sub_heading_37_1" data-parent="#job_list___sub_accordion_37" class="collapse job_list___sub_multi_collapse" id="job_list___sub_collapse_37_1"><div class="card-body"><div class="work-item"><div class="alert alert-success test-outcome" role="alert"><p>worker outcome: normal</p><p>test outcome: killed</p></div></div><pre class="location"><a href="pycharm://open?file=source/hist.py&amp;line=17" class="text-secondary"><button class="btn btn-outline-dark">source/hist.py, start pos: (17, 4), end pos: (17, 53)</button></a></pre><pre>operator: operators/negate-rasp-sop-return-stmt, occurrence: 0</pre><pre class="location"><a href="pycharm://open?file=source/hist.py&amp;line=14" class="text-secondary"><button class="btn btn-outline-dark">source/hist.py, start pos: (14, 15), end pos: (16, 5)</button></a></pre><pre>operator: operators/negate-rasp-sop-select, occurrence: 1</pre><pre class="location"><a href="pycharm://open?file=source/hist.py&amp;line=17" class="text-secondary"><button class="btn btn-outline-dark">source/hist.py, start pos: (17, 11), end pos: (17, 53)</button></a></pre><pre>operator: operators/negate-rasp-sop-constructor, occurrence: 0</pre><div class="alert alert-secondary"><pre class="diff">--- mutation diff ---
--- asource/hist.py
+++ bsource/hist.py
@@ -11,8 +11,8 @@
       hist("abac")
       &gt;&gt; [2, 1, 2, 1]
     """
-    same_tok = rasp.Select(rasp.tokens, rasp.tokens, rasp.Comparison.EQ).named(
+    same_tok = rasp.Select(rasp.tokens, rasp.tokens * -1, rasp.Comparison.EQ).named(
         "same_tok"
     )
-    return rasp.SelectorWidth(same_tok).named("hist")
+    return rasp.SelectorWidth(same_tok).named("hist") * -1 * -1
 </pre></div><div class="alert alert-secondary"><pre class="diff">============================= test session starts ==============================
platform linux -- Python 3.10.12, pytest-8.3.4, pluggy-1.5.0
rootdir: /home/andre-silva/RASPing
configfile: pyproject.toml
plugins: anyio-4.8.0
collected 3 items

tests/test_hist.py ssAccuracy:  0.0
F

=================================== FAILURES ===================================
_____________________________ TestHist.test_model ______________________________

self = &lt;tests.test_hist.TestHist object at 0x7fda0fbf78e0&gt;

    def test_model(self):
&gt;       self.test()

tests/test_hist.py:21: 
_ _ _ _ _ _ _ _ _ _ _ _ _ _ _ _ _ _ _ _ _ _ _ _ _ _ _ _ _ _ _ _ _ _ _ _ _ _ _ _ 

self = &lt;tests.test_hist.TestHist object at 0x7fda0fbf78e0&gt;

    @pytest.mark.skip(reason="This is not a test")
    def test(self):
        try:
            model = Model(self.model, self.inputs, self.maxLength, self.name)
        except Exception as e:
            # Survive if the model is not compilable (we want to kill the buggy ones)
            print(str(e))
            # Print message for post-processing
            print("UNCOMPILABLE MODEL")
            return
    
        accuracy = model.evaluateModel(
            self.testing_data, doPrint=False, outputArray=False, useAssert=False
        )
        # Print the accuracy for post-processing
        print("Accuracy: ", accuracy)
&gt;       assert accuracy == 1.0
E       AssertionError

tests/test.py:47: AssertionError
=============================== warnings summary ===============================
../../.venv/lib/python3.10/site-packages/dockerpycreds/utils.py:1
  /home/andre-silva/RASPing/.venv/lib/python3.10/site-packages/dockerpycreds/utils.py:1: DeprecationWarning: The distutils package is deprecated and slated for removal in Python 3.12. Use setuptools or check PEP 632 for potential alternatives
    import distutils.spawn

-- Docs: https://docs.pytest.org/en/stable/how-to/capture-warnings.html
=========================== short test summary info ============================
FAILED tests/test_hist.py::TestHist::test_model - AssertionError
=================== 1 failed, 2 skipped, 1 warning in 17.15s ===================
</pre></div></div></div></div></div></div></div></div></div></div><script src="https://code.jquery.com/jquery-3.3.1.slim.min.js" integrity="sha384-q8i/X+965DzO0rT7abK41JStQIAqVgRVzpbzo5smXKp4YfRvH+8abtTE1Pi6jizo" crossorigin="anonymous"></script><script src="https://cdnjs.cloudflare.com/ajax/libs/popper.js/1.14.7/umd/popper.min.js" integrity="sha384-UO2eT0CpHqdSJQ6hJty5KVphtPhzWj9WO1clHTMGa3JDZwrnQq4sF86dIHNDz0W1" crossorigin="anonymous"></script><script src="https://stackpath.bootstrapcdn.com/bootstrap/4.3.1/js/bootstrap.min.js" integrity="sha384-JjSmVgyd0p3pXB1rRibZUAYoIIy6OrQ6VrjIEaFf/nJGzIxFDsf4x0xIM+B07jRM" crossorigin="anonymous"></script><script type="text/javascript">$('div.job_list___sub_multi_collapse').on('shown.bs.collapse',  function () {    correct_behavior_functional_buttons();  });$('div.job_list___sub_multi_collapse').on('hidden.bs.collapse',  function () {    correct_behavior_functional_buttons();  });function correct_behavior_functional_buttons() {    var expand = false;    var collapse = false;    $('a.job_list___sub_multi_heading').each(function(index) {      if ($(this).attr('aria-expanded') == 'false') {        expand = true;        return false;      };    });    $('a.job_list___sub_multi_heading').each(function(index) {      if ($(this).attr('aria-expanded') == 'true') {        collapse = true;        return false;      };    });    if (expand) {      $('div#job_item_expand_all').css('display', 'inline-block');    } else {      $('div#job_item_expand_all').css('display', 'none');    };    if (collapse) {      $('div#job_item_collapse_all').css('display', 'inline-block');    } else {      $('div#job_item_collapse_all').css('display', 'none');    };  };correct_behavior_functional_buttons();</script></body></html>
