<!DOCTYPE html><html lang="en"><head><meta charset="utf-8" /><meta name="viewport" content="width=device-width, initial-scale=1, shrink-to-fit=no" /><link rel="stylesheet" href="https://stackpath.bootstrapcdn.com/bootstrap/4.3.1/css/bootstrap.min.css" integrity="sha384-ggOyR0iXCbMQv3Xipma34MD+dH/1fQ784/j6cY/iJTQUOhcWr7x9JvoRxT2MZw1T" crossorigin="anonymous" /><title>Cosmic Ray Report</title></head><body><div class="container"><h1><p class="text-dark">Cosmic Ray Report</p></h1></div><div class="container"><div class="mb-1" id="summary_info___accordion"><div class="card"><a data-toggle="collapse" data-target="#summary_info___collapse_1" aria-expanded="true" aria-controls="summary_info___collapse_1" href="#"><div class="card-header" id="summary_info___heading_1"><button class="btn btn-outline-dark"><h4 class="m-0">Summary info</h4></button></div></a><div aria-labelledby="summary_info___heading_1" data-parent="#summary_info___accordion" class="collapse show" id="summary_info___collapse_1"><div class="card-body"><p>Date time: 19/12/2024 15:37:17</p><p>Total jobs: 11</p><p>Complete: 11 (100.00%)</p><p>Surviving mutants: 0 (0.00%)</p></div></div></div></div><div class="mb-1" id="job_list___accordion"><div class="card"><a data-toggle="collapse" data-target="#job_list___collapse_1" aria-expanded="false" aria-controls="job_list___collapse_1" href="#"><div class="card-header" id="job_list___heading_1"><button class="btn btn-outline-dark"><h4 class="m-0">Job list</h4></button></div></a><div aria-labelledby="job_list___heading_1" data-parent="#job_list___accordion" class="collapse" id="job_list___collapse_1"><div class="card-body"><div class="text-right mb-1"><div class="mx-1" id="job_item_expand_all"><a href="#" onclick="$('div.job_list___sub_multi_collapse').collapse('show');"><button class="btn btn-outline-dark"><span>Expand All</span></button></a></div><div class="mx-1" id="job_item_collapse_all"><a href="#" onclick="$('div.job_list___sub_multi_collapse').collapse('hide');"><button class="btn btn-outline-dark"><span>Collapse All</span></button></a></div></div><div class="mb-1" id="job_list___sub_accordion_1"><div class="card"><a data-toggle="collapse" data-target="#job_list___sub_collapse_1_1" aria-expanded="false" aria-controls="job_list___sub_collapse_1_1" href="#" class="job_list___sub_multi_heading"><div role="alert" class="card-header alert-success" id="job_list___sub_heading_1_1"><button class="btn btn-outline-success"><span class="job_id">1 : Job ID 4877157928854d51aa44ea18a425e1cb</span></button></div></a><div aria-labelledby="job_list___sub_heading_1_1" data-parent="#job_list___sub_accordion_1" class="collapse job_list___sub_multi_collapse" id="job_list___sub_collapse_1_1"><div class="card-body"><div class="work-item"><div class="alert alert-success test-outcome" role="alert"><p>worker outcome: WorkerOutcome.NORMAL</p><p>test outcome: TestOutcome.KILLED</p></div></div><pre class="location"><a href="pycharm://open?file=source/hist.py&amp;line=14" class="text-secondary"><button class="btn btn-outline-dark">source/hist.py, start pos: (14, 53), end pos: (14, 71)</button></a></pre><pre>operator: operators/replace-rasp-comparison, occurrence: 0</pre><div class="alert alert-secondary"><pre class="diff">--- mutation diff ---
--- asource/hist.py
+++ bsource/hist.py
@@ -11,7 +11,7 @@
       hist("abac")
       &gt;&gt; [2, 1, 2, 1]
     """
-    same_tok = rasp.Select(rasp.tokens, rasp.tokens, rasp.Comparison.EQ).named(
+    same_tok = rasp.Select(rasp.tokens, rasp.tokens, rasp.Comparison.LT).named(
         "same_tok"
     )
     return rasp.SelectorWidth(same_tok).named("hist")</pre></div><div class="alert alert-secondary"><pre class="diff">============================= test session starts ==============================
platform linux -- Python 3.12.7, pytest-8.3.3, pluggy-1.5.0
rootdir: /home/andre/Repos/RASPing/experiments/mutation
plugins: anyio-4.4.0
collected 3 items

tests/test_hist.py ssAccuracy:  0.0
F

=================================== FAILURES ===================================
_____________________________ TestHist.test_model ______________________________

self = &lt;tests.test_hist.TestHist object at 0x752dd2c50110&gt;

    def test_model(self):
&gt;       self.test()

tests/test_hist.py:21: 
_ _ _ _ _ _ _ _ _ _ _ _ _ _ _ _ _ _ _ _ _ _ _ _ _ _ _ _ _ _ _ _ _ _ _ _ _ _ _ _ 

self = &lt;tests.test_hist.TestHist object at 0x752dd2c50110&gt;

    @pytest.mark.skip(reason="This is not a test")
    def test(self):
        try:
            model = Model(self.model, self.inputs, self.maxLength, self.name)
        except Exception as e:
            # Survive if the model is not compilable (we want to kill the buggy ones)
            print(str(e))
            # Print message for post-processing
            print("UNCOMPILABLE MODEL")
            return
    
        accuracy = model.evaluateModel(
            self.testing_data, doPrint=False, outputArray=False, useAssert=False
        )
        # Print the accuracy for post-processing
        print("Accuracy: ", accuracy)
&gt;       assert accuracy == 1.0
E       AssertionError

tests/test.py:45: AssertionError
=========================== short test summary info ============================
FAILED tests/test_hist.py::TestHist::test_model - AssertionError
======================== 1 failed, 2 skipped in 28.73s =========================
</pre></div></div></div></div></div><div class="mb-1" id="job_list___sub_accordion_2"><div class="card"><a data-toggle="collapse" data-target="#job_list___sub_collapse_2_1" aria-expanded="false" aria-controls="job_list___sub_collapse_2_1" href="#" class="job_list___sub_multi_heading"><div role="alert" class="card-header alert-success" id="job_list___sub_heading_2_1"><button class="btn btn-outline-success"><span class="job_id">2 : Job ID 0821180454774c03943382a0c5059621</span></button></div></a><div aria-labelledby="job_list___sub_heading_2_1" data-parent="#job_list___sub_accordion_2" class="collapse job_list___sub_multi_collapse" id="job_list___sub_collapse_2_1"><div class="card-body"><div class="work-item"><div class="alert alert-success test-outcome" role="alert"><p>worker outcome: WorkerOutcome.NORMAL</p><p>test outcome: TestOutcome.KILLED</p></div></div><pre class="location"><a href="pycharm://open?file=source/hist.py&amp;line=14" class="text-secondary"><button class="btn btn-outline-dark">source/hist.py, start pos: (14, 53), end pos: (14, 71)</button></a></pre><pre>operator: operators/replace-rasp-comparison, occurrence: 1</pre><div class="alert alert-secondary"><pre class="diff">--- mutation diff ---
--- asource/hist.py
+++ bsource/hist.py
@@ -11,7 +11,7 @@
       hist("abac")
       &gt;&gt; [2, 1, 2, 1]
     """
-    same_tok = rasp.Select(rasp.tokens, rasp.tokens, rasp.Comparison.EQ).named(
+    same_tok = rasp.Select(rasp.tokens, rasp.tokens, rasp.Comparison.LT).named(
         "same_tok"
     )
     return rasp.SelectorWidth(same_tok).named("hist")</pre></div><div class="alert alert-secondary"><pre class="diff">============================= test session starts ==============================
platform linux -- Python 3.12.7, pytest-8.3.3, pluggy-1.5.0
rootdir: /home/andre/Repos/RASPing/experiments/mutation
plugins: anyio-4.4.0
collected 3 items

tests/test_hist.py ssAccuracy:  0.0
F

=================================== FAILURES ===================================
_____________________________ TestHist.test_model ______________________________

self = &lt;tests.test_hist.TestHist object at 0x7fb0f7641f40&gt;

    def test_model(self):
&gt;       self.test()

tests/test_hist.py:21: 
_ _ _ _ _ _ _ _ _ _ _ _ _ _ _ _ _ _ _ _ _ _ _ _ _ _ _ _ _ _ _ _ _ _ _ _ _ _ _ _ 

self = &lt;tests.test_hist.TestHist object at 0x7fb0f7641f40&gt;

    @pytest.mark.skip(reason="This is not a test")
    def test(self):
        try:
            model = Model(self.model, self.inputs, self.maxLength, self.name)
        except Exception as e:
            # Survive if the model is not compilable (we want to kill the buggy ones)
            print(str(e))
            # Print message for post-processing
            print("UNCOMPILABLE MODEL")
            return
    
        accuracy = model.evaluateModel(
            self.testing_data, doPrint=False, outputArray=False, useAssert=False
        )
        # Print the accuracy for post-processing
        print("Accuracy: ", accuracy)
&gt;       assert accuracy == 1.0
E       AssertionError

tests/test.py:45: AssertionError
=========================== short test summary info ============================
FAILED tests/test_hist.py::TestHist::test_model - AssertionError
======================== 1 failed, 2 skipped in 26.06s =========================
</pre></div></div></div></div></div><div class="mb-1" id="job_list___sub_accordion_3"><div class="card"><a data-toggle="collapse" data-target="#job_list___sub_collapse_3_1" aria-expanded="false" aria-controls="job_list___sub_collapse_3_1" href="#" class="job_list___sub_multi_heading"><div role="alert" class="card-header alert-success" id="job_list___sub_heading_3_1"><button class="btn btn-outline-success"><span class="job_id">3 : Job ID 7018bc1b6b5946ff93b3061929ff42fb</span></button></div></a><div aria-labelledby="job_list___sub_heading_3_1" data-parent="#job_list___sub_accordion_3" class="collapse job_list___sub_multi_collapse" id="job_list___sub_collapse_3_1"><div class="card-body"><div class="work-item"><div class="alert alert-success test-outcome" role="alert"><p>worker outcome: WorkerOutcome.NORMAL</p><p>test outcome: TestOutcome.KILLED</p></div></div><pre class="location"><a href="pycharm://open?file=source/hist.py&amp;line=14" class="text-secondary"><button class="btn btn-outline-dark">source/hist.py, start pos: (14, 53), end pos: (14, 71)</button></a></pre><pre>operator: operators/replace-rasp-comparison, occurrence: 2</pre><div class="alert alert-secondary"><pre class="diff">--- mutation diff ---
--- asource/hist.py
+++ bsource/hist.py
@@ -11,7 +11,7 @@
       hist("abac")
       &gt;&gt; [2, 1, 2, 1]
     """
-    same_tok = rasp.Select(rasp.tokens, rasp.tokens, rasp.Comparison.EQ).named(
+    same_tok = rasp.Select(rasp.tokens, rasp.tokens, rasp.Comparison.LEQ).named(
         "same_tok"
     )
     return rasp.SelectorWidth(same_tok).named("hist")</pre></div><div class="alert alert-secondary"><pre class="diff">============================= test session starts ==============================
platform linux -- Python 3.12.7, pytest-8.3.3, pluggy-1.5.0
rootdir: /home/andre/Repos/RASPing/experiments/mutation
plugins: anyio-4.4.0
collected 3 items

tests/test_hist.py ssAccuracy:  0.044
F

=================================== FAILURES ===================================
_____________________________ TestHist.test_model ______________________________

self = &lt;tests.test_hist.TestHist object at 0x70e49a1b7980&gt;

    def test_model(self):
&gt;       self.test()

tests/test_hist.py:21: 
_ _ _ _ _ _ _ _ _ _ _ _ _ _ _ _ _ _ _ _ _ _ _ _ _ _ _ _ _ _ _ _ _ _ _ _ _ _ _ _ 

self = &lt;tests.test_hist.TestHist object at 0x70e49a1b7980&gt;

    @pytest.mark.skip(reason="This is not a test")
    def test(self):
        try:
            model = Model(self.model, self.inputs, self.maxLength, self.name)
        except Exception as e:
            # Survive if the model is not compilable (we want to kill the buggy ones)
            print(str(e))
            # Print message for post-processing
            print("UNCOMPILABLE MODEL")
            return
    
        accuracy = model.evaluateModel(
            self.testing_data, doPrint=False, outputArray=False, useAssert=False
        )
        # Print the accuracy for post-processing
        print("Accuracy: ", accuracy)
&gt;       assert accuracy == 1.0
E       AssertionError

tests/test.py:45: AssertionError
=========================== short test summary info ============================
FAILED tests/test_hist.py::TestHist::test_model - AssertionError
======================== 1 failed, 2 skipped in 22.19s =========================
</pre></div></div></div></div></div><div class="mb-1" id="job_list___sub_accordion_4"><div class="card"><a data-toggle="collapse" data-target="#job_list___sub_collapse_4_1" aria-expanded="false" aria-controls="job_list___sub_collapse_4_1" href="#" class="job_list___sub_multi_heading"><div role="alert" class="card-header alert-success" id="job_list___sub_heading_4_1"><button class="btn btn-outline-success"><span class="job_id">4 : Job ID f6202828c934440cb94e243988c4ce17</span></button></div></a><div aria-labelledby="job_list___sub_heading_4_1" data-parent="#job_list___sub_accordion_4" class="collapse job_list___sub_multi_collapse" id="job_list___sub_collapse_4_1"><div class="card-body"><div class="work-item"><div class="alert alert-success test-outcome" role="alert"><p>worker outcome: WorkerOutcome.NORMAL</p><p>test outcome: TestOutcome.KILLED</p></div></div><pre class="location"><a href="pycharm://open?file=source/hist.py&amp;line=14" class="text-secondary"><button class="btn btn-outline-dark">source/hist.py, start pos: (14, 53), end pos: (14, 71)</button></a></pre><pre>operator: operators/replace-rasp-comparison, occurrence: 3</pre><div class="alert alert-secondary"><pre class="diff">--- mutation diff ---
--- asource/hist.py
+++ bsource/hist.py
@@ -11,7 +11,7 @@
       hist("abac")
       &gt;&gt; [2, 1, 2, 1]
     """
-    same_tok = rasp.Select(rasp.tokens, rasp.tokens, rasp.Comparison.EQ).named(
+    same_tok = rasp.Select(rasp.tokens, rasp.tokens, rasp.Comparison.GT).named(
         "same_tok"
     )
     return rasp.SelectorWidth(same_tok).named("hist")</pre></div><div class="alert alert-secondary"><pre class="diff">============================= test session starts ==============================
platform linux -- Python 3.12.7, pytest-8.3.3, pluggy-1.5.0
rootdir: /home/andre/Repos/RASPing/experiments/mutation
plugins: anyio-4.4.0
collected 3 items

tests/test_hist.py ssAccuracy:  0.0
F

=================================== FAILURES ===================================
_____________________________ TestHist.test_model ______________________________

self = &lt;tests.test_hist.TestHist object at 0x7e8ad4dd66f0&gt;

    def test_model(self):
&gt;       self.test()

tests/test_hist.py:21: 
_ _ _ _ _ _ _ _ _ _ _ _ _ _ _ _ _ _ _ _ _ _ _ _ _ _ _ _ _ _ _ _ _ _ _ _ _ _ _ _ 

self = &lt;tests.test_hist.TestHist object at 0x7e8ad4dd66f0&gt;

    @pytest.mark.skip(reason="This is not a test")
    def test(self):
        try:
            model = Model(self.model, self.inputs, self.maxLength, self.name)
        except Exception as e:
            # Survive if the model is not compilable (we want to kill the buggy ones)
            print(str(e))
            # Print message for post-processing
            print("UNCOMPILABLE MODEL")
            return
    
        accuracy = model.evaluateModel(
            self.testing_data, doPrint=False, outputArray=False, useAssert=False
        )
        # Print the accuracy for post-processing
        print("Accuracy: ", accuracy)
&gt;       assert accuracy == 1.0
E       AssertionError

tests/test.py:45: AssertionError
=========================== short test summary info ============================
FAILED tests/test_hist.py::TestHist::test_model - AssertionError
======================== 1 failed, 2 skipped in 31.35s =========================
</pre></div></div></div></div></div><div class="mb-1" id="job_list___sub_accordion_5"><div class="card"><a data-toggle="collapse" data-target="#job_list___sub_collapse_5_1" aria-expanded="false" aria-controls="job_list___sub_collapse_5_1" href="#" class="job_list___sub_multi_heading"><div role="alert" class="card-header alert-success" id="job_list___sub_heading_5_1"><button class="btn btn-outline-success"><span class="job_id">5 : Job ID 995b557c92874d1bac6b62a98500ae9d</span></button></div></a><div aria-labelledby="job_list___sub_heading_5_1" data-parent="#job_list___sub_accordion_5" class="collapse job_list___sub_multi_collapse" id="job_list___sub_collapse_5_1"><div class="card-body"><div class="work-item"><div class="alert alert-success test-outcome" role="alert"><p>worker outcome: WorkerOutcome.NORMAL</p><p>test outcome: TestOutcome.KILLED</p></div></div><pre class="location"><a href="pycharm://open?file=source/hist.py&amp;line=14" class="text-secondary"><button class="btn btn-outline-dark">source/hist.py, start pos: (14, 53), end pos: (14, 71)</button></a></pre><pre>operator: operators/replace-rasp-comparison, occurrence: 4</pre><div class="alert alert-secondary"><pre class="diff">--- mutation diff ---
--- asource/hist.py
+++ bsource/hist.py
@@ -11,7 +11,7 @@
       hist("abac")
       &gt;&gt; [2, 1, 2, 1]
     """
-    same_tok = rasp.Select(rasp.tokens, rasp.tokens, rasp.Comparison.EQ).named(
+    same_tok = rasp.Select(rasp.tokens, rasp.tokens, rasp.Comparison.GEQ).named(
         "same_tok"
     )
     return rasp.SelectorWidth(same_tok).named("hist")</pre></div><div class="alert alert-secondary"><pre class="diff">============================= test session starts ==============================
platform linux -- Python 3.12.7, pytest-8.3.3, pluggy-1.5.0
rootdir: /home/andre/Repos/RASPing/experiments/mutation
plugins: anyio-4.4.0
collected 3 items

tests/test_hist.py ssAccuracy:  0.032
F

=================================== FAILURES ===================================
_____________________________ TestHist.test_model ______________________________

self = &lt;tests.test_hist.TestHist object at 0x7581c1babbc0&gt;

    def test_model(self):
&gt;       self.test()

tests/test_hist.py:21: 
_ _ _ _ _ _ _ _ _ _ _ _ _ _ _ _ _ _ _ _ _ _ _ _ _ _ _ _ _ _ _ _ _ _ _ _ _ _ _ _ 

self = &lt;tests.test_hist.TestHist object at 0x7581c1babbc0&gt;

    @pytest.mark.skip(reason="This is not a test")
    def test(self):
        try:
            model = Model(self.model, self.inputs, self.maxLength, self.name)
        except Exception as e:
            # Survive if the model is not compilable (we want to kill the buggy ones)
            print(str(e))
            # Print message for post-processing
            print("UNCOMPILABLE MODEL")
            return
    
        accuracy = model.evaluateModel(
            self.testing_data, doPrint=False, outputArray=False, useAssert=False
        )
        # Print the accuracy for post-processing
        print("Accuracy: ", accuracy)
&gt;       assert accuracy == 1.0
E       AssertionError

tests/test.py:45: AssertionError
=========================== short test summary info ============================
FAILED tests/test_hist.py::TestHist::test_model - AssertionError
======================== 1 failed, 2 skipped in 23.36s =========================
</pre></div></div></div></div></div><div class="mb-1" id="job_list___sub_accordion_6"><div class="card"><a data-toggle="collapse" data-target="#job_list___sub_collapse_6_1" aria-expanded="false" aria-controls="job_list___sub_collapse_6_1" href="#" class="job_list___sub_multi_heading"><div role="alert" class="card-header alert-success" id="job_list___sub_heading_6_1"><button class="btn btn-outline-success"><span class="job_id">6 : Job ID 9d2ef9a74aea4779bd325ad554bd1b53</span></button></div></a><div aria-labelledby="job_list___sub_heading_6_1" data-parent="#job_list___sub_accordion_6" class="collapse job_list___sub_multi_collapse" id="job_list___sub_collapse_6_1"><div class="card-body"><div class="work-item"><div class="alert alert-success test-outcome" role="alert"><p>worker outcome: WorkerOutcome.NORMAL</p><p>test outcome: TestOutcome.KILLED</p></div></div><pre class="location"><a href="pycharm://open?file=source/hist.py&amp;line=14" class="text-secondary"><button class="btn btn-outline-dark">source/hist.py, start pos: (14, 53), end pos: (14, 71)</button></a></pre><pre>operator: operators/replace-rasp-comparison, occurrence: 5</pre><div class="alert alert-secondary"><pre class="diff">--- mutation diff ---
--- asource/hist.py
+++ bsource/hist.py
@@ -11,7 +11,7 @@
       hist("abac")
       &gt;&gt; [2, 1, 2, 1]
     """
-    same_tok = rasp.Select(rasp.tokens, rasp.tokens, rasp.Comparison.EQ).named(
+    same_tok = rasp.Select(rasp.tokens, rasp.tokens, rasp.Comparison.NEQ).named(
         "same_tok"
     )
     return rasp.SelectorWidth(same_tok).named("hist")</pre></div><div class="alert alert-secondary"><pre class="diff">============================= test session starts ==============================
platform linux -- Python 3.12.7, pytest-8.3.3, pluggy-1.5.0
rootdir: /home/andre/Repos/RASPing/experiments/mutation
plugins: anyio-4.4.0
collected 3 items

tests/test_hist.py ssAccuracy:  0.108
F

=================================== FAILURES ===================================
_____________________________ TestHist.test_model ______________________________

self = &lt;tests.test_hist.TestHist object at 0x7c62ab168290&gt;

    def test_model(self):
&gt;       self.test()

tests/test_hist.py:21: 
_ _ _ _ _ _ _ _ _ _ _ _ _ _ _ _ _ _ _ _ _ _ _ _ _ _ _ _ _ _ _ _ _ _ _ _ _ _ _ _ 

self = &lt;tests.test_hist.TestHist object at 0x7c62ab168290&gt;

    @pytest.mark.skip(reason="This is not a test")
    def test(self):
        try:
            model = Model(self.model, self.inputs, self.maxLength, self.name)
        except Exception as e:
            # Survive if the model is not compilable (we want to kill the buggy ones)
            print(str(e))
            # Print message for post-processing
            print("UNCOMPILABLE MODEL")
            return
    
        accuracy = model.evaluateModel(
            self.testing_data, doPrint=False, outputArray=False, useAssert=False
        )
        # Print the accuracy for post-processing
        print("Accuracy: ", accuracy)
&gt;       assert accuracy == 1.0
E       AssertionError

tests/test.py:45: AssertionError
=========================== short test summary info ============================
FAILED tests/test_hist.py::TestHist::test_model - AssertionError
======================== 1 failed, 2 skipped in 21.04s =========================
</pre></div></div></div></div></div><div class="mb-1" id="job_list___sub_accordion_7"><div class="card"><a data-toggle="collapse" data-target="#job_list___sub_collapse_7_1" aria-expanded="false" aria-controls="job_list___sub_collapse_7_1" href="#" class="job_list___sub_multi_heading"><div role="alert" class="card-header alert-success" id="job_list___sub_heading_7_1"><button class="btn btn-outline-success"><span class="job_id">7 : Job ID ea891ddb798a444587bdcf35f05d4a47</span></button></div></a><div aria-labelledby="job_list___sub_heading_7_1" data-parent="#job_list___sub_accordion_7" class="collapse job_list___sub_multi_collapse" id="job_list___sub_collapse_7_1"><div class="card-body"><div class="work-item"><div class="alert alert-success test-outcome" role="alert"><p>worker outcome: WorkerOutcome.NORMAL</p><p>test outcome: TestOutcome.KILLED</p></div></div><pre class="location"><a href="pycharm://open?file=source/hist.py&amp;line=14" class="text-secondary"><button class="btn btn-outline-dark">source/hist.py, start pos: (14, 53), end pos: (14, 71)</button></a></pre><pre>operator: operators/replace-rasp-comparison, occurrence: 6</pre><div class="alert alert-secondary"><pre class="diff">--- mutation diff ---
--- asource/hist.py
+++ bsource/hist.py
@@ -11,7 +11,7 @@
       hist("abac")
       &gt;&gt; [2, 1, 2, 1]
     """
-    same_tok = rasp.Select(rasp.tokens, rasp.tokens, rasp.Comparison.EQ).named(
+    same_tok = rasp.Select(rasp.tokens, rasp.tokens, rasp.Comparison.TRUE).named(
         "same_tok"
     )
     return rasp.SelectorWidth(same_tok).named("hist")</pre></div><div class="alert alert-secondary"><pre class="diff">============================= test session starts ==============================
platform linux -- Python 3.12.7, pytest-8.3.3, pluggy-1.5.0
rootdir: /home/andre/Repos/RASPing/experiments/mutation
plugins: anyio-4.4.0
collected 3 items

tests/test_hist.py ssAccuracy:  0.04
F

=================================== FAILURES ===================================
_____________________________ TestHist.test_model ______________________________

self = &lt;tests.test_hist.TestHist object at 0x72ee581d25a0&gt;

    def test_model(self):
&gt;       self.test()

tests/test_hist.py:21: 
_ _ _ _ _ _ _ _ _ _ _ _ _ _ _ _ _ _ _ _ _ _ _ _ _ _ _ _ _ _ _ _ _ _ _ _ _ _ _ _ 

self = &lt;tests.test_hist.TestHist object at 0x72ee581d25a0&gt;

    @pytest.mark.skip(reason="This is not a test")
    def test(self):
        try:
            model = Model(self.model, self.inputs, self.maxLength, self.name)
        except Exception as e:
            # Survive if the model is not compilable (we want to kill the buggy ones)
            print(str(e))
            # Print message for post-processing
            print("UNCOMPILABLE MODEL")
            return
    
        accuracy = model.evaluateModel(
            self.testing_data, doPrint=False, outputArray=False, useAssert=False
        )
        # Print the accuracy for post-processing
        print("Accuracy: ", accuracy)
&gt;       assert accuracy == 1.0
E       AssertionError

tests/test.py:45: AssertionError
=========================== short test summary info ============================
FAILED tests/test_hist.py::TestHist::test_model - AssertionError
======================== 1 failed, 2 skipped in 24.85s =========================
</pre></div></div></div></div></div><div class="mb-1" id="job_list___sub_accordion_8"><div class="card"><a data-toggle="collapse" data-target="#job_list___sub_collapse_8_1" aria-expanded="false" aria-controls="job_list___sub_collapse_8_1" href="#" class="job_list___sub_multi_heading"><div role="alert" class="card-header alert-success" id="job_list___sub_heading_8_1"><button class="btn btn-outline-success"><span class="job_id">8 : Job ID 642820a2893a4ac6830f321445d8960d</span></button></div></a><div aria-labelledby="job_list___sub_heading_8_1" data-parent="#job_list___sub_accordion_8" class="collapse job_list___sub_multi_collapse" id="job_list___sub_collapse_8_1"><div class="card-body"><div class="work-item"><div class="alert alert-success test-outcome" role="alert"><p>worker outcome: WorkerOutcome.NORMAL</p><p>test outcome: TestOutcome.KILLED</p></div></div><pre class="location"><a href="pycharm://open?file=source/hist.py&amp;line=17" class="text-secondary"><button class="btn btn-outline-dark">source/hist.py, start pos: (17, 4), end pos: (17, 53)</button></a></pre><pre>operator: operators/negate-rasp-sop-return-stmt, occurrence: 0</pre><div class="alert alert-secondary"><pre class="diff">--- mutation diff ---
--- asource/hist.py
+++ bsource/hist.py
@@ -14,5 +14,5 @@
     same_tok = rasp.Select(rasp.tokens, rasp.tokens, rasp.Comparison.EQ).named(
         "same_tok"
     )
-    return rasp.SelectorWidth(same_tok).named("hist")
+    return rasp.SelectorWidth(same_tok).named("hist") * -1
 </pre></div><div class="alert alert-secondary"><pre class="diff">============================= test session starts ==============================
platform linux -- Python 3.12.7, pytest-8.3.3, pluggy-1.5.0
rootdir: /home/andre/Repos/RASPing/experiments/mutation
plugins: anyio-4.4.0
collected 3 items

tests/test_hist.py ssAccuracy:  0.0
F

=================================== FAILURES ===================================
_____________________________ TestHist.test_model ______________________________

self = &lt;tests.test_hist.TestHist object at 0x70de8511f980&gt;

    def test_model(self):
&gt;       self.test()

tests/test_hist.py:21: 
_ _ _ _ _ _ _ _ _ _ _ _ _ _ _ _ _ _ _ _ _ _ _ _ _ _ _ _ _ _ _ _ _ _ _ _ _ _ _ _ 

self = &lt;tests.test_hist.TestHist object at 0x70de8511f980&gt;

    @pytest.mark.skip(reason="This is not a test")
    def test(self):
        try:
            model = Model(self.model, self.inputs, self.maxLength, self.name)
        except Exception as e:
            # Survive if the model is not compilable (we want to kill the buggy ones)
            print(str(e))
            # Print message for post-processing
            print("UNCOMPILABLE MODEL")
            return
    
        accuracy = model.evaluateModel(
            self.testing_data, doPrint=False, outputArray=False, useAssert=False
        )
        # Print the accuracy for post-processing
        print("Accuracy: ", accuracy)
&gt;       assert accuracy == 1.0
E       AssertionError

tests/test.py:45: AssertionError
=========================== short test summary info ============================
FAILED tests/test_hist.py::TestHist::test_model - AssertionError
======================== 1 failed, 2 skipped in 32.06s =========================
</pre></div></div></div></div></div><div class="mb-1" id="job_list___sub_accordion_9"><div class="card"><a data-toggle="collapse" data-target="#job_list___sub_collapse_9_1" aria-expanded="false" aria-controls="job_list___sub_collapse_9_1" href="#" class="job_list___sub_multi_heading"><div role="alert" class="card-header alert-success" id="job_list___sub_heading_9_1"><button class="btn btn-outline-success"><span class="job_id">9 : Job ID e9b7db5a27824154843c6bb3d6694ccf</span></button></div></a><div aria-labelledby="job_list___sub_heading_9_1" data-parent="#job_list___sub_accordion_9" class="collapse job_list___sub_multi_collapse" id="job_list___sub_collapse_9_1"><div class="card-body"><div class="work-item"><div class="alert alert-success test-outcome" role="alert"><p>worker outcome: WorkerOutcome.NORMAL</p><p>test outcome: TestOutcome.KILLED</p></div></div><pre class="location"><a href="pycharm://open?file=source/hist.py&amp;line=14" class="text-secondary"><button class="btn btn-outline-dark">source/hist.py, start pos: (14, 15), end pos: (16, 5)</button></a></pre><pre>operator: operators/negate-rasp-sop-select, occurrence: 0</pre><div class="alert alert-secondary"><pre class="diff">--- mutation diff ---
--- asource/hist.py
+++ bsource/hist.py
@@ -11,7 +11,7 @@
       hist("abac")
       &gt;&gt; [2, 1, 2, 1]
     """
-    same_tok = rasp.Select(rasp.tokens, rasp.tokens, rasp.Comparison.EQ).named(
+    same_tok = rasp.Select(rasp.tokens * -1, rasp.tokens, rasp.Comparison.EQ).named(
         "same_tok"
     )
     return rasp.SelectorWidth(same_tok).named("hist")</pre></div><div class="alert alert-secondary"><pre class="diff">============================= test session starts ==============================
platform linux -- Python 3.12.7, pytest-8.3.3, pluggy-1.5.0
rootdir: /home/andre/Repos/RASPing/experiments/mutation
plugins: anyio-4.4.0
collected 3 items

tests/test_hist.py ssAccuracy:  0.0
F

=================================== FAILURES ===================================
_____________________________ TestHist.test_model ______________________________

self = &lt;tests.test_hist.TestHist object at 0x79f7a689d370&gt;

    def test_model(self):
&gt;       self.test()

tests/test_hist.py:21: 
_ _ _ _ _ _ _ _ _ _ _ _ _ _ _ _ _ _ _ _ _ _ _ _ _ _ _ _ _ _ _ _ _ _ _ _ _ _ _ _ 

self = &lt;tests.test_hist.TestHist object at 0x79f7a689d370&gt;

    @pytest.mark.skip(reason="This is not a test")
    def test(self):
        try:
            model = Model(self.model, self.inputs, self.maxLength, self.name)
        except Exception as e:
            # Survive if the model is not compilable (we want to kill the buggy ones)
            print(str(e))
            # Print message for post-processing
            print("UNCOMPILABLE MODEL")
            return
    
        accuracy = model.evaluateModel(
            self.testing_data, doPrint=False, outputArray=False, useAssert=False
        )
        # Print the accuracy for post-processing
        print("Accuracy: ", accuracy)
&gt;       assert accuracy == 1.0
E       AssertionError

tests/test.py:45: AssertionError
=========================== short test summary info ============================
FAILED tests/test_hist.py::TestHist::test_model - AssertionError
======================== 1 failed, 2 skipped in 47.59s =========================
</pre></div></div></div></div></div><div class="mb-1" id="job_list___sub_accordion_10"><div class="card"><a data-toggle="collapse" data-target="#job_list___sub_collapse_10_1" aria-expanded="false" aria-controls="job_list___sub_collapse_10_1" href="#" class="job_list___sub_multi_heading"><div role="alert" class="card-header alert-success" id="job_list___sub_heading_10_1"><button class="btn btn-outline-success"><span class="job_id">10 : Job ID 1037b5556327475d9c4b360e67a43498</span></button></div></a><div aria-labelledby="job_list___sub_heading_10_1" data-parent="#job_list___sub_accordion_10" class="collapse job_list___sub_multi_collapse" id="job_list___sub_collapse_10_1"><div class="card-body"><div class="work-item"><div class="alert alert-success test-outcome" role="alert"><p>worker outcome: WorkerOutcome.NORMAL</p><p>test outcome: TestOutcome.KILLED</p></div></div><pre class="location"><a href="pycharm://open?file=source/hist.py&amp;line=14" class="text-secondary"><button class="btn btn-outline-dark">source/hist.py, start pos: (14, 15), end pos: (16, 5)</button></a></pre><pre>operator: operators/negate-rasp-sop-select, occurrence: 1</pre><div class="alert alert-secondary"><pre class="diff">--- mutation diff ---
--- asource/hist.py
+++ bsource/hist.py
@@ -11,7 +11,7 @@
       hist("abac")
       &gt;&gt; [2, 1, 2, 1]
     """
-    same_tok = rasp.Select(rasp.tokens, rasp.tokens, rasp.Comparison.EQ).named(
+    same_tok = rasp.Select(rasp.tokens, rasp.tokens * -1, rasp.Comparison.EQ).named(
         "same_tok"
     )
     return rasp.SelectorWidth(same_tok).named("hist")</pre></div><div class="alert alert-secondary"><pre class="diff">============================= test session starts ==============================
platform linux -- Python 3.12.7, pytest-8.3.3, pluggy-1.5.0
rootdir: /home/andre/Repos/RASPing/experiments/mutation
plugins: anyio-4.4.0
collected 3 items

tests/test_hist.py ssAccuracy:  0.0
F

=================================== FAILURES ===================================
_____________________________ TestHist.test_model ______________________________

self = &lt;tests.test_hist.TestHist object at 0x728132b9d9d0&gt;

    def test_model(self):
&gt;       self.test()

tests/test_hist.py:21: 
_ _ _ _ _ _ _ _ _ _ _ _ _ _ _ _ _ _ _ _ _ _ _ _ _ _ _ _ _ _ _ _ _ _ _ _ _ _ _ _ 

self = &lt;tests.test_hist.TestHist object at 0x728132b9d9d0&gt;

    @pytest.mark.skip(reason="This is not a test")
    def test(self):
        try:
            model = Model(self.model, self.inputs, self.maxLength, self.name)
        except Exception as e:
            # Survive if the model is not compilable (we want to kill the buggy ones)
            print(str(e))
            # Print message for post-processing
            print("UNCOMPILABLE MODEL")
            return
    
        accuracy = model.evaluateModel(
            self.testing_data, doPrint=False, outputArray=False, useAssert=False
        )
        # Print the accuracy for post-processing
        print("Accuracy: ", accuracy)
&gt;       assert accuracy == 1.0
E       AssertionError

tests/test.py:45: AssertionError
=========================== short test summary info ============================
FAILED tests/test_hist.py::TestHist::test_model - AssertionError
======================== 1 failed, 2 skipped in 31.03s =========================
</pre></div></div></div></div></div><div class="mb-1" id="job_list___sub_accordion_11"><div class="card"><a data-toggle="collapse" data-target="#job_list___sub_collapse_11_1" aria-expanded="false" aria-controls="job_list___sub_collapse_11_1" href="#" class="job_list___sub_multi_heading"><div role="alert" class="card-header alert-success" id="job_list___sub_heading_11_1"><button class="btn btn-outline-success"><span class="job_id">11 : Job ID 4d7c5313ff06444e9ade2320b13278e7</span></button></div></a><div aria-labelledby="job_list___sub_heading_11_1" data-parent="#job_list___sub_accordion_11" class="collapse job_list___sub_multi_collapse" id="job_list___sub_collapse_11_1"><div class="card-body"><div class="work-item"><div class="alert alert-success test-outcome" role="alert"><p>worker outcome: WorkerOutcome.NORMAL</p><p>test outcome: TestOutcome.KILLED</p></div></div><pre class="location"><a href="pycharm://open?file=source/hist.py&amp;line=17" class="text-secondary"><button class="btn btn-outline-dark">source/hist.py, start pos: (17, 11), end pos: (17, 53)</button></a></pre><pre>operator: operators/negate-rasp-sop-constructor, occurrence: 0</pre><div class="alert alert-secondary"><pre class="diff">--- mutation diff ---
--- asource/hist.py
+++ bsource/hist.py
@@ -14,5 +14,5 @@
     same_tok = rasp.Select(rasp.tokens, rasp.tokens, rasp.Comparison.EQ).named(
         "same_tok"
     )
-    return rasp.SelectorWidth(same_tok).named("hist")
+    return rasp.SelectorWidth(same_tok).named("hist") * -1
 </pre></div><div class="alert alert-secondary"><pre class="diff">============================= test session starts ==============================
platform linux -- Python 3.12.7, pytest-8.3.3, pluggy-1.5.0
rootdir: /home/andre/Repos/RASPing/experiments/mutation
plugins: anyio-4.4.0
collected 3 items

tests/test_hist.py ssAccuracy:  0.0
F

=================================== FAILURES ===================================
_____________________________ TestHist.test_model ______________________________

self = &lt;tests.test_hist.TestHist object at 0x7165735c3980&gt;

    def test_model(self):
&gt;       self.test()

tests/test_hist.py:21: 
_ _ _ _ _ _ _ _ _ _ _ _ _ _ _ _ _ _ _ _ _ _ _ _ _ _ _ _ _ _ _ _ _ _ _ _ _ _ _ _ 

self = &lt;tests.test_hist.TestHist object at 0x7165735c3980&gt;

    @pytest.mark.skip(reason="This is not a test")
    def test(self):
        try:
            model = Model(self.model, self.inputs, self.maxLength, self.name)
        except Exception as e:
            # Survive if the model is not compilable (we want to kill the buggy ones)
            print(str(e))
            # Print message for post-processing
            print("UNCOMPILABLE MODEL")
            return
    
        accuracy = model.evaluateModel(
            self.testing_data, doPrint=False, outputArray=False, useAssert=False
        )
        # Print the accuracy for post-processing
        print("Accuracy: ", accuracy)
&gt;       assert accuracy == 1.0
E       AssertionError

tests/test.py:45: AssertionError
=========================== short test summary info ============================
FAILED tests/test_hist.py::TestHist::test_model - AssertionError
======================== 1 failed, 2 skipped in 29.74s =========================
</pre></div></div></div></div></div></div></div></div></div></div><script src="https://code.jquery.com/jquery-3.3.1.slim.min.js" integrity="sha384-q8i/X+965DzO0rT7abK41JStQIAqVgRVzpbzo5smXKp4YfRvH+8abtTE1Pi6jizo" crossorigin="anonymous"></script><script src="https://cdnjs.cloudflare.com/ajax/libs/popper.js/1.14.7/umd/popper.min.js" integrity="sha384-UO2eT0CpHqdSJQ6hJty5KVphtPhzWj9WO1clHTMGa3JDZwrnQq4sF86dIHNDz0W1" crossorigin="anonymous"></script><script src="https://stackpath.bootstrapcdn.com/bootstrap/4.3.1/js/bootstrap.min.js" integrity="sha384-JjSmVgyd0p3pXB1rRibZUAYoIIy6OrQ6VrjIEaFf/nJGzIxFDsf4x0xIM+B07jRM" crossorigin="anonymous"></script><script type="text/javascript">$('div.job_list___sub_multi_collapse').on('shown.bs.collapse',  function () {    correct_behavior_functional_buttons();  });$('div.job_list___sub_multi_collapse').on('hidden.bs.collapse',  function () {    correct_behavior_functional_buttons();  });function correct_behavior_functional_buttons() {    var expand = false;    var collapse = false;    $('a.job_list___sub_multi_heading').each(function(index) {      if ($(this).attr('aria-expanded') == 'false') {        expand = true;        return false;      };    });    $('a.job_list___sub_multi_heading').each(function(index) {      if ($(this).attr('aria-expanded') == 'true') {        collapse = true;        return false;      };    });    if (expand) {      $('div#job_item_expand_all').css('display', 'inline-block');    } else {      $('div#job_item_expand_all').css('display', 'none');    };    if (collapse) {      $('div#job_item_collapse_all').css('display', 'inline-block');    } else {      $('div#job_item_collapse_all').css('display', 'none');    };  };correct_behavior_functional_buttons();</script></body></html>
